[INFO] Collector initialized
[INFO] random seed: 553
[INFO] add cmd: [reddit_collect_pascage.LoadPageCmd@6b3eaa82, url:https://www.reddit.com/r/mathmemes/comments/1sgzvxx/the_1phone/.json]
[INFO] add cmd: [reddit_collect_pascage.LoadPageCmd@523ffacd, url:reddit.com/r/DnD/comments/1ntqz44/one_shots_for_beginners]
[INFO] get cmd: [reddit_collect_pascage.LoadPageCmd@523ffacd, url:reddit.com/r/DnD/comments/1ntqz44/one_shots_for_beginners]
[INFO] run cmd: [reddit_collect_pascage.LoadPageCmd@523ffacd, url:reddit.com/r/DnD/comments/1ntqz44/one_shots_for_beginners]
[INFO] LoadPageCmd.run on reddit.com/r/DnD/comments/1ntqz44/one_shots_for_beginners
[ERR] error parsing url: java.lang.IllegalArgumentException: URI with undefined scheme
[INFO] remove cmd: [reddit_collect_pascage.LoadPageCmd@523ffacd, url:reddit.com/r/DnD/comments/1ntqz44/one_shots_for_beginners]
[INFO] get cmd: [reddit_collect_pascage.LoadPageCmd@6b3eaa82, url:https://www.reddit.com/r/mathmemes/comments/1sgzvxx/the_1phone/.json]
[INFO] run cmd: [reddit_collect_pascage.LoadPageCmd@6b3eaa82, url:https://www.reddit.com/r/mathmemes/comments/1sgzvxx/the_1phone/.json]
[INFO] LoadPageCmd.run on https://www.reddit.com/r/mathmemes/comments/1sgzvxx/the_1phone/.json
[INFO] LoadPageCmd.run succesfull loaded (200) https://www.reddit.com/r/mathmemes/comments/1sgzvxx/the_1phone/.json
[INFO] Found 44 new Reddit URLs: /r/mathmemes/comments/1sgzvxx/the_1phone/of8zjz7/, /r/mathmemes/comments/1sgzvxx/the_1phone/of957oj/, /r/mathmemes/comments/1sgzvxx/the_1phone/of92yrj/, /r/mathmemes/comments/1sgzvxx/the_1phone/of9mu9c/, /r/mathmemes/comments/1sgzvxx/the_1phone/of97tw7/, /r/mathmemes/comments/1sgzvxx/the_1phone/of9ci6s/, /r/mathmemes/comments/1sgzvxx/the_1phone/of8zcum/, /r/mathmemes/comments/1sgzvxx/the_1phone/of9wxbl/, /r/mathmemes/comments/1sgzvxx/the_1phone/of8y43z/, /r/mathmemes/comments/1sgzvxx/the_1phone/ofbs9jf/, /r/mathmemes/comments/1sgzvxx/the_1phone/of9k1bm/, /r/mathmemes/comments/1sgzvxx/the_1phone/ofa0rm4/, /r/mathmemes/comments/1sgzvxx/the_1phone/ofz0z35/, /r/mathmemes/comments/1sgzvxx/the_1phone/of8zh2l/, /r/mathmemes/comments/1sgzvxx/the_1phone/of8zv0b/, /r/mathmemes/comments/1sgzvxx/the_1phone/of92e0y/, /r/mathmemes/comments/1sgzvxx/the_1phone/ofa0htx/, /r/mathmemes/comments/1sgzvxx/the_1phone/ofn3ocv/, /r/mathmemes/comments/1sgzvxx/the_1phone/of91w5f/, /r/mathmemes/comments/1sgzvxx/the_1phone/offotb4/, /r/mathmemes/comments/1sgzvxx/the_1phone/of91nzy/, /r/mathmemes/comments/1sgzvxx/the_1phone/of92iz0/, /r/mathmemes/comments/1sgzvxx/the_1phone/offoz6c/, /r/mathmemes/comments/1sgzvxx/the_1phone/of93wu1/, /r/mathmemes/comments/1sgzvxx/the_1phone/ofzoglc/, /r/mathmemes/comments/1sgzvxx/the_1phone/offp110/, /r/mathmemes/comments/1sgzvxx/the_1phone/ofa0g7l/, /r/mathmemes/comments/1sgzvxx/the_1phone/of9wysu/, /r/mathmemes/comments/1sgzvxx/the_1phone/ofb0xdk/, /r/mathmemes/comments/1sgzvxx/the_1phone/ofa7ep8/, /r/mathmemes/comments/1sgzvxx/the_1phone/og3rs9a/, /r/mathmemes/comments/1sgzvxx/the_1phone/ofa5zod/, /r/mathmemes/comments/1sgzvxx/the_1phone/ofbus8d/, https://www.reddit.com/gallery/1sgzvxx, /r/mathmemes/comments/1sgzvxx/the_1phone/of8yre0/, /r/mathmemes/comments/1sgzvxx/the_1phone/of97qyw/, /r/mathmemes/comments/1sgzvxx/the_1phone/ofb7470/, /r/mathmemes/comments/1sgzvxx/the_1phone/of9h13c/, /r/mathmemes/comments/1sgzvxx/the_1phone/ofh3fxq/, /r/mathmemes/comments/1sgzvxx/the_1phone/ofb2bw1/, /r/mathmemes/comments/1sgzvxx/the_1phone/of9bpif/, /r/mathmemes/comments/1sgzvxx/the_1phone/ofa0be3/, /r/mathmemes/comments/1sgzvxx/the_1phone/of97od6/, /r/mathmemes/comments/1sgzvxx/the_1phone/ofa5wal/
[INFO] Found 24 new usernames: KreeptonChronicler, Aton_Otsos, QaSpel, jacob643, cod3builder, Suspicious-Cut-3998, M10doreddit, thvirtuo, AbdullahMRiad, Frostbyte_13, guest111i, [deleted], Royal_Lustir, NefariousnessFar7826, rorodar, Frannnnnnnnn, Rude_Anywhere_, the3gs, AutoModerator, juanohulomo1234, martyboulders, johnporksigma, drLoveF, Zziggith
[INFO] Found 1 new subreddits: mathmemes
[INFO] Queued 44 new pages: https://www.reddit.com/r/mathmemes/comments/1sgzvxx/the_1phone/offoz6c/.json, https://www.reddit.com/r/mathmemes/comments/1sgzvxx/the_1phone/ofzoglc/.json, https://www.reddit.com/r/mathmemes/comments/1sgzvxx/the_1phone/ofbus8d/.json, https://www.reddit.com/r/mathmemes/comments/1sgzvxx/the_1phone/of93wu1/.json, https://www.reddit.com/r/mathmemes/comments/1sgzvxx/the_1phone/of97tw7/.json, https://www.reddit.com/r/mathmemes/comments/1sgzvxx/the_1phone/of92iz0/.json, https://www.reddit.com/r/mathmemes/comments/1sgzvxx/the_1phone/of9bpif/.json, https://www.reddit.com/r/mathmemes/comments/1sgzvxx/the_1phone/ofa0be3/.json, https://www.reddit.com/r/mathmemes/comments/1sgzvxx/the_1phone/ofb7470/.json, https://www.reddit.com/r/mathmemes/comments/1sgzvxx/the_1phone/of91nzy/.json, https://www.reddit.com/r/mathmemes/comments/1sgzvxx/the_1phone/of9ci6s/.json, https://www.reddit.com/r/mathmemes/comments/1sgzvxx/the_1phone/of9wxbl/.json, https://www.reddit.com/r/mathmemes/comments/1sgzvxx/the_1phone/of9k1bm/.json, https://www.reddit.com/r/mathmemes/comments/1sgzvxx/the_1phone/of8zcum/.json, https://www.reddit.com/r/mathmemes/comments/1sgzvxx/the_1phone/ofa0g7l/.json, https://www.reddit.com/r/mathmemes/comments/1sgzvxx/the_1phone/ofa5zod/.json, https://www.reddit.com/r/mathmemes/comments/1sgzvxx/the_1phone/offp110/.json, https://www.reddit.com/r/mathmemes/comments/1sgzvxx/the_1phone/of8zjz7/.json, https://www.reddit.com/r/mathmemes/comments/1sgzvxx/the_1phone/of92yrj/.json, https://www.reddit.com/r/mathmemes/comments/1sgzvxx/the_1phone/of8y43z/.json, https://www.reddit.com/r/mathmemes/comments/1sgzvxx/the_1phone/of9mu9c/.json, https://www.reddit.com/r/mathmemes/comments/1sgzvxx/the_1phone/ofz0z35/.json, https://www.reddit.com/r/mathmemes/comments/1sgzvxx/the_1phone/og3rs9a/.json, https://www.reddit.com/r/mathmemes/comments/1sgzvxx/the_1phone/of8zv0b/.json, https://www.reddit.com/r/mathmemes/comments/1sgzvxx/the_1phone/ofh3fxq/.json, https://www.reddit.com/r/mathmemes/comments/1sgzvxx/the_1phone/of91w5f/.json, https://www.reddit.com/r/mathmemes/comments/1sgzvxx/the_1phone/ofa0rm4/.json, https://www.reddit.com/r/mathmemes/comments/1sgzvxx/the_1phone/of8yre0/.json, https://www.reddit.com/r/mathmemes/comments/1sgzvxx/the_1phone/of9h13c/.json, https://www.reddit.com/r/mathmemes/comments/1sgzvxx/the_1phone/of8zh2l/.json, https://www.reddit.com/gallery/1sgzvxx/.json, https://www.reddit.com/r/mathmemes/comments/1sgzvxx/the_1phone/ofa0htx/.json, https://www.reddit.com/r/mathmemes/comments/1sgzvxx/the_1phone/offotb4/.json, https://www.reddit.com/r/mathmemes/comments/1sgzvxx/the_1phone/of97qyw/.json, https://www.reddit.com/r/mathmemes/comments/1sgzvxx/the_1phone/ofa5wal/.json, https://www.reddit.com/r/mathmemes/comments/1sgzvxx/the_1phone/ofb0xdk/.json, https://www.reddit.com/r/mathmemes/comments/1sgzvxx/the_1phone/ofb2bw1/.json, https://www.reddit.com/r/mathmemes/comments/1sgzvxx/the_1phone/of957oj/.json, https://www.reddit.com/r/mathmemes/comments/1sgzvxx/the_1phone/of97od6/.json, https://www.reddit.com/r/mathmemes/comments/1sgzvxx/the_1phone/ofbs9jf/.json, https://www.reddit.com/r/mathmemes/comments/1sgzvxx/the_1phone/of92e0y/.json, https://www.reddit.com/r/mathmemes/comments/1sgzvxx/the_1phone/ofn3ocv/.json, https://www.reddit.com/r/mathmemes/comments/1sgzvxx/the_1phone/ofa7ep8/.json, https://www.reddit.com/r/mathmemes/comments/1sgzvxx/the_1phone/of9wysu/.json
[INFO] add cmd: [reddit_collect_pascage.LoadPageCmd@5a67752d, url:https://www.reddit.com/r/mathmemes/comments/1sgzvxx/the_1phone/of8zjz7/.json]
[INFO] add cmd: [reddit_collect_pascage.LoadPageCmd@167ffd76, url:https://www.reddit.com/r/mathmemes/comments/1sgzvxx/the_1phone/of957oj/.json]
[INFO] add cmd: [reddit_collect_pascage.LoadPageCmd@6adae470, url:https://www.reddit.com/r/mathmemes/comments/1sgzvxx/the_1phone/of92yrj/.json]
[INFO] add cmd: [reddit_collect_pascage.LoadPageCmd@16c69693, url:https://www.reddit.com/r/mathmemes/comments/1sgzvxx/the_1phone/of9mu9c/.json]
[INFO] add cmd: [reddit_collect_pascage.LoadPageCmd@77e9477b, url:https://www.reddit.com/r/mathmemes/comments/1sgzvxx/the_1phone/of97tw7/.json]
[INFO] add cmd: [reddit_collect_pascage.LoadPageCmd@1e9480bd, url:https://www.reddit.com/r/mathmemes/comments/1sgzvxx/the_1phone/of9ci6s/.json]
[INFO] add cmd: [reddit_collect_pascage.LoadPageCmd@23d01e7b, url:https://www.reddit.com/r/mathmemes/comments/1sgzvxx/the_1phone/of8zcum/.json]
[INFO] add cmd: [reddit_collect_pascage.LoadPageCmd@180769c, url:https://www.reddit.com/r/mathmemes/comments/1sgzvxx/the_1phone/of9wxbl/.json]
[INFO] add cmd: [reddit_collect_pascage.LoadPageCmd@3cef2b48, url:https://www.reddit.com/r/mathmemes/comments/1sgzvxx/the_1phone/of8y43z/.json]
[INFO] add cmd: [reddit_collect_pascage.LoadPageCmd@6c4d500, url:https://www.reddit.com/r/mathmemes/comments/1sgzvxx/the_1phone/ofbs9jf/.json]
[INFO] add cmd: [reddit_collect_pascage.LoadPageCmd@25c42065, url:https://www.reddit.com/r/mathmemes/comments/1sgzvxx/the_1phone/of9k1bm/.json]
[INFO] add cmd: [reddit_collect_pascage.LoadPageCmd@277296d7, url:https://www.reddit.com/r/mathmemes/comments/1sgzvxx/the_1phone/ofa0rm4/.json]
[INFO] add cmd: [reddit_collect_pascage.LoadPageCmd@62824c1a, url:https://www.reddit.com/r/mathmemes/comments/1sgzvxx/the_1phone/ofz0z35/.json]
[INFO] add cmd: [reddit_collect_pascage.LoadPageCmd@424ef99f, url:https://www.reddit.com/r/mathmemes/comments/1sgzvxx/the_1phone/of8zh2l/.json]
[INFO] add cmd: [reddit_collect_pascage.LoadPageCmd@460d2ebb, url:https://www.reddit.com/r/mathmemes/comments/1sgzvxx/the_1phone/of8zv0b/.json]
[INFO] add cmd: [reddit_collect_pascage.LoadPageCmd@757acc83, url:https://www.reddit.com/r/mathmemes/comments/1sgzvxx/the_1phone/of92e0y/.json]
[INFO] add cmd: [reddit_collect_pascage.LoadPageCmd@5e8acaa, url:https://www.reddit.com/r/mathmemes/comments/1sgzvxx/the_1phone/ofa0htx/.json]
[INFO] add cmd: [reddit_collect_pascage.LoadPageCmd@30df3f89, url:https://www.reddit.com/r/mathmemes/comments/1sgzvxx/the_1phone/ofn3ocv/.json]
[INFO] add cmd: [reddit_collect_pascage.LoadPageCmd@1f88b7df, url:https://www.reddit.com/r/mathmemes/comments/1sgzvxx/the_1phone/of91w5f/.json]
[INFO] add cmd: [reddit_collect_pascage.LoadPageCmd@3cb57e79, url:https://www.reddit.com/r/mathmemes/comments/1sgzvxx/the_1phone/offotb4/.json]
[INFO] add cmd: [reddit_collect_pascage.LoadPageCmd@7cf808b9, url:https://www.reddit.com/r/mathmemes/comments/1sgzvxx/the_1phone/of91nzy/.json]
[INFO] add cmd: [reddit_collect_pascage.LoadPageCmd@351243d8, url:https://www.reddit.com/r/mathmemes/comments/1sgzvxx/the_1phone/of92iz0/.json]
[INFO] add cmd: [reddit_collect_pascage.LoadPageCmd@6f7e3cea, url:https://www.reddit.com/r/mathmemes/comments/1sgzvxx/the_1phone/offoz6c/.json]
[INFO] add cmd: [reddit_collect_pascage.LoadPageCmd@78afc1ca, url:https://www.reddit.com/r/mathmemes/comments/1sgzvxx/the_1phone/of93wu1/.json]
[INFO] add cmd: [reddit_collect_pascage.LoadPageCmd@442ea3a6, url:https://www.reddit.com/r/mathmemes/comments/1sgzvxx/the_1phone/ofzoglc/.json]
[INFO] add cmd: [reddit_collect_pascage.LoadPageCmd@63853478, url:https://www.reddit.com/r/mathmemes/comments/1sgzvxx/the_1phone/offp110/.json]
[INFO] add cmd: [reddit_collect_pascage.LoadPageCmd@7d82cd8e, url:https://www.reddit.com/r/mathmemes/comments/1sgzvxx/the_1phone/ofa0g7l/.json]
[INFO] add cmd: [reddit_collect_pascage.LoadPageCmd@7ba5e265, url:https://www.reddit.com/r/mathmemes/comments/1sgzvxx/the_1phone/of9wysu/.json]
[INFO] add cmd: [reddit_collect_pascage.LoadPageCmd@4a274d24, url:https://www.reddit.com/r/mathmemes/comments/1sgzvxx/the_1phone/ofb0xdk/.json]
[INFO] add cmd: [reddit_collect_pascage.LoadPageCmd@4b86ec, url:https://www.reddit.com/r/mathmemes/comments/1sgzvxx/the_1phone/ofa7ep8/.json]
[INFO] add cmd: [reddit_collect_pascage.LoadPageCmd@6b4ec5d6, url:https://www.reddit.com/r/mathmemes/comments/1sgzvxx/the_1phone/og3rs9a/.json]
[INFO] add cmd: [reddit_collect_pascage.LoadPageCmd@3facb410, url:https://www.reddit.com/r/mathmemes/comments/1sgzvxx/the_1phone/ofa5zod/.json]
[INFO] add cmd: [reddit_collect_pascage.LoadPageCmd@4f1290ac, url:https://www.reddit.com/r/mathmemes/comments/1sgzvxx/the_1phone/ofbus8d/.json]
[INFO] add cmd: [reddit_collect_pascage.LoadPageCmd@13b21344, url:https://www.reddit.com/gallery/1sgzvxx/.json]
[INFO] add cmd: [reddit_collect_pascage.LoadPageCmd@ecf0491, url:https://www.reddit.com/r/mathmemes/comments/1sgzvxx/the_1phone/of8yre0/.json]
[INFO] add cmd: [reddit_collect_pascage.LoadPageCmd@54993d6c, url:https://www.reddit.com/r/mathmemes/comments/1sgzvxx/the_1phone/of97qyw/.json]
[INFO] add cmd: [reddit_collect_pascage.LoadPageCmd@f5550a3, url:https://www.reddit.com/r/mathmemes/comments/1sgzvxx/the_1phone/ofb7470/.json]
[INFO] add cmd: [reddit_collect_pascage.LoadPageCmd@cfe4a3e, url:https://www.reddit.com/r/mathmemes/comments/1sgzvxx/the_1phone/of9h13c/.json]
[INFO] add cmd: [reddit_collect_pascage.LoadPageCmd@7a633cbc, url:https://www.reddit.com/r/mathmemes/comments/1sgzvxx/the_1phone/ofh3fxq/.json]
[INFO] add cmd: [reddit_collect_pascage.LoadPageCmd@678c0cc1, url:https://www.reddit.com/r/mathmemes/comments/1sgzvxx/the_1phone/ofb2bw1/.json]
[INFO] add cmd: [reddit_collect_pascage.LoadPageCmd@42f998db, url:https://www.reddit.com/r/mathmemes/comments/1sgzvxx/the_1phone/of9bpif/.json]
[INFO] add cmd: [reddit_collect_pascage.LoadPageCmd@3c289500, url:https://www.reddit.com/r/mathmemes/comments/1sgzvxx/the_1phone/ofa0be3/.json]
[INFO] add cmd: [reddit_collect_pascage.LoadPageCmd@5f4dd8e5, url:https://www.reddit.com/r/mathmemes/comments/1sgzvxx/the_1phone/of97od6/.json]
[INFO] add cmd: [reddit_collect_pascage.LoadPageCmd@58a03dc9, url:https://www.reddit.com/r/mathmemes/comments/1sgzvxx/the_1phone/ofa5wal/.json]
[INFO] add cmd: [reddit_collect_pascage.LoadPageCmd@1f5239c9, url:https://www.reddit.com/user/KreeptonChronicler/.json]
[INFO] add cmd: [reddit_collect_pascage.LoadPageCmd@4645119f, url:https://www.reddit.com/user/KreeptonChronicler/submitted/.json]
[INFO] add cmd: [reddit_collect_pascage.LoadPageCmd@1a42ab68, url:https://www.reddit.com/user/KreeptonChronicler/comments/.json]
[INFO] add cmd: [reddit_collect_pascage.LoadPageCmd@7effaf7f, url:https://www.reddit.com/user/Aton_Otsos/.json]
[INFO] add cmd: [reddit_collect_pascage.LoadPageCmd@706d5d18, url:https://www.reddit.com/user/Aton_Otsos/submitted/.json]
[INFO] add cmd: [reddit_collect_pascage.LoadPageCmd@1e4a6363, url:https://www.reddit.com/user/Aton_Otsos/comments/.json]
[INFO] add cmd: [reddit_collect_pascage.LoadPageCmd@115c9229, url:https://www.reddit.com/user/QaSpel/.json]
[INFO] add cmd: [reddit_collect_pascage.LoadPageCmd@12db432a, url:https://www.reddit.com/user/QaSpel/submitted/.json]
[INFO] add cmd: [reddit_collect_pascage.LoadPageCmd@8c459f4, url:https://www.reddit.com/user/QaSpel/comments/.json]
[INFO] add cmd: [reddit_collect_pascage.LoadPageCmd@45d862f4, url:https://www.reddit.com/user/jacob643/.json]
[INFO] add cmd: [reddit_collect_pascage.LoadPageCmd@30e06dbc, url:https://www.reddit.com/user/jacob643/submitted/.json]
[INFO] add cmd: [reddit_collect_pascage.LoadPageCmd@78eaba99, url:https://www.reddit.com/user/jacob643/comments/.json]
[INFO] add cmd: [reddit_collect_pascage.LoadPageCmd@524b5789, url:https://www.reddit.com/user/cod3builder/.json]
[INFO] add cmd: [reddit_collect_pascage.LoadPageCmd@548250f6, url:https://www.reddit.com/user/cod3builder/submitted/.json]
[INFO] add cmd: [reddit_collect_pascage.LoadPageCmd@673c5a57, url:https://www.reddit.com/user/cod3builder/comments/.json]
[INFO] add cmd: [reddit_collect_pascage.LoadPageCmd@4aaf1a5b, url:https://www.reddit.com/user/Suspicious-Cut-3998/.json]
[INFO] add cmd: [reddit_collect_pascage.LoadPageCmd@4250eb98, url:https://www.reddit.com/user/Suspicious-Cut-3998/submitted/.json]
[INFO] add cmd: [reddit_collect_pascage.LoadPageCmd@41316c4, url:https://www.reddit.com/user/Suspicious-Cut-3998/comments/.json]
[INFO] add cmd: [reddit_collect_pascage.LoadPageCmd@1780af3, url:https://www.reddit.com/user/M10doreddit/.json]
[INFO] add cmd: [reddit_collect_pascage.LoadPageCmd@33b7b545, url:https://www.reddit.com/user/M10doreddit/submitted/.json]
[INFO] add cmd: [reddit_collect_pascage.LoadPageCmd@76fe8480, url:https://www.reddit.com/user/M10doreddit/comments/.json]
[INFO] add cmd: [reddit_collect_pascage.LoadPageCmd@6a4709ad, url:https://www.reddit.com/user/thvirtuo/.json]
[INFO] add cmd: [reddit_collect_pascage.LoadPageCmd@2ba9a984, url:https://www.reddit.com/user/thvirtuo/submitted/.json]
[INFO] add cmd: [reddit_collect_pascage.LoadPageCmd@25ba2c29, url:https://www.reddit.com/user/thvirtuo/comments/.json]
[INFO] add cmd: [reddit_collect_pascage.LoadPageCmd@2762769a, url:https://www.reddit.com/user/AbdullahMRiad/.json]
[INFO] add cmd: [reddit_collect_pascage.LoadPageCmd@75ba19ba, url:https://www.reddit.com/user/AbdullahMRiad/submitted/.json]
[INFO] add cmd: [reddit_collect_pascage.LoadPageCmd@13396b00, url:https://www.reddit.com/user/AbdullahMRiad/comments/.json]
[INFO] add cmd: [reddit_collect_pascage.LoadPageCmd@6716c62a, url:https://www.reddit.com/user/Frostbyte_13/.json]
[INFO] add cmd: [reddit_collect_pascage.LoadPageCmd@53f4baf4, url:https://www.reddit.com/user/Frostbyte_13/submitted/.json]
[INFO] add cmd: [reddit_collect_pascage.LoadPageCmd@76a60ef9, url:https://www.reddit.com/user/Frostbyte_13/comments/.json]
[INFO] add cmd: [reddit_collect_pascage.LoadPageCmd@2e9f0a46, url:https://www.reddit.com/user/guest111i/.json]
[INFO] add cmd: [reddit_collect_pascage.LoadPageCmd@7f69be29, url:https://www.reddit.com/user/guest111i/submitted/.json]
[INFO] add cmd: [reddit_collect_pascage.LoadPageCmd@9bc982a, url:https://www.reddit.com/user/guest111i/comments/.json]
[INFO] add cmd: [reddit_collect_pascage.LoadPageCmd@4f2b8e22, url:https://www.reddit.com/user/[deleted]/.json]
[INFO] add cmd: [reddit_collect_pascage.LoadPageCmd@193070bb, url:https://www.reddit.com/user/[deleted]/submitted/.json]
[INFO] add cmd: [reddit_collect_pascage.LoadPageCmd@2b1a0d42, url:https://www.reddit.com/user/[deleted]/comments/.json]
[INFO] add cmd: [reddit_collect_pascage.LoadPageCmd@468abdc3, url:https://www.reddit.com/user/Royal_Lustir/.json]
[INFO] add cmd: [reddit_collect_pascage.LoadPageCmd@55c361ae, url:https://www.reddit.com/user/Royal_Lustir/submitted/.json]
[INFO] add cmd: [reddit_collect_pascage.LoadPageCmd@4f6c6605, url:https://www.reddit.com/user/Royal_Lustir/comments/.json]
[INFO] add cmd: [reddit_collect_pascage.LoadPageCmd@34e712b7, url:https://www.reddit.com/user/NefariousnessFar7826/.json]
[INFO] add cmd: [reddit_collect_pascage.LoadPageCmd@2710d54d, url:https://www.reddit.com/user/NefariousnessFar7826/submitted/.json]
[INFO] add cmd: [reddit_collect_pascage.LoadPageCmd@69101e10, url:https://www.reddit.com/user/NefariousnessFar7826/comments/.json]
[INFO] add cmd: [reddit_collect_pascage.LoadPageCmd@45e00179, url:https://www.reddit.com/user/rorodar/.json]
[INFO] add cmd: [reddit_collect_pascage.LoadPageCmd@499ec1d8, url:https://www.reddit.com/user/rorodar/submitted/.json]
[INFO] add cmd: [reddit_collect_pascage.LoadPageCmd@6805df1b, url:https://www.reddit.com/user/rorodar/comments/.json]
[INFO] add cmd: [reddit_collect_pascage.LoadPageCmd@10cbc95, url:https://www.reddit.com/user/Frannnnnnnnn/.json]
[INFO] add cmd: [reddit_collect_pascage.LoadPageCmd@44229e04, url:https://www.reddit.com/user/Frannnnnnnnn/submitted/.json]
[INFO] add cmd: [reddit_collect_pascage.LoadPageCmd@7b8d1759, url:https://www.reddit.com/user/Frannnnnnnnn/comments/.json]
[INFO] add cmd: [reddit_collect_pascage.LoadPageCmd@3db6f234, url:https://www.reddit.com/user/Rude_Anywhere_/.json]
[INFO] add cmd: [reddit_collect_pascage.LoadPageCmd@593a0903, url:https://www.reddit.com/user/Rude_Anywhere_/submitted/.json]
[INFO] add cmd: [reddit_collect_pascage.LoadPageCmd@9386e9e, url:https://www.reddit.com/user/Rude_Anywhere_/comments/.json]
[INFO] add cmd: [reddit_collect_pascage.LoadPageCmd@1a9c973f, url:https://www.reddit.com/user/the3gs/.json]
[INFO] add cmd: [reddit_collect_pascage.LoadPageCmd@1031e10a, url:https://www.reddit.com/user/the3gs/submitted/.json]
[INFO] add cmd: [reddit_collect_pascage.LoadPageCmd@19ca901e, url:https://www.reddit.com/user/the3gs/comments/.json]
[INFO] add cmd: [reddit_collect_pascage.LoadPageCmd@53cc4127, url:https://www.reddit.com/user/AutoModerator/.json]
[INFO] add cmd: [reddit_collect_pascage.LoadPageCmd@2d17010e, url:https://www.reddit.com/user/AutoModerator/submitted/.json]
[INFO] add cmd: [reddit_collect_pascage.LoadPageCmd@32319c17, url:https://www.reddit.com/user/AutoModerator/comments/.json]
[INFO] add cmd: [reddit_collect_pascage.LoadPageCmd@7f36a02f, url:https://www.reddit.com/user/juanohulomo1234/.json]
[INFO] add cmd: [reddit_collect_pascage.LoadPageCmd@4ec20397, url:https://www.reddit.com/user/juanohulomo1234/submitted/.json]
[INFO] add cmd: [reddit_collect_pascage.LoadPageCmd@5bc87430, url:https://www.reddit.com/user/juanohulomo1234/comments/.json]
[INFO] add cmd: [reddit_collect_pascage.LoadPageCmd@65279a7a, url:https://www.reddit.com/user/martyboulders/.json]
[INFO] add cmd: [reddit_collect_pascage.LoadPageCmd@2f5a6929, url:https://www.reddit.com/user/martyboulders/submitted/.json]
[INFO] add cmd: [reddit_collect_pascage.LoadPageCmd@715a19ee, url:https://www.reddit.com/user/martyboulders/comments/.json]
[INFO] add cmd: [reddit_collect_pascage.LoadPageCmd@69ab8a01, url:https://www.reddit.com/user/johnporksigma/.json]
[INFO] add cmd: [reddit_collect_pascage.LoadPageCmd@30862904, url:https://www.reddit.com/user/johnporksigma/submitted/.json]
[INFO] add cmd: [reddit_collect_pascage.LoadPageCmd@4ce91d1c, url:https://www.reddit.com/user/johnporksigma/comments/.json]
[INFO] add cmd: [reddit_collect_pascage.LoadPageCmd@6ddde806, url:https://www.reddit.com/user/drLoveF/.json]
[INFO] add cmd: [reddit_collect_pascage.LoadPageCmd@58938c3e, url:https://www.reddit.com/user/drLoveF/submitted/.json]
[INFO] add cmd: [reddit_collect_pascage.LoadPageCmd@595c4021, url:https://www.reddit.com/user/drLoveF/comments/.json]
[INFO] add cmd: [reddit_collect_pascage.LoadPageCmd@5d59b7eb, url:https://www.reddit.com/user/Zziggith/.json]
[INFO] add cmd: [reddit_collect_pascage.LoadPageCmd@5fc6f99e, url:https://www.reddit.com/user/Zziggith/submitted/.json]
[INFO] add cmd: [reddit_collect_pascage.LoadPageCmd@1bf07c24, url:https://www.reddit.com/user/Zziggith/comments/.json]
[INFO] add cmd: [reddit_collect_pascage.LoadPageCmd@30607735, url:https://www.reddit.com/r/mathmemes/.json]
[INFO] remove cmd: [reddit_collect_pascage.LoadPageCmd@6b3eaa82, url:https://www.reddit.com/r/mathmemes/comments/1sgzvxx/the_1phone/.json]
[INFO] get cmd: [reddit_collect_pascage.LoadPageCmd@9386e9e, url:https://www.reddit.com/user/Rude_Anywhere_/comments/.json]
[INFO] run cmd: [reddit_collect_pascage.LoadPageCmd@9386e9e, url:https://www.reddit.com/user/Rude_Anywhere_/comments/.json]
[INFO] LoadPageCmd.run on https://www.reddit.com/user/Rude_Anywhere_/comments/.json
[INFO] LoadPageCmd.run succesfull loaded (200) https://www.reddit.com/user/Rude_Anywhere_/comments/.json
[INFO] remove cmd: [reddit_collect_pascage.LoadPageCmd@9386e9e, url:https://www.reddit.com/user/Rude_Anywhere_/comments/.json]
[INFO] get cmd: [reddit_collect_pascage.LoadPageCmd@45e00179, url:https://www.reddit.com/user/rorodar/.json]
[INFO] run cmd: [reddit_collect_pascage.LoadPageCmd@45e00179, url:https://www.reddit.com/user/rorodar/.json]
[INFO] LoadPageCmd.run on https://www.reddit.com/user/rorodar/.json
[INFO] LoadPageCmd.run succesfull loaded (200) https://www.reddit.com/user/rorodar/.json
[INFO] Found 25 new Reddit URLs: /r/seinencirclejerk/comments/1tcea91/is_oda_a_repressed_seinen_author_forced_to_write/ols5spp/, /r/MartialMemes/comments/1tdoj1d/dao_bottleneck/olws1sc/, /r/writingscaling/comments/1tdaaoi/blue_lock_is_the_most_transcendent_story_to_have/olu1heg/, /r/DailyGuess/comments/1tcm4v7/can_you_guess_this_5letter_word_puzzle_by_unaive/olp7wb2/, /r/Word_Trail_Game/comments/1taaub5/play_deltarune_category/olr61lr/, /r/Word_Trail_Game/comments/1taaub5/play_deltarune_category/olr5wcs/, /r/BunnyTrials/comments/1tdecfj/an_evil_ai_that_will_destroy_and_kill_everything/olwsrqj/, /r/BunnyTrials/comments/1tbecia/would_you_rather/oliblcs/, /r/bindingofisaac/comments/1tcxpuk/you_have_to_choose_a_pedestal_item_to_name_your/olu5f52/, /r/seinencirclejerk/comments/1tcea91/is_oda_a_repressed_seinen_author_forced_to_write/olqw562/, /r/BunnyTrials/comments/1tb843o/choose_one/olie7fw/, /r/BunnyTrials/comments/1tdecfj/an_evil_ai_that_will_destroy_and_kill_everything/olwt1j0/, /r/ani_bm/comments/1tcxuy5/איש_המסור_במ/ols62sh/, /r/bindingofisaac/comments/1tcxpuk/you_have_to_choose_a_pedestal_item_to_name_your/oluqgwq/, /r/BunnyTrials/comments/1tb843o/choose_one/olj9l91/, /r/Word_Trail_Game/comments/1taaub5/play_deltarune_category/olr5vbo/, /r/r34comments/comments/1tbjqbf/someone_is_angry/olic22p/, /r/northernlion/comments/1tbiknd/hantavirus_shrinking_inches_is_like_nl_taking_a/olicc1s/, /r/seinencirclejerk/comments/1td37xw/nah_all_we_talk_about_japanese_black_white/olskv3x/, /r/okbuddyviltrum/comments/1td7m07/i_wonder_how_this_panel_will_be_portrayed_in_the/olwt9bz/, /r/r34comments/comments/1td0t6x/when_the_r34_got_a_meticulously_detailed_piece_of/ols7814/, /r/Piracy/comments/1tbu9xd/oh_no_anyway/oljcxxs/, /r/BunnyTrials/comments/1tcrn1h/would_you_rather/olu3qgp/, /r/Piracy/comments/1tcgbno/shut_up_shut_up_shut_up_shut_up_shut_up/olqqtre/, /r/MartialMemes/comments/1tdoj1d/dao_bottleneck/olws0gn/
[INFO] Found 12 new subreddits: r34comments, bindingofisaac, Word_Trail_Game, BunnyTrials, okbuddyviltrum, northernlion, MartialMemes, DailyGuess, ani_bm, writingscaling, seinencirclejerk, Piracy
[INFO] Queued 25 new pages: https://www.reddit.com/r/r34comments/comments/1tbjqbf/someone_is_angry/olic22p/.json, https://www.reddit.com/r/Word_Trail_Game/comments/1taaub5/play_deltarune_category/olr5vbo/.json, https://www.reddit.com/r/r34comments/comments/1td0t6x/when_the_r34_got_a_meticulously_detailed_piece_of/ols7814/.json, https://www.reddit.com/r/DailyGuess/comments/1tcm4v7/can_you_guess_this_5letter_word_puzzle_by_unaive/olp7wb2/.json, https://www.reddit.com/r/northernlion/comments/1tbiknd/hantavirus_shrinking_inches_is_like_nl_taking_a/olicc1s/.json, https://www.reddit.com/r/seinencirclejerk/comments/1td37xw/nah_all_we_talk_about_japanese_black_white/olskv3x/.json, https://www.reddit.com/r/seinencirclejerk/comments/1tcea91/is_oda_a_repressed_seinen_author_forced_to_write/ols5spp/.json, https://www.reddit.com/r/Word_Trail_Game/comments/1taaub5/play_deltarune_category/olr61lr/.json, https://www.reddit.com/r/BunnyTrials/comments/1tdecfj/an_evil_ai_that_will_destroy_and_kill_everything/olwsrqj/.json, https://www.reddit.com/r/bindingofisaac/comments/1tcxpuk/you_have_to_choose_a_pedestal_item_to_name_your/oluqgwq/.json, https://www.reddit.com/r/Piracy/comments/1tcgbno/shut_up_shut_up_shut_up_shut_up_shut_up/olqqtre/.json, https://www.reddit.com/r/MartialMemes/comments/1tdoj1d/dao_bottleneck/olws0gn/.json, https://www.reddit.com/r/BunnyTrials/comments/1tb843o/choose_one/olie7fw/.json, https://www.reddit.com/r/writingscaling/comments/1tdaaoi/blue_lock_is_the_most_transcendent_story_to_have/olu1heg/.json, https://www.reddit.com/r/Piracy/comments/1tbu9xd/oh_no_anyway/oljcxxs/.json, https://www.reddit.com/r/Word_Trail_Game/comments/1taaub5/play_deltarune_category/olr5wcs/.json, https://www.reddit.com/r/BunnyTrials/comments/1tdecfj/an_evil_ai_that_will_destroy_and_kill_everything/olwt1j0/.json, https://www.reddit.com/r/seinencirclejerk/comments/1tcea91/is_oda_a_repressed_seinen_author_forced_to_write/olqw562/.json, https://www.reddit.com/r/bindingofisaac/comments/1tcxpuk/you_have_to_choose_a_pedestal_item_to_name_your/olu5f52/.json, https://www.reddit.com/r/BunnyTrials/comments/1tcrn1h/would_you_rather/olu3qgp/.json, https://www.reddit.com/r/BunnyTrials/comments/1tbecia/would_you_rather/oliblcs/.json, https://www.reddit.com/r/MartialMemes/comments/1tdoj1d/dao_bottleneck/olws1sc/.json, https://www.reddit.com/r/ani_bm/comments/1tcxuy5/איש_המסור_במ/ols62sh/.json, https://www.reddit.com/r/BunnyTrials/comments/1tb843o/choose_one/olj9l91/.json, https://www.reddit.com/r/okbuddyviltrum/comments/1td7m07/i_wonder_how_this_panel_will_be_portrayed_in_the/olwt9bz/.json
[INFO] add cmd: [reddit_collect_pascage.LoadPageCmd@4ec26282, url:https://www.reddit.com/r/seinencirclejerk/comments/1tcea91/is_oda_a_repressed_seinen_author_forced_to_write/ols5spp/.json]
[INFO] add cmd: [reddit_collect_pascage.LoadPageCmd@3547ee13, url:https://www.reddit.com/r/MartialMemes/comments/1tdoj1d/dao_bottleneck/olws1sc/.json]
[INFO] add cmd: [reddit_collect_pascage.LoadPageCmd@1212f058, url:https://www.reddit.com/r/writingscaling/comments/1tdaaoi/blue_lock_is_the_most_transcendent_story_to_have/olu1heg/.json]
[INFO] add cmd: [reddit_collect_pascage.LoadPageCmd@567c9e6b, url:https://www.reddit.com/r/DailyGuess/comments/1tcm4v7/can_you_guess_this_5letter_word_puzzle_by_unaive/olp7wb2/.json]
[INFO] add cmd: [reddit_collect_pascage.LoadPageCmd@b772054, url:https://www.reddit.com/r/Word_Trail_Game/comments/1taaub5/play_deltarune_category/olr61lr/.json]
[INFO] add cmd: [reddit_collect_pascage.LoadPageCmd@14a605f, url:https://www.reddit.com/r/Word_Trail_Game/comments/1taaub5/play_deltarune_category/olr5wcs/.json]
[INFO] add cmd: [reddit_collect_pascage.LoadPageCmd@4dfc01e, url:https://www.reddit.com/r/BunnyTrials/comments/1tdecfj/an_evil_ai_that_will_destroy_and_kill_everything/olwsrqj/.json]
[INFO] add cmd: [reddit_collect_pascage.LoadPageCmd@36628928, url:https://www.reddit.com/r/BunnyTrials/comments/1tbecia/would_you_rather/oliblcs/.json]
[INFO] add cmd: [reddit_collect_pascage.LoadPageCmd@4a57a30, url:https://www.reddit.com/r/bindingofisaac/comments/1tcxpuk/you_have_to_choose_a_pedestal_item_to_name_your/olu5f52/.json]
[INFO] add cmd: [reddit_collect_pascage.LoadPageCmd@56bfba63, url:https://www.reddit.com/r/seinencirclejerk/comments/1tcea91/is_oda_a_repressed_seinen_author_forced_to_write/olqw562/.json]
[INFO] add cmd: [reddit_collect_pascage.LoadPageCmd@2c9a4f9a, url:https://www.reddit.com/r/BunnyTrials/comments/1tb843o/choose_one/olie7fw/.json]
[INFO] add cmd: [reddit_collect_pascage.LoadPageCmd@e93a8e8, url:https://www.reddit.com/r/BunnyTrials/comments/1tdecfj/an_evil_ai_that_will_destroy_and_kill_everything/olwt1j0/.json]
[INFO] add cmd: [reddit_collect_pascage.LoadPageCmd@214827f0, url:https://www.reddit.com/r/ani_bm/comments/1tcxuy5/איש_המסור_במ/ols62sh/.json]
[INFO] add cmd: [reddit_collect_pascage.LoadPageCmd@a0ffd18, url:https://www.reddit.com/r/bindingofisaac/comments/1tcxpuk/you_have_to_choose_a_pedestal_item_to_name_your/oluqgwq/.json]
[INFO] add cmd: [reddit_collect_pascage.LoadPageCmd@7417955c, url:https://www.reddit.com/r/BunnyTrials/comments/1tb843o/choose_one/olj9l91/.json]
[INFO] add cmd: [reddit_collect_pascage.LoadPageCmd@6750a7de, url:https://www.reddit.com/r/Word_Trail_Game/comments/1taaub5/play_deltarune_category/olr5vbo/.json]
[INFO] add cmd: [reddit_collect_pascage.LoadPageCmd@7c76b63, url:https://www.reddit.com/r/r34comments/comments/1tbjqbf/someone_is_angry/olic22p/.json]
[INFO] add cmd: [reddit_collect_pascage.LoadPageCmd@72d5b1be, url:https://www.reddit.com/r/northernlion/comments/1tbiknd/hantavirus_shrinking_inches_is_like_nl_taking_a/olicc1s/.json]
[INFO] add cmd: [reddit_collect_pascage.LoadPageCmd@3aa067cd, url:https://www.reddit.com/r/seinencirclejerk/comments/1td37xw/nah_all_we_talk_about_japanese_black_white/olskv3x/.json]
[INFO] add cmd: [reddit_collect_pascage.LoadPageCmd@58ac5910, url:https://www.reddit.com/r/okbuddyviltrum/comments/1td7m07/i_wonder_how_this_panel_will_be_portrayed_in_the/olwt9bz/.json]
[INFO] add cmd: [reddit_collect_pascage.LoadPageCmd@640cbd15, url:https://www.reddit.com/r/r34comments/comments/1td0t6x/when_the_r34_got_a_meticulously_detailed_piece_of/ols7814/.json]
[INFO] add cmd: [reddit_collect_pascage.LoadPageCmd@3b0ba86b, url:https://www.reddit.com/r/Piracy/comments/1tbu9xd/oh_no_anyway/oljcxxs/.json]
[INFO] add cmd: [reddit_collect_pascage.LoadPageCmd@2ac3ec8, url:https://www.reddit.com/r/BunnyTrials/comments/1tcrn1h/would_you_rather/olu3qgp/.json]
[INFO] add cmd: [reddit_collect_pascage.LoadPageCmd@38f28354, url:https://www.reddit.com/r/Piracy/comments/1tcgbno/shut_up_shut_up_shut_up_shut_up_shut_up/olqqtre/.json]
[INFO] add cmd: [reddit_collect_pascage.LoadPageCmd@3917754a, url:https://www.reddit.com/r/MartialMemes/comments/1tdoj1d/dao_bottleneck/olws0gn/.json]
[INFO] add cmd: [reddit_collect_pascage.LoadPageCmd@5f39caf3, url:https://www.reddit.com/user/rorodar/.json]
[INFO] add cmd: [reddit_collect_pascage.LoadPageCmd@3c00e5a2, url:https://www.reddit.com/user/rorodar/submitted/.json]
[INFO] add cmd: [reddit_collect_pascage.LoadPageCmd@10442955, url:https://www.reddit.com/user/rorodar/comments/.json]
[INFO] add cmd: [reddit_collect_pascage.LoadPageCmd@127ba332, url:https://www.reddit.com/r/r34comments/.json]
[INFO] add cmd: [reddit_collect_pascage.LoadPageCmd@3849ddc, url:https://www.reddit.com/r/bindingofisaac/.json]
[INFO] add cmd: [reddit_collect_pascage.LoadPageCmd@389255fb, url:https://www.reddit.com/r/Word_Trail_Game/.json]
[INFO] add cmd: [reddit_collect_pascage.LoadPageCmd@92dcd3d, url:https://www.reddit.com/r/BunnyTrials/.json]
[INFO] add cmd: [reddit_collect_pascage.LoadPageCmd@46809d19, url:https://www.reddit.com/r/okbuddyviltrum/.json]
[INFO] add cmd: [reddit_collect_pascage.LoadPageCmd@614d9268, url:https://www.reddit.com/r/northernlion/.json]
[INFO] add cmd: [reddit_collect_pascage.LoadPageCmd@4b5a2e37, url:https://www.reddit.com/r/MartialMemes/.json]
[INFO] add cmd: [reddit_collect_pascage.LoadPageCmd@2c794644, url:https://www.reddit.com/r/DailyGuess/.json]
[INFO] add cmd: [reddit_collect_pascage.LoadPageCmd@6ed37e87, url:https://www.reddit.com/r/ani_bm/.json]
[INFO] add cmd: [reddit_collect_pascage.LoadPageCmd@63006fe7, url:https://www.reddit.com/r/writingscaling/.json]
[INFO] add cmd: [reddit_collect_pascage.LoadPageCmd@79b1ce26, url:https://www.reddit.com/r/seinencirclejerk/.json]
[INFO] add cmd: [reddit_collect_pascage.LoadPageCmd@1f1cec32, url:https://www.reddit.com/r/Piracy/.json]
[INFO] remove cmd: [reddit_collect_pascage.LoadPageCmd@45e00179, url:https://www.reddit.com/user/rorodar/.json]
[INFO] get cmd: [reddit_collect_pascage.LoadPageCmd@25ba2c29, url:https://www.reddit.com/user/thvirtuo/comments/.json]
[INFO] run cmd: [reddit_collect_pascage.LoadPageCmd@25ba2c29, url:https://www.reddit.com/user/thvirtuo/comments/.json]
[INFO] LoadPageCmd.run on https://www.reddit.com/user/thvirtuo/comments/.json
[INFO] LoadPageCmd.run succesfull loaded (200) https://www.reddit.com/user/thvirtuo/comments/.json
[INFO] Found 23 new Reddit URLs: /r/BadHasbara/comments/1ssxdbx/happy_birthday_israel/ohsmi6g/, /r/JewsOfConscience/comments/1r3g5rr/on_goy_and_goyim/o55xl6g/, /r/2XKO/comments/1r13ylr/i_am_not_a_game_dev_but_this_comment_made_me_see/o4n7vmf/, /r/JewsOfConscience/comments/1sgqhgi/israel_approves_34_illegal_colonies_in_the/of713yc/, /r/Ultrakill/comments/1r42fx8/crackpot_theory_for_the_third_prime_soul/o5b95y5/, /r/JewsOfConscience/comments/1qxiwni/hasbara_trolls_are_pivoting_from_epstein_doesnt/o3wot2y/, /r/PeterExplainsTheJoke/comments/1qsz1fz/peter_explain_never_worked_with_women_only/o30g4pj/, /r/AtlantaTV/comments/ujar6k/atlanta_episode_discussion_s03e08_new_jazz/oltg1d4/, /r/JewsOfConscience/comments/1r3g5rr/on_goy_and_goyim/o55zuk0/, /r/AskDocs/comments/1scew8m/cant_figure_out_what_this_is/oefv6md/, /r/JewsOfConscience/comments/1qrh0ly/nyc_antisemitism_task_force_cochair_inna_vernikov/o2oeyeu/, /r/dankmemes/comments/1srgceh/like_i_get_it_the_world_sucks_rn_but_can_yall/ohew5dl/, /r/LosAngeles/comments/1s71dfy/ironic_and_iconic/odakngr/, /r/AtlantaTV/comments/tyrh5y/atlanta_episode_discussion_s03e04_the_big_payback/ollr1pl/, /r/Ultrakill/comments/1qrzdj9/escaped_lust/o2rxofe/, /r/JewsOfConscience/comments/1sgo1mz/recent_video_with_mehdi_hasan_about_israels_right/of70imj/, /r/International/comments/1rc42xe/when_sniping_5_year_olds_is_not_part_of_the/o6xn7bg/, /r/JewsOfConscience/comments/1r0oo7o/update_on_leqaa_kordia/o4kv8tt/, /r/JewsOfConscience/comments/1rkmcii/and_for_what/o8q0yly/, /r/TrollXChromosomes/comments/1relcgd/yuck/o7djqvp/, /r/JewsOfConscience/comments/1qwhgzf/they_say_70000_people_have_been_killed_but_the/o3p3z10/, /r/ExplainTheJoke/comments/1rkl9vp/what_does_it_mean/o8whchf/, /r/JewsOfConscience/comments/1qriiue/what_made_you_realise_that_israel_was_oppressing/o2q19os/
[INFO] Found 12 new subreddits: AskDocs, 2XKO, PeterExplainsTheJoke, AtlantaTV, Ultrakill, TrollXChromosomes, dankmemes, JewsOfConscience, LosAngeles, ExplainTheJoke, BadHasbara, International
[INFO] Queued 23 new pages: https://www.reddit.com/r/JewsOfConscience/comments/1r0oo7o/update_on_leqaa_kordia/o4kv8tt/.json, https://www.reddit.com/r/BadHasbara/comments/1ssxdbx/happy_birthday_israel/ohsmi6g/.json, https://www.reddit.com/r/2XKO/comments/1r13ylr/i_am_not_a_game_dev_but_this_comment_made_me_see/o4n7vmf/.json, https://www.reddit.com/r/JewsOfConscience/comments/1qwhgzf/they_say_70000_people_have_been_killed_but_the/o3p3z10/.json, https://www.reddit.com/r/dankmemes/comments/1srgceh/like_i_get_it_the_world_sucks_rn_but_can_yall/ohew5dl/.json, https://www.reddit.com/r/PeterExplainsTheJoke/comments/1qsz1fz/peter_explain_never_worked_with_women_only/o30g4pj/.json, https://www.reddit.com/r/JewsOfConscience/comments/1sgqhgi/israel_approves_34_illegal_colonies_in_the/of713yc/.json, https://www.reddit.com/r/AskDocs/comments/1scew8m/cant_figure_out_what_this_is/oefv6md/.json, https://www.reddit.com/r/International/comments/1rc42xe/when_sniping_5_year_olds_is_not_part_of_the/o6xn7bg/.json, https://www.reddit.com/r/JewsOfConscience/comments/1qriiue/what_made_you_realise_that_israel_was_oppressing/o2q19os/.json, https://www.reddit.com/r/JewsOfConscience/comments/1r3g5rr/on_goy_and_goyim/o55xl6g/.json, https://www.reddit.com/r/JewsOfConscience/comments/1qxiwni/hasbara_trolls_are_pivoting_from_epstein_doesnt/o3wot2y/.json, https://www.reddit.com/r/JewsOfConscience/comments/1r3g5rr/on_goy_and_goyim/o55zuk0/.json, https://www.reddit.com/r/AtlantaTV/comments/ujar6k/atlanta_episode_discussion_s03e08_new_jazz/oltg1d4/.json, https://www.reddit.com/r/JewsOfConscience/comments/1qrh0ly/nyc_antisemitism_task_force_cochair_inna_vernikov/o2oeyeu/.json, https://www.reddit.com/r/LosAngeles/comments/1s71dfy/ironic_and_iconic/odakngr/.json, https://www.reddit.com/r/Ultrakill/comments/1qrzdj9/escaped_lust/o2rxofe/.json, https://www.reddit.com/r/Ultrakill/comments/1r42fx8/crackpot_theory_for_the_third_prime_soul/o5b95y5/.json, https://www.reddit.com/r/JewsOfConscience/comments/1sgo1mz/recent_video_with_mehdi_hasan_about_israels_right/of70imj/.json, https://www.reddit.com/r/ExplainTheJoke/comments/1rkl9vp/what_does_it_mean/o8whchf/.json, https://www.reddit.com/r/JewsOfConscience/comments/1rkmcii/and_for_what/o8q0yly/.json, https://www.reddit.com/r/AtlantaTV/comments/tyrh5y/atlanta_episode_discussion_s03e04_the_big_payback/ollr1pl/.json, https://www.reddit.com/r/TrollXChromosomes/comments/1relcgd/yuck/o7djqvp/.json
[INFO] add cmd: [reddit_collect_pascage.LoadPageCmd@588072da, url:https://www.reddit.com/r/BadHasbara/comments/1ssxdbx/happy_birthday_israel/ohsmi6g/.json]
[INFO] add cmd: [reddit_collect_pascage.LoadPageCmd@7ae00ad0, url:https://www.reddit.com/r/JewsOfConscience/comments/1r3g5rr/on_goy_and_goyim/o55xl6g/.json]
[INFO] add cmd: [reddit_collect_pascage.LoadPageCmd@18ab3246, url:https://www.reddit.com/r/2XKO/comments/1r13ylr/i_am_not_a_game_dev_but_this_comment_made_me_see/o4n7vmf/.json]
[INFO] add cmd: [reddit_collect_pascage.LoadPageCmd@7e5675ad, url:https://www.reddit.com/r/JewsOfConscience/comments/1sgqhgi/israel_approves_34_illegal_colonies_in_the/of713yc/.json]
[INFO] add cmd: [reddit_collect_pascage.LoadPageCmd@259bde1f, url:https://www.reddit.com/r/Ultrakill/comments/1r42fx8/crackpot_theory_for_the_third_prime_soul/o5b95y5/.json]
[INFO] add cmd: [reddit_collect_pascage.LoadPageCmd@5f57e6f6, url:https://www.reddit.com/r/JewsOfConscience/comments/1qxiwni/hasbara_trolls_are_pivoting_from_epstein_doesnt/o3wot2y/.json]
[INFO] add cmd: [reddit_collect_pascage.LoadPageCmd@1eafd658, url:https://www.reddit.com/r/PeterExplainsTheJoke/comments/1qsz1fz/peter_explain_never_worked_with_women_only/o30g4pj/.json]
[INFO] add cmd: [reddit_collect_pascage.LoadPageCmd@5319233d, url:https://www.reddit.com/r/AtlantaTV/comments/ujar6k/atlanta_episode_discussion_s03e08_new_jazz/oltg1d4/.json]
[INFO] add cmd: [reddit_collect_pascage.LoadPageCmd@28897467, url:https://www.reddit.com/r/JewsOfConscience/comments/1r3g5rr/on_goy_and_goyim/o55zuk0/.json]
[INFO] add cmd: [reddit_collect_pascage.LoadPageCmd@480947d6, url:https://www.reddit.com/r/AskDocs/comments/1scew8m/cant_figure_out_what_this_is/oefv6md/.json]
[INFO] add cmd: [reddit_collect_pascage.LoadPageCmd@28f45599, url:https://www.reddit.com/r/JewsOfConscience/comments/1qrh0ly/nyc_antisemitism_task_force_cochair_inna_vernikov/o2oeyeu/.json]
[INFO] add cmd: [reddit_collect_pascage.LoadPageCmd@32ee9b71, url:https://www.reddit.com/r/dankmemes/comments/1srgceh/like_i_get_it_the_world_sucks_rn_but_can_yall/ohew5dl/.json]
[INFO] add cmd: [reddit_collect_pascage.LoadPageCmd@51a7fb07, url:https://www.reddit.com/r/LosAngeles/comments/1s71dfy/ironic_and_iconic/odakngr/.json]
[INFO] add cmd: [reddit_collect_pascage.LoadPageCmd@53123112, url:https://www.reddit.com/r/AtlantaTV/comments/tyrh5y/atlanta_episode_discussion_s03e04_the_big_payback/ollr1pl/.json]
[INFO] add cmd: [reddit_collect_pascage.LoadPageCmd@59c0ee74, url:https://www.reddit.com/r/Ultrakill/comments/1qrzdj9/escaped_lust/o2rxofe/.json]
[INFO] add cmd: [reddit_collect_pascage.LoadPageCmd@1fb3c32e, url:https://www.reddit.com/r/JewsOfConscience/comments/1sgo1mz/recent_video_with_mehdi_hasan_about_israels_right/of70imj/.json]
[INFO] add cmd: [reddit_collect_pascage.LoadPageCmd@71a27c1c, url:https://www.reddit.com/r/International/comments/1rc42xe/when_sniping_5_year_olds_is_not_part_of_the/o6xn7bg/.json]
[INFO] add cmd: [reddit_collect_pascage.LoadPageCmd@337a499b, url:https://www.reddit.com/r/JewsOfConscience/comments/1r0oo7o/update_on_leqaa_kordia/o4kv8tt/.json]
[INFO] add cmd: [reddit_collect_pascage.LoadPageCmd@6d97b2ce, url:https://www.reddit.com/r/JewsOfConscience/comments/1rkmcii/and_for_what/o8q0yly/.json]
[INFO] add cmd: [reddit_collect_pascage.LoadPageCmd@6cbca6e1, url:https://www.reddit.com/r/TrollXChromosomes/comments/1relcgd/yuck/o7djqvp/.json]
[INFO] add cmd: [reddit_collect_pascage.LoadPageCmd@e9c65f6, url:https://www.reddit.com/r/JewsOfConscience/comments/1qwhgzf/they_say_70000_people_have_been_killed_but_the/o3p3z10/.json]
[INFO] add cmd: [reddit_collect_pascage.LoadPageCmd@6f4bd32f, url:https://www.reddit.com/r/ExplainTheJoke/comments/1rkl9vp/what_does_it_mean/o8whchf/.json]
[INFO] add cmd: [reddit_collect_pascage.LoadPageCmd@3f9a1dca, url:https://www.reddit.com/r/JewsOfConscience/comments/1qriiue/what_made_you_realise_that_israel_was_oppressing/o2q19os/.json]
[INFO] add cmd: [reddit_collect_pascage.LoadPageCmd@36182f76, url:https://www.reddit.com/user/thvirtuo/.json]
[INFO] add cmd: [reddit_collect_pascage.LoadPageCmd@5bc65f96, url:https://www.reddit.com/user/thvirtuo/submitted/.json]
[INFO] add cmd: [reddit_collect_pascage.LoadPageCmd@6a253d6a, url:https://www.reddit.com/user/thvirtuo/comments/.json]
[INFO] add cmd: [reddit_collect_pascage.LoadPageCmd@53e19a9, url:https://www.reddit.com/r/AskDocs/.json]
[INFO] add cmd: [reddit_collect_pascage.LoadPageCmd@722af5e7, url:https://www.reddit.com/r/2XKO/.json]
[INFO] add cmd: [reddit_collect_pascage.LoadPageCmd@1bf93edb, url:https://www.reddit.com/r/PeterExplainsTheJoke/.json]
[INFO] add cmd: [reddit_collect_pascage.LoadPageCmd@58f49ea3, url:https://www.reddit.com/r/AtlantaTV/.json]
[INFO] add cmd: [reddit_collect_pascage.LoadPageCmd@2d722745, url:https://www.reddit.com/r/Ultrakill/.json]
[INFO] add cmd: [reddit_collect_pascage.LoadPageCmd@8527ac1, url:https://www.reddit.com/r/TrollXChromosomes/.json]
[INFO] add cmd: [reddit_collect_pascage.LoadPageCmd@5a8f92f6, url:https://www.reddit.com/r/dankmemes/.json]
[INFO] add cmd: [reddit_collect_pascage.LoadPageCmd@26f20e82, url:https://www.reddit.com/r/JewsOfConscience/.json]
[INFO] add cmd: [reddit_collect_pascage.LoadPageCmd@1a865d16, url:https://www.reddit.com/r/LosAngeles/.json]
[INFO] add cmd: [reddit_collect_pascage.LoadPageCmd@199b8f5, url:https://www.reddit.com/r/ExplainTheJoke/.json]
[INFO] add cmd: [reddit_collect_pascage.LoadPageCmd@27278212, url:https://www.reddit.com/r/BadHasbara/.json]
[INFO] add cmd: [reddit_collect_pascage.LoadPageCmd@11970e6a, url:https://www.reddit.com/r/International/.json]
[INFO] remove cmd: [reddit_collect_pascage.LoadPageCmd@25ba2c29, url:https://www.reddit.com/user/thvirtuo/comments/.json]
[INFO] get cmd: [reddit_collect_pascage.LoadPageCmd@4ec20397, url:https://www.reddit.com/user/juanohulomo1234/submitted/.json]
[INFO] run cmd: [reddit_collect_pascage.LoadPageCmd@4ec20397, url:https://www.reddit.com/user/juanohulomo1234/submitted/.json]
[INFO] LoadPageCmd.run on https://www.reddit.com/user/juanohulomo1234/submitted/.json
[INFO] LoadPageCmd.run succesfull loaded (200) https://www.reddit.com/user/juanohulomo1234/submitted/.json
[INFO] Found 19 new Reddit URLs: https://www.reddit.com/gallery/1oan2rs, https://www.reddit.com/r/PerfectTower/comments/1j631ia/im_in_tier_8_and_dont_have_a_functional_power/, https://www.reddit.com/r/AskArgentina/comments/1g2etvp/soy_nuevo_en_esta_app_y_quiero_meterme_a_grupos/, https://i.redd.it/6h137mq6jide1.jpeg, https://i.redd.it/mqf1dqtm0yse1.jpeg, https://www.reddit.com/r/tipofmyjoystick/comments/1o07zqk/pc_20102016_indie_isometric_view_game_with_a_blue/, https://www.reddit.com/r/bindingofisaac/comments/1jsi42a/whos_the_first_character_you_kill_mother_whit/, https://www.reddit.com/gallery/1oo2fq8, https://www.reddit.com/r/subnautica/comments/1hctl59/im_playing_subanutica_pirate_because_i_got_no/, https://www.reddit.com/gallery/1oo2cs1, https://www.reddit.com/r/tipofmyjoystick/comments/1o0814x/pc201016indie_isometric_view_blue_lady_at_the/, https://i.redd.it/ioxc7nhxg4ee1.jpeg, https://v.redd.it/3gsd6j0qstje1, https://v.redd.it/gq9hn68zhlge1, https://i.redd.it/zla9787lj4ee1.png, https://i.redd.it/oil7izr73obe1.jpeg, https://www.reddit.com/gallery/1h8ue6s, https://www.reddit.com/gallery/1j02zpk, https://i.redd.it/omak90mk7obe1.jpeg
[INFO] Found 9 new subreddits: PerfectTower, VampireSurvivors, AskArgentina, TheBattleCatsReddit, mathematics, tipofmyjoystick, subnautica, math, Terraria
[INFO] Queued 19 new pages: https://www.reddit.com/r/tipofmyjoystick/comments/1o07zqk/pc_20102016_indie_isometric_view_game_with_a_blue/.json, https://www.reddit.com/v.redd.it/3gsd6j0qstje1/.json, https://www.reddit.com/gallery/1oan2rs/.json, https://www.reddit.com/gallery/1j02zpk/.json, https://www.reddit.com/v.redd.it/gq9hn68zhlge1/.json, https://www.reddit.com/r/PerfectTower/comments/1j631ia/im_in_tier_8_and_dont_have_a_functional_power/.json, https://www.reddit.com/r/tipofmyjoystick/comments/1o0814x/pc201016indie_isometric_view_blue_lady_at_the/.json, https://www.reddit.com/gallery/1oo2fq8/.json, https://www.reddit.com/i.redd.it/ioxc7nhxg4ee1.jpeg/.json, https://www.reddit.com/r/AskArgentina/comments/1g2etvp/soy_nuevo_en_esta_app_y_quiero_meterme_a_grupos/.json, https://www.reddit.com/r/subnautica/comments/1hctl59/im_playing_subanutica_pirate_because_i_got_no/.json, https://www.reddit.com/i.redd.it/oil7izr73obe1.jpeg/.json, https://www.reddit.com/i.redd.it/6h137mq6jide1.jpeg/.json, https://www.reddit.com/gallery/1oo2cs1/.json, https://www.reddit.com/i.redd.it/zla9787lj4ee1.png/.json, https://www.reddit.com/i.redd.it/omak90mk7obe1.jpeg/.json, https://www.reddit.com/gallery/1h8ue6s/.json, https://www.reddit.com/r/bindingofisaac/comments/1jsi42a/whos_the_first_character_you_kill_mother_whit/.json, https://www.reddit.com/i.redd.it/mqf1dqtm0yse1.jpeg/.json
[INFO] add cmd: [reddit_collect_pascage.LoadPageCmd@649d0bbf, url:https://www.reddit.com/gallery/1oan2rs/.json]
[INFO] add cmd: [reddit_collect_pascage.LoadPageCmd@7fedc869, url:https://www.reddit.com/r/PerfectTower/comments/1j631ia/im_in_tier_8_and_dont_have_a_functional_power/.json]
[INFO] add cmd: [reddit_collect_pascage.LoadPageCmd@53b454, url:https://www.reddit.com/r/AskArgentina/comments/1g2etvp/soy_nuevo_en_esta_app_y_quiero_meterme_a_grupos/.json]
[INFO] add cmd: [reddit_collect_pascage.LoadPageCmd@14161d99, url:https://www.reddit.com/i.redd.it/6h137mq6jide1.jpeg/.json]
[INFO] add cmd: [reddit_collect_pascage.LoadPageCmd@18da3c57, url:https://www.reddit.com/i.redd.it/mqf1dqtm0yse1.jpeg/.json]
[INFO] add cmd: [reddit_collect_pascage.LoadPageCmd@96501a5, url:https://www.reddit.com/r/tipofmyjoystick/comments/1o07zqk/pc_20102016_indie_isometric_view_game_with_a_blue/.json]
[INFO] add cmd: [reddit_collect_pascage.LoadPageCmd@1489f5c9, url:https://www.reddit.com/r/bindingofisaac/comments/1jsi42a/whos_the_first_character_you_kill_mother_whit/.json]
[INFO] add cmd: [reddit_collect_pascage.LoadPageCmd@3057c814, url:https://www.reddit.com/gallery/1oo2fq8/.json]
[INFO] add cmd: [reddit_collect_pascage.LoadPageCmd@792662cd, url:https://www.reddit.com/r/subnautica/comments/1hctl59/im_playing_subanutica_pirate_because_i_got_no/.json]
[INFO] add cmd: [reddit_collect_pascage.LoadPageCmd@58ef3c65, url:https://www.reddit.com/gallery/1oo2cs1/.json]
[INFO] add cmd: [reddit_collect_pascage.LoadPageCmd@313ad0c, url:https://www.reddit.com/r/tipofmyjoystick/comments/1o0814x/pc201016indie_isometric_view_blue_lady_at_the/.json]
[INFO] add cmd: [reddit_collect_pascage.LoadPageCmd@d0ac212, url:https://www.reddit.com/i.redd.it/ioxc7nhxg4ee1.jpeg/.json]
[INFO] add cmd: [reddit_collect_pascage.LoadPageCmd@47f0e974, url:https://www.reddit.com/v.redd.it/3gsd6j0qstje1/.json]
[INFO] add cmd: [reddit_collect_pascage.LoadPageCmd@66ddf9fb, url:https://www.reddit.com/v.redd.it/gq9hn68zhlge1/.json]
[INFO] add cmd: [reddit_collect_pascage.LoadPageCmd@78b843e1, url:https://www.reddit.com/i.redd.it/zla9787lj4ee1.png/.json]
[INFO] add cmd: [reddit_collect_pascage.LoadPageCmd@237904b6, url:https://www.reddit.com/i.redd.it/oil7izr73obe1.jpeg/.json]
[INFO] add cmd: [reddit_collect_pascage.LoadPageCmd@6302e2e4, url:https://www.reddit.com/gallery/1h8ue6s/.json]
[INFO] add cmd: [reddit_collect_pascage.LoadPageCmd@6a99dd5e, url:https://www.reddit.com/gallery/1j02zpk/.json]
[INFO] add cmd: [reddit_collect_pascage.LoadPageCmd@50842ca7, url:https://www.reddit.com/i.redd.it/omak90mk7obe1.jpeg/.json]
[INFO] add cmd: [reddit_collect_pascage.LoadPageCmd@3bb3ceb5, url:https://www.reddit.com/user/juanohulomo1234/.json]
[INFO] add cmd: [reddit_collect_pascage.LoadPageCmd@4fd21ee5, url:https://www.reddit.com/user/juanohulomo1234/submitted/.json]
[INFO] add cmd: [reddit_collect_pascage.LoadPageCmd@6b85496c, url:https://www.reddit.com/user/juanohulomo1234/comments/.json]
[INFO] add cmd: [reddit_collect_pascage.LoadPageCmd@1a15b1af, url:https://www.reddit.com/r/PerfectTower/.json]
[INFO] add cmd: [reddit_collect_pascage.LoadPageCmd@3f76123e, url:https://www.reddit.com/r/VampireSurvivors/.json]
[INFO] add cmd: [reddit_collect_pascage.LoadPageCmd@608c1603, url:https://www.reddit.com/r/AskArgentina/.json]
[INFO] add cmd: [reddit_collect_pascage.LoadPageCmd@2103fd57, url:https://www.reddit.com/r/bindingofisaac/.json]
[INFO] add cmd: [reddit_collect_pascage.LoadPageCmd@162ca811, url:https://www.reddit.com/r/TheBattleCatsReddit/.json]
[INFO] add cmd: [reddit_collect_pascage.LoadPageCmd@19c4bf08, url:https://www.reddit.com/r/mathematics/.json]
[INFO] add cmd: [reddit_collect_pascage.LoadPageCmd@19f89e3d, url:https://www.reddit.com/r/tipofmyjoystick/.json]
[INFO] add cmd: [reddit_collect_pascage.LoadPageCmd@272f2110, url:https://www.reddit.com/r/subnautica/.json]
[INFO] add cmd: [reddit_collect_pascage.LoadPageCmd@54b079c4, url:https://www.reddit.com/r/math/.json]
[INFO] add cmd: [reddit_collect_pascage.LoadPageCmd@6830b0a5, url:https://www.reddit.com/r/Terraria/.json]
[INFO] remove cmd: [reddit_collect_pascage.LoadPageCmd@4ec20397, url:https://www.reddit.com/user/juanohulomo1234/submitted/.json]
[INFO] get cmd: [reddit_collect_pascage.LoadPageCmd@608c1603, url:https://www.reddit.com/r/AskArgentina/.json]
[INFO] run cmd: [reddit_collect_pascage.LoadPageCmd@608c1603, url:https://www.reddit.com/r/AskArgentina/.json]
[INFO] LoadPageCmd.run on https://www.reddit.com/r/AskArgentina/.json
[INFO] LoadPageCmd.run succesfull loaded (200) https://www.reddit.com/r/AskArgentina/.json
[INFO] Found 25 new Reddit URLs: https://www.reddit.com/r/AskArgentina/comments/1td76gc/que_piensan_de_las_personas_que_dicen_que_hay_que/, https://www.reddit.com/r/AskArgentina/comments/1tdlvdm/me_dan_un_consejo_opinión_o_las_dos/, https://www.reddit.com/r/AskArgentina/comments/1tdg9z1/mi_novia_me_mintió_con_su_sueldo_como_lo_hablo/, https://www.reddit.com/r/AskArgentina/comments/1tdm3ma/algunos_estudian_ingeniería_por_ego/, https://www.reddit.com/r/AskArgentina/comments/1tdiod9/necesito_un_socio_para_podcast_en_youtube_te_sumas/, https://www.reddit.com/r/AskArgentina/comments/1tdra92/do_argentinians_make_friends_quickly_or_was_i/, https://www.reddit.com/r/AskArgentina/comments/1tdoxx4/alguien_para_hablar/, https://www.reddit.com/r/AskArgentina/comments/1tdjwdq/por_que_no_se_habla_del_fenomeno_de_los_ratas/, https://www.reddit.com/r/AskArgentina/comments/1td7wfp/es_normal_que_mi_mamá_gane_bien_viva_endeudada_y/, https://www.reddit.com/r/AskArgentina/comments/1td02r3/update_me_gusta_mi_profesora_que_hago/, https://www.reddit.com/r/AskArgentina/comments/1tdg7c9/son_pelotudos_mis_compañeros/, https://www.reddit.com/r/AskArgentina/comments/1tdqq93/es_buena_idea_llevar_estas_zapatillas_a_un_recital/, https://www.reddit.com/r/AskArgentina/comments/1tdh5p9/endocrinologa_fueron/, https://www.reddit.com/r/AskArgentina/comments/1tde9tu/ustedes_que_harían/, https://www.reddit.com/r/AskArgentina/comments/1tdik1v/soy_el_unico_con_miedo_a_envejecer/, https://www.reddit.com/r/AskArgentina/comments/1tcxmic/por_qué_los_políticos_roban_tanto_nacen_así_o_los/, https://www.reddit.com/r/AskArgentina/comments/1tdkpwi/quiero_empezar_en_buenos_aires_desde_cero_cómo/, https://www.reddit.com/r/AskArgentina/comments/1tdcrjj/100_mil_usd_en_argentina_comprar_casa_o_invertir/, https://www.reddit.com/r/AskArgentina/comments/1tddo8e/como_salis_de_un_lugar_oscuro_mentalmente/, https://www.reddit.com/r/AskArgentina/comments/1shczdk/habilitadas_las_polls/, https://www.reddit.com/r/AskArgentina/comments/1td0y2n/es_normal_que_me_cansen_mis_amigos/, https://www.reddit.com/r/AskArgentina/comments/1tdnnox/cómo_decidiste_qué_carrera_estudiar_y_si_pudieras/, https://www.reddit.com/r/AskArgentina/comments/1s4pyju/nueva_regla_acerca_de_karma_farming_baits_y/, https://www.reddit.com/r/AskArgentina/comments/1tdfwl1/me_voy_a_arrepentir_de_nunca_haber_tenido_novio/, https://www.reddit.com/r/AskArgentina/comments/1tdh3bu/logre_saltar_el_bloqueo/
[INFO] Found 24 new usernames: Lopsided_Access_8102, Select_Medium9656, Temporary-Disk2622, Pleasant-Status2004, Otherwise-Depth-542, Lucky-Economist9245, Technical_Base8079, Cultural_Fall_3255, PsychologicalOkra640, Someoneelse_mp3, Niarush_ok, Individual-Usual9846, belubi, Few-Mud8734, UsuariaDeReddit777, Specific_Pop3289, CardiologistSad5073, _Darkening_, gretanovakk, Comfortable_Cap8037, fukaround97, kimidurden, ImScorpion__, bookgirly_85
[INFO] Queued 25 new pages: https://www.reddit.com/r/AskArgentina/comments/1tdcrjj/100_mil_usd_en_argentina_comprar_casa_o_invertir/.json, https://www.reddit.com/r/AskArgentina/comments/1td7wfp/es_normal_que_mi_mamá_gane_bien_viva_endeudada_y/.json, https://www.reddit.com/r/AskArgentina/comments/1tdqq93/es_buena_idea_llevar_estas_zapatillas_a_un_recital/.json, https://www.reddit.com/r/AskArgentina/comments/1tdfwl1/me_voy_a_arrepentir_de_nunca_haber_tenido_novio/.json, https://www.reddit.com/r/AskArgentina/comments/1td76gc/que_piensan_de_las_personas_que_dicen_que_hay_que/.json, https://www.reddit.com/r/AskArgentina/comments/1tddo8e/como_salis_de_un_lugar_oscuro_mentalmente/.json, https://www.reddit.com/r/AskArgentina/comments/1tdiod9/necesito_un_socio_para_podcast_en_youtube_te_sumas/.json, https://www.reddit.com/r/AskArgentina/comments/1tdlvdm/me_dan_un_consejo_opinión_o_las_dos/.json, https://www.reddit.com/r/AskArgentina/comments/1tdoxx4/alguien_para_hablar/.json, https://www.reddit.com/r/AskArgentina/comments/1shczdk/habilitadas_las_polls/.json, https://www.reddit.com/r/AskArgentina/comments/1td0y2n/es_normal_que_me_cansen_mis_amigos/.json, https://www.reddit.com/r/AskArgentina/comments/1tdjwdq/por_que_no_se_habla_del_fenomeno_de_los_ratas/.json, https://www.reddit.com/r/AskArgentina/comments/1tdik1v/soy_el_unico_con_miedo_a_envejecer/.json, https://www.reddit.com/r/AskArgentina/comments/1tde9tu/ustedes_que_harían/.json, https://www.reddit.com/r/AskArgentina/comments/1td02r3/update_me_gusta_mi_profesora_que_hago/.json, https://www.reddit.com/r/AskArgentina/comments/1tdkpwi/quiero_empezar_en_buenos_aires_desde_cero_cómo/.json, https://www.reddit.com/r/AskArgentina/comments/1s4pyju/nueva_regla_acerca_de_karma_farming_baits_y/.json, https://www.reddit.com/r/AskArgentina/comments/1tdh5p9/endocrinologa_fueron/.json, https://www.reddit.com/r/AskArgentina/comments/1tdg9z1/mi_novia_me_mintió_con_su_sueldo_como_lo_hablo/.json, https://www.reddit.com/r/AskArgentina/comments/1tdm3ma/algunos_estudian_ingeniería_por_ego/.json, https://www.reddit.com/r/AskArgentina/comments/1tdg7c9/son_pelotudos_mis_compañeros/.json, https://www.reddit.com/r/AskArgentina/comments/1tdra92/do_argentinians_make_friends_quickly_or_was_i/.json, https://www.reddit.com/r/AskArgentina/comments/1tcxmic/por_qué_los_políticos_roban_tanto_nacen_así_o_los/.json, https://www.reddit.com/r/AskArgentina/comments/1tdnnox/cómo_decidiste_qué_carrera_estudiar_y_si_pudieras/.json, https://www.reddit.com/r/AskArgentina/comments/1tdh3bu/logre_saltar_el_bloqueo/.json
[INFO] add cmd: [reddit_collect_pascage.LoadPageCmd@7171113a, url:https://www.reddit.com/r/AskArgentina/comments/1td76gc/que_piensan_de_las_personas_que_dicen_que_hay_que/.json]
[INFO] add cmd: [reddit_collect_pascage.LoadPageCmd@765dd46a, url:https://www.reddit.com/r/AskArgentina/comments/1tdlvdm/me_dan_un_consejo_opinión_o_las_dos/.json]
[INFO] add cmd: [reddit_collect_pascage.LoadPageCmd@7d705a8, url:https://www.reddit.com/r/AskArgentina/comments/1tdg9z1/mi_novia_me_mintió_con_su_sueldo_como_lo_hablo/.json]
[INFO] add cmd: [reddit_collect_pascage.LoadPageCmd@1ceb15b0, url:https://www.reddit.com/r/AskArgentina/comments/1tdm3ma/algunos_estudian_ingeniería_por_ego/.json]
[INFO] add cmd: [reddit_collect_pascage.LoadPageCmd@656a2fd6, url:https://www.reddit.com/r/AskArgentina/comments/1tdiod9/necesito_un_socio_para_podcast_en_youtube_te_sumas/.json]
[INFO] add cmd: [reddit_collect_pascage.LoadPageCmd@7d0c5995, url:https://www.reddit.com/r/AskArgentina/comments/1tdra92/do_argentinians_make_friends_quickly_or_was_i/.json]
[INFO] add cmd: [reddit_collect_pascage.LoadPageCmd@4249f9d9, url:https://www.reddit.com/r/AskArgentina/comments/1tdoxx4/alguien_para_hablar/.json]
[INFO] add cmd: [reddit_collect_pascage.LoadPageCmd@64b22b5, url:https://www.reddit.com/r/AskArgentina/comments/1tdjwdq/por_que_no_se_habla_del_fenomeno_de_los_ratas/.json]
[INFO] add cmd: [reddit_collect_pascage.LoadPageCmd@326ba935, url:https://www.reddit.com/r/AskArgentina/comments/1td7wfp/es_normal_que_mi_mamá_gane_bien_viva_endeudada_y/.json]
[INFO] add cmd: [reddit_collect_pascage.LoadPageCmd@2d349e1c, url:https://www.reddit.com/r/AskArgentina/comments/1td02r3/update_me_gusta_mi_profesora_que_hago/.json]
[INFO] add cmd: [reddit_collect_pascage.LoadPageCmd@20be3d52, url:https://www.reddit.com/r/AskArgentina/comments/1tdg7c9/son_pelotudos_mis_compañeros/.json]
[INFO] add cmd: [reddit_collect_pascage.LoadPageCmd@7fbffd7a, url:https://www.reddit.com/r/AskArgentina/comments/1tdqq93/es_buena_idea_llevar_estas_zapatillas_a_un_recital/.json]
[INFO] add cmd: [reddit_collect_pascage.LoadPageCmd@10f2c1b9, url:https://www.reddit.com/r/AskArgentina/comments/1tdh5p9/endocrinologa_fueron/.json]
[INFO] add cmd: [reddit_collect_pascage.LoadPageCmd@193f69c5, url:https://www.reddit.com/r/AskArgentina/comments/1tde9tu/ustedes_que_harían/.json]
[INFO] add cmd: [reddit_collect_pascage.LoadPageCmd@483a831d, url:https://www.reddit.com/r/AskArgentina/comments/1tdik1v/soy_el_unico_con_miedo_a_envejecer/.json]
[INFO] add cmd: [reddit_collect_pascage.LoadPageCmd@486ee34d, url:https://www.reddit.com/r/AskArgentina/comments/1tcxmic/por_qué_los_políticos_roban_tanto_nacen_así_o_los/.json]
[INFO] add cmd: [reddit_collect_pascage.LoadPageCmd@4e970cf0, url:https://www.reddit.com/r/AskArgentina/comments/1tdkpwi/quiero_empezar_en_buenos_aires_desde_cero_cómo/.json]
[INFO] add cmd: [reddit_collect_pascage.LoadPageCmd@2c8425a6, url:https://www.reddit.com/r/AskArgentina/comments/1tdcrjj/100_mil_usd_en_argentina_comprar_casa_o_invertir/.json]
[INFO] add cmd: [reddit_collect_pascage.LoadPageCmd@30ba7940, url:https://www.reddit.com/r/AskArgentina/comments/1tddo8e/como_salis_de_un_lugar_oscuro_mentalmente/.json]
[INFO] add cmd: [reddit_collect_pascage.LoadPageCmd@f719091, url:https://www.reddit.com/r/AskArgentina/comments/1shczdk/habilitadas_las_polls/.json]
[INFO] add cmd: [reddit_collect_pascage.LoadPageCmd@79f7ed03, url:https://www.reddit.com/r/AskArgentina/comments/1td0y2n/es_normal_que_me_cansen_mis_amigos/.json]
[INFO] add cmd: [reddit_collect_pascage.LoadPageCmd@74d35e8e, url:https://www.reddit.com/r/AskArgentina/comments/1tdnnox/cómo_decidiste_qué_carrera_estudiar_y_si_pudieras/.json]
[INFO] add cmd: [reddit_collect_pascage.LoadPageCmd@17c0492d, url:https://www.reddit.com/r/AskArgentina/comments/1s4pyju/nueva_regla_acerca_de_karma_farming_baits_y/.json]
[INFO] add cmd: [reddit_collect_pascage.LoadPageCmd@14b6b65c, url:https://www.reddit.com/r/AskArgentina/comments/1tdfwl1/me_voy_a_arrepentir_de_nunca_haber_tenido_novio/.json]
[INFO] add cmd: [reddit_collect_pascage.LoadPageCmd@52efde3c, url:https://www.reddit.com/r/AskArgentina/comments/1tdh3bu/logre_saltar_el_bloqueo/.json]
[INFO] add cmd: [reddit_collect_pascage.LoadPageCmd@3ca6cdc1, url:https://www.reddit.com/user/Lopsided_Access_8102/.json]
[INFO] add cmd: [reddit_collect_pascage.LoadPageCmd@29ba7259, url:https://www.reddit.com/user/Lopsided_Access_8102/submitted/.json]
[INFO] add cmd: [reddit_collect_pascage.LoadPageCmd@81f2564, url:https://www.reddit.com/user/Lopsided_Access_8102/comments/.json]
[INFO] add cmd: [reddit_collect_pascage.LoadPageCmd@24ad1465, url:https://www.reddit.com/user/Select_Medium9656/.json]
[INFO] add cmd: [reddit_collect_pascage.LoadPageCmd@2eef1df4, url:https://www.reddit.com/user/Select_Medium9656/submitted/.json]
[INFO] add cmd: [reddit_collect_pascage.LoadPageCmd@543d9aca, url:https://www.reddit.com/user/Select_Medium9656/comments/.json]
[INFO] add cmd: [reddit_collect_pascage.LoadPageCmd@2578a12c, url:https://www.reddit.com/user/Temporary-Disk2622/.json]
[INFO] add cmd: [reddit_collect_pascage.LoadPageCmd@693a97da, url:https://www.reddit.com/user/Temporary-Disk2622/submitted/.json]
[INFO] add cmd: [reddit_collect_pascage.LoadPageCmd@3fec27b4, url:https://www.reddit.com/user/Temporary-Disk2622/comments/.json]
[INFO] add cmd: [reddit_collect_pascage.LoadPageCmd@7bf1149, url:https://www.reddit.com/user/Pleasant-Status2004/.json]
[INFO] add cmd: [reddit_collect_pascage.LoadPageCmd@672ea153, url:https://www.reddit.com/user/Pleasant-Status2004/submitted/.json]
[INFO] add cmd: [reddit_collect_pascage.LoadPageCmd@5a177e2b, url:https://www.reddit.com/user/Pleasant-Status2004/comments/.json]
[INFO] add cmd: [reddit_collect_pascage.LoadPageCmd@418235a, url:https://www.reddit.com/user/Otherwise-Depth-542/.json]
[INFO] add cmd: [reddit_collect_pascage.LoadPageCmd@7bd25fc9, url:https://www.reddit.com/user/Otherwise-Depth-542/submitted/.json]
[INFO] add cmd: [reddit_collect_pascage.LoadPageCmd@69644dd9, url:https://www.reddit.com/user/Otherwise-Depth-542/comments/.json]
[INFO] add cmd: [reddit_collect_pascage.LoadPageCmd@86390f8, url:https://www.reddit.com/user/Lucky-Economist9245/.json]
[INFO] add cmd: [reddit_collect_pascage.LoadPageCmd@4d24605d, url:https://www.reddit.com/user/Lucky-Economist9245/submitted/.json]
[INFO] add cmd: [reddit_collect_pascage.LoadPageCmd@24e15227, url:https://www.reddit.com/user/Lucky-Economist9245/comments/.json]
[INFO] add cmd: [reddit_collect_pascage.LoadPageCmd@6f20c9e7, url:https://www.reddit.com/user/Technical_Base8079/.json]
[INFO] add cmd: [reddit_collect_pascage.LoadPageCmd@7bd070ab, url:https://www.reddit.com/user/Technical_Base8079/submitted/.json]
[INFO] add cmd: [reddit_collect_pascage.LoadPageCmd@1598d104, url:https://www.reddit.com/user/Technical_Base8079/comments/.json]
[INFO] add cmd: [reddit_collect_pascage.LoadPageCmd@3b46c9fa, url:https://www.reddit.com/user/Cultural_Fall_3255/.json]
[INFO] add cmd: [reddit_collect_pascage.LoadPageCmd@52404084, url:https://www.reddit.com/user/Cultural_Fall_3255/submitted/.json]
[INFO] add cmd: [reddit_collect_pascage.LoadPageCmd@2aed274f, url:https://www.reddit.com/user/Cultural_Fall_3255/comments/.json]
[INFO] add cmd: [reddit_collect_pascage.LoadPageCmd@792ec3e7, url:https://www.reddit.com/user/PsychologicalOkra640/.json]
[INFO] add cmd: [reddit_collect_pascage.LoadPageCmd@74aacc21, url:https://www.reddit.com/user/PsychologicalOkra640/submitted/.json]
[INFO] add cmd: [reddit_collect_pascage.LoadPageCmd@243ee650, url:https://www.reddit.com/user/PsychologicalOkra640/comments/.json]
[INFO] add cmd: [reddit_collect_pascage.LoadPageCmd@67aa7ac7, url:https://www.reddit.com/user/Someoneelse_mp3/.json]
[INFO] add cmd: [reddit_collect_pascage.LoadPageCmd@6814ac2e, url:https://www.reddit.com/user/Someoneelse_mp3/submitted/.json]
[INFO] add cmd: [reddit_collect_pascage.LoadPageCmd@4afdaec9, url:https://www.reddit.com/user/Someoneelse_mp3/comments/.json]
[INFO] add cmd: [reddit_collect_pascage.LoadPageCmd@19a2cda0, url:https://www.reddit.com/user/Niarush_ok/.json]
[INFO] add cmd: [reddit_collect_pascage.LoadPageCmd@2d6af011, url:https://www.reddit.com/user/Niarush_ok/submitted/.json]
[INFO] add cmd: [reddit_collect_pascage.LoadPageCmd@60d24c4e, url:https://www.reddit.com/user/Niarush_ok/comments/.json]
[INFO] add cmd: [reddit_collect_pascage.LoadPageCmd@47fe2d7b, url:https://www.reddit.com/user/Individual-Usual9846/.json]
[INFO] add cmd: [reddit_collect_pascage.LoadPageCmd@483e37e9, url:https://www.reddit.com/user/Individual-Usual9846/submitted/.json]
[INFO] add cmd: [reddit_collect_pascage.LoadPageCmd@322ebc87, url:https://www.reddit.com/user/Individual-Usual9846/comments/.json]
[INFO] add cmd: [reddit_collect_pascage.LoadPageCmd@406c36b0, url:https://www.reddit.com/user/belubi/.json]
[INFO] add cmd: [reddit_collect_pascage.LoadPageCmd@76cf4e33, url:https://www.reddit.com/user/belubi/submitted/.json]
[INFO] add cmd: [reddit_collect_pascage.LoadPageCmd@4f77ae7c, url:https://www.reddit.com/user/belubi/comments/.json]
[INFO] add cmd: [reddit_collect_pascage.LoadPageCmd@8faf991, url:https://www.reddit.com/user/Few-Mud8734/.json]
[INFO] add cmd: [reddit_collect_pascage.LoadPageCmd@29828788, url:https://www.reddit.com/user/Few-Mud8734/submitted/.json]
[INFO] add cmd: [reddit_collect_pascage.LoadPageCmd@25b0ea5d, url:https://www.reddit.com/user/Few-Mud8734/comments/.json]
[INFO] add cmd: [reddit_collect_pascage.LoadPageCmd@57c6b4d9, url:https://www.reddit.com/user/UsuariaDeReddit777/.json]
[INFO] add cmd: [reddit_collect_pascage.LoadPageCmd@8afe9c1, url:https://www.reddit.com/user/UsuariaDeReddit777/submitted/.json]
[INFO] add cmd: [reddit_collect_pascage.LoadPageCmd@352c819b, url:https://www.reddit.com/user/UsuariaDeReddit777/comments/.json]
[INFO] add cmd: [reddit_collect_pascage.LoadPageCmd@17ec7761, url:https://www.reddit.com/user/Specific_Pop3289/.json]
[INFO] add cmd: [reddit_collect_pascage.LoadPageCmd@756e7939, url:https://www.reddit.com/user/Specific_Pop3289/submitted/.json]
[INFO] add cmd: [reddit_collect_pascage.LoadPageCmd@27877b4, url:https://www.reddit.com/user/Specific_Pop3289/comments/.json]
[INFO] add cmd: [reddit_collect_pascage.LoadPageCmd@53891e39, url:https://www.reddit.com/user/CardiologistSad5073/.json]
[INFO] add cmd: [reddit_collect_pascage.LoadPageCmd@272a3c56, url:https://www.reddit.com/user/CardiologistSad5073/submitted/.json]
[INFO] add cmd: [reddit_collect_pascage.LoadPageCmd@218b3e3b, url:https://www.reddit.com/user/CardiologistSad5073/comments/.json]
[INFO] add cmd: [reddit_collect_pascage.LoadPageCmd@600f3869, url:https://www.reddit.com/user/_Darkening_/.json]
[INFO] add cmd: [reddit_collect_pascage.LoadPageCmd@7b6c8a87, url:https://www.reddit.com/user/_Darkening_/submitted/.json]
[INFO] add cmd: [reddit_collect_pascage.LoadPageCmd@d52d130, url:https://www.reddit.com/user/_Darkening_/comments/.json]
[INFO] add cmd: [reddit_collect_pascage.LoadPageCmd@75d04c47, url:https://www.reddit.com/user/gretanovakk/.json]
[INFO] add cmd: [reddit_collect_pascage.LoadPageCmd@6c85eee4, url:https://www.reddit.com/user/gretanovakk/submitted/.json]
[INFO] add cmd: [reddit_collect_pascage.LoadPageCmd@73226941, url:https://www.reddit.com/user/gretanovakk/comments/.json]
[INFO] add cmd: [reddit_collect_pascage.LoadPageCmd@6862fd44, url:https://www.reddit.com/user/Comfortable_Cap8037/.json]
[INFO] add cmd: [reddit_collect_pascage.LoadPageCmd@1fa7367b, url:https://www.reddit.com/user/Comfortable_Cap8037/submitted/.json]
[INFO] add cmd: [reddit_collect_pascage.LoadPageCmd@5c1609a5, url:https://www.reddit.com/user/Comfortable_Cap8037/comments/.json]
[INFO] add cmd: [reddit_collect_pascage.LoadPageCmd@3c9e0b07, url:https://www.reddit.com/user/fukaround97/.json]
[INFO] add cmd: [reddit_collect_pascage.LoadPageCmd@4369490d, url:https://www.reddit.com/user/fukaround97/submitted/.json]
[INFO] add cmd: [reddit_collect_pascage.LoadPageCmd@655babf5, url:https://www.reddit.com/user/fukaround97/comments/.json]
[INFO] add cmd: [reddit_collect_pascage.LoadPageCmd@9eccdda, url:https://www.reddit.com/user/kimidurden/.json]
[INFO] add cmd: [reddit_collect_pascage.LoadPageCmd@456639d3, url:https://www.reddit.com/user/kimidurden/submitted/.json]
[INFO] add cmd: [reddit_collect_pascage.LoadPageCmd@4cce3153, url:https://www.reddit.com/user/kimidurden/comments/.json]
[INFO] add cmd: [reddit_collect_pascage.LoadPageCmd@74f22f3c, url:https://www.reddit.com/user/ImScorpion__/.json]
[INFO] add cmd: [reddit_collect_pascage.LoadPageCmd@1b1fae65, url:https://www.reddit.com/user/ImScorpion__/submitted/.json]
[INFO] add cmd: [reddit_collect_pascage.LoadPageCmd@6fc3b474, url:https://www.reddit.com/user/ImScorpion__/comments/.json]
[INFO] add cmd: [reddit_collect_pascage.LoadPageCmd@523a4476, url:https://www.reddit.com/user/bookgirly_85/.json]
[INFO] add cmd: [reddit_collect_pascage.LoadPageCmd@37d40ac2, url:https://www.reddit.com/user/bookgirly_85/submitted/.json]
[INFO] add cmd: [reddit_collect_pascage.LoadPageCmd@51dee6db, url:https://www.reddit.com/user/bookgirly_85/comments/.json]
[INFO] add cmd: [reddit_collect_pascage.LoadPageCmd@234c9880, url:https://www.reddit.com/r/AskArgentina/.json]
[INFO] remove cmd: [reddit_collect_pascage.LoadPageCmd@608c1603, url:https://www.reddit.com/r/AskArgentina/.json]
[INFO] get cmd: [reddit_collect_pascage.LoadPageCmd@33b7b545, url:https://www.reddit.com/user/M10doreddit/submitted/.json]
[INFO] run cmd: [reddit_collect_pascage.LoadPageCmd@33b7b545, url:https://www.reddit.com/user/M10doreddit/submitted/.json]
[INFO] LoadPageCmd.run on https://www.reddit.com/user/M10doreddit/submitted/.json
[INFO] LoadPageCmd.run succesfull loaded (200) https://www.reddit.com/user/M10doreddit/submitted/.json
[INFO] Found 25 new Reddit URLs: https://i.redd.it/aufu7vuc2xog1.gif, https://i.redd.it/jsjsfc1wx1pg1.gif, https://i.redd.it/fyvwj3fkf0ug1.gif, https://i.redd.it/4wk6anfbynsg1.gif, https://i.redd.it/9g5zd0nuxsig1.gif, https://www.reddit.com/gallery/1ryefnw, https://i.redd.it/u1pyrkxmvbig1.gif, https://i.redd.it/f0j65bs8zopg1.gif, https://i.redd.it/ewn46deranig1.gif, https://i.redd.it/nr05oieht1pg1.gif, https://www.reddit.com/gallery/1res7ez, https://i.redd.it/f8cmbs4we5ig1.png, https://www.reddit.com/r/HPOmen/comments/1t9fg0p/how_to_fix_audio_fade_in_after_idle_windows_11/, https://www.reddit.com/r/theamazingdigitalciru/comments/1pyl7lf/i_have_a_crackpot_theory_thats_likely_to_be_wrong/, https://i.redd.it/051dpww5yjlg1.gif, https://i.redd.it/0ojq4sjhoswg1.gif, https://i.redd.it/q4izoxtj2cmg1.gif, https://i.redd.it/jnasq58mr6ng1.gif, https://i.redd.it/aftmxyzi25qg1.gif, https://i.redd.it/o1mtwa1gwnig1.gif, https://www.reddit.com/gallery/1s0bsrd, https://i.redd.it/loq9xvvqgqlg1.gif, https://i.redd.it/6cfvec69oxug1.png, https://i.redd.it/ldjtyz9cdsmg1.gif, https://i.redd.it/hlqmsxuf8gig1.gif
[INFO] Found 5 new subreddits: Superliminal, theamazingdigitalciru, opus_magnum, HPOmen, technicalminecraft
[INFO] Queued 25 new pages: https://www.reddit.com/i.redd.it/nr05oieht1pg1.gif/.json, https://www.reddit.com/i.redd.it/4wk6anfbynsg1.gif/.json, https://www.reddit.com/r/theamazingdigitalciru/comments/1pyl7lf/i_have_a_crackpot_theory_thats_likely_to_be_wrong/.json, https://www.reddit.com/i.redd.it/q4izoxtj2cmg1.gif/.json, https://www.reddit.com/i.redd.it/jnasq58mr6ng1.gif/.json, https://www.reddit.com/i.redd.it/u1pyrkxmvbig1.gif/.json, https://www.reddit.com/i.redd.it/f0j65bs8zopg1.gif/.json, https://www.reddit.com/i.redd.it/aftmxyzi25qg1.gif/.json, https://www.reddit.com/i.redd.it/aufu7vuc2xog1.gif/.json, https://www.reddit.com/i.redd.it/ewn46deranig1.gif/.json, https://www.reddit.com/i.redd.it/loq9xvvqgqlg1.gif/.json, https://www.reddit.com/i.redd.it/6cfvec69oxug1.png/.json, https://www.reddit.com/i.redd.it/fyvwj3fkf0ug1.gif/.json, https://www.reddit.com/gallery/1s0bsrd/.json, https://www.reddit.com/i.redd.it/f8cmbs4we5ig1.png/.json, https://www.reddit.com/gallery/1res7ez/.json, https://www.reddit.com/i.redd.it/hlqmsxuf8gig1.gif/.json, https://www.reddit.com/i.redd.it/jsjsfc1wx1pg1.gif/.json, https://www.reddit.com/i.redd.it/9g5zd0nuxsig1.gif/.json, https://www.reddit.com/gallery/1ryefnw/.json, https://www.reddit.com/i.redd.it/0ojq4sjhoswg1.gif/.json, https://www.reddit.com/r/HPOmen/comments/1t9fg0p/how_to_fix_audio_fade_in_after_idle_windows_11/.json, https://www.reddit.com/i.redd.it/051dpww5yjlg1.gif/.json, https://www.reddit.com/i.redd.it/o1mtwa1gwnig1.gif/.json, https://www.reddit.com/i.redd.it/ldjtyz9cdsmg1.gif/.json
[INFO] add cmd: [reddit_collect_pascage.LoadPageCmd@1a478b03, url:https://www.reddit.com/i.redd.it/aufu7vuc2xog1.gif/.json]
[INFO] add cmd: [reddit_collect_pascage.LoadPageCmd@52218b76, url:https://www.reddit.com/i.redd.it/jsjsfc1wx1pg1.gif/.json]
[INFO] add cmd: [reddit_collect_pascage.LoadPageCmd@5fda6605, url:https://www.reddit.com/i.redd.it/fyvwj3fkf0ug1.gif/.json]
[INFO] add cmd: [reddit_collect_pascage.LoadPageCmd@5ea46f5a, url:https://www.reddit.com/i.redd.it/4wk6anfbynsg1.gif/.json]
[INFO] add cmd: [reddit_collect_pascage.LoadPageCmd@781de81e, url:https://www.reddit.com/i.redd.it/9g5zd0nuxsig1.gif/.json]
[INFO] add cmd: [reddit_collect_pascage.LoadPageCmd@26b9b650, url:https://www.reddit.com/gallery/1ryefnw/.json]
[INFO] add cmd: [reddit_collect_pascage.LoadPageCmd@2adf16cc, url:https://www.reddit.com/i.redd.it/u1pyrkxmvbig1.gif/.json]
[INFO] add cmd: [reddit_collect_pascage.LoadPageCmd@577c6272, url:https://www.reddit.com/i.redd.it/f0j65bs8zopg1.gif/.json]
[INFO] add cmd: [reddit_collect_pascage.LoadPageCmd@40363d9b, url:https://www.reddit.com/i.redd.it/ewn46deranig1.gif/.json]
[INFO] add cmd: [reddit_collect_pascage.LoadPageCmd@2bd618fb, url:https://www.reddit.com/i.redd.it/nr05oieht1pg1.gif/.json]
[INFO] add cmd: [reddit_collect_pascage.LoadPageCmd@79ed023b, url:https://www.reddit.com/gallery/1res7ez/.json]
[INFO] add cmd: [reddit_collect_pascage.LoadPageCmd@4db69086, url:https://www.reddit.com/i.redd.it/f8cmbs4we5ig1.png/.json]
[INFO] add cmd: [reddit_collect_pascage.LoadPageCmd@3c1da64e, url:https://www.reddit.com/r/HPOmen/comments/1t9fg0p/how_to_fix_audio_fade_in_after_idle_windows_11/.json]
[INFO] add cmd: [reddit_collect_pascage.LoadPageCmd@279770f6, url:https://www.reddit.com/r/theamazingdigitalciru/comments/1pyl7lf/i_have_a_crackpot_theory_thats_likely_to_be_wrong/.json]
[INFO] add cmd: [reddit_collect_pascage.LoadPageCmd@367a42e5, url:https://www.reddit.com/i.redd.it/051dpww5yjlg1.gif/.json]
[INFO] add cmd: [reddit_collect_pascage.LoadPageCmd@4fb1c60c, url:https://www.reddit.com/i.redd.it/0ojq4sjhoswg1.gif/.json]
[INFO] add cmd: [reddit_collect_pascage.LoadPageCmd@1e4f3662, url:https://www.reddit.com/i.redd.it/q4izoxtj2cmg1.gif/.json]
[INFO] add cmd: [reddit_collect_pascage.LoadPageCmd@243f59d, url:https://www.reddit.com/i.redd.it/jnasq58mr6ng1.gif/.json]
[INFO] add cmd: [reddit_collect_pascage.LoadPageCmd@664ae25a, url:https://www.reddit.com/i.redd.it/aftmxyzi25qg1.gif/.json]
[INFO] add cmd: [reddit_collect_pascage.LoadPageCmd@270ad939, url:https://www.reddit.com/i.redd.it/o1mtwa1gwnig1.gif/.json]
[INFO] add cmd: [reddit_collect_pascage.LoadPageCmd@4011079c, url:https://www.reddit.com/gallery/1s0bsrd/.json]
[INFO] add cmd: [reddit_collect_pascage.LoadPageCmd@5d63ed1e, url:https://www.reddit.com/i.redd.it/loq9xvvqgqlg1.gif/.json]
[INFO] add cmd: [reddit_collect_pascage.LoadPageCmd@6c8a8cda, url:https://www.reddit.com/i.redd.it/6cfvec69oxug1.png/.json]
[INFO] add cmd: [reddit_collect_pascage.LoadPageCmd@1d384363, url:https://www.reddit.com/i.redd.it/ldjtyz9cdsmg1.gif/.json]
[INFO] add cmd: [reddit_collect_pascage.LoadPageCmd@555d9abf, url:https://www.reddit.com/i.redd.it/hlqmsxuf8gig1.gif/.json]
[INFO] add cmd: [reddit_collect_pascage.LoadPageCmd@17149617, url:https://www.reddit.com/user/M10doreddit/.json]
[INFO] add cmd: [reddit_collect_pascage.LoadPageCmd@2f403473, url:https://www.reddit.com/user/M10doreddit/submitted/.json]
[INFO] add cmd: [reddit_collect_pascage.LoadPageCmd@703c49a3, url:https://www.reddit.com/user/M10doreddit/comments/.json]
[INFO] add cmd: [reddit_collect_pascage.LoadPageCmd@498dad79, url:https://www.reddit.com/r/Superliminal/.json]
[INFO] add cmd: [reddit_collect_pascage.LoadPageCmd@7a1a2e71, url:https://www.reddit.com/r/theamazingdigitalciru/.json]
[INFO] add cmd: [reddit_collect_pascage.LoadPageCmd@54d76eed, url:https://www.reddit.com/r/opus_magnum/.json]
[INFO] add cmd: [reddit_collect_pascage.LoadPageCmd@46344485, url:https://www.reddit.com/r/HPOmen/.json]
[INFO] add cmd: [reddit_collect_pascage.LoadPageCmd@62f6df5f, url:https://www.reddit.com/r/technicalminecraft/.json]
[INFO] remove cmd: [reddit_collect_pascage.LoadPageCmd@33b7b545, url:https://www.reddit.com/user/M10doreddit/submitted/.json]
[INFO] get cmd: [reddit_collect_pascage.LoadPageCmd@23d01e7b, url:https://www.reddit.com/r/mathmemes/comments/1sgzvxx/the_1phone/of8zcum/.json]
[INFO] run cmd: [reddit_collect_pascage.LoadPageCmd@23d01e7b, url:https://www.reddit.com/r/mathmemes/comments/1sgzvxx/the_1phone/of8zcum/.json]
[INFO] LoadPageCmd.run on https://www.reddit.com/r/mathmemes/comments/1sgzvxx/the_1phone/of8zcum/.json
[INFO] LoadPageCmd.run succesfull loaded (200) https://www.reddit.com/r/mathmemes/comments/1sgzvxx/the_1phone/of8zcum/.json
[INFO] add cmd: [reddit_collect_pascage.LoadPageCmd@327b12fa, url:https://www.reddit.com/gallery/1sgzvxx/.json]
[INFO] add cmd: [reddit_collect_pascage.LoadPageCmd@1057cbc6, url:https://www.reddit.com/r/mathmemes/comments/1sgzvxx/the_1phone/of97tw7/.json]
[INFO] add cmd: [reddit_collect_pascage.LoadPageCmd@35b19a12, url:https://www.reddit.com/user/NefariousnessFar7826/.json]
[INFO] add cmd: [reddit_collect_pascage.LoadPageCmd@53674558, url:https://www.reddit.com/user/NefariousnessFar7826/submitted/.json]
[INFO] add cmd: [reddit_collect_pascage.LoadPageCmd@39e1610c, url:https://www.reddit.com/user/NefariousnessFar7826/comments/.json]
[INFO] add cmd: [reddit_collect_pascage.LoadPageCmd@1746940d, url:https://www.reddit.com/user/KreeptonChronicler/.json]
[INFO] add cmd: [reddit_collect_pascage.LoadPageCmd@2e9eedfd, url:https://www.reddit.com/user/KreeptonChronicler/submitted/.json]
[INFO] add cmd: [reddit_collect_pascage.LoadPageCmd@47ba20f3, url:https://www.reddit.com/user/KreeptonChronicler/comments/.json]
[INFO] add cmd: [reddit_collect_pascage.LoadPageCmd@7561c009, url:https://www.reddit.com/user/Frostbyte_13/.json]
[INFO] add cmd: [reddit_collect_pascage.LoadPageCmd@5624d454, url:https://www.reddit.com/user/Frostbyte_13/submitted/.json]
[INFO] add cmd: [reddit_collect_pascage.LoadPageCmd@f0c3a68, url:https://www.reddit.com/user/Frostbyte_13/comments/.json]
[INFO] add cmd: [reddit_collect_pascage.LoadPageCmd@19273ec2, url:https://www.reddit.com/r/mathmemes/.json]
[INFO] remove cmd: [reddit_collect_pascage.LoadPageCmd@23d01e7b, url:https://www.reddit.com/r/mathmemes/comments/1sgzvxx/the_1phone/of8zcum/.json]
[INFO] get cmd: [reddit_collect_pascage.LoadPageCmd@7a633cbc, url:https://www.reddit.com/r/mathmemes/comments/1sgzvxx/the_1phone/ofh3fxq/.json]
[INFO] run cmd: [reddit_collect_pascage.LoadPageCmd@7a633cbc, url:https://www.reddit.com/r/mathmemes/comments/1sgzvxx/the_1phone/ofh3fxq/.json]
[INFO] LoadPageCmd.run on https://www.reddit.com/r/mathmemes/comments/1sgzvxx/the_1phone/ofh3fxq/.json
[INFO] LoadPageCmd.run succesfull loaded (200) https://www.reddit.com/r/mathmemes/comments/1sgzvxx/the_1phone/ofh3fxq/.json
[INFO] add cmd: [reddit_collect_pascage.LoadPageCmd@125e385f, url:https://www.reddit.com/gallery/1sgzvxx/.json]
[INFO] add cmd: [reddit_collect_pascage.LoadPageCmd@7dbbd5fc, url:https://www.reddit.com/user/NefariousnessFar7826/.json]
[INFO] add cmd: [reddit_collect_pascage.LoadPageCmd@4822f770, url:https://www.reddit.com/user/NefariousnessFar7826/submitted/.json]
[INFO] add cmd: [reddit_collect_pascage.LoadPageCmd@7e451d76, url:https://www.reddit.com/user/NefariousnessFar7826/comments/.json]
[INFO] add cmd: [reddit_collect_pascage.LoadPageCmd@1d3a4e21, url:https://www.reddit.com/user/thvirtuo/.json]
[INFO] add cmd: [reddit_collect_pascage.LoadPageCmd@3e0d7c4f, url:https://www.reddit.com/user/thvirtuo/submitted/.json]
[INFO] add cmd: [reddit_collect_pascage.LoadPageCmd@614b8589, url:https://www.reddit.com/user/thvirtuo/comments/.json]
[INFO] add cmd: [reddit_collect_pascage.LoadPageCmd@37b38a7b, url:https://www.reddit.com/r/mathmemes/.json]
[INFO] remove cmd: [reddit_collect_pascage.LoadPageCmd@7a633cbc, url:https://www.reddit.com/r/mathmemes/comments/1sgzvxx/the_1phone/ofh3fxq/.json]
[INFO] Collector loop finished. Iterations: 10
