[INFO] Collector initialized
[INFO] add cmd: [LoadPageCmd@13805618, url:https://www.reddit.com/r/mathmemes/comments/1sgzvxx/the_1phone/.json]
[INFO] get cmd: [LoadPageCmd@13805618, url:https://www.reddit.com/r/mathmemes/comments/1sgzvxx/the_1phone/.json]
[INFO] run cmd: [LoadPageCmd@13805618, url:https://www.reddit.com/r/mathmemes/comments/1sgzvxx/the_1phone/.json]
[INFO] LoadPageCmd.run on https://www.reddit.com/r/mathmemes/comments/1sgzvxx/the_1phone/.json
[INFO] LoadPageCmd.run succesfull loaded (200) https://www.reddit.com/r/mathmemes/comments/1sgzvxx/the_1phone/.json
[INFO] Found 44 new Reddit URLs: /r/mathmemes/comments/1sgzvxx/the_1phone/of8zjz7/, /r/mathmemes/comments/1sgzvxx/the_1phone/of957oj/, /r/mathmemes/comments/1sgzvxx/the_1phone/of92yrj/, /r/mathmemes/comments/1sgzvxx/the_1phone/of9mu9c/, /r/mathmemes/comments/1sgzvxx/the_1phone/of97tw7/, /r/mathmemes/comments/1sgzvxx/the_1phone/of9ci6s/, /r/mathmemes/comments/1sgzvxx/the_1phone/of8zcum/, /r/mathmemes/comments/1sgzvxx/the_1phone/of9wxbl/, /r/mathmemes/comments/1sgzvxx/the_1phone/of8y43z/, /r/mathmemes/comments/1sgzvxx/the_1phone/ofbs9jf/, /r/mathmemes/comments/1sgzvxx/the_1phone/of9k1bm/, /r/mathmemes/comments/1sgzvxx/the_1phone/ofa0rm4/, /r/mathmemes/comments/1sgzvxx/the_1phone/ofz0z35/, /r/mathmemes/comments/1sgzvxx/the_1phone/of8zh2l/, /r/mathmemes/comments/1sgzvxx/the_1phone/of8zv0b/, /r/mathmemes/comments/1sgzvxx/the_1phone/of92e0y/, /r/mathmemes/comments/1sgzvxx/the_1phone/ofa0htx/, /r/mathmemes/comments/1sgzvxx/the_1phone/ofn3ocv/, /r/mathmemes/comments/1sgzvxx/the_1phone/of91w5f/, /r/mathmemes/comments/1sgzvxx/the_1phone/offotb4/, /r/mathmemes/comments/1sgzvxx/the_1phone/of91nzy/, /r/mathmemes/comments/1sgzvxx/the_1phone/of92iz0/, /r/mathmemes/comments/1sgzvxx/the_1phone/offoz6c/, /r/mathmemes/comments/1sgzvxx/the_1phone/of93wu1/, /r/mathmemes/comments/1sgzvxx/the_1phone/ofzoglc/, /r/mathmemes/comments/1sgzvxx/the_1phone/offp110/, /r/mathmemes/comments/1sgzvxx/the_1phone/ofa0g7l/, /r/mathmemes/comments/1sgzvxx/the_1phone/of9wysu/, /r/mathmemes/comments/1sgzvxx/the_1phone/ofb0xdk/, /r/mathmemes/comments/1sgzvxx/the_1phone/ofa7ep8/, /r/mathmemes/comments/1sgzvxx/the_1phone/og3rs9a/, /r/mathmemes/comments/1sgzvxx/the_1phone/ofa5zod/, /r/mathmemes/comments/1sgzvxx/the_1phone/ofbus8d/, https://www.reddit.com/gallery/1sgzvxx, /r/mathmemes/comments/1sgzvxx/the_1phone/of8yre0/, /r/mathmemes/comments/1sgzvxx/the_1phone/of97qyw/, /r/mathmemes/comments/1sgzvxx/the_1phone/ofb7470/, /r/mathmemes/comments/1sgzvxx/the_1phone/of9h13c/, /r/mathmemes/comments/1sgzvxx/the_1phone/ofh3fxq/, /r/mathmemes/comments/1sgzvxx/the_1phone/ofb2bw1/, /r/mathmemes/comments/1sgzvxx/the_1phone/of9bpif/, /r/mathmemes/comments/1sgzvxx/the_1phone/ofa0be3/, /r/mathmemes/comments/1sgzvxx/the_1phone/of97od6/, /r/mathmemes/comments/1sgzvxx/the_1phone/ofa5wal/
[INFO] Found 24 new usernames: KreeptonChronicler, Aton_Otsos, QaSpel, jacob643, cod3builder, Suspicious-Cut-3998, M10doreddit, thvirtuo, AbdullahMRiad, Frostbyte_13, guest111i, [deleted], Royal_Lustir, NefariousnessFar7826, rorodar, Frannnnnnnnn, Rude_Anywhere_, the3gs, AutoModerator, juanohulomo1234, martyboulders, johnporksigma, drLoveF, Zziggith
[INFO] Found 1 new subreddits: mathmemes
[INFO] Queued 44 new pages: https://www.reddit.com/r/mathmemes/comments/1sgzvxx/the_1phone/offoz6c/.json, https://www.reddit.com/r/mathmemes/comments/1sgzvxx/the_1phone/ofzoglc/.json, https://www.reddit.com/r/mathmemes/comments/1sgzvxx/the_1phone/ofbus8d/.json, https://www.reddit.com/r/mathmemes/comments/1sgzvxx/the_1phone/of93wu1/.json, https://www.reddit.com/r/mathmemes/comments/1sgzvxx/the_1phone/of97tw7/.json, https://www.reddit.com/r/mathmemes/comments/1sgzvxx/the_1phone/of92iz0/.json, https://www.reddit.com/r/mathmemes/comments/1sgzvxx/the_1phone/of9bpif/.json, https://www.reddit.com/r/mathmemes/comments/1sgzvxx/the_1phone/ofa0be3/.json, https://www.reddit.com/r/mathmemes/comments/1sgzvxx/the_1phone/ofb7470/.json, https://www.reddit.com/r/mathmemes/comments/1sgzvxx/the_1phone/of91nzy/.json, https://www.reddit.com/r/mathmemes/comments/1sgzvxx/the_1phone/of9ci6s/.json, https://www.reddit.com/r/mathmemes/comments/1sgzvxx/the_1phone/of9wxbl/.json, https://www.reddit.com/r/mathmemes/comments/1sgzvxx/the_1phone/of9k1bm/.json, https://www.reddit.com/r/mathmemes/comments/1sgzvxx/the_1phone/of8zcum/.json, https://www.reddit.com/r/mathmemes/comments/1sgzvxx/the_1phone/ofa0g7l/.json, https://www.reddit.com/r/mathmemes/comments/1sgzvxx/the_1phone/ofa5zod/.json, https://www.reddit.com/r/mathmemes/comments/1sgzvxx/the_1phone/offp110/.json, https://www.reddit.com/r/mathmemes/comments/1sgzvxx/the_1phone/of8zjz7/.json, https://www.reddit.com/r/mathmemes/comments/1sgzvxx/the_1phone/of92yrj/.json, https://www.reddit.com/r/mathmemes/comments/1sgzvxx/the_1phone/of8y43z/.json, https://www.reddit.com/r/mathmemes/comments/1sgzvxx/the_1phone/of9mu9c/.json, https://www.reddit.com/r/mathmemes/comments/1sgzvxx/the_1phone/ofz0z35/.json, https://www.reddit.com/r/mathmemes/comments/1sgzvxx/the_1phone/og3rs9a/.json, https://www.reddit.com/r/mathmemes/comments/1sgzvxx/the_1phone/of8zv0b/.json, https://www.reddit.com/r/mathmemes/comments/1sgzvxx/the_1phone/ofh3fxq/.json, https://www.reddit.com/r/mathmemes/comments/1sgzvxx/the_1phone/of91w5f/.json, https://www.reddit.com/r/mathmemes/comments/1sgzvxx/the_1phone/ofa0rm4/.json, https://www.reddit.com/r/mathmemes/comments/1sgzvxx/the_1phone/of8yre0/.json, https://www.reddit.com/r/mathmemes/comments/1sgzvxx/the_1phone/of9h13c/.json, https://www.reddit.com/r/mathmemes/comments/1sgzvxx/the_1phone/of8zh2l/.json, https://www.reddit.com/gallery/1sgzvxx/.json, https://www.reddit.com/r/mathmemes/comments/1sgzvxx/the_1phone/ofa0htx/.json, https://www.reddit.com/r/mathmemes/comments/1sgzvxx/the_1phone/offotb4/.json, https://www.reddit.com/r/mathmemes/comments/1sgzvxx/the_1phone/of97qyw/.json, https://www.reddit.com/r/mathmemes/comments/1sgzvxx/the_1phone/ofa5wal/.json, https://www.reddit.com/r/mathmemes/comments/1sgzvxx/the_1phone/ofb0xdk/.json, https://www.reddit.com/r/mathmemes/comments/1sgzvxx/the_1phone/ofb2bw1/.json, https://www.reddit.com/r/mathmemes/comments/1sgzvxx/the_1phone/of957oj/.json, https://www.reddit.com/r/mathmemes/comments/1sgzvxx/the_1phone/of97od6/.json, https://www.reddit.com/r/mathmemes/comments/1sgzvxx/the_1phone/ofbs9jf/.json, https://www.reddit.com/r/mathmemes/comments/1sgzvxx/the_1phone/of92e0y/.json, https://www.reddit.com/r/mathmemes/comments/1sgzvxx/the_1phone/ofn3ocv/.json, https://www.reddit.com/r/mathmemes/comments/1sgzvxx/the_1phone/ofa7ep8/.json, https://www.reddit.com/r/mathmemes/comments/1sgzvxx/the_1phone/of9wysu/.json
[INFO] add cmd: [LoadPageCmd@327514f, url:https://www.reddit.com/r/mathmemes/comments/1sgzvxx/the_1phone/of8zjz7/.json]
[INFO] add cmd: [LoadPageCmd@5b12b668, url:https://www.reddit.com/r/mathmemes/comments/1sgzvxx/the_1phone/of957oj/.json]
[INFO] add cmd: [LoadPageCmd@1165b38, url:https://www.reddit.com/r/mathmemes/comments/1sgzvxx/the_1phone/of92yrj/.json]
[INFO] add cmd: [LoadPageCmd@4c12331b, url:https://www.reddit.com/r/mathmemes/comments/1sgzvxx/the_1phone/of9mu9c/.json]
[INFO] add cmd: [LoadPageCmd@7586beff, url:https://www.reddit.com/r/mathmemes/comments/1sgzvxx/the_1phone/of97tw7/.json]
[INFO] add cmd: [LoadPageCmd@3b69e7d1, url:https://www.reddit.com/r/mathmemes/comments/1sgzvxx/the_1phone/of9ci6s/.json]
[INFO] add cmd: [LoadPageCmd@815b41f, url:https://www.reddit.com/r/mathmemes/comments/1sgzvxx/the_1phone/of8zcum/.json]
[INFO] add cmd: [LoadPageCmd@5542c4ed, url:https://www.reddit.com/r/mathmemes/comments/1sgzvxx/the_1phone/of9wxbl/.json]
[INFO] add cmd: [LoadPageCmd@1573f9fc, url:https://www.reddit.com/r/mathmemes/comments/1sgzvxx/the_1phone/of8y43z/.json]
[INFO] add cmd: [LoadPageCmd@6150c3ec, url:https://www.reddit.com/r/mathmemes/comments/1sgzvxx/the_1phone/ofbs9jf/.json]
[INFO] add cmd: [LoadPageCmd@44c03695, url:https://www.reddit.com/r/mathmemes/comments/1sgzvxx/the_1phone/of9k1bm/.json]
[INFO] add cmd: [LoadPageCmd@7e6f74c, url:https://www.reddit.com/r/mathmemes/comments/1sgzvxx/the_1phone/ofa0rm4/.json]
[INFO] add cmd: [LoadPageCmd@dd05255, url:https://www.reddit.com/r/mathmemes/comments/1sgzvxx/the_1phone/ofz0z35/.json]
[INFO] add cmd: [LoadPageCmd@6a78afa0, url:https://www.reddit.com/r/mathmemes/comments/1sgzvxx/the_1phone/of8zh2l/.json]
[INFO] add cmd: [LoadPageCmd@2f4948e4, url:https://www.reddit.com/r/mathmemes/comments/1sgzvxx/the_1phone/of8zv0b/.json]
[INFO] add cmd: [LoadPageCmd@1f2586d6, url:https://www.reddit.com/r/mathmemes/comments/1sgzvxx/the_1phone/of92e0y/.json]
[INFO] add cmd: [LoadPageCmd@10683d9d, url:https://www.reddit.com/r/mathmemes/comments/1sgzvxx/the_1phone/ofa0htx/.json]
[INFO] add cmd: [LoadPageCmd@3fc2959f, url:https://www.reddit.com/r/mathmemes/comments/1sgzvxx/the_1phone/ofn3ocv/.json]
[INFO] add cmd: [LoadPageCmd@5aa9e4eb, url:https://www.reddit.com/r/mathmemes/comments/1sgzvxx/the_1phone/of91w5f/.json]
[INFO] add cmd: [LoadPageCmd@6989da5e, url:https://www.reddit.com/r/mathmemes/comments/1sgzvxx/the_1phone/offotb4/.json]
[INFO] add cmd: [LoadPageCmd@385c9627, url:https://www.reddit.com/r/mathmemes/comments/1sgzvxx/the_1phone/of91nzy/.json]
[INFO] add cmd: [LoadPageCmd@139982de, url:https://www.reddit.com/r/mathmemes/comments/1sgzvxx/the_1phone/of92iz0/.json]
[INFO] add cmd: [LoadPageCmd@682b2fa, url:https://www.reddit.com/r/mathmemes/comments/1sgzvxx/the_1phone/offoz6c/.json]
[INFO] add cmd: [LoadPageCmd@217ed35e, url:https://www.reddit.com/r/mathmemes/comments/1sgzvxx/the_1phone/of93wu1/.json]
[INFO] add cmd: [LoadPageCmd@7dcf94f8, url:https://www.reddit.com/r/mathmemes/comments/1sgzvxx/the_1phone/ofzoglc/.json]
[INFO] add cmd: [LoadPageCmd@229f66ed, url:https://www.reddit.com/r/mathmemes/comments/1sgzvxx/the_1phone/offp110/.json]
[INFO] add cmd: [LoadPageCmd@31190526, url:https://www.reddit.com/r/mathmemes/comments/1sgzvxx/the_1phone/ofa0g7l/.json]
[INFO] add cmd: [LoadPageCmd@662ac478, url:https://www.reddit.com/r/mathmemes/comments/1sgzvxx/the_1phone/of9wysu/.json]
[INFO] add cmd: [LoadPageCmd@6743e411, url:https://www.reddit.com/r/mathmemes/comments/1sgzvxx/the_1phone/ofb0xdk/.json]
[INFO] add cmd: [LoadPageCmd@3eb25e1a, url:https://www.reddit.com/r/mathmemes/comments/1sgzvxx/the_1phone/ofa7ep8/.json]
[INFO] add cmd: [LoadPageCmd@477b4cdf, url:https://www.reddit.com/r/mathmemes/comments/1sgzvxx/the_1phone/og3rs9a/.json]
[INFO] add cmd: [LoadPageCmd@77c2494c, url:https://www.reddit.com/r/mathmemes/comments/1sgzvxx/the_1phone/ofa5zod/.json]
[INFO] add cmd: [LoadPageCmd@f5958c9, url:https://www.reddit.com/r/mathmemes/comments/1sgzvxx/the_1phone/ofbus8d/.json]
[INFO] add cmd: [LoadPageCmd@233795b6, url:https://www.reddit.com/gallery/1sgzvxx/.json]
[INFO] add cmd: [LoadPageCmd@3eb738bb, url:https://www.reddit.com/r/mathmemes/comments/1sgzvxx/the_1phone/of8yre0/.json]
[INFO] add cmd: [LoadPageCmd@5bda8e08, url:https://www.reddit.com/r/mathmemes/comments/1sgzvxx/the_1phone/of97qyw/.json]
[INFO] add cmd: [LoadPageCmd@1e800aaa, url:https://www.reddit.com/r/mathmemes/comments/1sgzvxx/the_1phone/ofb7470/.json]
[INFO] add cmd: [LoadPageCmd@185a6e9, url:https://www.reddit.com/r/mathmemes/comments/1sgzvxx/the_1phone/of9h13c/.json]
[INFO] add cmd: [LoadPageCmd@6f03482, url:https://www.reddit.com/r/mathmemes/comments/1sgzvxx/the_1phone/ofh3fxq/.json]
[INFO] add cmd: [LoadPageCmd@9d5509a, url:https://www.reddit.com/r/mathmemes/comments/1sgzvxx/the_1phone/ofb2bw1/.json]
[INFO] add cmd: [LoadPageCmd@179ece50, url:https://www.reddit.com/r/mathmemes/comments/1sgzvxx/the_1phone/of9bpif/.json]
[INFO] add cmd: [LoadPageCmd@3b0090a4, url:https://www.reddit.com/r/mathmemes/comments/1sgzvxx/the_1phone/ofa0be3/.json]
[INFO] add cmd: [LoadPageCmd@3cd3e762, url:https://www.reddit.com/r/mathmemes/comments/1sgzvxx/the_1phone/of97od6/.json]
[INFO] add cmd: [LoadPageCmd@1fa121e2, url:https://www.reddit.com/r/mathmemes/comments/1sgzvxx/the_1phone/ofa5wal/.json]
[INFO] add cmd: [LoadPageCmd@62ddbd7e, url:https://www.reddit.com/user/KreeptonChronicler/.json]
[INFO] add cmd: [LoadPageCmd@74e52ef6, url:https://www.reddit.com/user/KreeptonChronicler/submitted/.json]
[INFO] add cmd: [LoadPageCmd@6ed3ccb2, url:https://www.reddit.com/user/KreeptonChronicler/comments/.json]
[INFO] add cmd: [LoadPageCmd@1a677343, url:https://www.reddit.com/user/Aton_Otsos/.json]
[INFO] add cmd: [LoadPageCmd@15de0b3c, url:https://www.reddit.com/user/Aton_Otsos/submitted/.json]
[INFO] add cmd: [LoadPageCmd@489115ef, url:https://www.reddit.com/user/Aton_Otsos/comments/.json]
[INFO] add cmd: [LoadPageCmd@3857f613, url:https://www.reddit.com/user/QaSpel/.json]
[INFO] add cmd: [LoadPageCmd@198b6731, url:https://www.reddit.com/user/QaSpel/submitted/.json]
[INFO] add cmd: [LoadPageCmd@7c6908d7, url:https://www.reddit.com/user/QaSpel/comments/.json]
[INFO] add cmd: [LoadPageCmd@3c9754d8, url:https://www.reddit.com/user/jacob643/.json]
[INFO] add cmd: [LoadPageCmd@3bf7ca37, url:https://www.reddit.com/user/jacob643/submitted/.json]
[INFO] add cmd: [LoadPageCmd@79079097, url:https://www.reddit.com/user/jacob643/comments/.json]
[INFO] add cmd: [LoadPageCmd@4d1c00d0, url:https://www.reddit.com/user/cod3builder/.json]
[INFO] add cmd: [LoadPageCmd@4b2bac3f, url:https://www.reddit.com/user/cod3builder/submitted/.json]
[INFO] add cmd: [LoadPageCmd@4e08711f, url:https://www.reddit.com/user/cod3builder/comments/.json]
[INFO] add cmd: [LoadPageCmd@bcec361, url:https://www.reddit.com/user/Suspicious-Cut-3998/.json]
[INFO] add cmd: [LoadPageCmd@26794848, url:https://www.reddit.com/user/Suspicious-Cut-3998/submitted/.json]
[INFO] add cmd: [LoadPageCmd@302552ec, url:https://www.reddit.com/user/Suspicious-Cut-3998/comments/.json]
[INFO] add cmd: [LoadPageCmd@3d285d7e, url:https://www.reddit.com/user/M10doreddit/.json]
[INFO] add cmd: [LoadPageCmd@40005471, url:https://www.reddit.com/user/M10doreddit/submitted/.json]
[INFO] add cmd: [LoadPageCmd@2cd76f31, url:https://www.reddit.com/user/M10doreddit/comments/.json]
[INFO] add cmd: [LoadPageCmd@367ffa75, url:https://www.reddit.com/user/thvirtuo/.json]
[INFO] add cmd: [LoadPageCmd@49438269, url:https://www.reddit.com/user/thvirtuo/submitted/.json]
[INFO] add cmd: [LoadPageCmd@ba2f4ec, url:https://www.reddit.com/user/thvirtuo/comments/.json]
[INFO] add cmd: [LoadPageCmd@1c1bbc4e, url:https://www.reddit.com/user/AbdullahMRiad/.json]
[INFO] add cmd: [LoadPageCmd@55fe41ea, url:https://www.reddit.com/user/AbdullahMRiad/submitted/.json]
[INFO] add cmd: [LoadPageCmd@fbd1f6, url:https://www.reddit.com/user/AbdullahMRiad/comments/.json]
[INFO] add cmd: [LoadPageCmd@1ce24091, url:https://www.reddit.com/user/Frostbyte_13/.json]
[INFO] add cmd: [LoadPageCmd@5dda768f, url:https://www.reddit.com/user/Frostbyte_13/submitted/.json]
[INFO] add cmd: [LoadPageCmd@7a8c8dcf, url:https://www.reddit.com/user/Frostbyte_13/comments/.json]
[INFO] add cmd: [LoadPageCmd@24269709, url:https://www.reddit.com/user/guest111i/.json]
[INFO] add cmd: [LoadPageCmd@2aceadd4, url:https://www.reddit.com/user/guest111i/submitted/.json]
[INFO] add cmd: [LoadPageCmd@24aed80c, url:https://www.reddit.com/user/guest111i/comments/.json]
[INFO] add cmd: [LoadPageCmd@3a52dba3, url:https://www.reddit.com/user/[deleted]/.json]
[INFO] add cmd: [LoadPageCmd@2a5c8d3f, url:https://www.reddit.com/user/[deleted]/submitted/.json]
[INFO] add cmd: [LoadPageCmd@752325ad, url:https://www.reddit.com/user/[deleted]/comments/.json]
[INFO] add cmd: [LoadPageCmd@279fedbd, url:https://www.reddit.com/user/Royal_Lustir/.json]
[INFO] add cmd: [LoadPageCmd@b3ca52e, url:https://www.reddit.com/user/Royal_Lustir/submitted/.json]
[INFO] add cmd: [LoadPageCmd@45c7e403, url:https://www.reddit.com/user/Royal_Lustir/comments/.json]
[INFO] add cmd: [LoadPageCmd@2925bf5b, url:https://www.reddit.com/user/NefariousnessFar7826/.json]
[INFO] add cmd: [LoadPageCmd@710f4dc7, url:https://www.reddit.com/user/NefariousnessFar7826/submitted/.json]
[INFO] add cmd: [LoadPageCmd@1ff4931d, url:https://www.reddit.com/user/NefariousnessFar7826/comments/.json]
[INFO] add cmd: [LoadPageCmd@65e98b1c, url:https://www.reddit.com/user/rorodar/.json]
[INFO] add cmd: [LoadPageCmd@61322f9d, url:https://www.reddit.com/user/rorodar/submitted/.json]
[INFO] add cmd: [LoadPageCmd@6ad82709, url:https://www.reddit.com/user/rorodar/comments/.json]
[INFO] add cmd: [LoadPageCmd@510f3d34, url:https://www.reddit.com/user/Frannnnnnnnn/.json]
[INFO] add cmd: [LoadPageCmd@7817fd62, url:https://www.reddit.com/user/Frannnnnnnnn/submitted/.json]
[INFO] add cmd: [LoadPageCmd@8297b3a, url:https://www.reddit.com/user/Frannnnnnnnn/comments/.json]
[INFO] add cmd: [LoadPageCmd@2362f559, url:https://www.reddit.com/user/Rude_Anywhere_/.json]
[INFO] add cmd: [LoadPageCmd@b2c9a9c, url:https://www.reddit.com/user/Rude_Anywhere_/submitted/.json]
[INFO] add cmd: [LoadPageCmd@4c178a76, url:https://www.reddit.com/user/Rude_Anywhere_/comments/.json]
[INFO] add cmd: [LoadPageCmd@fa4c865, url:https://www.reddit.com/user/the3gs/.json]
[INFO] add cmd: [LoadPageCmd@3bd82cf5, url:https://www.reddit.com/user/the3gs/submitted/.json]
[INFO] add cmd: [LoadPageCmd@544fa968, url:https://www.reddit.com/user/the3gs/comments/.json]
[INFO] add cmd: [LoadPageCmd@247bddad, url:https://www.reddit.com/user/AutoModerator/.json]
[INFO] add cmd: [LoadPageCmd@d35dea7, url:https://www.reddit.com/user/AutoModerator/submitted/.json]
[INFO] add cmd: [LoadPageCmd@7770f470, url:https://www.reddit.com/user/AutoModerator/comments/.json]
[INFO] add cmd: [LoadPageCmd@5e5d171f, url:https://www.reddit.com/user/juanohulomo1234/.json]
[INFO] add cmd: [LoadPageCmd@24313fcc, url:https://www.reddit.com/user/juanohulomo1234/submitted/.json]
[INFO] add cmd: [LoadPageCmd@7d20d0b, url:https://www.reddit.com/user/juanohulomo1234/comments/.json]
[INFO] add cmd: [LoadPageCmd@77f1baf5, url:https://www.reddit.com/user/martyboulders/.json]
[INFO] add cmd: [LoadPageCmd@41a2befb, url:https://www.reddit.com/user/martyboulders/submitted/.json]
[INFO] add cmd: [LoadPageCmd@6c40365c, url:https://www.reddit.com/user/martyboulders/comments/.json]
[INFO] add cmd: [LoadPageCmd@7bedc48a, url:https://www.reddit.com/user/johnporksigma/.json]
[INFO] add cmd: [LoadPageCmd@131ef10, url:https://www.reddit.com/user/johnporksigma/submitted/.json]
[INFO] add cmd: [LoadPageCmd@55b0dcab, url:https://www.reddit.com/user/johnporksigma/comments/.json]
[INFO] add cmd: [LoadPageCmd@38afe297, url:https://www.reddit.com/user/drLoveF/.json]
[INFO] add cmd: [LoadPageCmd@2df3b89c, url:https://www.reddit.com/user/drLoveF/submitted/.json]
[INFO] add cmd: [LoadPageCmd@23348b5d, url:https://www.reddit.com/user/drLoveF/comments/.json]
[INFO] add cmd: [LoadPageCmd@70325e14, url:https://www.reddit.com/user/Zziggith/.json]
[INFO] add cmd: [LoadPageCmd@37ceb1df, url:https://www.reddit.com/user/Zziggith/submitted/.json]
[INFO] add cmd: [LoadPageCmd@7c9d8e2, url:https://www.reddit.com/user/Zziggith/comments/.json]
[INFO] add cmd: [LoadPageCmd@6200f9cb, url:https://www.reddit.com/r/mathmemes/.json]
[INFO] remove cmd: [LoadPageCmd@13805618, url:https://www.reddit.com/r/mathmemes/comments/1sgzvxx/the_1phone/.json]
[INFO] get cmd: [LoadPageCmd@b2c9a9c, url:https://www.reddit.com/user/Rude_Anywhere_/submitted/.json]
[INFO] run cmd: [LoadPageCmd@b2c9a9c, url:https://www.reddit.com/user/Rude_Anywhere_/submitted/.json]
[INFO] LoadPageCmd.run on https://www.reddit.com/user/Rude_Anywhere_/submitted/.json
[INFO] LoadPageCmd.run succesfull loaded (200) https://www.reddit.com/user/Rude_Anywhere_/submitted/.json
[INFO] remove cmd: [LoadPageCmd@b2c9a9c, url:https://www.reddit.com/user/Rude_Anywhere_/submitted/.json]
[INFO] get cmd: [LoadPageCmd@74e52ef6, url:https://www.reddit.com/user/KreeptonChronicler/submitted/.json]
[INFO] run cmd: [LoadPageCmd@74e52ef6, url:https://www.reddit.com/user/KreeptonChronicler/submitted/.json]
[INFO] LoadPageCmd.run on https://www.reddit.com/user/KreeptonChronicler/submitted/.json
[INFO] LoadPageCmd.run succesfull loaded (200) https://www.reddit.com/user/KreeptonChronicler/submitted/.json
[INFO] Found 6 new Reddit URLs: https://i.redd.it/l749l6k3fckf1.png, https://www.reddit.com/r/AskLGBT/comments/1sgqzqr/my_mom_said_i_cant_be_a_lesbian_because_im_not/, https://i.redd.it/2yt61a5f9r0e1.png, https://i.redd.it/g1c7r9fk9r0e1.jpeg, https://i.redd.it/rt16f7c86ogf1.png, https://i.redd.it/mybe90avgckf1.png
[INFO] Found 3 new subreddits: egg_irl, namesoundalikes, AskLGBT
[INFO] Queued 6 new pages: https://www.reddit.com/i.redd.it/l749l6k3fckf1.png/.json, https://www.reddit.com/i.redd.it/2yt61a5f9r0e1.png/.json, https://www.reddit.com/i.redd.it/rt16f7c86ogf1.png/.json, https://www.reddit.com/i.redd.it/g1c7r9fk9r0e1.jpeg/.json, https://www.reddit.com/i.redd.it/mybe90avgckf1.png/.json, https://www.reddit.com/r/AskLGBT/comments/1sgqzqr/my_mom_said_i_cant_be_a_lesbian_because_im_not/.json
[INFO] add cmd: [LoadPageCmd@43c1b556, url:https://www.reddit.com/i.redd.it/l749l6k3fckf1.png/.json]
[INFO] add cmd: [LoadPageCmd@587e5365, url:https://www.reddit.com/r/AskLGBT/comments/1sgqzqr/my_mom_said_i_cant_be_a_lesbian_because_im_not/.json]
[INFO] add cmd: [LoadPageCmd@22fcf7ab, url:https://www.reddit.com/i.redd.it/2yt61a5f9r0e1.png/.json]
[INFO] add cmd: [LoadPageCmd@2de23121, url:https://www.reddit.com/i.redd.it/g1c7r9fk9r0e1.jpeg/.json]
[INFO] add cmd: [LoadPageCmd@63475ace, url:https://www.reddit.com/i.redd.it/rt16f7c86ogf1.png/.json]
[INFO] add cmd: [LoadPageCmd@4988d8b8, url:https://www.reddit.com/i.redd.it/mybe90avgckf1.png/.json]
[INFO] add cmd: [LoadPageCmd@c0c2f8d, url:https://www.reddit.com/user/KreeptonChronicler/.json]
[INFO] add cmd: [LoadPageCmd@305b7c14, url:https://www.reddit.com/user/KreeptonChronicler/submitted/.json]
[INFO] add cmd: [LoadPageCmd@6913c1fb, url:https://www.reddit.com/user/KreeptonChronicler/comments/.json]
[INFO] add cmd: [LoadPageCmd@66d18979, url:https://www.reddit.com/r/egg_irl/.json]
[INFO] add cmd: [LoadPageCmd@bccb269, url:https://www.reddit.com/r/namesoundalikes/.json]
[INFO] add cmd: [LoadPageCmd@609cd4d8, url:https://www.reddit.com/r/AskLGBT/.json]
[INFO] remove cmd: [LoadPageCmd@74e52ef6, url:https://www.reddit.com/user/KreeptonChronicler/submitted/.json]
[INFO] get cmd: [LoadPageCmd@2925bf5b, url:https://www.reddit.com/user/NefariousnessFar7826/.json]
[INFO] run cmd: [LoadPageCmd@2925bf5b, url:https://www.reddit.com/user/NefariousnessFar7826/.json]
[INFO] LoadPageCmd.run on https://www.reddit.com/user/NefariousnessFar7826/.json
[INFO] LoadPageCmd.run succesfull loaded (200) https://www.reddit.com/user/NefariousnessFar7826/.json
[INFO] Found 25 new Reddit URLs: /r/Caldruki/comments/1t2mz7q/adrian_explain_the_rejection/ojq2xr0/, /r/Caldruki/comments/1t2mz7q/adrian_explain_the_rejection/ojosool/, /r/GlitchProductions/comments/1t13zjy/i_cant_believe_it/ojeatq4/, /r/Gameoverse/comments/1t0wwrt/what_date_do_you_think_the_pilot_is_releaseing_on/oje9k8d/, /r/Caldruki/comments/1t2n7p1/enriqueeee_adrian/ojwfclf/, /r/Caldruki/comments/1t2n7p1/enriqueeee_adrian/ojq6ufm/, /r/Gameoverse/comments/1t3qs2r/why_is_the_kit_roblox_pack_so_hot/ojx1cy3/, /r/Caldruki/comments/1t2n7p1/enriqueeee_adrian/ojqu1q6/, /r/GenAlpha/comments/1t2buaq/stat_your_favorite_song_in_the_comments_and_see/ojrcc91/, /r/Gameoverse/comments/1t1lp4w/how_long_is_the_pilot_going_to_be/ojns7v3/, /r/GlitchProductions/comments/1t13zjy/i_cant_believe_it/ojeaqhs/, /r/Caldruki/comments/1t2n7p1/enriqueeee_adrian/ojqugha/, /r/Gameoverse/comments/1t1lp4w/how_long_is_the_pilot_going_to_be/ojnsyrf/, /r/Caldruki/comments/1t2n7p1/enriqueeee_adrian/ojq2osn/, /r/Gameoverse/comments/1t2i8m7/when_the_pilot_release_will_it_blow_up_and_get/ojnzmwo/, https://i.redd.it/pz4ovb2dnxyg1.jpeg, /r/Caldruki/comments/1t2mz7q/adrian_explain_the_rejection/ojprpj7/, /r/TheDigitalCircus/comments/1t2hy0w/no_words_just_thiss/ojo18g3/, /r/GlitchProductions/comments/1t23201/glitchs_dream_of_being_the_most_subbed_australian/ojnsrnv/, /r/TheDigitalCircus/comments/1t2qvqi/just_a_reminder_we_are_fd/ojvt3ub/, /r/Caldruki/comments/1t2r6m9/best_memory_of_my_school_life/ojq6h5r/, /r/Caldruki/comments/1t2n7p1/enriqueeee_adrian/ojqu65l/, https://i.redd.it/qyvm7hg0pxyg1.jpeg, /r/Caldruki/comments/1t2n7p1/enriqueeee_adrian/ojwfiil/, /r/Caldruki/comments/1t2n7p1/enriqueeee_adrian/ojq0woq/
[INFO] Found 5 new subreddits: GlitchProductions, Gameoverse, TheDigitalCircus, Caldruki, GenAlpha
[INFO] Queued 25 new pages: https://www.reddit.com/r/TheDigitalCircus/comments/1t2qvqi/just_a_reminder_we_are_fd/ojvt3ub/.json, https://www.reddit.com/i.redd.it/pz4ovb2dnxyg1.jpeg/.json, https://www.reddit.com/r/Caldruki/comments/1t2r6m9/best_memory_of_my_school_life/ojq6h5r/.json, https://www.reddit.com/r/Gameoverse/comments/1t0wwrt/what_date_do_you_think_the_pilot_is_releaseing_on/oje9k8d/.json, https://www.reddit.com/r/Caldruki/comments/1t2n7p1/enriqueeee_adrian/ojq0woq/.json, https://www.reddit.com/r/Caldruki/comments/1t2n7p1/enriqueeee_adrian/ojwfiil/.json, https://www.reddit.com/r/GenAlpha/comments/1t2buaq/stat_your_favorite_song_in_the_comments_and_see/ojrcc91/.json, https://www.reddit.com/r/Gameoverse/comments/1t1lp4w/how_long_is_the_pilot_going_to_be/ojns7v3/.json, https://www.reddit.com/r/Caldruki/comments/1t2n7p1/enriqueeee_adrian/ojq6ufm/.json, https://www.reddit.com/r/Caldruki/comments/1t2n7p1/enriqueeee_adrian/ojwfclf/.json, https://www.reddit.com/r/GlitchProductions/comments/1t13zjy/i_cant_believe_it/ojeatq4/.json, https://www.reddit.com/r/Gameoverse/comments/1t3qs2r/why_is_the_kit_roblox_pack_so_hot/ojx1cy3/.json, https://www.reddit.com/r/Gameoverse/comments/1t1lp4w/how_long_is_the_pilot_going_to_be/ojnsyrf/.json, https://www.reddit.com/i.redd.it/qyvm7hg0pxyg1.jpeg/.json, https://www.reddit.com/r/Caldruki/comments/1t2mz7q/adrian_explain_the_rejection/ojprpj7/.json, https://www.reddit.com/r/Caldruki/comments/1t2mz7q/adrian_explain_the_rejection/ojq2xr0/.json, https://www.reddit.com/r/Caldruki/comments/1t2n7p1/enriqueeee_adrian/ojqu1q6/.json, https://www.reddit.com/r/GlitchProductions/comments/1t13zjy/i_cant_believe_it/ojeaqhs/.json, https://www.reddit.com/r/Caldruki/comments/1t2mz7q/adrian_explain_the_rejection/ojosool/.json, https://www.reddit.com/r/Caldruki/comments/1t2n7p1/enriqueeee_adrian/ojqugha/.json, https://www.reddit.com/r/TheDigitalCircus/comments/1t2hy0w/no_words_just_thiss/ojo18g3/.json, https://www.reddit.com/r/Caldruki/comments/1t2n7p1/enriqueeee_adrian/ojq2osn/.json, https://www.reddit.com/r/GlitchProductions/comments/1t23201/glitchs_dream_of_being_the_most_subbed_australian/ojnsrnv/.json, https://www.reddit.com/r/Caldruki/comments/1t2n7p1/enriqueeee_adrian/ojqu65l/.json, https://www.reddit.com/r/Gameoverse/comments/1t2i8m7/when_the_pilot_release_will_it_blow_up_and_get/ojnzmwo/.json
[INFO] add cmd: [LoadPageCmd@7d8704ef, url:https://www.reddit.com/r/Caldruki/comments/1t2mz7q/adrian_explain_the_rejection/ojq2xr0/.json]
[INFO] add cmd: [LoadPageCmd@13b6aecc, url:https://www.reddit.com/r/Caldruki/comments/1t2mz7q/adrian_explain_the_rejection/ojosool/.json]
[INFO] add cmd: [LoadPageCmd@158a8276, url:https://www.reddit.com/r/GlitchProductions/comments/1t13zjy/i_cant_believe_it/ojeatq4/.json]
[INFO] add cmd: [LoadPageCmd@3c3d9b6b, url:https://www.reddit.com/r/Gameoverse/comments/1t0wwrt/what_date_do_you_think_the_pilot_is_releaseing_on/oje9k8d/.json]
[INFO] add cmd: [LoadPageCmd@79d8407f, url:https://www.reddit.com/r/Caldruki/comments/1t2n7p1/enriqueeee_adrian/ojwfclf/.json]
[INFO] add cmd: [LoadPageCmd@5fbe4146, url:https://www.reddit.com/r/Caldruki/comments/1t2n7p1/enriqueeee_adrian/ojq6ufm/.json]
[INFO] add cmd: [LoadPageCmd@1e66f1f5, url:https://www.reddit.com/r/Gameoverse/comments/1t3qs2r/why_is_the_kit_roblox_pack_so_hot/ojx1cy3/.json]
[INFO] add cmd: [LoadPageCmd@4e50c791, url:https://www.reddit.com/r/Caldruki/comments/1t2n7p1/enriqueeee_adrian/ojqu1q6/.json]
[INFO] add cmd: [LoadPageCmd@7530ad9c, url:https://www.reddit.com/r/GenAlpha/comments/1t2buaq/stat_your_favorite_song_in_the_comments_and_see/ojrcc91/.json]
[INFO] add cmd: [LoadPageCmd@58a9760d, url:https://www.reddit.com/r/Gameoverse/comments/1t1lp4w/how_long_is_the_pilot_going_to_be/ojns7v3/.json]
[INFO] add cmd: [LoadPageCmd@71e9ddb4, url:https://www.reddit.com/r/GlitchProductions/comments/1t13zjy/i_cant_believe_it/ojeaqhs/.json]
[INFO] add cmd: [LoadPageCmd@394df057, url:https://www.reddit.com/r/Caldruki/comments/1t2n7p1/enriqueeee_adrian/ojqugha/.json]
[INFO] add cmd: [LoadPageCmd@4961f6af, url:https://www.reddit.com/r/Gameoverse/comments/1t1lp4w/how_long_is_the_pilot_going_to_be/ojnsyrf/.json]
[INFO] add cmd: [LoadPageCmd@5aebe890, url:https://www.reddit.com/r/Caldruki/comments/1t2n7p1/enriqueeee_adrian/ojq2osn/.json]
[INFO] add cmd: [LoadPageCmd@65d09a04, url:https://www.reddit.com/r/Gameoverse/comments/1t2i8m7/when_the_pilot_release_will_it_blow_up_and_get/ojnzmwo/.json]
[INFO] add cmd: [LoadPageCmd@33c911a1, url:https://www.reddit.com/i.redd.it/pz4ovb2dnxyg1.jpeg/.json]
[INFO] add cmd: [LoadPageCmd@75db5df9, url:https://www.reddit.com/r/Caldruki/comments/1t2mz7q/adrian_explain_the_rejection/ojprpj7/.json]
[INFO] add cmd: [LoadPageCmd@707194ba, url:https://www.reddit.com/r/TheDigitalCircus/comments/1t2hy0w/no_words_just_thiss/ojo18g3/.json]
[INFO] add cmd: [LoadPageCmd@1190200a, url:https://www.reddit.com/r/GlitchProductions/comments/1t23201/glitchs_dream_of_being_the_most_subbed_australian/ojnsrnv/.json]
[INFO] add cmd: [LoadPageCmd@6a2f6f80, url:https://www.reddit.com/r/TheDigitalCircus/comments/1t2qvqi/just_a_reminder_we_are_fd/ojvt3ub/.json]
[INFO] add cmd: [LoadPageCmd@45b4c3a9, url:https://www.reddit.com/r/Caldruki/comments/1t2r6m9/best_memory_of_my_school_life/ojq6h5r/.json]
[INFO] add cmd: [LoadPageCmd@399c4be1, url:https://www.reddit.com/r/Caldruki/comments/1t2n7p1/enriqueeee_adrian/ojqu65l/.json]
[INFO] add cmd: [LoadPageCmd@291caca8, url:https://www.reddit.com/i.redd.it/qyvm7hg0pxyg1.jpeg/.json]
[INFO] add cmd: [LoadPageCmd@385e9564, url:https://www.reddit.com/r/Caldruki/comments/1t2n7p1/enriqueeee_adrian/ojwfiil/.json]
[INFO] add cmd: [LoadPageCmd@5b94b04d, url:https://www.reddit.com/r/Caldruki/comments/1t2n7p1/enriqueeee_adrian/ojq0woq/.json]
[INFO] add cmd: [LoadPageCmd@8c3b9d, url:https://www.reddit.com/user/NefariousnessFar7826/.json]
[INFO] add cmd: [LoadPageCmd@4c39bec8, url:https://www.reddit.com/user/NefariousnessFar7826/submitted/.json]
[INFO] add cmd: [LoadPageCmd@f79e, url:https://www.reddit.com/user/NefariousnessFar7826/comments/.json]
[INFO] add cmd: [LoadPageCmd@7ee8290b, url:https://www.reddit.com/r/GlitchProductions/.json]
[INFO] add cmd: [LoadPageCmd@1f59a598, url:https://www.reddit.com/r/Gameoverse/.json]
[INFO] add cmd: [LoadPageCmd@1e178745, url:https://www.reddit.com/r/TheDigitalCircus/.json]
[INFO] add cmd: [LoadPageCmd@192c3f1e, url:https://www.reddit.com/r/Caldruki/.json]
[INFO] add cmd: [LoadPageCmd@26b3fd41, url:https://www.reddit.com/r/GenAlpha/.json]
[INFO] remove cmd: [LoadPageCmd@2925bf5b, url:https://www.reddit.com/user/NefariousnessFar7826/.json]
[INFO] get cmd: [LoadPageCmd@3bd82cf5, url:https://www.reddit.com/user/the3gs/submitted/.json]
[INFO] run cmd: [LoadPageCmd@3bd82cf5, url:https://www.reddit.com/user/the3gs/submitted/.json]
[INFO] LoadPageCmd.run on https://www.reddit.com/user/the3gs/submitted/.json
[INFO] LoadPageCmd.run succesfull loaded (200) https://www.reddit.com/user/the3gs/submitted/.json
[INFO] Found 12 new Reddit URLs: http://i.imgur.com/d7BCUHj.png, https://www.reddit.com/r/math/comments/1phlc14/metaballs_with_fixed_values/, https://www.reddit.com/r/learnpython/comments/4y1laa/put_item_into_list_sort_list_and_get_items_new/, https://www.reddit.com/r/redstone/comments/2iywtr/disabling_crafting/, https://www.reddit.com/r/feedthebeast/comments/2lw8rj/what_modpack_is_the_best/, https://v.redd.it/y38u513cyp251, http://imgur.com/a/0GC68, https://www.reddit.com/r/godot/comments/5ojhio/menu_like_angry_birds/, https://www.reddit.com/r/feedthebeast/comments/2tfonu/light_weight_modpack/, https://www.reddit.com/r/Minecraft/comments/2izk5k/ideas_for_an_apocoliptic_survival_map/, http://imgur.com/I4Zh0bq, https://www.reddit.com/r/learnpython/comments/2o6mmw/gui_help/
[INFO] Found 6 new subreddits: learnpython, feedthebeast, math, Minecraft, redstone, godot
[INFO] Queued 12 new pages: https://www.reddit.com/r/learnpython/comments/2o6mmw/gui_help/.json, https://www.reddit.com/r/redstone/comments/2iywtr/disabling_crafting/.json, https://www.reddit.com/v.redd.it/y38u513cyp251/.json, https://www.reddit.com/i.imgur.com/d7BCUHj.png/.json, https://www.reddit.com/r/Minecraft/comments/2izk5k/ideas_for_an_apocoliptic_survival_map/.json, https://www.reddit.com/imgur.com/I4Zh0bq/.json, https://www.reddit.com/r/learnpython/comments/4y1laa/put_item_into_list_sort_list_and_get_items_new/.json, https://www.reddit.com/r/math/comments/1phlc14/metaballs_with_fixed_values/.json, https://www.reddit.com/imgur.com/a/0GC68/.json, https://www.reddit.com/r/godot/comments/5ojhio/menu_like_angry_birds/.json, https://www.reddit.com/r/feedthebeast/comments/2lw8rj/what_modpack_is_the_best/.json, https://www.reddit.com/r/feedthebeast/comments/2tfonu/light_weight_modpack/.json
[INFO] add cmd: [LoadPageCmd@561b6512, url:https://www.reddit.com/i.imgur.com/d7BCUHj.png/.json]
[INFO] add cmd: [LoadPageCmd@2e377400, url:https://www.reddit.com/r/math/comments/1phlc14/metaballs_with_fixed_values/.json]
[INFO] add cmd: [LoadPageCmd@1757cd72, url:https://www.reddit.com/r/learnpython/comments/4y1laa/put_item_into_list_sort_list_and_get_items_new/.json]
[INFO] add cmd: [LoadPageCmd@445b295b, url:https://www.reddit.com/r/redstone/comments/2iywtr/disabling_crafting/.json]
[INFO] add cmd: [LoadPageCmd@49e5f737, url:https://www.reddit.com/r/feedthebeast/comments/2lw8rj/what_modpack_is_the_best/.json]
[INFO] add cmd: [LoadPageCmd@5c671d7f, url:https://www.reddit.com/v.redd.it/y38u513cyp251/.json]
[INFO] add cmd: [LoadPageCmd@757277dc, url:https://www.reddit.com/imgur.com/a/0GC68/.json]
[INFO] add cmd: [LoadPageCmd@687e99d8, url:https://www.reddit.com/r/godot/comments/5ojhio/menu_like_angry_birds/.json]
[INFO] add cmd: [LoadPageCmd@e4487af, url:https://www.reddit.com/r/feedthebeast/comments/2tfonu/light_weight_modpack/.json]
[INFO] add cmd: [LoadPageCmd@6aaceffd, url:https://www.reddit.com/r/Minecraft/comments/2izk5k/ideas_for_an_apocoliptic_survival_map/.json]
[INFO] add cmd: [LoadPageCmd@c86b9e3, url:https://www.reddit.com/imgur.com/I4Zh0bq/.json]
[INFO] add cmd: [LoadPageCmd@10aa41f2, url:https://www.reddit.com/r/learnpython/comments/2o6mmw/gui_help/.json]
[INFO] add cmd: [LoadPageCmd@3af9c5b7, url:https://www.reddit.com/user/the3gs/.json]
[INFO] add cmd: [LoadPageCmd@37271612, url:https://www.reddit.com/user/the3gs/submitted/.json]
[INFO] add cmd: [LoadPageCmd@ed7f8b4, url:https://www.reddit.com/user/the3gs/comments/.json]
[INFO] add cmd: [LoadPageCmd@4c309d4d, url:https://www.reddit.com/r/learnpython/.json]
[INFO] add cmd: [LoadPageCmd@38102d01, url:https://www.reddit.com/r/feedthebeast/.json]
[INFO] add cmd: [LoadPageCmd@37883b97, url:https://www.reddit.com/r/math/.json]
[INFO] add cmd: [LoadPageCmd@6ab778a, url:https://www.reddit.com/r/Minecraft/.json]
[INFO] add cmd: [LoadPageCmd@4e3958e7, url:https://www.reddit.com/r/redstone/.json]
[INFO] add cmd: [LoadPageCmd@77f80c04, url:https://www.reddit.com/r/godot/.json]
[INFO] remove cmd: [LoadPageCmd@3bd82cf5, url:https://www.reddit.com/user/the3gs/submitted/.json]
[INFO] get cmd: [LoadPageCmd@7d8704ef, url:https://www.reddit.com/r/Caldruki/comments/1t2mz7q/adrian_explain_the_rejection/ojq2xr0/.json]
[INFO] run cmd: [LoadPageCmd@7d8704ef, url:https://www.reddit.com/r/Caldruki/comments/1t2mz7q/adrian_explain_the_rejection/ojq2xr0/.json]
[INFO] LoadPageCmd.run on https://www.reddit.com/r/Caldruki/comments/1t2mz7q/adrian_explain_the_rejection/ojq2xr0/.json
[INFO] LoadPageCmd.run succesfull loaded (200) https://www.reddit.com/r/Caldruki/comments/1t2mz7q/adrian_explain_the_rejection/ojq2xr0/.json
[INFO] Found 2 new Reddit URLs: /r/Caldruki/comments/1t2mz7q/adrian_explain_the_rejection/ojr2e1x/, /r/Caldruki/comments/1t2mz7q/adrian_explain_the_rejection/ojqjdz6/
[INFO] Found 2 new usernames: Global_Interview6311, nas_ki
[INFO] Queued 2 new pages: https://www.reddit.com/r/Caldruki/comments/1t2mz7q/adrian_explain_the_rejection/ojqjdz6/.json, https://www.reddit.com/r/Caldruki/comments/1t2mz7q/adrian_explain_the_rejection/ojr2e1x/.json
[INFO] add cmd: [LoadPageCmd@5c90e579, url:https://www.reddit.com/i.redd.it/pz4ovb2dnxyg1.jpeg/.json]
[INFO] add cmd: [LoadPageCmd@58ea606c, url:https://www.reddit.com/r/Caldruki/comments/1t2mz7q/adrian_explain_the_rejection/ojr2e1x/.json]
[INFO] add cmd: [LoadPageCmd@6f45df59, url:https://www.reddit.com/r/Caldruki/comments/1t2mz7q/adrian_explain_the_rejection/ojqjdz6/.json]
[INFO] add cmd: [LoadPageCmd@38e79ae3, url:https://www.reddit.com/user/NefariousnessFar7826/.json]
[INFO] add cmd: [LoadPageCmd@63070bab, url:https://www.reddit.com/user/NefariousnessFar7826/submitted/.json]
[INFO] add cmd: [LoadPageCmd@68e5eea7, url:https://www.reddit.com/user/NefariousnessFar7826/comments/.json]
[INFO] add cmd: [LoadPageCmd@291b4bf5, url:https://www.reddit.com/user/Global_Interview6311/.json]
[INFO] add cmd: [LoadPageCmd@2d2ffcb7, url:https://www.reddit.com/user/Global_Interview6311/submitted/.json]
[INFO] add cmd: [LoadPageCmd@762ef0ea, url:https://www.reddit.com/user/Global_Interview6311/comments/.json]
[INFO] add cmd: [LoadPageCmd@31f9b85e, url:https://www.reddit.com/user/nas_ki/.json]
[INFO] add cmd: [LoadPageCmd@424e1977, url:https://www.reddit.com/user/nas_ki/submitted/.json]
[INFO] add cmd: [LoadPageCmd@10d68fcd, url:https://www.reddit.com/user/nas_ki/comments/.json]
[INFO] add cmd: [LoadPageCmd@117e949d, url:https://www.reddit.com/r/Caldruki/.json]
[INFO] remove cmd: [LoadPageCmd@7d8704ef, url:https://www.reddit.com/r/Caldruki/comments/1t2mz7q/adrian_explain_the_rejection/ojq2xr0/.json]
[INFO] get cmd: [LoadPageCmd@31190526, url:https://www.reddit.com/r/mathmemes/comments/1sgzvxx/the_1phone/ofa0g7l/.json]
[INFO] run cmd: [LoadPageCmd@31190526, url:https://www.reddit.com/r/mathmemes/comments/1sgzvxx/the_1phone/ofa0g7l/.json]
[INFO] LoadPageCmd.run on https://www.reddit.com/r/mathmemes/comments/1sgzvxx/the_1phone/ofa0g7l/.json
[INFO] LoadPageCmd.run succesfull loaded (200) https://www.reddit.com/r/mathmemes/comments/1sgzvxx/the_1phone/ofa0g7l/.json
[INFO] add cmd: [LoadPageCmd@5f8edcc5, url:https://www.reddit.com/gallery/1sgzvxx/.json]
[INFO] add cmd: [LoadPageCmd@7b02881e, url:https://www.reddit.com/user/NefariousnessFar7826/.json]
[INFO] add cmd: [LoadPageCmd@1ebd319f, url:https://www.reddit.com/user/NefariousnessFar7826/submitted/.json]
[INFO] add cmd: [LoadPageCmd@3c0be339, url:https://www.reddit.com/user/NefariousnessFar7826/comments/.json]
[INFO] add cmd: [LoadPageCmd@15ca7889, url:https://www.reddit.com/r/mathmemes/.json]
[INFO] remove cmd: [LoadPageCmd@31190526, url:https://www.reddit.com/r/mathmemes/comments/1sgzvxx/the_1phone/ofa0g7l/.json]
[INFO] get cmd: [LoadPageCmd@7a8c8dcf, url:https://www.reddit.com/user/Frostbyte_13/comments/.json]
[INFO] run cmd: [LoadPageCmd@7a8c8dcf, url:https://www.reddit.com/user/Frostbyte_13/comments/.json]
[INFO] LoadPageCmd.run on https://www.reddit.com/user/Frostbyte_13/comments/.json
[INFO] LoadPageCmd.run succesfull loaded (200) https://www.reddit.com/user/Frostbyte_13/comments/.json
[INFO] Found 25 new Reddit URLs: /r/PeterExplainsTheJoke/comments/1t353wm/pethaaaaaaaaaaaaa/ojszygb/, /r/PeterExplainsTheJoke/comments/1t353wm/pethaaaaaaaaaaaaa/ojv4dgr/, /r/fivenightsatfreddys/comments/1t2d2kt/hmmmm/ojmyvbl/, /r/DailyGuess/comments/1t3xzyb/can_you_guess_this_5letter_word_puzzle_by_uyoshnis/ojyqp9w/, /r/PeterExplainsTheJoke/comments/1t20ebh/petah_help/ojkb77b/, /r/PeterExplainsTheJoke/comments/1t1ymp6/purrsonalized_color_profiles/ojk8ph1/, /r/conlangs/comments/1t265hv/i_made_a_language_named_damserlandic/ojlis39/, /r/addressme/comments/1t33quq/i_would_like_to_try_it_too/ojsontu/, /r/PeterExplainsTheJoke/comments/1t2pnsm/petah_i_dont_speak_spanish/ojs2muu/, /r/PeterExplainsTheJoke/comments/1t353wm/pethaaaaaaaaaaaaa/ojszk8n/, /r/addressme/comments/1t2tsvi/barber_got_zombies_hairline_right/ojqkfkj/, /r/LearnJapaneseNovice/comments/1t43t8n/one_1_image_of_silly_randomness_for_your_katakana/ok09h1a/, /r/DailyGuess/comments/1t3y0kh/can_you_guess_this_5letter_word_puzzle_by/ojyq5d8/, /r/DailyGuess/comments/1t251ud/can_you_guess_this_5letter_word_puzzle_by_umiddle/ojlg7ji/, /r/LearnJapaneseNovice/comments/1t43t8n/one_1_image_of_silly_randomness_for_your_katakana/ok03d9j/, /r/addressme/comments/1t416z7/is_anata_mean/ojzz8t0/, /r/DailyGuess/comments/1t32lh7/can_you_guess_this_7letter_word_puzzle_by_uwarm/ojs6zbe/, /r/addressme/comments/1t37v5d/why_so_many_2s/ojxwt5f/, /r/DailyGuess/comments/1t20b65/can_you_guess_this_5letter_word_puzzle_by_uequal/ojkaw8c/, /r/conlangs/comments/1t265hv/i_made_a_language_named_damserlandic/ojljkjw/, /r/LearnJapaneseNovice/comments/1t233fr/learning_kanji_like_in_japanese_elementary_school/ojlerv4/, /r/teenagers/comments/1t291fw/nazi_germany_just_attacked_poland/ojmnq4v/, /r/mapporncirclejerk/comments/1t1xcge/ouch_everyone_is_gonna_be_offended/ojk2m1v/, /r/DailyGuess/comments/1t35wy1/can_you_guess_this_4letter_word_puzzle_by_ufront/ojsuvzh/, /r/addressme/comments/1t3018b/canada_should_get_better_at_naming_territories/ojrp3gc/
[INFO] Found 8 new subreddits: PeterExplainsTheJoke, DailyGuess, fivenightsatfreddys, mapporncirclejerk, addressme, teenagers, LearnJapaneseNovice, conlangs
[INFO] Queued 25 new pages: https://www.reddit.com/r/addressme/comments/1t37v5d/why_so_many_2s/ojxwt5f/.json, https://www.reddit.com/r/DailyGuess/comments/1t32lh7/can_you_guess_this_7letter_word_puzzle_by_uwarm/ojs6zbe/.json, https://www.reddit.com/r/addressme/comments/1t33quq/i_would_like_to_try_it_too/ojsontu/.json, https://www.reddit.com/r/LearnJapaneseNovice/comments/1t233fr/learning_kanji_like_in_japanese_elementary_school/ojlerv4/.json, https://www.reddit.com/r/mapporncirclejerk/comments/1t1xcge/ouch_everyone_is_gonna_be_offended/ojk2m1v/.json, https://www.reddit.com/r/addressme/comments/1t2tsvi/barber_got_zombies_hairline_right/ojqkfkj/.json, https://www.reddit.com/r/LearnJapaneseNovice/comments/1t43t8n/one_1_image_of_silly_randomness_for_your_katakana/ok09h1a/.json, https://www.reddit.com/r/conlangs/comments/1t265hv/i_made_a_language_named_damserlandic/ojlis39/.json, https://www.reddit.com/r/PeterExplainsTheJoke/comments/1t20ebh/petah_help/ojkb77b/.json, https://www.reddit.com/r/PeterExplainsTheJoke/comments/1t1ymp6/purrsonalized_color_profiles/ojk8ph1/.json, https://www.reddit.com/r/PeterExplainsTheJoke/comments/1t2pnsm/petah_i_dont_speak_spanish/ojs2muu/.json, https://www.reddit.com/r/PeterExplainsTheJoke/comments/1t353wm/pethaaaaaaaaaaaaa/ojszk8n/.json, https://www.reddit.com/r/DailyGuess/comments/1t251ud/can_you_guess_this_5letter_word_puzzle_by_umiddle/ojlg7ji/.json, https://www.reddit.com/r/PeterExplainsTheJoke/comments/1t353wm/pethaaaaaaaaaaaaa/ojszygb/.json, https://www.reddit.com/r/DailyGuess/comments/1t3y0kh/can_you_guess_this_5letter_word_puzzle_by/ojyq5d8/.json, https://www.reddit.com/r/conlangs/comments/1t265hv/i_made_a_language_named_damserlandic/ojljkjw/.json, https://www.reddit.com/r/PeterExplainsTheJoke/comments/1t353wm/pethaaaaaaaaaaaaa/ojv4dgr/.json, https://www.reddit.com/r/teenagers/comments/1t291fw/nazi_germany_just_attacked_poland/ojmnq4v/.json, https://www.reddit.com/r/addressme/comments/1t3018b/canada_should_get_better_at_naming_territories/ojrp3gc/.json, https://www.reddit.com/r/DailyGuess/comments/1t3xzyb/can_you_guess_this_5letter_word_puzzle_by_uyoshnis/ojyqp9w/.json, https://www.reddit.com/r/DailyGuess/comments/1t20b65/can_you_guess_this_5letter_word_puzzle_by_uequal/ojkaw8c/.json, https://www.reddit.com/r/DailyGuess/comments/1t35wy1/can_you_guess_this_4letter_word_puzzle_by_ufront/ojsuvzh/.json, https://www.reddit.com/r/addressme/comments/1t416z7/is_anata_mean/ojzz8t0/.json, https://www.reddit.com/r/fivenightsatfreddys/comments/1t2d2kt/hmmmm/ojmyvbl/.json, https://www.reddit.com/r/LearnJapaneseNovice/comments/1t43t8n/one_1_image_of_silly_randomness_for_your_katakana/ok03d9j/.json
[INFO] add cmd: [LoadPageCmd@d21a74c, url:https://www.reddit.com/r/PeterExplainsTheJoke/comments/1t353wm/pethaaaaaaaaaaaaa/ojszygb/.json]
[INFO] add cmd: [LoadPageCmd@6e509ffa, url:https://www.reddit.com/r/PeterExplainsTheJoke/comments/1t353wm/pethaaaaaaaaaaaaa/ojv4dgr/.json]
[INFO] add cmd: [LoadPageCmd@2898ac89, url:https://www.reddit.com/r/fivenightsatfreddys/comments/1t2d2kt/hmmmm/ojmyvbl/.json]
[INFO] add cmd: [LoadPageCmd@683dbc2c, url:https://www.reddit.com/r/DailyGuess/comments/1t3xzyb/can_you_guess_this_5letter_word_puzzle_by_uyoshnis/ojyqp9w/.json]
[INFO] add cmd: [LoadPageCmd@68267da0, url:https://www.reddit.com/r/PeterExplainsTheJoke/comments/1t20ebh/petah_help/ojkb77b/.json]
[INFO] add cmd: [LoadPageCmd@2638011, url:https://www.reddit.com/r/PeterExplainsTheJoke/comments/1t1ymp6/purrsonalized_color_profiles/ojk8ph1/.json]
[INFO] add cmd: [LoadPageCmd@6ff29830, url:https://www.reddit.com/r/conlangs/comments/1t265hv/i_made_a_language_named_damserlandic/ojlis39/.json]
[INFO] add cmd: [LoadPageCmd@6a2b953e, url:https://www.reddit.com/r/addressme/comments/1t33quq/i_would_like_to_try_it_too/ojsontu/.json]
[INFO] add cmd: [LoadPageCmd@313b2ea6, url:https://www.reddit.com/r/PeterExplainsTheJoke/comments/1t2pnsm/petah_i_dont_speak_spanish/ojs2muu/.json]
[INFO] add cmd: [LoadPageCmd@2f465398, url:https://www.reddit.com/r/PeterExplainsTheJoke/comments/1t353wm/pethaaaaaaaaaaaaa/ojszk8n/.json]
[INFO] add cmd: [LoadPageCmd@548e6d58, url:https://www.reddit.com/r/addressme/comments/1t2tsvi/barber_got_zombies_hairline_right/ojqkfkj/.json]
[INFO] add cmd: [LoadPageCmd@623a8092, url:https://www.reddit.com/r/LearnJapaneseNovice/comments/1t43t8n/one_1_image_of_silly_randomness_for_your_katakana/ok09h1a/.json]
[INFO] add cmd: [LoadPageCmd@a1cdc6d, url:https://www.reddit.com/r/DailyGuess/comments/1t3y0kh/can_you_guess_this_5letter_word_puzzle_by/ojyq5d8/.json]
[INFO] add cmd: [LoadPageCmd@175b9425, url:https://www.reddit.com/r/DailyGuess/comments/1t251ud/can_you_guess_this_5letter_word_puzzle_by_umiddle/ojlg7ji/.json]
[INFO] add cmd: [LoadPageCmd@3098cf3b, url:https://www.reddit.com/r/LearnJapaneseNovice/comments/1t43t8n/one_1_image_of_silly_randomness_for_your_katakana/ok03d9j/.json]
[INFO] add cmd: [LoadPageCmd@610f7aa, url:https://www.reddit.com/r/addressme/comments/1t416z7/is_anata_mean/ojzz8t0/.json]
[INFO] add cmd: [LoadPageCmd@6a03bcb1, url:https://www.reddit.com/r/DailyGuess/comments/1t32lh7/can_you_guess_this_7letter_word_puzzle_by_uwarm/ojs6zbe/.json]
[INFO] add cmd: [LoadPageCmd@21b2e768, url:https://www.reddit.com/r/addressme/comments/1t37v5d/why_so_many_2s/ojxwt5f/.json]
[INFO] add cmd: [LoadPageCmd@57250572, url:https://www.reddit.com/r/DailyGuess/comments/1t20b65/can_you_guess_this_5letter_word_puzzle_by_uequal/ojkaw8c/.json]
[INFO] add cmd: [LoadPageCmd@5609159b, url:https://www.reddit.com/r/conlangs/comments/1t265hv/i_made_a_language_named_damserlandic/ojljkjw/.json]
[INFO] add cmd: [LoadPageCmd@2118cddf, url:https://www.reddit.com/r/LearnJapaneseNovice/comments/1t233fr/learning_kanji_like_in_japanese_elementary_school/ojlerv4/.json]
[INFO] add cmd: [LoadPageCmd@17a7f733, url:https://www.reddit.com/r/teenagers/comments/1t291fw/nazi_germany_just_attacked_poland/ojmnq4v/.json]
[INFO] add cmd: [LoadPageCmd@68567e20, url:https://www.reddit.com/r/mapporncirclejerk/comments/1t1xcge/ouch_everyone_is_gonna_be_offended/ojk2m1v/.json]
[INFO] add cmd: [LoadPageCmd@76ed1b7c, url:https://www.reddit.com/r/DailyGuess/comments/1t35wy1/can_you_guess_this_4letter_word_puzzle_by_ufront/ojsuvzh/.json]
[INFO] add cmd: [LoadPageCmd@11fc564b, url:https://www.reddit.com/r/addressme/comments/1t3018b/canada_should_get_better_at_naming_territories/ojrp3gc/.json]
[INFO] add cmd: [LoadPageCmd@394a2528, url:https://www.reddit.com/user/Frostbyte_13/.json]
[INFO] add cmd: [LoadPageCmd@6236eb5f, url:https://www.reddit.com/user/Frostbyte_13/submitted/.json]
[INFO] add cmd: [LoadPageCmd@7c1e2a9e, url:https://www.reddit.com/user/Frostbyte_13/comments/.json]
[INFO] add cmd: [LoadPageCmd@fa36558, url:https://www.reddit.com/r/PeterExplainsTheJoke/.json]
[INFO] add cmd: [LoadPageCmd@672872e1, url:https://www.reddit.com/r/DailyGuess/.json]
[INFO] add cmd: [LoadPageCmd@32910148, url:https://www.reddit.com/r/fivenightsatfreddys/.json]
[INFO] add cmd: [LoadPageCmd@3f56875e, url:https://www.reddit.com/r/mapporncirclejerk/.json]
[INFO] add cmd: [LoadPageCmd@2b4bac49, url:https://www.reddit.com/r/addressme/.json]
[INFO] add cmd: [LoadPageCmd@fd07cbb, url:https://www.reddit.com/r/teenagers/.json]
[INFO] add cmd: [LoadPageCmd@3571b748, url:https://www.reddit.com/r/LearnJapaneseNovice/.json]
[INFO] add cmd: [LoadPageCmd@3e96bacf, url:https://www.reddit.com/r/conlangs/.json]
[INFO] remove cmd: [LoadPageCmd@7a8c8dcf, url:https://www.reddit.com/user/Frostbyte_13/comments/.json]
[INFO] get cmd: [LoadPageCmd@2f4948e4, url:https://www.reddit.com/r/mathmemes/comments/1sgzvxx/the_1phone/of8zv0b/.json]
[INFO] run cmd: [LoadPageCmd@2f4948e4, url:https://www.reddit.com/r/mathmemes/comments/1sgzvxx/the_1phone/of8zv0b/.json]
[INFO] LoadPageCmd.run on https://www.reddit.com/r/mathmemes/comments/1sgzvxx/the_1phone/of8zv0b/.json
[INFO] LoadPageCmd.run succesfull loaded (200) https://www.reddit.com/r/mathmemes/comments/1sgzvxx/the_1phone/of8zv0b/.json
[INFO] add cmd: [LoadPageCmd@4470f8a6, url:https://www.reddit.com/r/mathmemes/comments/1sgzvxx/the_1phone/of91w5f/.json]
[INFO] add cmd: [LoadPageCmd@7c83dc97, url:https://www.reddit.com/r/mathmemes/comments/1sgzvxx/the_1phone/of91nzy/.json]
[INFO] add cmd: [LoadPageCmd@7748410a, url:https://www.reddit.com/r/mathmemes/comments/1sgzvxx/the_1phone/of92iz0/.json]
[INFO] add cmd: [LoadPageCmd@740773a3, url:https://www.reddit.com/gallery/1sgzvxx/.json]
[INFO] add cmd: [LoadPageCmd@37f1104d, url:https://www.reddit.com/r/mathmemes/comments/1sgzvxx/the_1phone/of93wu1/.json]
[INFO] add cmd: [LoadPageCmd@55740540, url:https://www.reddit.com/r/mathmemes/comments/1sgzvxx/the_1phone/of957oj/.json]
[INFO] add cmd: [LoadPageCmd@60015ef5, url:https://www.reddit.com/r/mathmemes/comments/1sgzvxx/the_1phone/of92yrj/.json]
[INFO] add cmd: [LoadPageCmd@2f54a33d, url:https://www.reddit.com/r/mathmemes/comments/1sgzvxx/the_1phone/ofb0xdk/.json]
[INFO] add cmd: [LoadPageCmd@1018bde2, url:https://www.reddit.com/r/mathmemes/comments/1sgzvxx/the_1phone/of92e0y/.json]
[INFO] add cmd: [LoadPageCmd@65b3f4a4, url:https://www.reddit.com/user/Royal_Lustir/.json]
[INFO] add cmd: [LoadPageCmd@f2ff811, url:https://www.reddit.com/user/Royal_Lustir/submitted/.json]
[INFO] add cmd: [LoadPageCmd@568ff82, url:https://www.reddit.com/user/Royal_Lustir/comments/.json]
[INFO] add cmd: [LoadPageCmd@50caa560, url:https://www.reddit.com/user/NefariousnessFar7826/.json]
[INFO] add cmd: [LoadPageCmd@2a266d09, url:https://www.reddit.com/user/NefariousnessFar7826/submitted/.json]
[INFO] add cmd: [LoadPageCmd@5ab9e72c, url:https://www.reddit.com/user/NefariousnessFar7826/comments/.json]
[INFO] add cmd: [LoadPageCmd@186f8716, url:https://www.reddit.com/user/Rude_Anywhere_/.json]
[INFO] add cmd: [LoadPageCmd@1d8bd0de, url:https://www.reddit.com/user/Rude_Anywhere_/submitted/.json]
[INFO] add cmd: [LoadPageCmd@45ca843, url:https://www.reddit.com/user/Rude_Anywhere_/comments/.json]
[INFO] add cmd: [LoadPageCmd@11c9af63, url:https://www.reddit.com/r/mathmemes/.json]
[INFO] remove cmd: [LoadPageCmd@2f4948e4, url:https://www.reddit.com/r/mathmemes/comments/1sgzvxx/the_1phone/of8zv0b/.json]
[INFO] get cmd: [LoadPageCmd@561b6512, url:https://www.reddit.com/i.imgur.com/d7BCUHj.png/.json]
[INFO] run cmd: [LoadPageCmd@561b6512, url:https://www.reddit.com/i.imgur.com/d7BCUHj.png/.json]
[INFO] LoadPageCmd.run on https://www.reddit.com/i.imgur.com/d7BCUHj.png/.json
[WARN] LoadPageCmd.run redirect status 302
[WARN] LoadPageCmd.run redirected on https://www.reddit.com/submit/.json
[INFO] add cmd: [LoadPageCmd@36b4fe2a, url:https://www.reddit.com/submit/.json]
[INFO] remove cmd: [LoadPageCmd@561b6512, url:https://www.reddit.com/i.imgur.com/d7BCUHj.png/.json]
[INFO] Collector loop finished. Iterations: 10
