[INFO] Collector initialized
[INFO] random seed: 553
[INFO] add cmd: [com.stepankosvin.reddit_collect_pascage.LoadPageCmd@76f733c0, url:https://www.reddit.com/r/mathmemes/comments/1sgzvxx/the_1phone/.json]
[INFO] get cmd: [com.stepankosvin.reddit_collect_pascage.LoadPageCmd@76f733c0, url:https://www.reddit.com/r/mathmemes/comments/1sgzvxx/the_1phone/.json]
[INFO] run cmd: [com.stepankosvin.reddit_collect_pascage.LoadPageCmd@76f733c0, url:https://www.reddit.com/r/mathmemes/comments/1sgzvxx/the_1phone/.json]
[INFO] LoadPageCmd.run on https://www.reddit.com/r/mathmemes/comments/1sgzvxx/the_1phone/.json
[INFO] LoadPageCmd.run succesfull loaded (200) https://www.reddit.com/r/mathmemes/comments/1sgzvxx/the_1phone/.json
[INFO] Found 44 new Reddit URLs: /r/mathmemes/comments/1sgzvxx/the_1phone/of8zjz7/, /r/mathmemes/comments/1sgzvxx/the_1phone/of957oj/, /r/mathmemes/comments/1sgzvxx/the_1phone/of92yrj/, /r/mathmemes/comments/1sgzvxx/the_1phone/of9mu9c/, /r/mathmemes/comments/1sgzvxx/the_1phone/of97tw7/, /r/mathmemes/comments/1sgzvxx/the_1phone/of9ci6s/, /r/mathmemes/comments/1sgzvxx/the_1phone/of8zcum/, /r/mathmemes/comments/1sgzvxx/the_1phone/of9wxbl/, /r/mathmemes/comments/1sgzvxx/the_1phone/of8y43z/, /r/mathmemes/comments/1sgzvxx/the_1phone/ofbs9jf/, /r/mathmemes/comments/1sgzvxx/the_1phone/of9k1bm/, /r/mathmemes/comments/1sgzvxx/the_1phone/ofa0rm4/, /r/mathmemes/comments/1sgzvxx/the_1phone/ofz0z35/, /r/mathmemes/comments/1sgzvxx/the_1phone/of8zh2l/, /r/mathmemes/comments/1sgzvxx/the_1phone/of8zv0b/, /r/mathmemes/comments/1sgzvxx/the_1phone/of92e0y/, /r/mathmemes/comments/1sgzvxx/the_1phone/ofa0htx/, /r/mathmemes/comments/1sgzvxx/the_1phone/ofn3ocv/, /r/mathmemes/comments/1sgzvxx/the_1phone/of91w5f/, /r/mathmemes/comments/1sgzvxx/the_1phone/offotb4/, /r/mathmemes/comments/1sgzvxx/the_1phone/of91nzy/, /r/mathmemes/comments/1sgzvxx/the_1phone/of92iz0/, /r/mathmemes/comments/1sgzvxx/the_1phone/offoz6c/, /r/mathmemes/comments/1sgzvxx/the_1phone/of93wu1/, /r/mathmemes/comments/1sgzvxx/the_1phone/ofzoglc/, /r/mathmemes/comments/1sgzvxx/the_1phone/offp110/, /r/mathmemes/comments/1sgzvxx/the_1phone/ofa0g7l/, /r/mathmemes/comments/1sgzvxx/the_1phone/of9wysu/, /r/mathmemes/comments/1sgzvxx/the_1phone/ofb0xdk/, /r/mathmemes/comments/1sgzvxx/the_1phone/ofa7ep8/, /r/mathmemes/comments/1sgzvxx/the_1phone/og3rs9a/, /r/mathmemes/comments/1sgzvxx/the_1phone/ofa5zod/, /r/mathmemes/comments/1sgzvxx/the_1phone/ofbus8d/, https://www.reddit.com/gallery/1sgzvxx, /r/mathmemes/comments/1sgzvxx/the_1phone/of8yre0/, /r/mathmemes/comments/1sgzvxx/the_1phone/of97qyw/, /r/mathmemes/comments/1sgzvxx/the_1phone/ofb7470/, /r/mathmemes/comments/1sgzvxx/the_1phone/of9h13c/, /r/mathmemes/comments/1sgzvxx/the_1phone/ofh3fxq/, /r/mathmemes/comments/1sgzvxx/the_1phone/ofb2bw1/, /r/mathmemes/comments/1sgzvxx/the_1phone/of9bpif/, /r/mathmemes/comments/1sgzvxx/the_1phone/ofa0be3/, /r/mathmemes/comments/1sgzvxx/the_1phone/of97od6/, /r/mathmemes/comments/1sgzvxx/the_1phone/ofa5wal/
[INFO] Found 24 new usernames: KreeptonChronicler, Aton_Otsos, QaSpel, jacob643, cod3builder, Suspicious-Cut-3998, M10doreddit, thvirtuo, AbdullahMRiad, Frostbyte_13, guest111i, [deleted], Royal_Lustir, NefariousnessFar7826, rorodar, Frannnnnnnnn, Rude_Anywhere_, the3gs, AutoModerator, juanohulomo1234, martyboulders, johnporksigma, drLoveF, Zziggith
[INFO] Found 1 new subreddits: mathmemes
[INFO] Queued 44 new pages: https://www.reddit.com/r/mathmemes/comments/1sgzvxx/the_1phone/offoz6c/.json, https://www.reddit.com/r/mathmemes/comments/1sgzvxx/the_1phone/ofzoglc/.json, https://www.reddit.com/r/mathmemes/comments/1sgzvxx/the_1phone/ofbus8d/.json, https://www.reddit.com/r/mathmemes/comments/1sgzvxx/the_1phone/of93wu1/.json, https://www.reddit.com/r/mathmemes/comments/1sgzvxx/the_1phone/of97tw7/.json, https://www.reddit.com/r/mathmemes/comments/1sgzvxx/the_1phone/of92iz0/.json, https://www.reddit.com/r/mathmemes/comments/1sgzvxx/the_1phone/of9bpif/.json, https://www.reddit.com/r/mathmemes/comments/1sgzvxx/the_1phone/ofa0be3/.json, https://www.reddit.com/r/mathmemes/comments/1sgzvxx/the_1phone/ofb7470/.json, https://www.reddit.com/r/mathmemes/comments/1sgzvxx/the_1phone/of91nzy/.json, https://www.reddit.com/r/mathmemes/comments/1sgzvxx/the_1phone/of9ci6s/.json, https://www.reddit.com/r/mathmemes/comments/1sgzvxx/the_1phone/of9wxbl/.json, https://www.reddit.com/r/mathmemes/comments/1sgzvxx/the_1phone/of9k1bm/.json, https://www.reddit.com/r/mathmemes/comments/1sgzvxx/the_1phone/of8zcum/.json, https://www.reddit.com/r/mathmemes/comments/1sgzvxx/the_1phone/ofa0g7l/.json, https://www.reddit.com/r/mathmemes/comments/1sgzvxx/the_1phone/ofa5zod/.json, https://www.reddit.com/r/mathmemes/comments/1sgzvxx/the_1phone/offp110/.json, https://www.reddit.com/r/mathmemes/comments/1sgzvxx/the_1phone/of8zjz7/.json, https://www.reddit.com/r/mathmemes/comments/1sgzvxx/the_1phone/of92yrj/.json, https://www.reddit.com/r/mathmemes/comments/1sgzvxx/the_1phone/of8y43z/.json, https://www.reddit.com/r/mathmemes/comments/1sgzvxx/the_1phone/of9mu9c/.json, https://www.reddit.com/r/mathmemes/comments/1sgzvxx/the_1phone/ofz0z35/.json, https://www.reddit.com/r/mathmemes/comments/1sgzvxx/the_1phone/og3rs9a/.json, https://www.reddit.com/r/mathmemes/comments/1sgzvxx/the_1phone/of8zv0b/.json, https://www.reddit.com/r/mathmemes/comments/1sgzvxx/the_1phone/ofh3fxq/.json, https://www.reddit.com/r/mathmemes/comments/1sgzvxx/the_1phone/of91w5f/.json, https://www.reddit.com/r/mathmemes/comments/1sgzvxx/the_1phone/ofa0rm4/.json, https://www.reddit.com/r/mathmemes/comments/1sgzvxx/the_1phone/of8yre0/.json, https://www.reddit.com/r/mathmemes/comments/1sgzvxx/the_1phone/of9h13c/.json, https://www.reddit.com/r/mathmemes/comments/1sgzvxx/the_1phone/of8zh2l/.json, https://www.reddit.com/gallery/1sgzvxx/.json, https://www.reddit.com/r/mathmemes/comments/1sgzvxx/the_1phone/ofa0htx/.json, https://www.reddit.com/r/mathmemes/comments/1sgzvxx/the_1phone/offotb4/.json, https://www.reddit.com/r/mathmemes/comments/1sgzvxx/the_1phone/of97qyw/.json, https://www.reddit.com/r/mathmemes/comments/1sgzvxx/the_1phone/ofa5wal/.json, https://www.reddit.com/r/mathmemes/comments/1sgzvxx/the_1phone/ofb0xdk/.json, https://www.reddit.com/r/mathmemes/comments/1sgzvxx/the_1phone/ofb2bw1/.json, https://www.reddit.com/r/mathmemes/comments/1sgzvxx/the_1phone/of957oj/.json, https://www.reddit.com/r/mathmemes/comments/1sgzvxx/the_1phone/of97od6/.json, https://www.reddit.com/r/mathmemes/comments/1sgzvxx/the_1phone/ofbs9jf/.json, https://www.reddit.com/r/mathmemes/comments/1sgzvxx/the_1phone/of92e0y/.json, https://www.reddit.com/r/mathmemes/comments/1sgzvxx/the_1phone/ofn3ocv/.json, https://www.reddit.com/r/mathmemes/comments/1sgzvxx/the_1phone/ofa7ep8/.json, https://www.reddit.com/r/mathmemes/comments/1sgzvxx/the_1phone/of9wysu/.json
[INFO] add cmd: [com.stepankosvin.reddit_collect_pascage.LoadPageCmd@109b7307, url:https://www.reddit.com/r/mathmemes/comments/1sgzvxx/the_1phone/of8zjz7/.json]
[INFO] add cmd: [com.stepankosvin.reddit_collect_pascage.LoadPageCmd@65465a40, url:https://www.reddit.com/r/mathmemes/comments/1sgzvxx/the_1phone/of957oj/.json]
[INFO] add cmd: [com.stepankosvin.reddit_collect_pascage.LoadPageCmd@4fc89002, url:https://www.reddit.com/r/mathmemes/comments/1sgzvxx/the_1phone/of92yrj/.json]
[INFO] add cmd: [com.stepankosvin.reddit_collect_pascage.LoadPageCmd@5b4698f3, url:https://www.reddit.com/r/mathmemes/comments/1sgzvxx/the_1phone/of9mu9c/.json]
[INFO] add cmd: [com.stepankosvin.reddit_collect_pascage.LoadPageCmd@108ecbd7, url:https://www.reddit.com/r/mathmemes/comments/1sgzvxx/the_1phone/of97tw7/.json]
[INFO] add cmd: [com.stepankosvin.reddit_collect_pascage.LoadPageCmd@474d07dc, url:https://www.reddit.com/r/mathmemes/comments/1sgzvxx/the_1phone/of9ci6s/.json]
[INFO] add cmd: [com.stepankosvin.reddit_collect_pascage.LoadPageCmd@4c8ec7b7, url:https://www.reddit.com/r/mathmemes/comments/1sgzvxx/the_1phone/of8zcum/.json]
[INFO] add cmd: [com.stepankosvin.reddit_collect_pascage.LoadPageCmd@23e05fd5, url:https://www.reddit.com/r/mathmemes/comments/1sgzvxx/the_1phone/of9wxbl/.json]
[INFO] add cmd: [com.stepankosvin.reddit_collect_pascage.LoadPageCmd@4556f80d, url:https://www.reddit.com/r/mathmemes/comments/1sgzvxx/the_1phone/of8y43z/.json]
[INFO] add cmd: [com.stepankosvin.reddit_collect_pascage.LoadPageCmd@6a0a649c, url:https://www.reddit.com/r/mathmemes/comments/1sgzvxx/the_1phone/ofbs9jf/.json]
[INFO] add cmd: [com.stepankosvin.reddit_collect_pascage.LoadPageCmd@5003a515, url:https://www.reddit.com/r/mathmemes/comments/1sgzvxx/the_1phone/of9k1bm/.json]
[INFO] add cmd: [com.stepankosvin.reddit_collect_pascage.LoadPageCmd@713c5637, url:https://www.reddit.com/r/mathmemes/comments/1sgzvxx/the_1phone/ofa0rm4/.json]
[INFO] add cmd: [com.stepankosvin.reddit_collect_pascage.LoadPageCmd@3584e8d, url:https://www.reddit.com/r/mathmemes/comments/1sgzvxx/the_1phone/ofz0z35/.json]
[INFO] add cmd: [com.stepankosvin.reddit_collect_pascage.LoadPageCmd@3a4fe4fe, url:https://www.reddit.com/r/mathmemes/comments/1sgzvxx/the_1phone/of8zh2l/.json]
[INFO] add cmd: [com.stepankosvin.reddit_collect_pascage.LoadPageCmd@77a9c5af, url:https://www.reddit.com/r/mathmemes/comments/1sgzvxx/the_1phone/of8zv0b/.json]
[INFO] add cmd: [com.stepankosvin.reddit_collect_pascage.LoadPageCmd@6437b883, url:https://www.reddit.com/r/mathmemes/comments/1sgzvxx/the_1phone/of92e0y/.json]
[INFO] add cmd: [com.stepankosvin.reddit_collect_pascage.LoadPageCmd@25daaeae, url:https://www.reddit.com/r/mathmemes/comments/1sgzvxx/the_1phone/ofa0htx/.json]
[INFO] add cmd: [com.stepankosvin.reddit_collect_pascage.LoadPageCmd@60f7d6ff, url:https://www.reddit.com/r/mathmemes/comments/1sgzvxx/the_1phone/ofn3ocv/.json]
[INFO] add cmd: [com.stepankosvin.reddit_collect_pascage.LoadPageCmd@59cae3f3, url:https://www.reddit.com/r/mathmemes/comments/1sgzvxx/the_1phone/of91w5f/.json]
[INFO] add cmd: [com.stepankosvin.reddit_collect_pascage.LoadPageCmd@60abe9, url:https://www.reddit.com/r/mathmemes/comments/1sgzvxx/the_1phone/offotb4/.json]
[INFO] add cmd: [com.stepankosvin.reddit_collect_pascage.LoadPageCmd@703fca95, url:https://www.reddit.com/r/mathmemes/comments/1sgzvxx/the_1phone/of91nzy/.json]
[INFO] add cmd: [com.stepankosvin.reddit_collect_pascage.LoadPageCmd@2ea1aa43, url:https://www.reddit.com/r/mathmemes/comments/1sgzvxx/the_1phone/of92iz0/.json]
[INFO] add cmd: [com.stepankosvin.reddit_collect_pascage.LoadPageCmd@20fa111f, url:https://www.reddit.com/r/mathmemes/comments/1sgzvxx/the_1phone/offoz6c/.json]
[INFO] add cmd: [com.stepankosvin.reddit_collect_pascage.LoadPageCmd@2540c90a, url:https://www.reddit.com/r/mathmemes/comments/1sgzvxx/the_1phone/of93wu1/.json]
[INFO] add cmd: [com.stepankosvin.reddit_collect_pascage.LoadPageCmd@2ba5d455, url:https://www.reddit.com/r/mathmemes/comments/1sgzvxx/the_1phone/ofzoglc/.json]
[INFO] add cmd: [com.stepankosvin.reddit_collect_pascage.LoadPageCmd@8f590d0, url:https://www.reddit.com/r/mathmemes/comments/1sgzvxx/the_1phone/offp110/.json]
[INFO] add cmd: [com.stepankosvin.reddit_collect_pascage.LoadPageCmd@78771a38, url:https://www.reddit.com/r/mathmemes/comments/1sgzvxx/the_1phone/ofa0g7l/.json]
[INFO] add cmd: [com.stepankosvin.reddit_collect_pascage.LoadPageCmd@5bdc84a5, url:https://www.reddit.com/r/mathmemes/comments/1sgzvxx/the_1phone/of9wysu/.json]
[INFO] add cmd: [com.stepankosvin.reddit_collect_pascage.LoadPageCmd@5edee4f7, url:https://www.reddit.com/r/mathmemes/comments/1sgzvxx/the_1phone/ofb0xdk/.json]
[INFO] add cmd: [com.stepankosvin.reddit_collect_pascage.LoadPageCmd@7a899cec, url:https://www.reddit.com/r/mathmemes/comments/1sgzvxx/the_1phone/ofa7ep8/.json]
[INFO] add cmd: [com.stepankosvin.reddit_collect_pascage.LoadPageCmd@3aefff5f, url:https://www.reddit.com/r/mathmemes/comments/1sgzvxx/the_1phone/og3rs9a/.json]
[INFO] add cmd: [com.stepankosvin.reddit_collect_pascage.LoadPageCmd@529ad0b, url:https://www.reddit.com/r/mathmemes/comments/1sgzvxx/the_1phone/ofa5zod/.json]
[INFO] add cmd: [com.stepankosvin.reddit_collect_pascage.LoadPageCmd@2cf90805, url:https://www.reddit.com/r/mathmemes/comments/1sgzvxx/the_1phone/ofbus8d/.json]
[INFO] add cmd: [com.stepankosvin.reddit_collect_pascage.LoadPageCmd@1a219f8a, url:https://www.reddit.com/gallery/1sgzvxx/.json]
[INFO] add cmd: [com.stepankosvin.reddit_collect_pascage.LoadPageCmd@5f719e96, url:https://www.reddit.com/r/mathmemes/comments/1sgzvxx/the_1phone/of8yre0/.json]
[INFO] add cmd: [com.stepankosvin.reddit_collect_pascage.LoadPageCmd@17783186, url:https://www.reddit.com/r/mathmemes/comments/1sgzvxx/the_1phone/of97qyw/.json]
[INFO] add cmd: [com.stepankosvin.reddit_collect_pascage.LoadPageCmd@7325ba4c, url:https://www.reddit.com/r/mathmemes/comments/1sgzvxx/the_1phone/ofb7470/.json]
[INFO] add cmd: [com.stepankosvin.reddit_collect_pascage.LoadPageCmd@656ea66d, url:https://www.reddit.com/r/mathmemes/comments/1sgzvxx/the_1phone/of9h13c/.json]
[INFO] add cmd: [com.stepankosvin.reddit_collect_pascage.LoadPageCmd@36b81178, url:https://www.reddit.com/r/mathmemes/comments/1sgzvxx/the_1phone/ofh3fxq/.json]
[INFO] add cmd: [com.stepankosvin.reddit_collect_pascage.LoadPageCmd@601af228, url:https://www.reddit.com/r/mathmemes/comments/1sgzvxx/the_1phone/ofb2bw1/.json]
[INFO] add cmd: [com.stepankosvin.reddit_collect_pascage.LoadPageCmd@3eb3c3bd, url:https://www.reddit.com/r/mathmemes/comments/1sgzvxx/the_1phone/of9bpif/.json]
[INFO] add cmd: [com.stepankosvin.reddit_collect_pascage.LoadPageCmd@2e7e47c8, url:https://www.reddit.com/r/mathmemes/comments/1sgzvxx/the_1phone/ofa0be3/.json]
[INFO] add cmd: [com.stepankosvin.reddit_collect_pascage.LoadPageCmd@583ba0ae, url:https://www.reddit.com/r/mathmemes/comments/1sgzvxx/the_1phone/of97od6/.json]
[INFO] add cmd: [com.stepankosvin.reddit_collect_pascage.LoadPageCmd@6f879233, url:https://www.reddit.com/r/mathmemes/comments/1sgzvxx/the_1phone/ofa5wal/.json]
[INFO] add cmd: [com.stepankosvin.reddit_collect_pascage.LoadPageCmd@162ea877, url:https://www.reddit.com/user/KreeptonChronicler/.json]
[INFO] add cmd: [com.stepankosvin.reddit_collect_pascage.LoadPageCmd@456bb68b, url:https://www.reddit.com/user/KreeptonChronicler/submitted/.json]
[INFO] add cmd: [com.stepankosvin.reddit_collect_pascage.LoadPageCmd@42b7d7c1, url:https://www.reddit.com/user/KreeptonChronicler/comments/.json]
[INFO] add cmd: [com.stepankosvin.reddit_collect_pascage.LoadPageCmd@7bb86560, url:https://www.reddit.com/user/Aton_Otsos/.json]
[INFO] add cmd: [com.stepankosvin.reddit_collect_pascage.LoadPageCmd@18b61770, url:https://www.reddit.com/user/Aton_Otsos/submitted/.json]
[INFO] add cmd: [com.stepankosvin.reddit_collect_pascage.LoadPageCmd@712503, url:https://www.reddit.com/user/Aton_Otsos/comments/.json]
[INFO] add cmd: [com.stepankosvin.reddit_collect_pascage.LoadPageCmd@7c84f313, url:https://www.reddit.com/user/QaSpel/.json]
[INFO] add cmd: [com.stepankosvin.reddit_collect_pascage.LoadPageCmd@44af1a86, url:https://www.reddit.com/user/QaSpel/submitted/.json]
[INFO] add cmd: [com.stepankosvin.reddit_collect_pascage.LoadPageCmd@6c0a88f4, url:https://www.reddit.com/user/QaSpel/comments/.json]
[INFO] add cmd: [com.stepankosvin.reddit_collect_pascage.LoadPageCmd@65daf14b, url:https://www.reddit.com/user/jacob643/.json]
[INFO] add cmd: [com.stepankosvin.reddit_collect_pascage.LoadPageCmd@3e1d8a88, url:https://www.reddit.com/user/jacob643/submitted/.json]
[INFO] add cmd: [com.stepankosvin.reddit_collect_pascage.LoadPageCmd@25acce7, url:https://www.reddit.com/user/jacob643/comments/.json]
[INFO] add cmd: [com.stepankosvin.reddit_collect_pascage.LoadPageCmd@3aafb970, url:https://www.reddit.com/user/cod3builder/.json]
[INFO] add cmd: [com.stepankosvin.reddit_collect_pascage.LoadPageCmd@84d47c7, url:https://www.reddit.com/user/cod3builder/submitted/.json]
[INFO] add cmd: [com.stepankosvin.reddit_collect_pascage.LoadPageCmd@5a56d58c, url:https://www.reddit.com/user/cod3builder/comments/.json]
[INFO] add cmd: [com.stepankosvin.reddit_collect_pascage.LoadPageCmd@e3f07d5, url:https://www.reddit.com/user/Suspicious-Cut-3998/.json]
[INFO] add cmd: [com.stepankosvin.reddit_collect_pascage.LoadPageCmd@491c4b5b, url:https://www.reddit.com/user/Suspicious-Cut-3998/submitted/.json]
[INFO] add cmd: [com.stepankosvin.reddit_collect_pascage.LoadPageCmd@2b8d5ec0, url:https://www.reddit.com/user/Suspicious-Cut-3998/comments/.json]
[INFO] add cmd: [com.stepankosvin.reddit_collect_pascage.LoadPageCmd@471b1488, url:https://www.reddit.com/user/M10doreddit/.json]
[INFO] add cmd: [com.stepankosvin.reddit_collect_pascage.LoadPageCmd@316cb211, url:https://www.reddit.com/user/M10doreddit/submitted/.json]
[INFO] add cmd: [com.stepankosvin.reddit_collect_pascage.LoadPageCmd@1a0161f4, url:https://www.reddit.com/user/M10doreddit/comments/.json]
[INFO] add cmd: [com.stepankosvin.reddit_collect_pascage.LoadPageCmd@5b3b472a, url:https://www.reddit.com/user/thvirtuo/.json]
[INFO] add cmd: [com.stepankosvin.reddit_collect_pascage.LoadPageCmd@441ba791, url:https://www.reddit.com/user/thvirtuo/submitted/.json]
[INFO] add cmd: [com.stepankosvin.reddit_collect_pascage.LoadPageCmd@10b37939, url:https://www.reddit.com/user/thvirtuo/comments/.json]
[INFO] add cmd: [com.stepankosvin.reddit_collect_pascage.LoadPageCmd@1aca41a, url:https://www.reddit.com/user/AbdullahMRiad/.json]
[INFO] add cmd: [com.stepankosvin.reddit_collect_pascage.LoadPageCmd@2fa112, url:https://www.reddit.com/user/AbdullahMRiad/submitted/.json]
[INFO] add cmd: [com.stepankosvin.reddit_collect_pascage.LoadPageCmd@1911a9a9, url:https://www.reddit.com/user/AbdullahMRiad/comments/.json]
[INFO] add cmd: [com.stepankosvin.reddit_collect_pascage.LoadPageCmd@12606103, url:https://www.reddit.com/user/Frostbyte_13/.json]
[INFO] add cmd: [com.stepankosvin.reddit_collect_pascage.LoadPageCmd@76089b21, url:https://www.reddit.com/user/Frostbyte_13/submitted/.json]
[INFO] add cmd: [com.stepankosvin.reddit_collect_pascage.LoadPageCmd@b5293c3, url:https://www.reddit.com/user/Frostbyte_13/comments/.json]
[INFO] add cmd: [com.stepankosvin.reddit_collect_pascage.LoadPageCmd@1f9a3fe1, url:https://www.reddit.com/user/guest111i/.json]
[INFO] add cmd: [com.stepankosvin.reddit_collect_pascage.LoadPageCmd@ee32d68, url:https://www.reddit.com/user/guest111i/submitted/.json]
[INFO] add cmd: [com.stepankosvin.reddit_collect_pascage.LoadPageCmd@3c806e06, url:https://www.reddit.com/user/guest111i/comments/.json]
[INFO] add cmd: [com.stepankosvin.reddit_collect_pascage.LoadPageCmd@23533ede, url:https://www.reddit.com/user/[deleted]/.json]
[INFO] add cmd: [com.stepankosvin.reddit_collect_pascage.LoadPageCmd@6df87862, url:https://www.reddit.com/user/[deleted]/submitted/.json]
[INFO] add cmd: [com.stepankosvin.reddit_collect_pascage.LoadPageCmd@7a6790d8, url:https://www.reddit.com/user/[deleted]/comments/.json]
[INFO] add cmd: [com.stepankosvin.reddit_collect_pascage.LoadPageCmd@452831cc, url:https://www.reddit.com/user/Royal_Lustir/.json]
[INFO] add cmd: [com.stepankosvin.reddit_collect_pascage.LoadPageCmd@7fb74279, url:https://www.reddit.com/user/Royal_Lustir/submitted/.json]
[INFO] add cmd: [com.stepankosvin.reddit_collect_pascage.LoadPageCmd@51220e85, url:https://www.reddit.com/user/Royal_Lustir/comments/.json]
[INFO] add cmd: [com.stepankosvin.reddit_collect_pascage.LoadPageCmd@1785b529, url:https://www.reddit.com/user/NefariousnessFar7826/.json]
[INFO] add cmd: [com.stepankosvin.reddit_collect_pascage.LoadPageCmd@13a74044, url:https://www.reddit.com/user/NefariousnessFar7826/submitted/.json]
[INFO] add cmd: [com.stepankosvin.reddit_collect_pascage.LoadPageCmd@56467cc3, url:https://www.reddit.com/user/NefariousnessFar7826/comments/.json]
[INFO] add cmd: [com.stepankosvin.reddit_collect_pascage.LoadPageCmd@175116a8, url:https://www.reddit.com/user/rorodar/.json]
[INFO] add cmd: [com.stepankosvin.reddit_collect_pascage.LoadPageCmd@2d47d596, url:https://www.reddit.com/user/rorodar/submitted/.json]
[INFO] add cmd: [com.stepankosvin.reddit_collect_pascage.LoadPageCmd@44b051a, url:https://www.reddit.com/user/rorodar/comments/.json]
[INFO] add cmd: [com.stepankosvin.reddit_collect_pascage.LoadPageCmd@610ec134, url:https://www.reddit.com/user/Frannnnnnnnn/.json]
[INFO] add cmd: [com.stepankosvin.reddit_collect_pascage.LoadPageCmd@7ef56feb, url:https://www.reddit.com/user/Frannnnnnnnn/submitted/.json]
[INFO] add cmd: [com.stepankosvin.reddit_collect_pascage.LoadPageCmd@6d8dfec6, url:https://www.reddit.com/user/Frannnnnnnnn/comments/.json]
[INFO] add cmd: [com.stepankosvin.reddit_collect_pascage.LoadPageCmd@31b245b8, url:https://www.reddit.com/user/Rude_Anywhere_/.json]
[INFO] add cmd: [com.stepankosvin.reddit_collect_pascage.LoadPageCmd@262225db, url:https://www.reddit.com/user/Rude_Anywhere_/submitted/.json]
[INFO] add cmd: [com.stepankosvin.reddit_collect_pascage.LoadPageCmd@73fd8cc3, url:https://www.reddit.com/user/Rude_Anywhere_/comments/.json]
[INFO] add cmd: [com.stepankosvin.reddit_collect_pascage.LoadPageCmd@718427b4, url:https://www.reddit.com/user/the3gs/.json]
[INFO] add cmd: [com.stepankosvin.reddit_collect_pascage.LoadPageCmd@52b823b9, url:https://www.reddit.com/user/the3gs/submitted/.json]
[INFO] add cmd: [com.stepankosvin.reddit_collect_pascage.LoadPageCmd@6503d8c8, url:https://www.reddit.com/user/the3gs/comments/.json]
[INFO] add cmd: [com.stepankosvin.reddit_collect_pascage.LoadPageCmd@7a87cb3f, url:https://www.reddit.com/user/AutoModerator/.json]
[INFO] add cmd: [com.stepankosvin.reddit_collect_pascage.LoadPageCmd@2aeeea5c, url:https://www.reddit.com/user/AutoModerator/submitted/.json]
[INFO] add cmd: [com.stepankosvin.reddit_collect_pascage.LoadPageCmd@39d8a153, url:https://www.reddit.com/user/AutoModerator/comments/.json]
[INFO] add cmd: [com.stepankosvin.reddit_collect_pascage.LoadPageCmd@42e6eb38, url:https://www.reddit.com/user/juanohulomo1234/.json]
[INFO] add cmd: [com.stepankosvin.reddit_collect_pascage.LoadPageCmd@6fc0e68, url:https://www.reddit.com/user/juanohulomo1234/submitted/.json]
[INFO] add cmd: [com.stepankosvin.reddit_collect_pascage.LoadPageCmd@5b1da8e1, url:https://www.reddit.com/user/juanohulomo1234/comments/.json]
[INFO] add cmd: [com.stepankosvin.reddit_collect_pascage.LoadPageCmd@27b358e8, url:https://www.reddit.com/user/martyboulders/.json]
[INFO] add cmd: [com.stepankosvin.reddit_collect_pascage.LoadPageCmd@5279d80d, url:https://www.reddit.com/user/martyboulders/submitted/.json]
[INFO] add cmd: [com.stepankosvin.reddit_collect_pascage.LoadPageCmd@34900364, url:https://www.reddit.com/user/martyboulders/comments/.json]
[INFO] add cmd: [com.stepankosvin.reddit_collect_pascage.LoadPageCmd@2fcefb7, url:https://www.reddit.com/user/johnporksigma/.json]
[INFO] add cmd: [com.stepankosvin.reddit_collect_pascage.LoadPageCmd@3fb59318, url:https://www.reddit.com/user/johnporksigma/submitted/.json]
[INFO] add cmd: [com.stepankosvin.reddit_collect_pascage.LoadPageCmd@23108d53, url:https://www.reddit.com/user/johnporksigma/comments/.json]
[INFO] add cmd: [com.stepankosvin.reddit_collect_pascage.LoadPageCmd@17af3176, url:https://www.reddit.com/user/drLoveF/.json]
[INFO] add cmd: [com.stepankosvin.reddit_collect_pascage.LoadPageCmd@724bf563, url:https://www.reddit.com/user/drLoveF/submitted/.json]
[INFO] add cmd: [com.stepankosvin.reddit_collect_pascage.LoadPageCmd@61759561, url:https://www.reddit.com/user/drLoveF/comments/.json]
[INFO] add cmd: [com.stepankosvin.reddit_collect_pascage.LoadPageCmd@4628e609, url:https://www.reddit.com/user/Zziggith/.json]
[INFO] add cmd: [com.stepankosvin.reddit_collect_pascage.LoadPageCmd@28e25b3b, url:https://www.reddit.com/user/Zziggith/submitted/.json]
[INFO] add cmd: [com.stepankosvin.reddit_collect_pascage.LoadPageCmd@5af53a9, url:https://www.reddit.com/user/Zziggith/comments/.json]
[INFO] add cmd: [com.stepankosvin.reddit_collect_pascage.LoadPageCmd@49a5af40, url:https://www.reddit.com/r/mathmemes/.json]
[INFO] remove cmd: [com.stepankosvin.reddit_collect_pascage.LoadPageCmd@76f733c0, url:https://www.reddit.com/r/mathmemes/comments/1sgzvxx/the_1phone/.json]
[INFO] Collector loop finished. Iterations: 1
[INFO] Collector stopped manually
