[INFO] Collector initialized
[INFO] random seed: 249
[INFO] add cmd: [LoadPageCmd@31dc339b, url:https://www.reddit.com/r/mathmemes/comments/1sgzvxx/the_1phone/.json]
[INFO] get cmd: [LoadPageCmd@31dc339b, url:https://www.reddit.com/r/mathmemes/comments/1sgzvxx/the_1phone/.json]
[INFO] run cmd: [LoadPageCmd@31dc339b, url:https://www.reddit.com/r/mathmemes/comments/1sgzvxx/the_1phone/.json]
[INFO] LoadPageCmd.run on https://www.reddit.com/r/mathmemes/comments/1sgzvxx/the_1phone/.json
[INFO] LoadPageCmd.run succesfull loaded (200) https://www.reddit.com/r/mathmemes/comments/1sgzvxx/the_1phone/.json
[INFO] Found 44 new Reddit URLs: /r/mathmemes/comments/1sgzvxx/the_1phone/of8zjz7/, /r/mathmemes/comments/1sgzvxx/the_1phone/of957oj/, /r/mathmemes/comments/1sgzvxx/the_1phone/of92yrj/, /r/mathmemes/comments/1sgzvxx/the_1phone/of9mu9c/, /r/mathmemes/comments/1sgzvxx/the_1phone/of97tw7/, /r/mathmemes/comments/1sgzvxx/the_1phone/of9ci6s/, /r/mathmemes/comments/1sgzvxx/the_1phone/of8zcum/, /r/mathmemes/comments/1sgzvxx/the_1phone/of9wxbl/, /r/mathmemes/comments/1sgzvxx/the_1phone/of8y43z/, /r/mathmemes/comments/1sgzvxx/the_1phone/ofbs9jf/, /r/mathmemes/comments/1sgzvxx/the_1phone/of9k1bm/, /r/mathmemes/comments/1sgzvxx/the_1phone/ofa0rm4/, /r/mathmemes/comments/1sgzvxx/the_1phone/ofz0z35/, /r/mathmemes/comments/1sgzvxx/the_1phone/of8zh2l/, /r/mathmemes/comments/1sgzvxx/the_1phone/of8zv0b/, /r/mathmemes/comments/1sgzvxx/the_1phone/of92e0y/, /r/mathmemes/comments/1sgzvxx/the_1phone/ofa0htx/, /r/mathmemes/comments/1sgzvxx/the_1phone/ofn3ocv/, /r/mathmemes/comments/1sgzvxx/the_1phone/of91w5f/, /r/mathmemes/comments/1sgzvxx/the_1phone/offotb4/, /r/mathmemes/comments/1sgzvxx/the_1phone/of91nzy/, /r/mathmemes/comments/1sgzvxx/the_1phone/of92iz0/, /r/mathmemes/comments/1sgzvxx/the_1phone/offoz6c/, /r/mathmemes/comments/1sgzvxx/the_1phone/of93wu1/, /r/mathmemes/comments/1sgzvxx/the_1phone/ofzoglc/, /r/mathmemes/comments/1sgzvxx/the_1phone/offp110/, /r/mathmemes/comments/1sgzvxx/the_1phone/ofa0g7l/, /r/mathmemes/comments/1sgzvxx/the_1phone/of9wysu/, /r/mathmemes/comments/1sgzvxx/the_1phone/ofb0xdk/, /r/mathmemes/comments/1sgzvxx/the_1phone/ofa7ep8/, /r/mathmemes/comments/1sgzvxx/the_1phone/og3rs9a/, /r/mathmemes/comments/1sgzvxx/the_1phone/ofa5zod/, /r/mathmemes/comments/1sgzvxx/the_1phone/ofbus8d/, https://www.reddit.com/gallery/1sgzvxx, /r/mathmemes/comments/1sgzvxx/the_1phone/of8yre0/, /r/mathmemes/comments/1sgzvxx/the_1phone/of97qyw/, /r/mathmemes/comments/1sgzvxx/the_1phone/ofb7470/, /r/mathmemes/comments/1sgzvxx/the_1phone/of9h13c/, /r/mathmemes/comments/1sgzvxx/the_1phone/ofh3fxq/, /r/mathmemes/comments/1sgzvxx/the_1phone/ofb2bw1/, /r/mathmemes/comments/1sgzvxx/the_1phone/of9bpif/, /r/mathmemes/comments/1sgzvxx/the_1phone/ofa0be3/, /r/mathmemes/comments/1sgzvxx/the_1phone/of97od6/, /r/mathmemes/comments/1sgzvxx/the_1phone/ofa5wal/
[INFO] Found 24 new usernames: KreeptonChronicler, Aton_Otsos, QaSpel, jacob643, cod3builder, Suspicious-Cut-3998, M10doreddit, thvirtuo, AbdullahMRiad, Frostbyte_13, guest111i, [deleted], Royal_Lustir, NefariousnessFar7826, rorodar, Frannnnnnnnn, Rude_Anywhere_, the3gs, AutoModerator, juanohulomo1234, martyboulders, johnporksigma, drLoveF, Zziggith
[INFO] Found 1 new subreddits: mathmemes
[INFO] Queued 44 new pages: https://www.reddit.com/r/mathmemes/comments/1sgzvxx/the_1phone/offoz6c/.json, https://www.reddit.com/r/mathmemes/comments/1sgzvxx/the_1phone/ofzoglc/.json, https://www.reddit.com/r/mathmemes/comments/1sgzvxx/the_1phone/ofbus8d/.json, https://www.reddit.com/r/mathmemes/comments/1sgzvxx/the_1phone/of93wu1/.json, https://www.reddit.com/r/mathmemes/comments/1sgzvxx/the_1phone/of97tw7/.json, https://www.reddit.com/r/mathmemes/comments/1sgzvxx/the_1phone/of92iz0/.json, https://www.reddit.com/r/mathmemes/comments/1sgzvxx/the_1phone/of9bpif/.json, https://www.reddit.com/r/mathmemes/comments/1sgzvxx/the_1phone/ofa0be3/.json, https://www.reddit.com/r/mathmemes/comments/1sgzvxx/the_1phone/ofb7470/.json, https://www.reddit.com/r/mathmemes/comments/1sgzvxx/the_1phone/of91nzy/.json, https://www.reddit.com/r/mathmemes/comments/1sgzvxx/the_1phone/of9ci6s/.json, https://www.reddit.com/r/mathmemes/comments/1sgzvxx/the_1phone/of9wxbl/.json, https://www.reddit.com/r/mathmemes/comments/1sgzvxx/the_1phone/of9k1bm/.json, https://www.reddit.com/r/mathmemes/comments/1sgzvxx/the_1phone/of8zcum/.json, https://www.reddit.com/r/mathmemes/comments/1sgzvxx/the_1phone/ofa0g7l/.json, https://www.reddit.com/r/mathmemes/comments/1sgzvxx/the_1phone/ofa5zod/.json, https://www.reddit.com/r/mathmemes/comments/1sgzvxx/the_1phone/offp110/.json, https://www.reddit.com/r/mathmemes/comments/1sgzvxx/the_1phone/of8zjz7/.json, https://www.reddit.com/r/mathmemes/comments/1sgzvxx/the_1phone/of92yrj/.json, https://www.reddit.com/r/mathmemes/comments/1sgzvxx/the_1phone/of8y43z/.json, https://www.reddit.com/r/mathmemes/comments/1sgzvxx/the_1phone/of9mu9c/.json, https://www.reddit.com/r/mathmemes/comments/1sgzvxx/the_1phone/ofz0z35/.json, https://www.reddit.com/r/mathmemes/comments/1sgzvxx/the_1phone/og3rs9a/.json, https://www.reddit.com/r/mathmemes/comments/1sgzvxx/the_1phone/of8zv0b/.json, https://www.reddit.com/r/mathmemes/comments/1sgzvxx/the_1phone/ofh3fxq/.json, https://www.reddit.com/r/mathmemes/comments/1sgzvxx/the_1phone/of91w5f/.json, https://www.reddit.com/r/mathmemes/comments/1sgzvxx/the_1phone/ofa0rm4/.json, https://www.reddit.com/r/mathmemes/comments/1sgzvxx/the_1phone/of8yre0/.json, https://www.reddit.com/r/mathmemes/comments/1sgzvxx/the_1phone/of9h13c/.json, https://www.reddit.com/r/mathmemes/comments/1sgzvxx/the_1phone/of8zh2l/.json, https://www.reddit.com/gallery/1sgzvxx/.json, https://www.reddit.com/r/mathmemes/comments/1sgzvxx/the_1phone/ofa0htx/.json, https://www.reddit.com/r/mathmemes/comments/1sgzvxx/the_1phone/offotb4/.json, https://www.reddit.com/r/mathmemes/comments/1sgzvxx/the_1phone/of97qyw/.json, https://www.reddit.com/r/mathmemes/comments/1sgzvxx/the_1phone/ofa5wal/.json, https://www.reddit.com/r/mathmemes/comments/1sgzvxx/the_1phone/ofb0xdk/.json, https://www.reddit.com/r/mathmemes/comments/1sgzvxx/the_1phone/ofb2bw1/.json, https://www.reddit.com/r/mathmemes/comments/1sgzvxx/the_1phone/of957oj/.json, https://www.reddit.com/r/mathmemes/comments/1sgzvxx/the_1phone/of97od6/.json, https://www.reddit.com/r/mathmemes/comments/1sgzvxx/the_1phone/ofbs9jf/.json, https://www.reddit.com/r/mathmemes/comments/1sgzvxx/the_1phone/of92e0y/.json, https://www.reddit.com/r/mathmemes/comments/1sgzvxx/the_1phone/ofn3ocv/.json, https://www.reddit.com/r/mathmemes/comments/1sgzvxx/the_1phone/ofa7ep8/.json, https://www.reddit.com/r/mathmemes/comments/1sgzvxx/the_1phone/of9wysu/.json
[INFO] add cmd: [LoadPageCmd@3eb738bb, url:https://www.reddit.com/r/mathmemes/comments/1sgzvxx/the_1phone/of8zjz7/.json]
[INFO] add cmd: [LoadPageCmd@5bda8e08, url:https://www.reddit.com/r/mathmemes/comments/1sgzvxx/the_1phone/of957oj/.json]
[INFO] add cmd: [LoadPageCmd@1e800aaa, url:https://www.reddit.com/r/mathmemes/comments/1sgzvxx/the_1phone/of92yrj/.json]
[INFO] add cmd: [LoadPageCmd@185a6e9, url:https://www.reddit.com/r/mathmemes/comments/1sgzvxx/the_1phone/of9mu9c/.json]
[INFO] add cmd: [LoadPageCmd@6f03482, url:https://www.reddit.com/r/mathmemes/comments/1sgzvxx/the_1phone/of97tw7/.json]
[INFO] add cmd: [LoadPageCmd@9d5509a, url:https://www.reddit.com/r/mathmemes/comments/1sgzvxx/the_1phone/of9ci6s/.json]
[INFO] add cmd: [LoadPageCmd@179ece50, url:https://www.reddit.com/r/mathmemes/comments/1sgzvxx/the_1phone/of8zcum/.json]
[INFO] add cmd: [LoadPageCmd@3b0090a4, url:https://www.reddit.com/r/mathmemes/comments/1sgzvxx/the_1phone/of9wxbl/.json]
[INFO] add cmd: [LoadPageCmd@3cd3e762, url:https://www.reddit.com/r/mathmemes/comments/1sgzvxx/the_1phone/of8y43z/.json]
[INFO] add cmd: [LoadPageCmd@1fa121e2, url:https://www.reddit.com/r/mathmemes/comments/1sgzvxx/the_1phone/ofbs9jf/.json]
[INFO] add cmd: [LoadPageCmd@7eac9008, url:https://www.reddit.com/r/mathmemes/comments/1sgzvxx/the_1phone/of9k1bm/.json]
[INFO] add cmd: [LoadPageCmd@4116aac9, url:https://www.reddit.com/r/mathmemes/comments/1sgzvxx/the_1phone/ofa0rm4/.json]
[INFO] add cmd: [LoadPageCmd@62ddbd7e, url:https://www.reddit.com/r/mathmemes/comments/1sgzvxx/the_1phone/ofz0z35/.json]
[INFO] add cmd: [LoadPageCmd@74e52ef6, url:https://www.reddit.com/r/mathmemes/comments/1sgzvxx/the_1phone/of8zh2l/.json]
[INFO] add cmd: [LoadPageCmd@6ed3ccb2, url:https://www.reddit.com/r/mathmemes/comments/1sgzvxx/the_1phone/of8zv0b/.json]
[INFO] add cmd: [LoadPageCmd@1a677343, url:https://www.reddit.com/r/mathmemes/comments/1sgzvxx/the_1phone/of92e0y/.json]
[INFO] add cmd: [LoadPageCmd@15de0b3c, url:https://www.reddit.com/r/mathmemes/comments/1sgzvxx/the_1phone/ofa0htx/.json]
[INFO] add cmd: [LoadPageCmd@489115ef, url:https://www.reddit.com/r/mathmemes/comments/1sgzvxx/the_1phone/ofn3ocv/.json]
[INFO] add cmd: [LoadPageCmd@3857f613, url:https://www.reddit.com/r/mathmemes/comments/1sgzvxx/the_1phone/of91w5f/.json]
[INFO] add cmd: [LoadPageCmd@198b6731, url:https://www.reddit.com/r/mathmemes/comments/1sgzvxx/the_1phone/offotb4/.json]
[INFO] add cmd: [LoadPageCmd@7c6908d7, url:https://www.reddit.com/r/mathmemes/comments/1sgzvxx/the_1phone/of91nzy/.json]
[INFO] add cmd: [LoadPageCmd@3c9754d8, url:https://www.reddit.com/r/mathmemes/comments/1sgzvxx/the_1phone/of92iz0/.json]
[INFO] add cmd: [LoadPageCmd@3bf7ca37, url:https://www.reddit.com/r/mathmemes/comments/1sgzvxx/the_1phone/offoz6c/.json]
[INFO] add cmd: [LoadPageCmd@79079097, url:https://www.reddit.com/r/mathmemes/comments/1sgzvxx/the_1phone/of93wu1/.json]
[INFO] add cmd: [LoadPageCmd@4d1c00d0, url:https://www.reddit.com/r/mathmemes/comments/1sgzvxx/the_1phone/ofzoglc/.json]
[INFO] add cmd: [LoadPageCmd@4b2bac3f, url:https://www.reddit.com/r/mathmemes/comments/1sgzvxx/the_1phone/offp110/.json]
[INFO] add cmd: [LoadPageCmd@4e08711f, url:https://www.reddit.com/r/mathmemes/comments/1sgzvxx/the_1phone/ofa0g7l/.json]
[INFO] add cmd: [LoadPageCmd@bcec361, url:https://www.reddit.com/r/mathmemes/comments/1sgzvxx/the_1phone/of9wysu/.json]
[INFO] add cmd: [LoadPageCmd@26794848, url:https://www.reddit.com/r/mathmemes/comments/1sgzvxx/the_1phone/ofb0xdk/.json]
[INFO] add cmd: [LoadPageCmd@302552ec, url:https://www.reddit.com/r/mathmemes/comments/1sgzvxx/the_1phone/ofa7ep8/.json]
[INFO] add cmd: [LoadPageCmd@3d285d7e, url:https://www.reddit.com/r/mathmemes/comments/1sgzvxx/the_1phone/og3rs9a/.json]
[INFO] add cmd: [LoadPageCmd@40005471, url:https://www.reddit.com/r/mathmemes/comments/1sgzvxx/the_1phone/ofa5zod/.json]
[INFO] add cmd: [LoadPageCmd@2cd76f31, url:https://www.reddit.com/r/mathmemes/comments/1sgzvxx/the_1phone/ofbus8d/.json]
[INFO] add cmd: [LoadPageCmd@367ffa75, url:https://www.reddit.com/gallery/1sgzvxx/.json]
[INFO] add cmd: [LoadPageCmd@49438269, url:https://www.reddit.com/r/mathmemes/comments/1sgzvxx/the_1phone/of8yre0/.json]
[INFO] add cmd: [LoadPageCmd@ba2f4ec, url:https://www.reddit.com/r/mathmemes/comments/1sgzvxx/the_1phone/of97qyw/.json]
[INFO] add cmd: [LoadPageCmd@1c1bbc4e, url:https://www.reddit.com/r/mathmemes/comments/1sgzvxx/the_1phone/ofb7470/.json]
[INFO] add cmd: [LoadPageCmd@55fe41ea, url:https://www.reddit.com/r/mathmemes/comments/1sgzvxx/the_1phone/of9h13c/.json]
[INFO] add cmd: [LoadPageCmd@fbd1f6, url:https://www.reddit.com/r/mathmemes/comments/1sgzvxx/the_1phone/ofh3fxq/.json]
[INFO] add cmd: [LoadPageCmd@1ce24091, url:https://www.reddit.com/r/mathmemes/comments/1sgzvxx/the_1phone/ofb2bw1/.json]
[INFO] add cmd: [LoadPageCmd@5dda768f, url:https://www.reddit.com/r/mathmemes/comments/1sgzvxx/the_1phone/of9bpif/.json]
[INFO] add cmd: [LoadPageCmd@7a8c8dcf, url:https://www.reddit.com/r/mathmemes/comments/1sgzvxx/the_1phone/ofa0be3/.json]
[INFO] add cmd: [LoadPageCmd@24269709, url:https://www.reddit.com/r/mathmemes/comments/1sgzvxx/the_1phone/of97od6/.json]
[INFO] add cmd: [LoadPageCmd@2aceadd4, url:https://www.reddit.com/r/mathmemes/comments/1sgzvxx/the_1phone/ofa5wal/.json]
[INFO] add cmd: [LoadPageCmd@2a5c8d3f, url:https://www.reddit.com/user/KreeptonChronicler/.json]
[INFO] add cmd: [LoadPageCmd@752325ad, url:https://www.reddit.com/user/KreeptonChronicler/submitted/.json]
[INFO] add cmd: [LoadPageCmd@279fedbd, url:https://www.reddit.com/user/KreeptonChronicler/comments/.json]
[INFO] add cmd: [LoadPageCmd@b3ca52e, url:https://www.reddit.com/user/Aton_Otsos/.json]
[INFO] add cmd: [LoadPageCmd@45c7e403, url:https://www.reddit.com/user/Aton_Otsos/submitted/.json]
[INFO] add cmd: [LoadPageCmd@2925bf5b, url:https://www.reddit.com/user/Aton_Otsos/comments/.json]
[INFO] add cmd: [LoadPageCmd@710f4dc7, url:https://www.reddit.com/user/QaSpel/.json]
[INFO] add cmd: [LoadPageCmd@1ff4931d, url:https://www.reddit.com/user/QaSpel/submitted/.json]
[INFO] add cmd: [LoadPageCmd@65e98b1c, url:https://www.reddit.com/user/QaSpel/comments/.json]
[INFO] add cmd: [LoadPageCmd@61322f9d, url:https://www.reddit.com/user/jacob643/.json]
[INFO] add cmd: [LoadPageCmd@6ad82709, url:https://www.reddit.com/user/jacob643/submitted/.json]
[INFO] add cmd: [LoadPageCmd@510f3d34, url:https://www.reddit.com/user/jacob643/comments/.json]
[INFO] add cmd: [LoadPageCmd@7817fd62, url:https://www.reddit.com/user/cod3builder/.json]
[INFO] add cmd: [LoadPageCmd@8297b3a, url:https://www.reddit.com/user/cod3builder/submitted/.json]
[INFO] add cmd: [LoadPageCmd@2362f559, url:https://www.reddit.com/user/cod3builder/comments/.json]
[INFO] add cmd: [LoadPageCmd@b2c9a9c, url:https://www.reddit.com/user/Suspicious-Cut-3998/.json]
[INFO] add cmd: [LoadPageCmd@4c178a76, url:https://www.reddit.com/user/Suspicious-Cut-3998/submitted/.json]
[INFO] add cmd: [LoadPageCmd@fa4c865, url:https://www.reddit.com/user/Suspicious-Cut-3998/comments/.json]
[INFO] add cmd: [LoadPageCmd@3bd82cf5, url:https://www.reddit.com/user/M10doreddit/.json]
[INFO] add cmd: [LoadPageCmd@544fa968, url:https://www.reddit.com/user/M10doreddit/submitted/.json]
[INFO] add cmd: [LoadPageCmd@247bddad, url:https://www.reddit.com/user/M10doreddit/comments/.json]
[INFO] add cmd: [LoadPageCmd@d35dea7, url:https://www.reddit.com/user/thvirtuo/.json]
[INFO] add cmd: [LoadPageCmd@7770f470, url:https://www.reddit.com/user/thvirtuo/submitted/.json]
[INFO] add cmd: [LoadPageCmd@5e5d171f, url:https://www.reddit.com/user/thvirtuo/comments/.json]
[INFO] add cmd: [LoadPageCmd@24313fcc, url:https://www.reddit.com/user/AbdullahMRiad/.json]
[INFO] add cmd: [LoadPageCmd@7d20d0b, url:https://www.reddit.com/user/AbdullahMRiad/submitted/.json]
[INFO] add cmd: [LoadPageCmd@77f1baf5, url:https://www.reddit.com/user/AbdullahMRiad/comments/.json]
[INFO] add cmd: [LoadPageCmd@41a2befb, url:https://www.reddit.com/user/Frostbyte_13/.json]
[INFO] add cmd: [LoadPageCmd@6c40365c, url:https://www.reddit.com/user/Frostbyte_13/submitted/.json]
[INFO] add cmd: [LoadPageCmd@7bedc48a, url:https://www.reddit.com/user/Frostbyte_13/comments/.json]
[INFO] add cmd: [LoadPageCmd@131ef10, url:https://www.reddit.com/user/guest111i/.json]
[INFO] add cmd: [LoadPageCmd@55b0dcab, url:https://www.reddit.com/user/guest111i/submitted/.json]
[INFO] add cmd: [LoadPageCmd@38afe297, url:https://www.reddit.com/user/guest111i/comments/.json]
[INFO] add cmd: [LoadPageCmd@2df3b89c, url:https://www.reddit.com/user/[deleted]/.json]
[INFO] add cmd: [LoadPageCmd@23348b5d, url:https://www.reddit.com/user/[deleted]/submitted/.json]
[INFO] add cmd: [LoadPageCmd@70325e14, url:https://www.reddit.com/user/[deleted]/comments/.json]
[INFO] add cmd: [LoadPageCmd@37ceb1df, url:https://www.reddit.com/user/Royal_Lustir/.json]
[INFO] add cmd: [LoadPageCmd@7c9d8e2, url:https://www.reddit.com/user/Royal_Lustir/submitted/.json]
[INFO] add cmd: [LoadPageCmd@20d525, url:https://www.reddit.com/user/Royal_Lustir/comments/.json]
[INFO] add cmd: [LoadPageCmd@6200f9cb, url:https://www.reddit.com/user/NefariousnessFar7826/.json]
[INFO] add cmd: [LoadPageCmd@2002fc1d, url:https://www.reddit.com/user/NefariousnessFar7826/submitted/.json]
[INFO] add cmd: [LoadPageCmd@69453e37, url:https://www.reddit.com/user/NefariousnessFar7826/comments/.json]
[INFO] add cmd: [LoadPageCmd@6f4a47c7, url:https://www.reddit.com/user/rorodar/.json]
[INFO] add cmd: [LoadPageCmd@ae13544, url:https://www.reddit.com/user/rorodar/submitted/.json]
[INFO] add cmd: [LoadPageCmd@3d34d211, url:https://www.reddit.com/user/rorodar/comments/.json]
[INFO] add cmd: [LoadPageCmd@7dc0f706, url:https://www.reddit.com/user/Frannnnnnnnn/.json]
[INFO] add cmd: [LoadPageCmd@4009e306, url:https://www.reddit.com/user/Frannnnnnnnn/submitted/.json]
[INFO] add cmd: [LoadPageCmd@43c1b556, url:https://www.reddit.com/user/Frannnnnnnnn/comments/.json]
[INFO] add cmd: [LoadPageCmd@587e5365, url:https://www.reddit.com/user/Rude_Anywhere_/.json]
[INFO] add cmd: [LoadPageCmd@22fcf7ab, url:https://www.reddit.com/user/Rude_Anywhere_/submitted/.json]
[INFO] add cmd: [LoadPageCmd@2de23121, url:https://www.reddit.com/user/Rude_Anywhere_/comments/.json]
[INFO] add cmd: [LoadPageCmd@63475ace, url:https://www.reddit.com/user/the3gs/.json]
[INFO] add cmd: [LoadPageCmd@4988d8b8, url:https://www.reddit.com/user/the3gs/submitted/.json]
[INFO] add cmd: [LoadPageCmd@c0c2f8d, url:https://www.reddit.com/user/the3gs/comments/.json]
[INFO] add cmd: [LoadPageCmd@305b7c14, url:https://www.reddit.com/user/AutoModerator/.json]
[INFO] add cmd: [LoadPageCmd@6913c1fb, url:https://www.reddit.com/user/AutoModerator/submitted/.json]
[INFO] add cmd: [LoadPageCmd@66d18979, url:https://www.reddit.com/user/AutoModerator/comments/.json]
[INFO] add cmd: [LoadPageCmd@bccb269, url:https://www.reddit.com/user/juanohulomo1234/.json]
[INFO] add cmd: [LoadPageCmd@609cd4d8, url:https://www.reddit.com/user/juanohulomo1234/submitted/.json]
[INFO] add cmd: [LoadPageCmd@17f7cd29, url:https://www.reddit.com/user/juanohulomo1234/comments/.json]
[INFO] add cmd: [LoadPageCmd@7d8704ef, url:https://www.reddit.com/user/martyboulders/.json]
[INFO] add cmd: [LoadPageCmd@13b6aecc, url:https://www.reddit.com/user/martyboulders/submitted/.json]
[INFO] add cmd: [LoadPageCmd@158a8276, url:https://www.reddit.com/user/martyboulders/comments/.json]
[INFO] add cmd: [LoadPageCmd@3c3d9b6b, url:https://www.reddit.com/user/johnporksigma/.json]
[INFO] add cmd: [LoadPageCmd@79d8407f, url:https://www.reddit.com/user/johnporksigma/submitted/.json]
[INFO] add cmd: [LoadPageCmd@5fbe4146, url:https://www.reddit.com/user/johnporksigma/comments/.json]
[INFO] add cmd: [LoadPageCmd@1e66f1f5, url:https://www.reddit.com/user/drLoveF/.json]
[INFO] add cmd: [LoadPageCmd@4e50c791, url:https://www.reddit.com/user/drLoveF/submitted/.json]
[INFO] add cmd: [LoadPageCmd@7530ad9c, url:https://www.reddit.com/user/drLoveF/comments/.json]
[INFO] add cmd: [LoadPageCmd@58a9760d, url:https://www.reddit.com/user/Zziggith/.json]
[INFO] add cmd: [LoadPageCmd@71e9ddb4, url:https://www.reddit.com/user/Zziggith/submitted/.json]
[INFO] add cmd: [LoadPageCmd@394df057, url:https://www.reddit.com/user/Zziggith/comments/.json]
[INFO] add cmd: [LoadPageCmd@5aebe890, url:https://www.reddit.com/r/mathmemes/.json]
[INFO] remove cmd: [LoadPageCmd@31dc339b, url:https://www.reddit.com/r/mathmemes/comments/1sgzvxx/the_1phone/.json]
[INFO] get cmd: [LoadPageCmd@20d525, url:https://www.reddit.com/user/Royal_Lustir/comments/.json]
[INFO] run cmd: [LoadPageCmd@20d525, url:https://www.reddit.com/user/Royal_Lustir/comments/.json]
[INFO] LoadPageCmd.run on https://www.reddit.com/user/Royal_Lustir/comments/.json
[INFO] LoadPageCmd.run succesfull loaded (200) https://www.reddit.com/user/Royal_Lustir/comments/.json
[INFO] Found 25 new Reddit URLs: /r/AllAboutBodybuilding/comments/1t5c3l3/22_6ft_95kg_88kg_35_months_difference/okepqxz/, /r/MathJokes/comments/1t87eky/the_people_have_spoken_your_inverse_factorial/okukoaf/, /r/funComunitty/comments/1t8690u/v5_day_5_adding_thr_top_comment_to_this_image/oku2asx/, /r/matiks/comments/1t7nmo6/the_onion_graph_follow_yx_and_hop_on_matiks_to/oku2kwg/, /r/stupidAI/comments/1t6sodq/ai_cant_spell/oku2wiv/, /r/u_MTF-Site19/comments/1t6azqc/hi/oku5ad6/, /r/scoopwhoop/comments/1t3e3iv/would_u_dare_to_eat/okuimpf/, /r/MathJokes/comments/1t87eky/the_people_have_spoken_your_inverse_factorial/oku40qo/, /r/TeenagersButGoodMods/comments/1t80yc9/ask_anything/oku3dqr/, /r/unexpectedfactorial/comments/1t73gme/im_not_so_sure_about_that/okpkqm7/, /r/teenagers/comments/1t7eh28/which_is_the_correct_way_to_measure_a_branch/okpll76/, /r/unexpectedfactorial/comments/1t6l9p6/got_a_lot/oktz0oq/, /r/RocketLeague/comments/1t830yg/any_way_to_see_the_car_hitbox_without_bakkes/okulmr2/, /r/teenagers/comments/1t7eh28/which_is_the_correct_way_to_measure_a_branch/okpl99h/, /r/unexpectedfactorial/comments/1t5v545/factorialception/okeqc57/, /r/MathJokes/comments/1t87eky/the_people_have_spoken_your_inverse_factorial/oku5ht8/, /r/MathJokes/comments/1t87eky/the_people_have_spoken_your_inverse_factorial/oku4wem/, /r/scoopwhoop/comments/1t3e3iv/would_u_dare_to_eat/okuj7jq/, /r/u_MTF-Site19/comments/1t6azqc/hi/okuk4z7/, /r/u_MTF-Site19/comments/1t6azqc/hi/oku229m/, /r/addressme/comments/1t7j18t/do_you_guys_think_i_would_get_sick_from_taking_2/oktzrsf/, /r/matiks/comments/1t7nhq9/pringles_isnt_the_same_as_before/okui6hs/, /r/technicallythetruth/comments/1t63ou0/her_last_name_is_really_best/okep0sj/, /r/youll_be_banned/comments/1t8dxwo/what_song_is_this_for_you/okvgf58/, /r/teenagers/comments/1t66iwr/the_number_of_times_this_guy_had_to_edit_it/okfa9yf/
[INFO] Found 14 new subreddits: u_MTF-Site19, stupidAI, technicallythetruth, RocketLeague, addressme, teenagers, youll_be_banned, MathJokes, AllAboutBodybuilding, scoopwhoop, TeenagersButGoodMods, matiks, unexpectedfactorial, funComunitty
[INFO] Queued 25 new pages: https://www.reddit.com/r/unexpectedfactorial/comments/1t6l9p6/got_a_lot/oktz0oq/.json, https://www.reddit.com/r/MathJokes/comments/1t87eky/the_people_have_spoken_your_inverse_factorial/oku4wem/.json, https://www.reddit.com/r/teenagers/comments/1t66iwr/the_number_of_times_this_guy_had_to_edit_it/okfa9yf/.json, https://www.reddit.com/r/stupidAI/comments/1t6sodq/ai_cant_spell/oku2wiv/.json, https://www.reddit.com/r/unexpectedfactorial/comments/1t5v545/factorialception/okeqc57/.json, https://www.reddit.com/r/RocketLeague/comments/1t830yg/any_way_to_see_the_car_hitbox_without_bakkes/okulmr2/.json, https://www.reddit.com/r/technicallythetruth/comments/1t63ou0/her_last_name_is_really_best/okep0sj/.json, https://www.reddit.com/r/MathJokes/comments/1t87eky/the_people_have_spoken_your_inverse_factorial/oku40qo/.json, https://www.reddit.com/r/u_MTF-Site19/comments/1t6azqc/hi/oku5ad6/.json, https://www.reddit.com/r/u_MTF-Site19/comments/1t6azqc/hi/okuk4z7/.json, https://www.reddit.com/r/AllAboutBodybuilding/comments/1t5c3l3/22_6ft_95kg_88kg_35_months_difference/okepqxz/.json, https://www.reddit.com/r/funComunitty/comments/1t8690u/v5_day_5_adding_thr_top_comment_to_this_image/oku2asx/.json, https://www.reddit.com/r/matiks/comments/1t7nmo6/the_onion_graph_follow_yx_and_hop_on_matiks_to/oku2kwg/.json, https://www.reddit.com/r/youll_be_banned/comments/1t8dxwo/what_song_is_this_for_you/okvgf58/.json, https://www.reddit.com/r/matiks/comments/1t7nhq9/pringles_isnt_the_same_as_before/okui6hs/.json, https://www.reddit.com/r/MathJokes/comments/1t87eky/the_people_have_spoken_your_inverse_factorial/oku5ht8/.json, https://www.reddit.com/r/teenagers/comments/1t7eh28/which_is_the_correct_way_to_measure_a_branch/okpl99h/.json, https://www.reddit.com/r/TeenagersButGoodMods/comments/1t80yc9/ask_anything/oku3dqr/.json, https://www.reddit.com/r/addressme/comments/1t7j18t/do_you_guys_think_i_would_get_sick_from_taking_2/oktzrsf/.json, https://www.reddit.com/r/scoopwhoop/comments/1t3e3iv/would_u_dare_to_eat/okuj7jq/.json, https://www.reddit.com/r/u_MTF-Site19/comments/1t6azqc/hi/oku229m/.json, https://www.reddit.com/r/teenagers/comments/1t7eh28/which_is_the_correct_way_to_measure_a_branch/okpll76/.json, https://www.reddit.com/r/MathJokes/comments/1t87eky/the_people_have_spoken_your_inverse_factorial/okukoaf/.json, https://www.reddit.com/r/scoopwhoop/comments/1t3e3iv/would_u_dare_to_eat/okuimpf/.json, https://www.reddit.com/r/unexpectedfactorial/comments/1t73gme/im_not_so_sure_about_that/okpkqm7/.json
[INFO] add cmd: [LoadPageCmd@45b4c3a9, url:https://www.reddit.com/r/AllAboutBodybuilding/comments/1t5c3l3/22_6ft_95kg_88kg_35_months_difference/okepqxz/.json]
[INFO] add cmd: [LoadPageCmd@399c4be1, url:https://www.reddit.com/r/MathJokes/comments/1t87eky/the_people_have_spoken_your_inverse_factorial/okukoaf/.json]
[INFO] add cmd: [LoadPageCmd@291caca8, url:https://www.reddit.com/r/funComunitty/comments/1t8690u/v5_day_5_adding_thr_top_comment_to_this_image/oku2asx/.json]
[INFO] add cmd: [LoadPageCmd@385e9564, url:https://www.reddit.com/r/matiks/comments/1t7nmo6/the_onion_graph_follow_yx_and_hop_on_matiks_to/oku2kwg/.json]
[INFO] add cmd: [LoadPageCmd@5b94b04d, url:https://www.reddit.com/r/stupidAI/comments/1t6sodq/ai_cant_spell/oku2wiv/.json]
[INFO] add cmd: [LoadPageCmd@8c3b9d, url:https://www.reddit.com/r/u_MTF-Site19/comments/1t6azqc/hi/oku5ad6/.json]
[INFO] add cmd: [LoadPageCmd@4c39bec8, url:https://www.reddit.com/r/scoopwhoop/comments/1t3e3iv/would_u_dare_to_eat/okuimpf/.json]
[INFO] add cmd: [LoadPageCmd@f79e, url:https://www.reddit.com/r/MathJokes/comments/1t87eky/the_people_have_spoken_your_inverse_factorial/oku40qo/.json]
[INFO] add cmd: [LoadPageCmd@7ee8290b, url:https://www.reddit.com/r/TeenagersButGoodMods/comments/1t80yc9/ask_anything/oku3dqr/.json]
[INFO] add cmd: [LoadPageCmd@1f59a598, url:https://www.reddit.com/r/unexpectedfactorial/comments/1t73gme/im_not_so_sure_about_that/okpkqm7/.json]
[INFO] add cmd: [LoadPageCmd@1e178745, url:https://www.reddit.com/r/teenagers/comments/1t7eh28/which_is_the_correct_way_to_measure_a_branch/okpll76/.json]
[INFO] add cmd: [LoadPageCmd@192c3f1e, url:https://www.reddit.com/r/unexpectedfactorial/comments/1t6l9p6/got_a_lot/oktz0oq/.json]
[INFO] add cmd: [LoadPageCmd@26b3fd41, url:https://www.reddit.com/r/RocketLeague/comments/1t830yg/any_way_to_see_the_car_hitbox_without_bakkes/okulmr2/.json]
[INFO] add cmd: [LoadPageCmd@7494f96a, url:https://www.reddit.com/r/teenagers/comments/1t7eh28/which_is_the_correct_way_to_measure_a_branch/okpl99h/.json]
[INFO] add cmd: [LoadPageCmd@561b6512, url:https://www.reddit.com/r/unexpectedfactorial/comments/1t5v545/factorialception/okeqc57/.json]
[INFO] add cmd: [LoadPageCmd@2e377400, url:https://www.reddit.com/r/MathJokes/comments/1t87eky/the_people_have_spoken_your_inverse_factorial/oku5ht8/.json]
[INFO] add cmd: [LoadPageCmd@1757cd72, url:https://www.reddit.com/r/MathJokes/comments/1t87eky/the_people_have_spoken_your_inverse_factorial/oku4wem/.json]
[INFO] add cmd: [LoadPageCmd@445b295b, url:https://www.reddit.com/r/scoopwhoop/comments/1t3e3iv/would_u_dare_to_eat/okuj7jq/.json]
[INFO] add cmd: [LoadPageCmd@49e5f737, url:https://www.reddit.com/r/u_MTF-Site19/comments/1t6azqc/hi/okuk4z7/.json]
[INFO] add cmd: [LoadPageCmd@5c671d7f, url:https://www.reddit.com/r/u_MTF-Site19/comments/1t6azqc/hi/oku229m/.json]
[INFO] add cmd: [LoadPageCmd@757277dc, url:https://www.reddit.com/r/addressme/comments/1t7j18t/do_you_guys_think_i_would_get_sick_from_taking_2/oktzrsf/.json]
[INFO] add cmd: [LoadPageCmd@687e99d8, url:https://www.reddit.com/r/matiks/comments/1t7nhq9/pringles_isnt_the_same_as_before/okui6hs/.json]
[INFO] add cmd: [LoadPageCmd@e4487af, url:https://www.reddit.com/r/technicallythetruth/comments/1t63ou0/her_last_name_is_really_best/okep0sj/.json]
[INFO] add cmd: [LoadPageCmd@6aaceffd, url:https://www.reddit.com/r/youll_be_banned/comments/1t8dxwo/what_song_is_this_for_you/okvgf58/.json]
[INFO] add cmd: [LoadPageCmd@c86b9e3, url:https://www.reddit.com/r/teenagers/comments/1t66iwr/the_number_of_times_this_guy_had_to_edit_it/okfa9yf/.json]
[INFO] add cmd: [LoadPageCmd@10aa41f2, url:https://www.reddit.com/user/Royal_Lustir/.json]
[INFO] add cmd: [LoadPageCmd@3af9c5b7, url:https://www.reddit.com/user/Royal_Lustir/submitted/.json]
[INFO] add cmd: [LoadPageCmd@37271612, url:https://www.reddit.com/user/Royal_Lustir/comments/.json]
[INFO] add cmd: [LoadPageCmd@ed7f8b4, url:https://www.reddit.com/r/u_MTF-Site19/.json]
[INFO] add cmd: [LoadPageCmd@4c309d4d, url:https://www.reddit.com/r/stupidAI/.json]
[INFO] add cmd: [LoadPageCmd@38102d01, url:https://www.reddit.com/r/technicallythetruth/.json]
[INFO] add cmd: [LoadPageCmd@37883b97, url:https://www.reddit.com/r/RocketLeague/.json]
[INFO] add cmd: [LoadPageCmd@6ab778a, url:https://www.reddit.com/r/addressme/.json]
[INFO] add cmd: [LoadPageCmd@4e3958e7, url:https://www.reddit.com/r/teenagers/.json]
[INFO] add cmd: [LoadPageCmd@77f80c04, url:https://www.reddit.com/r/youll_be_banned/.json]
[INFO] add cmd: [LoadPageCmd@1dac5ef, url:https://www.reddit.com/r/MathJokes/.json]
[INFO] add cmd: [LoadPageCmd@5c90e579, url:https://www.reddit.com/r/AllAboutBodybuilding/.json]
[INFO] add cmd: [LoadPageCmd@58ea606c, url:https://www.reddit.com/r/scoopwhoop/.json]
[INFO] add cmd: [LoadPageCmd@6f45df59, url:https://www.reddit.com/r/TeenagersButGoodMods/.json]
[INFO] add cmd: [LoadPageCmd@38e79ae3, url:https://www.reddit.com/r/matiks/.json]
[INFO] add cmd: [LoadPageCmd@63070bab, url:https://www.reddit.com/r/unexpectedfactorial/.json]
[INFO] add cmd: [LoadPageCmd@68e5eea7, url:https://www.reddit.com/r/funComunitty/.json]
[INFO] remove cmd: [LoadPageCmd@20d525, url:https://www.reddit.com/user/Royal_Lustir/comments/.json]
[INFO] get cmd: [LoadPageCmd@23348b5d, url:https://www.reddit.com/user/[deleted]/submitted/.json]
[INFO] run cmd: [LoadPageCmd@23348b5d, url:https://www.reddit.com/user/[deleted]/submitted/.json]
[INFO] LoadPageCmd.run on https://www.reddit.com/user/[deleted]/submitted/.json
[ERR] Runtime error on https://www.reddit.com/user/[deleted]/submitted/.json: Illegal character in path at index 28: https://www.reddit.com/user/[deleted]/submitted/.json
[INFO] remove cmd: [LoadPageCmd@23348b5d, url:https://www.reddit.com/user/[deleted]/submitted/.json]
