[INFO] Collector initialized
[INFO] random seed: 249
[INFO] add cmd: [reddit_collect_pascage.LoadPageCmd@69a76b74, url:https://www.reddit.com/r/mathmemes/comments/1sgzvxx/the_1phone/.json]
[INFO] get cmd: [reddit_collect_pascage.LoadPageCmd@69a76b74, url:https://www.reddit.com/r/mathmemes/comments/1sgzvxx/the_1phone/.json]
[INFO] run cmd: [reddit_collect_pascage.LoadPageCmd@69a76b74, url:https://www.reddit.com/r/mathmemes/comments/1sgzvxx/the_1phone/.json]
[INFO] LoadPageCmd.run on https://www.reddit.com/r/mathmemes/comments/1sgzvxx/the_1phone/.json
[INFO] LoadPageCmd.run succesfull loaded (200) https://www.reddit.com/r/mathmemes/comments/1sgzvxx/the_1phone/.json
[INFO] Found 44 new Reddit URLs: /r/mathmemes/comments/1sgzvxx/the_1phone/of8zjz7/, /r/mathmemes/comments/1sgzvxx/the_1phone/of957oj/, /r/mathmemes/comments/1sgzvxx/the_1phone/of92yrj/, /r/mathmemes/comments/1sgzvxx/the_1phone/of9mu9c/, /r/mathmemes/comments/1sgzvxx/the_1phone/of97tw7/, /r/mathmemes/comments/1sgzvxx/the_1phone/of9ci6s/, /r/mathmemes/comments/1sgzvxx/the_1phone/of8zcum/, /r/mathmemes/comments/1sgzvxx/the_1phone/of9wxbl/, /r/mathmemes/comments/1sgzvxx/the_1phone/of8y43z/, /r/mathmemes/comments/1sgzvxx/the_1phone/ofbs9jf/, /r/mathmemes/comments/1sgzvxx/the_1phone/of9k1bm/, /r/mathmemes/comments/1sgzvxx/the_1phone/ofa0rm4/, /r/mathmemes/comments/1sgzvxx/the_1phone/ofz0z35/, /r/mathmemes/comments/1sgzvxx/the_1phone/of8zh2l/, /r/mathmemes/comments/1sgzvxx/the_1phone/of8zv0b/, /r/mathmemes/comments/1sgzvxx/the_1phone/of92e0y/, /r/mathmemes/comments/1sgzvxx/the_1phone/ofa0htx/, /r/mathmemes/comments/1sgzvxx/the_1phone/ofn3ocv/, /r/mathmemes/comments/1sgzvxx/the_1phone/of91w5f/, /r/mathmemes/comments/1sgzvxx/the_1phone/offotb4/, /r/mathmemes/comments/1sgzvxx/the_1phone/of91nzy/, /r/mathmemes/comments/1sgzvxx/the_1phone/of92iz0/, /r/mathmemes/comments/1sgzvxx/the_1phone/offoz6c/, /r/mathmemes/comments/1sgzvxx/the_1phone/of93wu1/, /r/mathmemes/comments/1sgzvxx/the_1phone/ofzoglc/, /r/mathmemes/comments/1sgzvxx/the_1phone/offp110/, /r/mathmemes/comments/1sgzvxx/the_1phone/ofa0g7l/, /r/mathmemes/comments/1sgzvxx/the_1phone/of9wysu/, /r/mathmemes/comments/1sgzvxx/the_1phone/ofb0xdk/, /r/mathmemes/comments/1sgzvxx/the_1phone/ofa7ep8/, /r/mathmemes/comments/1sgzvxx/the_1phone/og3rs9a/, /r/mathmemes/comments/1sgzvxx/the_1phone/ofa5zod/, /r/mathmemes/comments/1sgzvxx/the_1phone/ofbus8d/, https://www.reddit.com/gallery/1sgzvxx, /r/mathmemes/comments/1sgzvxx/the_1phone/of8yre0/, /r/mathmemes/comments/1sgzvxx/the_1phone/of97qyw/, /r/mathmemes/comments/1sgzvxx/the_1phone/ofb7470/, /r/mathmemes/comments/1sgzvxx/the_1phone/of9h13c/, /r/mathmemes/comments/1sgzvxx/the_1phone/ofh3fxq/, /r/mathmemes/comments/1sgzvxx/the_1phone/ofb2bw1/, /r/mathmemes/comments/1sgzvxx/the_1phone/of9bpif/, /r/mathmemes/comments/1sgzvxx/the_1phone/ofa0be3/, /r/mathmemes/comments/1sgzvxx/the_1phone/of97od6/, /r/mathmemes/comments/1sgzvxx/the_1phone/ofa5wal/
[INFO] Found 24 new usernames: KreeptonChronicler, Aton_Otsos, QaSpel, jacob643, cod3builder, Suspicious-Cut-3998, M10doreddit, thvirtuo, AbdullahMRiad, Frostbyte_13, guest111i, [deleted], Royal_Lustir, NefariousnessFar7826, rorodar, Frannnnnnnnn, Rude_Anywhere_, the3gs, AutoModerator, juanohulomo1234, martyboulders, johnporksigma, drLoveF, Zziggith
[INFO] Found 1 new subreddits: mathmemes
[INFO] Queued 44 new pages: https://www.reddit.com/r/mathmemes/comments/1sgzvxx/the_1phone/offoz6c/.json, https://www.reddit.com/r/mathmemes/comments/1sgzvxx/the_1phone/ofzoglc/.json, https://www.reddit.com/r/mathmemes/comments/1sgzvxx/the_1phone/ofbus8d/.json, https://www.reddit.com/r/mathmemes/comments/1sgzvxx/the_1phone/of93wu1/.json, https://www.reddit.com/r/mathmemes/comments/1sgzvxx/the_1phone/of97tw7/.json, https://www.reddit.com/r/mathmemes/comments/1sgzvxx/the_1phone/of92iz0/.json, https://www.reddit.com/r/mathmemes/comments/1sgzvxx/the_1phone/of9bpif/.json, https://www.reddit.com/r/mathmemes/comments/1sgzvxx/the_1phone/ofa0be3/.json, https://www.reddit.com/r/mathmemes/comments/1sgzvxx/the_1phone/ofb7470/.json, https://www.reddit.com/r/mathmemes/comments/1sgzvxx/the_1phone/of91nzy/.json, https://www.reddit.com/r/mathmemes/comments/1sgzvxx/the_1phone/of9ci6s/.json, https://www.reddit.com/r/mathmemes/comments/1sgzvxx/the_1phone/of9wxbl/.json, https://www.reddit.com/r/mathmemes/comments/1sgzvxx/the_1phone/of9k1bm/.json, https://www.reddit.com/r/mathmemes/comments/1sgzvxx/the_1phone/of8zcum/.json, https://www.reddit.com/r/mathmemes/comments/1sgzvxx/the_1phone/ofa0g7l/.json, https://www.reddit.com/r/mathmemes/comments/1sgzvxx/the_1phone/ofa5zod/.json, https://www.reddit.com/r/mathmemes/comments/1sgzvxx/the_1phone/offp110/.json, https://www.reddit.com/r/mathmemes/comments/1sgzvxx/the_1phone/of8zjz7/.json, https://www.reddit.com/r/mathmemes/comments/1sgzvxx/the_1phone/of92yrj/.json, https://www.reddit.com/r/mathmemes/comments/1sgzvxx/the_1phone/of8y43z/.json, https://www.reddit.com/r/mathmemes/comments/1sgzvxx/the_1phone/of9mu9c/.json, https://www.reddit.com/r/mathmemes/comments/1sgzvxx/the_1phone/ofz0z35/.json, https://www.reddit.com/r/mathmemes/comments/1sgzvxx/the_1phone/og3rs9a/.json, https://www.reddit.com/r/mathmemes/comments/1sgzvxx/the_1phone/of8zv0b/.json, https://www.reddit.com/r/mathmemes/comments/1sgzvxx/the_1phone/ofh3fxq/.json, https://www.reddit.com/r/mathmemes/comments/1sgzvxx/the_1phone/of91w5f/.json, https://www.reddit.com/r/mathmemes/comments/1sgzvxx/the_1phone/ofa0rm4/.json, https://www.reddit.com/r/mathmemes/comments/1sgzvxx/the_1phone/of8yre0/.json, https://www.reddit.com/r/mathmemes/comments/1sgzvxx/the_1phone/of9h13c/.json, https://www.reddit.com/r/mathmemes/comments/1sgzvxx/the_1phone/of8zh2l/.json, https://www.reddit.com/gallery/1sgzvxx/.json, https://www.reddit.com/r/mathmemes/comments/1sgzvxx/the_1phone/ofa0htx/.json, https://www.reddit.com/r/mathmemes/comments/1sgzvxx/the_1phone/offotb4/.json, https://www.reddit.com/r/mathmemes/comments/1sgzvxx/the_1phone/of97qyw/.json, https://www.reddit.com/r/mathmemes/comments/1sgzvxx/the_1phone/ofa5wal/.json, https://www.reddit.com/r/mathmemes/comments/1sgzvxx/the_1phone/ofb0xdk/.json, https://www.reddit.com/r/mathmemes/comments/1sgzvxx/the_1phone/ofb2bw1/.json, https://www.reddit.com/r/mathmemes/comments/1sgzvxx/the_1phone/of957oj/.json, https://www.reddit.com/r/mathmemes/comments/1sgzvxx/the_1phone/of97od6/.json, https://www.reddit.com/r/mathmemes/comments/1sgzvxx/the_1phone/ofbs9jf/.json, https://www.reddit.com/r/mathmemes/comments/1sgzvxx/the_1phone/of92e0y/.json, https://www.reddit.com/r/mathmemes/comments/1sgzvxx/the_1phone/ofn3ocv/.json, https://www.reddit.com/r/mathmemes/comments/1sgzvxx/the_1phone/ofa7ep8/.json, https://www.reddit.com/r/mathmemes/comments/1sgzvxx/the_1phone/of9wysu/.json
[INFO] add cmd: [reddit_collect_pascage.LoadPageCmd@35d3202b, url:https://www.reddit.com/r/mathmemes/comments/1sgzvxx/the_1phone/of8zjz7/.json]
[INFO] add cmd: [reddit_collect_pascage.LoadPageCmd@2dfd157b, url:https://www.reddit.com/r/mathmemes/comments/1sgzvxx/the_1phone/of957oj/.json]
[INFO] add cmd: [reddit_collect_pascage.LoadPageCmd@64381526, url:https://www.reddit.com/r/mathmemes/comments/1sgzvxx/the_1phone/of92yrj/.json]
[INFO] add cmd: [reddit_collect_pascage.LoadPageCmd@46290193, url:https://www.reddit.com/r/mathmemes/comments/1sgzvxx/the_1phone/of9mu9c/.json]
[INFO] add cmd: [reddit_collect_pascage.LoadPageCmd@6ad7a305, url:https://www.reddit.com/r/mathmemes/comments/1sgzvxx/the_1phone/of97tw7/.json]
[INFO] add cmd: [reddit_collect_pascage.LoadPageCmd@2fc435e9, url:https://www.reddit.com/r/mathmemes/comments/1sgzvxx/the_1phone/of9ci6s/.json]
[INFO] add cmd: [reddit_collect_pascage.LoadPageCmd@bf18412, url:https://www.reddit.com/r/mathmemes/comments/1sgzvxx/the_1phone/of8zcum/.json]
[INFO] add cmd: [reddit_collect_pascage.LoadPageCmd@5da2966, url:https://www.reddit.com/r/mathmemes/comments/1sgzvxx/the_1phone/of9wxbl/.json]
[INFO] add cmd: [reddit_collect_pascage.LoadPageCmd@52c27d53, url:https://www.reddit.com/r/mathmemes/comments/1sgzvxx/the_1phone/of8y43z/.json]
[INFO] add cmd: [reddit_collect_pascage.LoadPageCmd@5ca7619f, url:https://www.reddit.com/r/mathmemes/comments/1sgzvxx/the_1phone/ofbs9jf/.json]
[INFO] add cmd: [reddit_collect_pascage.LoadPageCmd@5b71af0d, url:https://www.reddit.com/r/mathmemes/comments/1sgzvxx/the_1phone/of9k1bm/.json]
[INFO] add cmd: [reddit_collect_pascage.LoadPageCmd@fb42c1c, url:https://www.reddit.com/r/mathmemes/comments/1sgzvxx/the_1phone/ofa0rm4/.json]
[INFO] add cmd: [reddit_collect_pascage.LoadPageCmd@4edde05c, url:https://www.reddit.com/r/mathmemes/comments/1sgzvxx/the_1phone/ofz0z35/.json]
[INFO] add cmd: [reddit_collect_pascage.LoadPageCmd@2911db81, url:https://www.reddit.com/r/mathmemes/comments/1sgzvxx/the_1phone/of8zh2l/.json]
[INFO] add cmd: [reddit_collect_pascage.LoadPageCmd@7fce1069, url:https://www.reddit.com/r/mathmemes/comments/1sgzvxx/the_1phone/of8zv0b/.json]
[INFO] add cmd: [reddit_collect_pascage.LoadPageCmd@51b41740, url:https://www.reddit.com/r/mathmemes/comments/1sgzvxx/the_1phone/of92e0y/.json]
[INFO] add cmd: [reddit_collect_pascage.LoadPageCmd@70cac22a, url:https://www.reddit.com/r/mathmemes/comments/1sgzvxx/the_1phone/ofa0htx/.json]
[INFO] add cmd: [reddit_collect_pascage.LoadPageCmd@57a0c261, url:https://www.reddit.com/r/mathmemes/comments/1sgzvxx/the_1phone/ofn3ocv/.json]
[INFO] add cmd: [reddit_collect_pascage.LoadPageCmd@5862dda4, url:https://www.reddit.com/r/mathmemes/comments/1sgzvxx/the_1phone/of91w5f/.json]
[INFO] add cmd: [reddit_collect_pascage.LoadPageCmd@299ddfff, url:https://www.reddit.com/r/mathmemes/comments/1sgzvxx/the_1phone/offotb4/.json]
[INFO] add cmd: [reddit_collect_pascage.LoadPageCmd@fe09374, url:https://www.reddit.com/r/mathmemes/comments/1sgzvxx/the_1phone/of91nzy/.json]
[INFO] add cmd: [reddit_collect_pascage.LoadPageCmd@5e02fb23, url:https://www.reddit.com/r/mathmemes/comments/1sgzvxx/the_1phone/of92iz0/.json]
[INFO] add cmd: [reddit_collect_pascage.LoadPageCmd@104392ba, url:https://www.reddit.com/r/mathmemes/comments/1sgzvxx/the_1phone/offoz6c/.json]
[INFO] add cmd: [reddit_collect_pascage.LoadPageCmd@57e6d56a, url:https://www.reddit.com/r/mathmemes/comments/1sgzvxx/the_1phone/of93wu1/.json]
[INFO] add cmd: [reddit_collect_pascage.LoadPageCmd@5c1687d1, url:https://www.reddit.com/r/mathmemes/comments/1sgzvxx/the_1phone/ofzoglc/.json]
[INFO] add cmd: [reddit_collect_pascage.LoadPageCmd@1504b493, url:https://www.reddit.com/r/mathmemes/comments/1sgzvxx/the_1phone/offp110/.json]
[INFO] add cmd: [reddit_collect_pascage.LoadPageCmd@19de32cb, url:https://www.reddit.com/r/mathmemes/comments/1sgzvxx/the_1phone/ofa0g7l/.json]
[INFO] add cmd: [reddit_collect_pascage.LoadPageCmd@7872e91f, url:https://www.reddit.com/r/mathmemes/comments/1sgzvxx/the_1phone/of9wysu/.json]
[INFO] add cmd: [reddit_collect_pascage.LoadPageCmd@10b2c1cf, url:https://www.reddit.com/r/mathmemes/comments/1sgzvxx/the_1phone/ofb0xdk/.json]
[INFO] add cmd: [reddit_collect_pascage.LoadPageCmd@20a25f66, url:https://www.reddit.com/r/mathmemes/comments/1sgzvxx/the_1phone/ofa7ep8/.json]
[INFO] add cmd: [reddit_collect_pascage.LoadPageCmd@488279d3, url:https://www.reddit.com/r/mathmemes/comments/1sgzvxx/the_1phone/og3rs9a/.json]
[INFO] add cmd: [reddit_collect_pascage.LoadPageCmd@27575bcd, url:https://www.reddit.com/r/mathmemes/comments/1sgzvxx/the_1phone/ofa5zod/.json]
[INFO] add cmd: [reddit_collect_pascage.LoadPageCmd@21ed4a51, url:https://www.reddit.com/r/mathmemes/comments/1sgzvxx/the_1phone/ofbus8d/.json]
[INFO] add cmd: [reddit_collect_pascage.LoadPageCmd@13866865, url:https://www.reddit.com/gallery/1sgzvxx/.json]
[INFO] add cmd: [reddit_collect_pascage.LoadPageCmd@4891d727, url:https://www.reddit.com/r/mathmemes/comments/1sgzvxx/the_1phone/of8yre0/.json]
[INFO] add cmd: [reddit_collect_pascage.LoadPageCmd@550574cb, url:https://www.reddit.com/r/mathmemes/comments/1sgzvxx/the_1phone/of97qyw/.json]
[INFO] add cmd: [reddit_collect_pascage.LoadPageCmd@1e7113f8, url:https://www.reddit.com/r/mathmemes/comments/1sgzvxx/the_1phone/ofb7470/.json]
[INFO] add cmd: [reddit_collect_pascage.LoadPageCmd@3e149513, url:https://www.reddit.com/r/mathmemes/comments/1sgzvxx/the_1phone/of9h13c/.json]
[INFO] add cmd: [reddit_collect_pascage.LoadPageCmd@787a4519, url:https://www.reddit.com/r/mathmemes/comments/1sgzvxx/the_1phone/ofh3fxq/.json]
[INFO] add cmd: [reddit_collect_pascage.LoadPageCmd@627d5f1, url:https://www.reddit.com/r/mathmemes/comments/1sgzvxx/the_1phone/ofb2bw1/.json]
[INFO] add cmd: [reddit_collect_pascage.LoadPageCmd@105fe81e, url:https://www.reddit.com/r/mathmemes/comments/1sgzvxx/the_1phone/of9bpif/.json]
[INFO] add cmd: [reddit_collect_pascage.LoadPageCmd@af94b0b, url:https://www.reddit.com/r/mathmemes/comments/1sgzvxx/the_1phone/ofa0be3/.json]
[INFO] add cmd: [reddit_collect_pascage.LoadPageCmd@208185c0, url:https://www.reddit.com/r/mathmemes/comments/1sgzvxx/the_1phone/of97od6/.json]
[INFO] add cmd: [reddit_collect_pascage.LoadPageCmd@1831447c, url:https://www.reddit.com/r/mathmemes/comments/1sgzvxx/the_1phone/ofa5wal/.json]
[INFO] add cmd: [reddit_collect_pascage.LoadPageCmd@1ba3c03d, url:https://www.reddit.com/user/KreeptonChronicler/.json]
[INFO] add cmd: [reddit_collect_pascage.LoadPageCmd@9a37591, url:https://www.reddit.com/user/KreeptonChronicler/submitted/.json]
[INFO] add cmd: [reddit_collect_pascage.LoadPageCmd@749c0669, url:https://www.reddit.com/user/KreeptonChronicler/comments/.json]
[INFO] add cmd: [reddit_collect_pascage.LoadPageCmd@4468c0ea, url:https://www.reddit.com/user/Aton_Otsos/.json]
[INFO] add cmd: [reddit_collect_pascage.LoadPageCmd@41cf4272, url:https://www.reddit.com/user/Aton_Otsos/submitted/.json]
[INFO] add cmd: [reddit_collect_pascage.LoadPageCmd@53d2b827, url:https://www.reddit.com/user/Aton_Otsos/comments/.json]
[INFO] add cmd: [reddit_collect_pascage.LoadPageCmd@4769537a, url:https://www.reddit.com/user/QaSpel/.json]
[INFO] add cmd: [reddit_collect_pascage.LoadPageCmd@4504a4ed, url:https://www.reddit.com/user/QaSpel/submitted/.json]
[INFO] add cmd: [reddit_collect_pascage.LoadPageCmd@7ee3a2ed, url:https://www.reddit.com/user/QaSpel/comments/.json]
[INFO] add cmd: [reddit_collect_pascage.LoadPageCmd@38363e96, url:https://www.reddit.com/user/jacob643/.json]
[INFO] add cmd: [reddit_collect_pascage.LoadPageCmd@35c95869, url:https://www.reddit.com/user/jacob643/submitted/.json]
[INFO] add cmd: [reddit_collect_pascage.LoadPageCmd@558aa1f1, url:https://www.reddit.com/user/jacob643/comments/.json]
[INFO] add cmd: [reddit_collect_pascage.LoadPageCmd@361d8567, url:https://www.reddit.com/user/cod3builder/.json]
[INFO] add cmd: [reddit_collect_pascage.LoadPageCmd@3fd6dfbc, url:https://www.reddit.com/user/cod3builder/submitted/.json]
[INFO] add cmd: [reddit_collect_pascage.LoadPageCmd@4023d23f, url:https://www.reddit.com/user/cod3builder/comments/.json]
[INFO] add cmd: [reddit_collect_pascage.LoadPageCmd@402676e3, url:https://www.reddit.com/user/Suspicious-Cut-3998/.json]
[INFO] add cmd: [reddit_collect_pascage.LoadPageCmd@1a4ae53d, url:https://www.reddit.com/user/Suspicious-Cut-3998/submitted/.json]
[INFO] add cmd: [reddit_collect_pascage.LoadPageCmd@1368e2f7, url:https://www.reddit.com/user/Suspicious-Cut-3998/comments/.json]
[INFO] add cmd: [reddit_collect_pascage.LoadPageCmd@4d84688f, url:https://www.reddit.com/user/M10doreddit/.json]
[INFO] add cmd: [reddit_collect_pascage.LoadPageCmd@3ee68eb2, url:https://www.reddit.com/user/M10doreddit/submitted/.json]
[INFO] add cmd: [reddit_collect_pascage.LoadPageCmd@7348e75e, url:https://www.reddit.com/user/M10doreddit/comments/.json]
[INFO] add cmd: [reddit_collect_pascage.LoadPageCmd@27e3dc9a, url:https://www.reddit.com/user/thvirtuo/.json]
[INFO] add cmd: [reddit_collect_pascage.LoadPageCmd@49cd08f9, url:https://www.reddit.com/user/thvirtuo/submitted/.json]
[INFO] add cmd: [reddit_collect_pascage.LoadPageCmd@43549c6c, url:https://www.reddit.com/user/thvirtuo/comments/.json]
[INFO] add cmd: [reddit_collect_pascage.LoadPageCmd@7792e14f, url:https://www.reddit.com/user/AbdullahMRiad/.json]
[INFO] add cmd: [reddit_collect_pascage.LoadPageCmd@4eace42b, url:https://www.reddit.com/user/AbdullahMRiad/submitted/.json]
[INFO] add cmd: [reddit_collect_pascage.LoadPageCmd@6f87a7c7, url:https://www.reddit.com/user/AbdullahMRiad/comments/.json]
[INFO] add cmd: [reddit_collect_pascage.LoadPageCmd@857f1a7, url:https://www.reddit.com/user/Frostbyte_13/.json]
[INFO] add cmd: [reddit_collect_pascage.LoadPageCmd@682fe17b, url:https://www.reddit.com/user/Frostbyte_13/submitted/.json]
[INFO] add cmd: [reddit_collect_pascage.LoadPageCmd@418bdde9, url:https://www.reddit.com/user/Frostbyte_13/comments/.json]
[INFO] add cmd: [reddit_collect_pascage.LoadPageCmd@13e0f380, url:https://www.reddit.com/user/guest111i/.json]
[INFO] add cmd: [reddit_collect_pascage.LoadPageCmd@240df292, url:https://www.reddit.com/user/guest111i/submitted/.json]
[INFO] add cmd: [reddit_collect_pascage.LoadPageCmd@333efb51, url:https://www.reddit.com/user/guest111i/comments/.json]
[INFO] add cmd: [reddit_collect_pascage.LoadPageCmd@2c451c4a, url:https://www.reddit.com/user/[deleted]/.json]
[INFO] add cmd: [reddit_collect_pascage.LoadPageCmd@38ad86b1, url:https://www.reddit.com/user/[deleted]/submitted/.json]
[INFO] add cmd: [reddit_collect_pascage.LoadPageCmd@73ff7a54, url:https://www.reddit.com/user/[deleted]/comments/.json]
[INFO] add cmd: [reddit_collect_pascage.LoadPageCmd@375ff309, url:https://www.reddit.com/user/Royal_Lustir/.json]
[INFO] add cmd: [reddit_collect_pascage.LoadPageCmd@337c0ee4, url:https://www.reddit.com/user/Royal_Lustir/submitted/.json]
[INFO] add cmd: [reddit_collect_pascage.LoadPageCmd@67b09e34, url:https://www.reddit.com/user/Royal_Lustir/comments/.json]
[INFO] add cmd: [reddit_collect_pascage.LoadPageCmd@6f95654c, url:https://www.reddit.com/user/NefariousnessFar7826/.json]
[INFO] add cmd: [reddit_collect_pascage.LoadPageCmd@271a140c, url:https://www.reddit.com/user/NefariousnessFar7826/submitted/.json]
[INFO] add cmd: [reddit_collect_pascage.LoadPageCmd@74c23525, url:https://www.reddit.com/user/NefariousnessFar7826/comments/.json]
[INFO] add cmd: [reddit_collect_pascage.LoadPageCmd@176054b7, url:https://www.reddit.com/user/rorodar/.json]
[INFO] add cmd: [reddit_collect_pascage.LoadPageCmd@531bec12, url:https://www.reddit.com/user/rorodar/submitted/.json]
[INFO] add cmd: [reddit_collect_pascage.LoadPageCmd@24563809, url:https://www.reddit.com/user/rorodar/comments/.json]
[INFO] add cmd: [reddit_collect_pascage.LoadPageCmd@41d84abb, url:https://www.reddit.com/user/Frannnnnnnnn/.json]
[INFO] add cmd: [reddit_collect_pascage.LoadPageCmd@54087bdb, url:https://www.reddit.com/user/Frannnnnnnnn/submitted/.json]
[INFO] add cmd: [reddit_collect_pascage.LoadPageCmd@587f6634, url:https://www.reddit.com/user/Frannnnnnnnn/comments/.json]
[INFO] add cmd: [reddit_collect_pascage.LoadPageCmd@4d7c9b42, url:https://www.reddit.com/user/Rude_Anywhere_/.json]
[INFO] add cmd: [reddit_collect_pascage.LoadPageCmd@4ef28dc4, url:https://www.reddit.com/user/Rude_Anywhere_/submitted/.json]
[INFO] add cmd: [reddit_collect_pascage.LoadPageCmd@59b3f162, url:https://www.reddit.com/user/Rude_Anywhere_/comments/.json]
[INFO] add cmd: [reddit_collect_pascage.LoadPageCmd@7ade62a6, url:https://www.reddit.com/user/the3gs/.json]
[INFO] add cmd: [reddit_collect_pascage.LoadPageCmd@53d15034, url:https://www.reddit.com/user/the3gs/submitted/.json]
[INFO] add cmd: [reddit_collect_pascage.LoadPageCmd@9976b27, url:https://www.reddit.com/user/the3gs/comments/.json]
[INFO] add cmd: [reddit_collect_pascage.LoadPageCmd@4fe9a396, url:https://www.reddit.com/user/AutoModerator/.json]
[INFO] add cmd: [reddit_collect_pascage.LoadPageCmd@462b239f, url:https://www.reddit.com/user/AutoModerator/submitted/.json]
[INFO] add cmd: [reddit_collect_pascage.LoadPageCmd@1fa29b9e, url:https://www.reddit.com/user/AutoModerator/comments/.json]
[INFO] add cmd: [reddit_collect_pascage.LoadPageCmd@2d5e051e, url:https://www.reddit.com/user/juanohulomo1234/.json]
[INFO] add cmd: [reddit_collect_pascage.LoadPageCmd@2f29e630, url:https://www.reddit.com/user/juanohulomo1234/submitted/.json]
[INFO] add cmd: [reddit_collect_pascage.LoadPageCmd@30811f91, url:https://www.reddit.com/user/juanohulomo1234/comments/.json]
[INFO] add cmd: [reddit_collect_pascage.LoadPageCmd@3bf40c74, url:https://www.reddit.com/user/martyboulders/.json]
[INFO] add cmd: [reddit_collect_pascage.LoadPageCmd@665f88e1, url:https://www.reddit.com/user/martyboulders/submitted/.json]
[INFO] add cmd: [reddit_collect_pascage.LoadPageCmd@6a7ea7c, url:https://www.reddit.com/user/martyboulders/comments/.json]
[INFO] add cmd: [reddit_collect_pascage.LoadPageCmd@3ee200ae, url:https://www.reddit.com/user/johnporksigma/.json]
[INFO] add cmd: [reddit_collect_pascage.LoadPageCmd@25ee3caa, url:https://www.reddit.com/user/johnporksigma/submitted/.json]
[INFO] add cmd: [reddit_collect_pascage.LoadPageCmd@3fecb076, url:https://www.reddit.com/user/johnporksigma/comments/.json]
[INFO] add cmd: [reddit_collect_pascage.LoadPageCmd@62159fd, url:https://www.reddit.com/user/drLoveF/.json]
[INFO] add cmd: [reddit_collect_pascage.LoadPageCmd@28e8dee7, url:https://www.reddit.com/user/drLoveF/submitted/.json]
[INFO] add cmd: [reddit_collect_pascage.LoadPageCmd@7c37ac3c, url:https://www.reddit.com/user/drLoveF/comments/.json]
[INFO] add cmd: [reddit_collect_pascage.LoadPageCmd@2682cccc, url:https://www.reddit.com/user/Zziggith/.json]
[INFO] add cmd: [reddit_collect_pascage.LoadPageCmd@2ae08750, url:https://www.reddit.com/user/Zziggith/submitted/.json]
[INFO] add cmd: [reddit_collect_pascage.LoadPageCmd@44117b0d, url:https://www.reddit.com/user/Zziggith/comments/.json]
[INFO] add cmd: [reddit_collect_pascage.LoadPageCmd@35d2312f, url:https://www.reddit.com/r/mathmemes/.json]
[INFO] remove cmd: [reddit_collect_pascage.LoadPageCmd@69a76b74, url:https://www.reddit.com/r/mathmemes/comments/1sgzvxx/the_1phone/.json]
[INFO] get cmd: [reddit_collect_pascage.LoadPageCmd@67b09e34, url:https://www.reddit.com/user/Royal_Lustir/comments/.json]
[INFO] run cmd: [reddit_collect_pascage.LoadPageCmd@67b09e34, url:https://www.reddit.com/user/Royal_Lustir/comments/.json]
[INFO] LoadPageCmd.run on https://www.reddit.com/user/Royal_Lustir/comments/.json
[INFO] LoadPageCmd.run succesfull loaded (200) https://www.reddit.com/user/Royal_Lustir/comments/.json
[INFO] Found 25 new Reddit URLs: /r/AllAboutBodybuilding/comments/1t5c3l3/22_6ft_95kg_88kg_35_months_difference/okepqxz/, /r/MathJokes/comments/1t87eky/the_people_have_spoken_your_inverse_factorial/okukoaf/, /r/funComunitty/comments/1t8690u/v5_day_5_adding_thr_top_comment_to_this_image/oku2asx/, /r/matiks/comments/1t7nmo6/the_onion_graph_follow_yx_and_hop_on_matiks_to/oku2kwg/, /r/stupidAI/comments/1t6sodq/ai_cant_spell/oku2wiv/, /r/u_MTF-Site19/comments/1t6azqc/hi/oku5ad6/, /r/scoopwhoop/comments/1t3e3iv/would_u_dare_to_eat/okuimpf/, /r/MathJokes/comments/1t87eky/the_people_have_spoken_your_inverse_factorial/oku40qo/, /r/TeenagersButGoodMods/comments/1t80yc9/ask_anything/oku3dqr/, /r/unexpectedfactorial/comments/1t73gme/im_not_so_sure_about_that/okpkqm7/, /r/teenagers/comments/1t7eh28/which_is_the_correct_way_to_measure_a_branch/okpll76/, /r/unexpectedfactorial/comments/1t6l9p6/got_a_lot/oktz0oq/, /r/RocketLeague/comments/1t830yg/any_way_to_see_the_car_hitbox_without_bakkes/okulmr2/, /r/teenagers/comments/1t7eh28/which_is_the_correct_way_to_measure_a_branch/okpl99h/, /r/unexpectedfactorial/comments/1t5v545/factorialception/okeqc57/, /r/MathJokes/comments/1t87eky/the_people_have_spoken_your_inverse_factorial/oku5ht8/, /r/MathJokes/comments/1t87eky/the_people_have_spoken_your_inverse_factorial/oku4wem/, /r/scoopwhoop/comments/1t3e3iv/would_u_dare_to_eat/okuj7jq/, /r/u_MTF-Site19/comments/1t6azqc/hi/okuk4z7/, /r/u_MTF-Site19/comments/1t6azqc/hi/oku229m/, /r/addressme/comments/1t7j18t/do_you_guys_think_i_would_get_sick_from_taking_2/oktzrsf/, /r/matiks/comments/1t7nhq9/pringles_isnt_the_same_as_before/okui6hs/, /r/technicallythetruth/comments/1t63ou0/her_last_name_is_really_best/okep0sj/, /r/youll_be_banned/comments/1t8dxwo/what_song_is_this_for_you/okvgf58/, /r/teenagers/comments/1t66iwr/the_number_of_times_this_guy_had_to_edit_it/okfa9yf/
[INFO] Found 14 new subreddits: u_MTF-Site19, stupidAI, technicallythetruth, RocketLeague, addressme, teenagers, youll_be_banned, MathJokes, AllAboutBodybuilding, scoopwhoop, TeenagersButGoodMods, matiks, unexpectedfactorial, funComunitty
[INFO] Queued 25 new pages: https://www.reddit.com/r/unexpectedfactorial/comments/1t6l9p6/got_a_lot/oktz0oq/.json, https://www.reddit.com/r/MathJokes/comments/1t87eky/the_people_have_spoken_your_inverse_factorial/oku4wem/.json, https://www.reddit.com/r/teenagers/comments/1t66iwr/the_number_of_times_this_guy_had_to_edit_it/okfa9yf/.json, https://www.reddit.com/r/stupidAI/comments/1t6sodq/ai_cant_spell/oku2wiv/.json, https://www.reddit.com/r/unexpectedfactorial/comments/1t5v545/factorialception/okeqc57/.json, https://www.reddit.com/r/RocketLeague/comments/1t830yg/any_way_to_see_the_car_hitbox_without_bakkes/okulmr2/.json, https://www.reddit.com/r/technicallythetruth/comments/1t63ou0/her_last_name_is_really_best/okep0sj/.json, https://www.reddit.com/r/MathJokes/comments/1t87eky/the_people_have_spoken_your_inverse_factorial/oku40qo/.json, https://www.reddit.com/r/u_MTF-Site19/comments/1t6azqc/hi/oku5ad6/.json, https://www.reddit.com/r/u_MTF-Site19/comments/1t6azqc/hi/okuk4z7/.json, https://www.reddit.com/r/AllAboutBodybuilding/comments/1t5c3l3/22_6ft_95kg_88kg_35_months_difference/okepqxz/.json, https://www.reddit.com/r/funComunitty/comments/1t8690u/v5_day_5_adding_thr_top_comment_to_this_image/oku2asx/.json, https://www.reddit.com/r/matiks/comments/1t7nmo6/the_onion_graph_follow_yx_and_hop_on_matiks_to/oku2kwg/.json, https://www.reddit.com/r/youll_be_banned/comments/1t8dxwo/what_song_is_this_for_you/okvgf58/.json, https://www.reddit.com/r/matiks/comments/1t7nhq9/pringles_isnt_the_same_as_before/okui6hs/.json, https://www.reddit.com/r/MathJokes/comments/1t87eky/the_people_have_spoken_your_inverse_factorial/oku5ht8/.json, https://www.reddit.com/r/teenagers/comments/1t7eh28/which_is_the_correct_way_to_measure_a_branch/okpl99h/.json, https://www.reddit.com/r/TeenagersButGoodMods/comments/1t80yc9/ask_anything/oku3dqr/.json, https://www.reddit.com/r/addressme/comments/1t7j18t/do_you_guys_think_i_would_get_sick_from_taking_2/oktzrsf/.json, https://www.reddit.com/r/scoopwhoop/comments/1t3e3iv/would_u_dare_to_eat/okuj7jq/.json, https://www.reddit.com/r/u_MTF-Site19/comments/1t6azqc/hi/oku229m/.json, https://www.reddit.com/r/teenagers/comments/1t7eh28/which_is_the_correct_way_to_measure_a_branch/okpll76/.json, https://www.reddit.com/r/MathJokes/comments/1t87eky/the_people_have_spoken_your_inverse_factorial/okukoaf/.json, https://www.reddit.com/r/scoopwhoop/comments/1t3e3iv/would_u_dare_to_eat/okuimpf/.json, https://www.reddit.com/r/unexpectedfactorial/comments/1t73gme/im_not_so_sure_about_that/okpkqm7/.json
[INFO] add cmd: [reddit_collect_pascage.LoadPageCmd@7e7987b8, url:https://www.reddit.com/r/AllAboutBodybuilding/comments/1t5c3l3/22_6ft_95kg_88kg_35_months_difference/okepqxz/.json]
[INFO] add cmd: [reddit_collect_pascage.LoadPageCmd@6bcfb561, url:https://www.reddit.com/r/MathJokes/comments/1t87eky/the_people_have_spoken_your_inverse_factorial/okukoaf/.json]
[INFO] add cmd: [reddit_collect_pascage.LoadPageCmd@7254a68a, url:https://www.reddit.com/r/funComunitty/comments/1t8690u/v5_day_5_adding_thr_top_comment_to_this_image/oku2asx/.json]
[INFO] add cmd: [reddit_collect_pascage.LoadPageCmd@49f9758, url:https://www.reddit.com/r/matiks/comments/1t7nmo6/the_onion_graph_follow_yx_and_hop_on_matiks_to/oku2kwg/.json]
[INFO] add cmd: [reddit_collect_pascage.LoadPageCmd@36e98434, url:https://www.reddit.com/r/stupidAI/comments/1t6sodq/ai_cant_spell/oku2wiv/.json]
[INFO] add cmd: [reddit_collect_pascage.LoadPageCmd@209b4b35, url:https://www.reddit.com/r/u_MTF-Site19/comments/1t6azqc/hi/oku5ad6/.json]
[INFO] add cmd: [reddit_collect_pascage.LoadPageCmd@77acc95a, url:https://www.reddit.com/r/scoopwhoop/comments/1t3e3iv/would_u_dare_to_eat/okuimpf/.json]
[INFO] add cmd: [reddit_collect_pascage.LoadPageCmd@ff1a5a0, url:https://www.reddit.com/r/MathJokes/comments/1t87eky/the_people_have_spoken_your_inverse_factorial/oku40qo/.json]
[INFO] add cmd: [reddit_collect_pascage.LoadPageCmd@75c3584e, url:https://www.reddit.com/r/TeenagersButGoodMods/comments/1t80yc9/ask_anything/oku3dqr/.json]
[INFO] add cmd: [reddit_collect_pascage.LoadPageCmd@f7b7720, url:https://www.reddit.com/r/unexpectedfactorial/comments/1t73gme/im_not_so_sure_about_that/okpkqm7/.json]
[INFO] add cmd: [reddit_collect_pascage.LoadPageCmd@1e0c898c, url:https://www.reddit.com/r/teenagers/comments/1t7eh28/which_is_the_correct_way_to_measure_a_branch/okpll76/.json]
[INFO] add cmd: [reddit_collect_pascage.LoadPageCmd@1cd2e348, url:https://www.reddit.com/r/unexpectedfactorial/comments/1t6l9p6/got_a_lot/oktz0oq/.json]
[INFO] add cmd: [reddit_collect_pascage.LoadPageCmd@73bcd9b4, url:https://www.reddit.com/r/RocketLeague/comments/1t830yg/any_way_to_see_the_car_hitbox_without_bakkes/okulmr2/.json]
[INFO] add cmd: [reddit_collect_pascage.LoadPageCmd@27aa7294, url:https://www.reddit.com/r/teenagers/comments/1t7eh28/which_is_the_correct_way_to_measure_a_branch/okpl99h/.json]
[INFO] add cmd: [reddit_collect_pascage.LoadPageCmd@5d10df04, url:https://www.reddit.com/r/unexpectedfactorial/comments/1t5v545/factorialception/okeqc57/.json]
[INFO] add cmd: [reddit_collect_pascage.LoadPageCmd@56d3af4d, url:https://www.reddit.com/r/MathJokes/comments/1t87eky/the_people_have_spoken_your_inverse_factorial/oku5ht8/.json]
[INFO] add cmd: [reddit_collect_pascage.LoadPageCmd@43b7bd5a, url:https://www.reddit.com/r/MathJokes/comments/1t87eky/the_people_have_spoken_your_inverse_factorial/oku4wem/.json]
[INFO] add cmd: [reddit_collect_pascage.LoadPageCmd@37fd496a, url:https://www.reddit.com/r/scoopwhoop/comments/1t3e3iv/would_u_dare_to_eat/okuj7jq/.json]
[INFO] add cmd: [reddit_collect_pascage.LoadPageCmd@6c4e486e, url:https://www.reddit.com/r/u_MTF-Site19/comments/1t6azqc/hi/okuk4z7/.json]
[INFO] add cmd: [reddit_collect_pascage.LoadPageCmd@27ac3b6d, url:https://www.reddit.com/r/u_MTF-Site19/comments/1t6azqc/hi/oku229m/.json]
[INFO] add cmd: [reddit_collect_pascage.LoadPageCmd@598f1faf, url:https://www.reddit.com/r/addressme/comments/1t7j18t/do_you_guys_think_i_would_get_sick_from_taking_2/oktzrsf/.json]
[INFO] add cmd: [reddit_collect_pascage.LoadPageCmd@464abed, url:https://www.reddit.com/r/matiks/comments/1t7nhq9/pringles_isnt_the_same_as_before/okui6hs/.json]
[INFO] add cmd: [reddit_collect_pascage.LoadPageCmd@1af78e37, url:https://www.reddit.com/r/technicallythetruth/comments/1t63ou0/her_last_name_is_really_best/okep0sj/.json]
[INFO] add cmd: [reddit_collect_pascage.LoadPageCmd@5c46a957, url:https://www.reddit.com/r/youll_be_banned/comments/1t8dxwo/what_song_is_this_for_you/okvgf58/.json]
[INFO] add cmd: [reddit_collect_pascage.LoadPageCmd@7d95a717, url:https://www.reddit.com/r/teenagers/comments/1t66iwr/the_number_of_times_this_guy_had_to_edit_it/okfa9yf/.json]
[INFO] add cmd: [reddit_collect_pascage.LoadPageCmd@5c0f508b, url:https://www.reddit.com/user/Royal_Lustir/.json]
[INFO] add cmd: [reddit_collect_pascage.LoadPageCmd@7a2ffb0b, url:https://www.reddit.com/user/Royal_Lustir/submitted/.json]
[INFO] add cmd: [reddit_collect_pascage.LoadPageCmd@13cae908, url:https://www.reddit.com/user/Royal_Lustir/comments/.json]
[INFO] add cmd: [reddit_collect_pascage.LoadPageCmd@43b74979, url:https://www.reddit.com/r/u_MTF-Site19/.json]
[INFO] add cmd: [reddit_collect_pascage.LoadPageCmd@659ac28c, url:https://www.reddit.com/r/stupidAI/.json]
[INFO] add cmd: [reddit_collect_pascage.LoadPageCmd@60688a97, url:https://www.reddit.com/r/technicallythetruth/.json]
[INFO] add cmd: [reddit_collect_pascage.LoadPageCmd@242ebd3b, url:https://www.reddit.com/r/RocketLeague/.json]
[INFO] add cmd: [reddit_collect_pascage.LoadPageCmd@5d2bc446, url:https://www.reddit.com/r/addressme/.json]
[INFO] add cmd: [reddit_collect_pascage.LoadPageCmd@6e96f3cd, url:https://www.reddit.com/r/teenagers/.json]
[INFO] add cmd: [reddit_collect_pascage.LoadPageCmd@4a0ee0ba, url:https://www.reddit.com/r/youll_be_banned/.json]
[INFO] add cmd: [reddit_collect_pascage.LoadPageCmd@1b984ba5, url:https://www.reddit.com/r/MathJokes/.json]
[INFO] add cmd: [reddit_collect_pascage.LoadPageCmd@1812b564, url:https://www.reddit.com/r/AllAboutBodybuilding/.json]
[INFO] add cmd: [reddit_collect_pascage.LoadPageCmd@41433530, url:https://www.reddit.com/r/scoopwhoop/.json]
[INFO] add cmd: [reddit_collect_pascage.LoadPageCmd@7c751692, url:https://www.reddit.com/r/TeenagersButGoodMods/.json]
[INFO] add cmd: [reddit_collect_pascage.LoadPageCmd@2569afda, url:https://www.reddit.com/r/matiks/.json]
[INFO] add cmd: [reddit_collect_pascage.LoadPageCmd@28dd8786, url:https://www.reddit.com/r/unexpectedfactorial/.json]
[INFO] add cmd: [reddit_collect_pascage.LoadPageCmd@70efdd18, url:https://www.reddit.com/r/funComunitty/.json]
[INFO] remove cmd: [reddit_collect_pascage.LoadPageCmd@67b09e34, url:https://www.reddit.com/user/Royal_Lustir/comments/.json]
[INFO] get cmd: [reddit_collect_pascage.LoadPageCmd@38ad86b1, url:https://www.reddit.com/user/[deleted]/submitted/.json]
[INFO] run cmd: [reddit_collect_pascage.LoadPageCmd@38ad86b1, url:https://www.reddit.com/user/[deleted]/submitted/.json]
[INFO] LoadPageCmd.run on https://www.reddit.com/user/[deleted]/submitted/.json
[ERR] error parsing url: java.lang.IllegalArgumentException: Illegal character in path at index 28: https://www.reddit.com/user/[deleted]/submitted/.json
[INFO] remove cmd: [reddit_collect_pascage.LoadPageCmd@38ad86b1, url:https://www.reddit.com/user/[deleted]/submitted/.json]
[INFO] get cmd: [reddit_collect_pascage.LoadPageCmd@7ade62a6, url:https://www.reddit.com/user/the3gs/.json]
[INFO] run cmd: [reddit_collect_pascage.LoadPageCmd@7ade62a6, url:https://www.reddit.com/user/the3gs/.json]
[INFO] LoadPageCmd.run on https://www.reddit.com/user/the3gs/.json
[INFO] LoadPageCmd.run succesfull loaded (200) https://www.reddit.com/user/the3gs/.json
[INFO] Found 25 new Reddit URLs: /r/framework/comments/1sstycr/yesterday_was_my_birthday_and_after_days_of/ohol3pr/, /r/learnpython/comments/1sqwvh3/nested_functions_lots_rarely_or_never/ohbkfnp/, /r/learnpython/comments/1sqwvh3/nested_functions_lots_rarely_or_never/ohaz1pr/, /r/Compilers/comments/1t1g40h/built_a_programming_language_on_android_as_a_high/ojgft7s/, /r/mathmemes/comments/1snt2j8/euler_the_math_teacher_of_everyone/ogw33h5/, /r/Tucson/comments/1t36hhq/google_says_opossums_live_in_tucson_but_ive/ojsza85/, /r/latterdaysaints/comments/1sxr2nv/struggling_to_get_new_garments_without_a_nearby/oip17xa/, /r/legotechnic/comments/1t0jmem/new_technic_sets/ojb0hwm/, /r/latterdaysaints/comments/1ss4rhz/questions/ohkpcz2/, /r/Compilers/comments/1spuepv/which_host_language_for_creating_my_own/oh302l9/, /r/embedded/comments/1sorm0v/hey_im_building_a_virtual_electronics_lab_in/ohpsf4h/, /r/godot/comments/1t5lccu/why_does_the_default_theme_preview_look_different/okgqyoe/, /r/latterdaysaints/comments/1spwwyz/i_just_used_ai_to_make_a_slideshow_for_my_sunday/oh3l319/, /r/mathmemes/comments/1snt2j8/euler_the_math_teacher_of_everyone/ogq0osl/, /r/framework/comments/1sstycr/yesterday_was_my_birthday_and_after_days_of/ohogz9u/, /r/Minecraft/comments/1t35ukk/the_lost_king/ojsva87/, /r/rust/comments/1t9a1sp/wasting_time_in_learning_rust/ol0hgx8/, /r/feedthebeast/comments/1t2la4g/what_is_that_and_how_i_get_rid_of_it/ojoigxc/, /r/Cosmere/comments/1t1gdf9/no_spoilers_how_does_brandon_deal_with_2d_maps/ojgb4w6/, /r/Compilers/comments/1t1g40h/built_a_programming_language_on_android_as_a_high/ojg9ygm/, /r/latterdaysaints/comments/1sxr2nv/struggling_to_get_new_garments_without_a_nearby/oioxc4q/, /r/Compilers/comments/1t1g40h/built_a_programming_language_on_android_as_a_high/ojht438/, /r/legotechnic/comments/1svkcew/whats_the_most_ambitious_mechanism_youve/oibh8we/, /r/Compilers/comments/1spuepv/which_host_language_for_creating_my_own/oh3izr2/, /r/mathmemes/comments/1snt2j8/euler_the_math_teacher_of_everyone/ogq14k3/
[INFO] Found 12 new subreddits: Cosmere, legotechnic, rust, framework, learnpython, Tucson, latterdaysaints, feedthebeast, Minecraft, embedded, godot, Compilers
[INFO] Queued 25 new pages: https://www.reddit.com/r/latterdaysaints/comments/1sxr2nv/struggling_to_get_new_garments_without_a_nearby/oioxc4q/.json, https://www.reddit.com/r/rust/comments/1t9a1sp/wasting_time_in_learning_rust/ol0hgx8/.json, https://www.reddit.com/r/latterdaysaints/comments/1sxr2nv/struggling_to_get_new_garments_without_a_nearby/oip17xa/.json, https://www.reddit.com/r/godot/comments/1t5lccu/why_does_the_default_theme_preview_look_different/okgqyoe/.json, https://www.reddit.com/r/Compilers/comments/1t1g40h/built_a_programming_language_on_android_as_a_high/ojg9ygm/.json, https://www.reddit.com/r/mathmemes/comments/1snt2j8/euler_the_math_teacher_of_everyone/ogq14k3/.json, https://www.reddit.com/r/Tucson/comments/1t36hhq/google_says_opossums_live_in_tucson_but_ive/ojsza85/.json, https://www.reddit.com/r/feedthebeast/comments/1t2la4g/what_is_that_and_how_i_get_rid_of_it/ojoigxc/.json, https://www.reddit.com/r/mathmemes/comments/1snt2j8/euler_the_math_teacher_of_everyone/ogq0osl/.json, https://www.reddit.com/r/latterdaysaints/comments/1ss4rhz/questions/ohkpcz2/.json, https://www.reddit.com/r/Compilers/comments/1t1g40h/built_a_programming_language_on_android_as_a_high/ojht438/.json, https://www.reddit.com/r/embedded/comments/1sorm0v/hey_im_building_a_virtual_electronics_lab_in/ohpsf4h/.json, https://www.reddit.com/r/Compilers/comments/1t1g40h/built_a_programming_language_on_android_as_a_high/ojgft7s/.json, https://www.reddit.com/r/Compilers/comments/1spuepv/which_host_language_for_creating_my_own/oh302l9/.json, https://www.reddit.com/r/mathmemes/comments/1snt2j8/euler_the_math_teacher_of_everyone/ogw33h5/.json, https://www.reddit.com/r/Minecraft/comments/1t35ukk/the_lost_king/ojsva87/.json, https://www.reddit.com/r/framework/comments/1sstycr/yesterday_was_my_birthday_and_after_days_of/ohol3pr/.json, https://www.reddit.com/r/learnpython/comments/1sqwvh3/nested_functions_lots_rarely_or_never/ohbkfnp/.json, https://www.reddit.com/r/Compilers/comments/1spuepv/which_host_language_for_creating_my_own/oh3izr2/.json, https://www.reddit.com/r/legotechnic/comments/1svkcew/whats_the_most_ambitious_mechanism_youve/oibh8we/.json, https://www.reddit.com/r/learnpython/comments/1sqwvh3/nested_functions_lots_rarely_or_never/ohaz1pr/.json, https://www.reddit.com/r/framework/comments/1sstycr/yesterday_was_my_birthday_and_after_days_of/ohogz9u/.json, https://www.reddit.com/r/latterdaysaints/comments/1spwwyz/i_just_used_ai_to_make_a_slideshow_for_my_sunday/oh3l319/.json, https://www.reddit.com/r/legotechnic/comments/1t0jmem/new_technic_sets/ojb0hwm/.json, https://www.reddit.com/r/Cosmere/comments/1t1gdf9/no_spoilers_how_does_brandon_deal_with_2d_maps/ojgb4w6/.json
[INFO] add cmd: [reddit_collect_pascage.LoadPageCmd@bb1b872, url:https://www.reddit.com/r/framework/comments/1sstycr/yesterday_was_my_birthday_and_after_days_of/ohol3pr/.json]
[INFO] add cmd: [reddit_collect_pascage.LoadPageCmd@64245ca9, url:https://www.reddit.com/r/learnpython/comments/1sqwvh3/nested_functions_lots_rarely_or_never/ohbkfnp/.json]
[INFO] add cmd: [reddit_collect_pascage.LoadPageCmd@66cb9a63, url:https://www.reddit.com/r/learnpython/comments/1sqwvh3/nested_functions_lots_rarely_or_never/ohaz1pr/.json]
[INFO] add cmd: [reddit_collect_pascage.LoadPageCmd@256d8f17, url:https://www.reddit.com/r/Compilers/comments/1t1g40h/built_a_programming_language_on_android_as_a_high/ojgft7s/.json]
[INFO] add cmd: [reddit_collect_pascage.LoadPageCmd@2319c1e0, url:https://www.reddit.com/r/mathmemes/comments/1snt2j8/euler_the_math_teacher_of_everyone/ogw33h5/.json]
[INFO] add cmd: [reddit_collect_pascage.LoadPageCmd@659e003e, url:https://www.reddit.com/r/Tucson/comments/1t36hhq/google_says_opossums_live_in_tucson_but_ive/ojsza85/.json]
[INFO] add cmd: [reddit_collect_pascage.LoadPageCmd@5f3c866c, url:https://www.reddit.com/r/latterdaysaints/comments/1sxr2nv/struggling_to_get_new_garments_without_a_nearby/oip17xa/.json]
[INFO] add cmd: [reddit_collect_pascage.LoadPageCmd@16e0afab, url:https://www.reddit.com/r/legotechnic/comments/1t0jmem/new_technic_sets/ojb0hwm/.json]
[INFO] add cmd: [reddit_collect_pascage.LoadPageCmd@7b9b6a56, url:https://www.reddit.com/r/latterdaysaints/comments/1ss4rhz/questions/ohkpcz2/.json]
[INFO] add cmd: [reddit_collect_pascage.LoadPageCmd@6e111aeb, url:https://www.reddit.com/r/Compilers/comments/1spuepv/which_host_language_for_creating_my_own/oh302l9/.json]
[INFO] add cmd: [reddit_collect_pascage.LoadPageCmd@55a5eea3, url:https://www.reddit.com/r/embedded/comments/1sorm0v/hey_im_building_a_virtual_electronics_lab_in/ohpsf4h/.json]
[INFO] add cmd: [reddit_collect_pascage.LoadPageCmd@46ab8e4b, url:https://www.reddit.com/r/godot/comments/1t5lccu/why_does_the_default_theme_preview_look_different/okgqyoe/.json]
[INFO] add cmd: [reddit_collect_pascage.LoadPageCmd@66428512, url:https://www.reddit.com/r/latterdaysaints/comments/1spwwyz/i_just_used_ai_to_make_a_slideshow_for_my_sunday/oh3l319/.json]
[INFO] add cmd: [reddit_collect_pascage.LoadPageCmd@e21d73, url:https://www.reddit.com/r/mathmemes/comments/1snt2j8/euler_the_math_teacher_of_everyone/ogq0osl/.json]
[INFO] add cmd: [reddit_collect_pascage.LoadPageCmd@7a482b3a, url:https://www.reddit.com/r/framework/comments/1sstycr/yesterday_was_my_birthday_and_after_days_of/ohogz9u/.json]
[INFO] add cmd: [reddit_collect_pascage.LoadPageCmd@600b3bee, url:https://www.reddit.com/r/Minecraft/comments/1t35ukk/the_lost_king/ojsva87/.json]
[INFO] add cmd: [reddit_collect_pascage.LoadPageCmd@129348e8, url:https://www.reddit.com/r/rust/comments/1t9a1sp/wasting_time_in_learning_rust/ol0hgx8/.json]
[INFO] add cmd: [reddit_collect_pascage.LoadPageCmd@20ad64c, url:https://www.reddit.com/r/feedthebeast/comments/1t2la4g/what_is_that_and_how_i_get_rid_of_it/ojoigxc/.json]
[INFO] add cmd: [reddit_collect_pascage.LoadPageCmd@39a03ccc, url:https://www.reddit.com/r/Cosmere/comments/1t1gdf9/no_spoilers_how_does_brandon_deal_with_2d_maps/ojgb4w6/.json]
[INFO] add cmd: [reddit_collect_pascage.LoadPageCmd@4db45d, url:https://www.reddit.com/r/Compilers/comments/1t1g40h/built_a_programming_language_on_android_as_a_high/ojg9ygm/.json]
[INFO] add cmd: [reddit_collect_pascage.LoadPageCmd@89178b4, url:https://www.reddit.com/r/latterdaysaints/comments/1sxr2nv/struggling_to_get_new_garments_without_a_nearby/oioxc4q/.json]
[INFO] add cmd: [reddit_collect_pascage.LoadPageCmd@5c7d675c, url:https://www.reddit.com/r/Compilers/comments/1t1g40h/built_a_programming_language_on_android_as_a_high/ojht438/.json]
[INFO] add cmd: [reddit_collect_pascage.LoadPageCmd@64836643, url:https://www.reddit.com/r/legotechnic/comments/1svkcew/whats_the_most_ambitious_mechanism_youve/oibh8we/.json]
[INFO] add cmd: [reddit_collect_pascage.LoadPageCmd@981d9d2, url:https://www.reddit.com/r/Compilers/comments/1spuepv/which_host_language_for_creating_my_own/oh3izr2/.json]
[INFO] add cmd: [reddit_collect_pascage.LoadPageCmd@ad6448e, url:https://www.reddit.com/r/mathmemes/comments/1snt2j8/euler_the_math_teacher_of_everyone/ogq14k3/.json]
[INFO] add cmd: [reddit_collect_pascage.LoadPageCmd@3da6950f, url:https://www.reddit.com/user/the3gs/.json]
[INFO] add cmd: [reddit_collect_pascage.LoadPageCmd@42684d86, url:https://www.reddit.com/user/the3gs/submitted/.json]
[INFO] add cmd: [reddit_collect_pascage.LoadPageCmd@45a05350, url:https://www.reddit.com/user/the3gs/comments/.json]
[INFO] add cmd: [reddit_collect_pascage.LoadPageCmd@7d6a9d5e, url:https://www.reddit.com/r/Cosmere/.json]
[INFO] add cmd: [reddit_collect_pascage.LoadPageCmd@74ed7111, url:https://www.reddit.com/r/legotechnic/.json]
[INFO] add cmd: [reddit_collect_pascage.LoadPageCmd@74691677, url:https://www.reddit.com/r/Tucson/.json]
[INFO] add cmd: [reddit_collect_pascage.LoadPageCmd@3314f179, url:https://www.reddit.com/r/latterdaysaints/.json]
[INFO] add cmd: [reddit_collect_pascage.LoadPageCmd@1abd1a28, url:https://www.reddit.com/r/Minecraft/.json]
[INFO] add cmd: [reddit_collect_pascage.LoadPageCmd@5478597, url:https://www.reddit.com/r/rust/.json]
[INFO] add cmd: [reddit_collect_pascage.LoadPageCmd@39a1e1e6, url:https://www.reddit.com/r/framework/.json]
[INFO] add cmd: [reddit_collect_pascage.LoadPageCmd@2daa5092, url:https://www.reddit.com/r/learnpython/.json]
[INFO] add cmd: [reddit_collect_pascage.LoadPageCmd@5f346355, url:https://www.reddit.com/r/mathmemes/.json]
[INFO] add cmd: [reddit_collect_pascage.LoadPageCmd@66e62e19, url:https://www.reddit.com/r/feedthebeast/.json]
[INFO] add cmd: [reddit_collect_pascage.LoadPageCmd@50fe5df2, url:https://www.reddit.com/r/embedded/.json]
[INFO] add cmd: [reddit_collect_pascage.LoadPageCmd@2fafa9bf, url:https://www.reddit.com/r/godot/.json]
[INFO] add cmd: [reddit_collect_pascage.LoadPageCmd@53fd59d4, url:https://www.reddit.com/r/Compilers/.json]
[INFO] remove cmd: [reddit_collect_pascage.LoadPageCmd@7ade62a6, url:https://www.reddit.com/user/the3gs/.json]
[INFO] get cmd: [reddit_collect_pascage.LoadPageCmd@41433530, url:https://www.reddit.com/r/scoopwhoop/.json]
[INFO] run cmd: [reddit_collect_pascage.LoadPageCmd@41433530, url:https://www.reddit.com/r/scoopwhoop/.json]
[INFO] LoadPageCmd.run on https://www.reddit.com/r/scoopwhoop/.json
[INFO] LoadPageCmd.run succesfull loaded (200) https://www.reddit.com/r/scoopwhoop/.json
[INFO] Found 25 new Reddit URLs: https://v.redd.it/1bvzeeqze90h1, https://i.redd.it/puuiyunj490h1.jpeg, https://i.redd.it/1slchfejp80h1.jpeg, https://i.redd.it/hhmmabe2ic0h1.jpeg, https://i.redd.it/y9kt6vt9v70h1.png, https://v.redd.it/o4qibxtr4c0h1, https://v.redd.it/z5ri37542c0h1, https://i.redd.it/spiwteeuea0h1.jpeg, https://i.redd.it/wqbhp8zw6etf1.jpeg, https://i.redd.it/zty3f8x9ac0h1.jpeg, https://i.redd.it/jhdv9h7vg50h1.png, https://v.redd.it/frglnv8kva0h1, https://i.redd.it/xuwyek2ck80h1.jpeg, https://i.redd.it/vnjls323g90h1.jpeg, https://i.redd.it/gwzzp3mawb0h1.jpeg, https://i.redd.it/dug9nh3zcc0h1.jpeg, https://i.redd.it/tou7n3khf70h1.png, https://i.redd.it/56plgvlzzb0h1.jpeg, https://i.redd.it/h2hv25tzba0h1.jpeg, https://i.redd.it/cj45ai2qfc0h1.jpeg, https://i.redd.it/lfemw3x5ja0h1.jpeg, https://i.redd.it/6na2fncp790h1.png, https://v.redd.it/ocmhyx60u80h1, https://i.redd.it/lz3c5c67rb0h1.jpeg, https://v.redd.it/c9ezm6sf0a0h1
[INFO] Found 22 new usernames: Material_Bicycle6882, shoal_curfews87, central_proms0x, Emotional-Neck-1725, Awkward_Purple3778, AfterHoursAllure, Personal_Review6860, Financial_Smile9880, ndexdagreat, BoysenberrySingle282, Desperate-Hotel2335, Acrobatic-Seat2476, Fit-Instruction-7193, Ill_Scholar_5174, GarageFinancial2559, watagoddess, Gurugod123, dark_forest355_84, sleek_river503, Livid-Ambassador1969, Background_Meet2982, Omnibobbia
[INFO] Queued 25 new pages: https://www.reddit.com/i.redd.it/56plgvlzzb0h1.jpeg/.json, https://www.reddit.com/i.redd.it/1slchfejp80h1.jpeg/.json, https://www.reddit.com/v.redd.it/z5ri37542c0h1/.json, https://www.reddit.com/i.redd.it/spiwteeuea0h1.jpeg/.json, https://www.reddit.com/i.redd.it/xuwyek2ck80h1.jpeg/.json, https://www.reddit.com/v.redd.it/ocmhyx60u80h1/.json, https://www.reddit.com/i.redd.it/h2hv25tzba0h1.jpeg/.json, https://www.reddit.com/i.redd.it/vnjls323g90h1.jpeg/.json, https://www.reddit.com/i.redd.it/wqbhp8zw6etf1.jpeg/.json, https://www.reddit.com/i.redd.it/jhdv9h7vg50h1.png/.json, https://www.reddit.com/v.redd.it/frglnv8kva0h1/.json, https://www.reddit.com/i.redd.it/zty3f8x9ac0h1.jpeg/.json, https://www.reddit.com/i.redd.it/lfemw3x5ja0h1.jpeg/.json, https://www.reddit.com/i.redd.it/tou7n3khf70h1.png/.json, https://www.reddit.com/i.redd.it/lz3c5c67rb0h1.jpeg/.json, https://www.reddit.com/i.redd.it/puuiyunj490h1.jpeg/.json, https://www.reddit.com/i.redd.it/cj45ai2qfc0h1.jpeg/.json, https://www.reddit.com/i.redd.it/y9kt6vt9v70h1.png/.json, https://www.reddit.com/i.redd.it/6na2fncp790h1.png/.json, https://www.reddit.com/i.redd.it/dug9nh3zcc0h1.jpeg/.json, https://www.reddit.com/i.redd.it/hhmmabe2ic0h1.jpeg/.json, https://www.reddit.com/i.redd.it/gwzzp3mawb0h1.jpeg/.json, https://www.reddit.com/v.redd.it/c9ezm6sf0a0h1/.json, https://www.reddit.com/v.redd.it/o4qibxtr4c0h1/.json, https://www.reddit.com/v.redd.it/1bvzeeqze90h1/.json
[INFO] add cmd: [reddit_collect_pascage.LoadPageCmd@4446a191, url:https://www.reddit.com/v.redd.it/1bvzeeqze90h1/.json]
[INFO] add cmd: [reddit_collect_pascage.LoadPageCmd@2ef812b, url:https://www.reddit.com/i.redd.it/puuiyunj490h1.jpeg/.json]
[INFO] add cmd: [reddit_collect_pascage.LoadPageCmd@5e0602ff, url:https://www.reddit.com/i.redd.it/1slchfejp80h1.jpeg/.json]
[INFO] add cmd: [reddit_collect_pascage.LoadPageCmd@1a865ebf, url:https://www.reddit.com/i.redd.it/hhmmabe2ic0h1.jpeg/.json]
[INFO] add cmd: [reddit_collect_pascage.LoadPageCmd@6b3d3e57, url:https://www.reddit.com/i.redd.it/y9kt6vt9v70h1.png/.json]
[INFO] add cmd: [reddit_collect_pascage.LoadPageCmd@15251cc2, url:https://www.reddit.com/v.redd.it/o4qibxtr4c0h1/.json]
[INFO] add cmd: [reddit_collect_pascage.LoadPageCmd@7bdaf563, url:https://www.reddit.com/v.redd.it/z5ri37542c0h1/.json]
[INFO] add cmd: [reddit_collect_pascage.LoadPageCmd@53813f01, url:https://www.reddit.com/i.redd.it/spiwteeuea0h1.jpeg/.json]
[INFO] add cmd: [reddit_collect_pascage.LoadPageCmd@514c6ca0, url:https://www.reddit.com/i.redd.it/wqbhp8zw6etf1.jpeg/.json]
[INFO] add cmd: [reddit_collect_pascage.LoadPageCmd@6cb2b947, url:https://www.reddit.com/i.redd.it/zty3f8x9ac0h1.jpeg/.json]
[INFO] add cmd: [reddit_collect_pascage.LoadPageCmd@40ef385f, url:https://www.reddit.com/i.redd.it/jhdv9h7vg50h1.png/.json]
[INFO] add cmd: [reddit_collect_pascage.LoadPageCmd@1a4c6e74, url:https://www.reddit.com/v.redd.it/frglnv8kva0h1/.json]
[INFO] add cmd: [reddit_collect_pascage.LoadPageCmd@28d728f1, url:https://www.reddit.com/i.redd.it/xuwyek2ck80h1.jpeg/.json]
[INFO] add cmd: [reddit_collect_pascage.LoadPageCmd@51d6c42d, url:https://www.reddit.com/i.redd.it/vnjls323g90h1.jpeg/.json]
[INFO] add cmd: [reddit_collect_pascage.LoadPageCmd@68423388, url:https://www.reddit.com/i.redd.it/gwzzp3mawb0h1.jpeg/.json]
[INFO] add cmd: [reddit_collect_pascage.LoadPageCmd@1104cf3a, url:https://www.reddit.com/i.redd.it/dug9nh3zcc0h1.jpeg/.json]
[INFO] add cmd: [reddit_collect_pascage.LoadPageCmd@85fd4b, url:https://www.reddit.com/i.redd.it/tou7n3khf70h1.png/.json]
[INFO] add cmd: [reddit_collect_pascage.LoadPageCmd@6715a6da, url:https://www.reddit.com/i.redd.it/56plgvlzzb0h1.jpeg/.json]
[INFO] add cmd: [reddit_collect_pascage.LoadPageCmd@1eb207c3, url:https://www.reddit.com/i.redd.it/h2hv25tzba0h1.jpeg/.json]
[INFO] add cmd: [reddit_collect_pascage.LoadPageCmd@29f86630, url:https://www.reddit.com/i.redd.it/cj45ai2qfc0h1.jpeg/.json]
[INFO] add cmd: [reddit_collect_pascage.LoadPageCmd@6b8a9e1, url:https://www.reddit.com/i.redd.it/lfemw3x5ja0h1.jpeg/.json]
[INFO] add cmd: [reddit_collect_pascage.LoadPageCmd@4c51fc9a, url:https://www.reddit.com/i.redd.it/6na2fncp790h1.png/.json]
[INFO] add cmd: [reddit_collect_pascage.LoadPageCmd@425376cc, url:https://www.reddit.com/v.redd.it/ocmhyx60u80h1/.json]
[INFO] add cmd: [reddit_collect_pascage.LoadPageCmd@28705150, url:https://www.reddit.com/i.redd.it/lz3c5c67rb0h1.jpeg/.json]
[INFO] add cmd: [reddit_collect_pascage.LoadPageCmd@6b44121e, url:https://www.reddit.com/v.redd.it/c9ezm6sf0a0h1/.json]
[INFO] add cmd: [reddit_collect_pascage.LoadPageCmd@28b286c0, url:https://www.reddit.com/user/Material_Bicycle6882/.json]
[INFO] add cmd: [reddit_collect_pascage.LoadPageCmd@718e700c, url:https://www.reddit.com/user/Material_Bicycle6882/submitted/.json]
[INFO] add cmd: [reddit_collect_pascage.LoadPageCmd@5b5e45bc, url:https://www.reddit.com/user/Material_Bicycle6882/comments/.json]
[INFO] add cmd: [reddit_collect_pascage.LoadPageCmd@10c1682b, url:https://www.reddit.com/user/shoal_curfews87/.json]
[INFO] add cmd: [reddit_collect_pascage.LoadPageCmd@2cf97875, url:https://www.reddit.com/user/shoal_curfews87/submitted/.json]
[INFO] add cmd: [reddit_collect_pascage.LoadPageCmd@2e7563f6, url:https://www.reddit.com/user/shoal_curfews87/comments/.json]
[INFO] add cmd: [reddit_collect_pascage.LoadPageCmd@72fa021, url:https://www.reddit.com/user/central_proms0x/.json]
[INFO] add cmd: [reddit_collect_pascage.LoadPageCmd@1c3400df, url:https://www.reddit.com/user/central_proms0x/submitted/.json]
[INFO] add cmd: [reddit_collect_pascage.LoadPageCmd@7be9e9fc, url:https://www.reddit.com/user/central_proms0x/comments/.json]
[INFO] add cmd: [reddit_collect_pascage.LoadPageCmd@7e864fa4, url:https://www.reddit.com/user/Emotional-Neck-1725/.json]
[INFO] add cmd: [reddit_collect_pascage.LoadPageCmd@452d6fd, url:https://www.reddit.com/user/Emotional-Neck-1725/submitted/.json]
[INFO] add cmd: [reddit_collect_pascage.LoadPageCmd@38dc1c50, url:https://www.reddit.com/user/Emotional-Neck-1725/comments/.json]
[INFO] add cmd: [reddit_collect_pascage.LoadPageCmd@ccea4be, url:https://www.reddit.com/user/Awkward_Purple3778/.json]
[INFO] add cmd: [reddit_collect_pascage.LoadPageCmd@40f931ec, url:https://www.reddit.com/user/Awkward_Purple3778/submitted/.json]
[INFO] add cmd: [reddit_collect_pascage.LoadPageCmd@528ef230, url:https://www.reddit.com/user/Awkward_Purple3778/comments/.json]
[INFO] add cmd: [reddit_collect_pascage.LoadPageCmd@ae85aad, url:https://www.reddit.com/user/AfterHoursAllure/.json]
[INFO] add cmd: [reddit_collect_pascage.LoadPageCmd@737ae41a, url:https://www.reddit.com/user/AfterHoursAllure/submitted/.json]
[INFO] add cmd: [reddit_collect_pascage.LoadPageCmd@7a05cdc8, url:https://www.reddit.com/user/AfterHoursAllure/comments/.json]
[INFO] add cmd: [reddit_collect_pascage.LoadPageCmd@5f3fafca, url:https://www.reddit.com/user/Personal_Review6860/.json]
[INFO] add cmd: [reddit_collect_pascage.LoadPageCmd@174aabb2, url:https://www.reddit.com/user/Personal_Review6860/submitted/.json]
[INFO] add cmd: [reddit_collect_pascage.LoadPageCmd@33b4c775, url:https://www.reddit.com/user/Personal_Review6860/comments/.json]
[INFO] add cmd: [reddit_collect_pascage.LoadPageCmd@678b3746, url:https://www.reddit.com/user/Financial_Smile9880/.json]
[INFO] add cmd: [reddit_collect_pascage.LoadPageCmd@45689582, url:https://www.reddit.com/user/Financial_Smile9880/submitted/.json]
[INFO] add cmd: [reddit_collect_pascage.LoadPageCmd@73db1a6, url:https://www.reddit.com/user/Financial_Smile9880/comments/.json]
[INFO] add cmd: [reddit_collect_pascage.LoadPageCmd@12a7515b, url:https://www.reddit.com/user/ndexdagreat/.json]
[INFO] add cmd: [reddit_collect_pascage.LoadPageCmd@2c28654e, url:https://www.reddit.com/user/ndexdagreat/submitted/.json]
[INFO] add cmd: [reddit_collect_pascage.LoadPageCmd@2ded31cc, url:https://www.reddit.com/user/ndexdagreat/comments/.json]
[INFO] add cmd: [reddit_collect_pascage.LoadPageCmd@47b71556, url:https://www.reddit.com/user/BoysenberrySingle282/.json]
[INFO] add cmd: [reddit_collect_pascage.LoadPageCmd@6fb2b972, url:https://www.reddit.com/user/BoysenberrySingle282/submitted/.json]
[INFO] add cmd: [reddit_collect_pascage.LoadPageCmd@5fa3df, url:https://www.reddit.com/user/BoysenberrySingle282/comments/.json]
[INFO] add cmd: [reddit_collect_pascage.LoadPageCmd@44f88149, url:https://www.reddit.com/user/Desperate-Hotel2335/.json]
[INFO] add cmd: [reddit_collect_pascage.LoadPageCmd@3b1a3125, url:https://www.reddit.com/user/Desperate-Hotel2335/submitted/.json]
[INFO] add cmd: [reddit_collect_pascage.LoadPageCmd@4199761d, url:https://www.reddit.com/user/Desperate-Hotel2335/comments/.json]
[INFO] add cmd: [reddit_collect_pascage.LoadPageCmd@3ca564aa, url:https://www.reddit.com/user/Acrobatic-Seat2476/.json]
[INFO] add cmd: [reddit_collect_pascage.LoadPageCmd@3cd758be, url:https://www.reddit.com/user/Acrobatic-Seat2476/submitted/.json]
[INFO] add cmd: [reddit_collect_pascage.LoadPageCmd@562ec518, url:https://www.reddit.com/user/Acrobatic-Seat2476/comments/.json]
[INFO] add cmd: [reddit_collect_pascage.LoadPageCmd@5c8d685e, url:https://www.reddit.com/user/Fit-Instruction-7193/.json]
[INFO] add cmd: [reddit_collect_pascage.LoadPageCmd@4b1ad751, url:https://www.reddit.com/user/Fit-Instruction-7193/submitted/.json]
[INFO] add cmd: [reddit_collect_pascage.LoadPageCmd@4d0e6424, url:https://www.reddit.com/user/Fit-Instruction-7193/comments/.json]
[INFO] add cmd: [reddit_collect_pascage.LoadPageCmd@6da86e98, url:https://www.reddit.com/user/Ill_Scholar_5174/.json]
[INFO] add cmd: [reddit_collect_pascage.LoadPageCmd@5a5024eb, url:https://www.reddit.com/user/Ill_Scholar_5174/submitted/.json]
[INFO] add cmd: [reddit_collect_pascage.LoadPageCmd@476dc0af, url:https://www.reddit.com/user/Ill_Scholar_5174/comments/.json]
[INFO] add cmd: [reddit_collect_pascage.LoadPageCmd@797ca322, url:https://www.reddit.com/user/GarageFinancial2559/.json]
[INFO] add cmd: [reddit_collect_pascage.LoadPageCmd@570ede3b, url:https://www.reddit.com/user/GarageFinancial2559/submitted/.json]
[INFO] add cmd: [reddit_collect_pascage.LoadPageCmd@c22cf4d, url:https://www.reddit.com/user/GarageFinancial2559/comments/.json]
[INFO] add cmd: [reddit_collect_pascage.LoadPageCmd@25630ede, url:https://www.reddit.com/user/watagoddess/.json]
[INFO] add cmd: [reddit_collect_pascage.LoadPageCmd@399acce3, url:https://www.reddit.com/user/watagoddess/submitted/.json]
[INFO] add cmd: [reddit_collect_pascage.LoadPageCmd@18c432ed, url:https://www.reddit.com/user/watagoddess/comments/.json]
[INFO] add cmd: [reddit_collect_pascage.LoadPageCmd@206de1f, url:https://www.reddit.com/user/Gurugod123/.json]
[INFO] add cmd: [reddit_collect_pascage.LoadPageCmd@3fae357f, url:https://www.reddit.com/user/Gurugod123/submitted/.json]
[INFO] add cmd: [reddit_collect_pascage.LoadPageCmd@50bc0bbd, url:https://www.reddit.com/user/Gurugod123/comments/.json]
[INFO] add cmd: [reddit_collect_pascage.LoadPageCmd@6956081d, url:https://www.reddit.com/user/dark_forest355_84/.json]
[INFO] add cmd: [reddit_collect_pascage.LoadPageCmd@5d94c50e, url:https://www.reddit.com/user/dark_forest355_84/submitted/.json]
[INFO] add cmd: [reddit_collect_pascage.LoadPageCmd@135f160e, url:https://www.reddit.com/user/dark_forest355_84/comments/.json]
[INFO] add cmd: [reddit_collect_pascage.LoadPageCmd@230e163b, url:https://www.reddit.com/user/sleek_river503/.json]
[INFO] add cmd: [reddit_collect_pascage.LoadPageCmd@7a41f4a7, url:https://www.reddit.com/user/sleek_river503/submitted/.json]
[INFO] add cmd: [reddit_collect_pascage.LoadPageCmd@186e254, url:https://www.reddit.com/user/sleek_river503/comments/.json]
[INFO] add cmd: [reddit_collect_pascage.LoadPageCmd@6a827b0c, url:https://www.reddit.com/user/Livid-Ambassador1969/.json]
[INFO] add cmd: [reddit_collect_pascage.LoadPageCmd@39ee07a9, url:https://www.reddit.com/user/Livid-Ambassador1969/submitted/.json]
[INFO] add cmd: [reddit_collect_pascage.LoadPageCmd@4cff38ff, url:https://www.reddit.com/user/Livid-Ambassador1969/comments/.json]
[INFO] add cmd: [reddit_collect_pascage.LoadPageCmd@7adde776, url:https://www.reddit.com/user/Background_Meet2982/.json]
[INFO] add cmd: [reddit_collect_pascage.LoadPageCmd@3feb93a, url:https://www.reddit.com/user/Background_Meet2982/submitted/.json]
[INFO] add cmd: [reddit_collect_pascage.LoadPageCmd@4ae435a3, url:https://www.reddit.com/user/Background_Meet2982/comments/.json]
[INFO] add cmd: [reddit_collect_pascage.LoadPageCmd@7f69c4c0, url:https://www.reddit.com/user/Omnibobbia/.json]
[INFO] add cmd: [reddit_collect_pascage.LoadPageCmd@6a9a6a0c, url:https://www.reddit.com/user/Omnibobbia/submitted/.json]
[INFO] add cmd: [reddit_collect_pascage.LoadPageCmd@1cdb290c, url:https://www.reddit.com/user/Omnibobbia/comments/.json]
[INFO] add cmd: [reddit_collect_pascage.LoadPageCmd@77f95e19, url:https://www.reddit.com/r/scoopwhoop/.json]
[INFO] remove cmd: [reddit_collect_pascage.LoadPageCmd@41433530, url:https://www.reddit.com/r/scoopwhoop/.json]
[INFO] get cmd: [reddit_collect_pascage.LoadPageCmd@7254a68a, url:https://www.reddit.com/r/funComunitty/comments/1t8690u/v5_day_5_adding_thr_top_comment_to_this_image/oku2asx/.json]
[INFO] run cmd: [reddit_collect_pascage.LoadPageCmd@7254a68a, url:https://www.reddit.com/r/funComunitty/comments/1t8690u/v5_day_5_adding_thr_top_comment_to_this_image/oku2asx/.json]
[INFO] LoadPageCmd.run on https://www.reddit.com/r/funComunitty/comments/1t8690u/v5_day_5_adding_thr_top_comment_to_this_image/oku2asx/.json
[INFO] LoadPageCmd.run succesfull loaded (200) https://www.reddit.com/r/funComunitty/comments/1t8690u/v5_day_5_adding_thr_top_comment_to_this_image/oku2asx/.json
[INFO] Found 1 new Reddit URLs: https://www.reddit.com/gallery/1t8690u
[INFO] Found 1 new usernames: Much_Drink_5260
[INFO] Queued 1 new pages: https://www.reddit.com/gallery/1t8690u/.json
[INFO] add cmd: [reddit_collect_pascage.LoadPageCmd@288e50c1, url:https://www.reddit.com/gallery/1t8690u/.json]
[INFO] add cmd: [reddit_collect_pascage.LoadPageCmd@58e0d1ac, url:https://www.reddit.com/user/Royal_Lustir/.json]
[INFO] add cmd: [reddit_collect_pascage.LoadPageCmd@7fba30fe, url:https://www.reddit.com/user/Royal_Lustir/submitted/.json]
[INFO] add cmd: [reddit_collect_pascage.LoadPageCmd@5cbebfba, url:https://www.reddit.com/user/Royal_Lustir/comments/.json]
[INFO] add cmd: [reddit_collect_pascage.LoadPageCmd@66ce4b4, url:https://www.reddit.com/user/Much_Drink_5260/.json]
[INFO] add cmd: [reddit_collect_pascage.LoadPageCmd@58df2864, url:https://www.reddit.com/user/Much_Drink_5260/submitted/.json]
[INFO] add cmd: [reddit_collect_pascage.LoadPageCmd@76ccde41, url:https://www.reddit.com/user/Much_Drink_5260/comments/.json]
[INFO] add cmd: [reddit_collect_pascage.LoadPageCmd@5f26fc4d, url:https://www.reddit.com/r/funComunitty/.json]
[INFO] remove cmd: [reddit_collect_pascage.LoadPageCmd@7254a68a, url:https://www.reddit.com/r/funComunitty/comments/1t8690u/v5_day_5_adding_thr_top_comment_to_this_image/oku2asx/.json]
[INFO] get cmd: [reddit_collect_pascage.LoadPageCmd@59b3f162, url:https://www.reddit.com/user/Rude_Anywhere_/comments/.json]
[INFO] run cmd: [reddit_collect_pascage.LoadPageCmd@59b3f162, url:https://www.reddit.com/user/Rude_Anywhere_/comments/.json]
[INFO] LoadPageCmd.run on https://www.reddit.com/user/Rude_Anywhere_/comments/.json
[INFO] LoadPageCmd.run succesfull loaded (200) https://www.reddit.com/user/Rude_Anywhere_/comments/.json
[INFO] remove cmd: [reddit_collect_pascage.LoadPageCmd@59b3f162, url:https://www.reddit.com/user/Rude_Anywhere_/comments/.json]
[INFO] get cmd: [reddit_collect_pascage.LoadPageCmd@2569afda, url:https://www.reddit.com/r/matiks/.json]
[INFO] run cmd: [reddit_collect_pascage.LoadPageCmd@2569afda, url:https://www.reddit.com/r/matiks/.json]
[INFO] LoadPageCmd.run on https://www.reddit.com/r/matiks/.json
[INFO] LoadPageCmd.run succesfull loaded (200) https://www.reddit.com/r/matiks/.json
[INFO] Found 25 new Reddit URLs: https://i.redd.it/h3zcfh4wl10h1.jpeg, https://www.reddit.com/r/matiks/comments/1t7gwyg/hey_guys_is_there_any_way_to_invite_mathiks_to/, https://i.redd.it/z6rstruttzzg1.jpeg, https://www.reddit.com/r/matiks/comments/1t2jyoi/suspicious_matiks_spying_on_user_behaviour/, https://i.redd.it/ztt4xn12uzzg1.jpeg, https://i.redd.it/dc15jdgiuzzg1.jpeg, https://i.redd.it/quc0w7l8n60h1.jpeg, https://www.reddit.com/r/matiks/comments/1t7v2uw/yay_50_days/, https://i.redd.it/uu9uoyzo4c0h1.jpeg, https://i.redd.it/xka6dfl526zg1.jpeg, https://www.reddit.com/r/matiks/comments/1t2q8lp/when_will_i_get_my_matiks_college_league_merch/, https://i.redd.it/p169cv2ivzzg1.jpeg, /r/Matematicas/comments/1t91ru3/me_podría_alguien_ayudar_por_favor/, https://www.reddit.com/r/matiks/comments/1t75oe3/does_nobody_play_the_logic_mode/, https://i.redd.it/z0cdz115cdzg1.jpeg, https://i.redd.it/krz0u56h6rzg1.jpeg, https://www.reddit.com/gallery/1t7uwnv, https://i.redd.it/2v8au7i9ttyg1.jpeg, https://www.reddit.com/r/matiks/comments/1t82snl/anyone_completed_1_year_streak/, https://i.redd.it/4ctj8pq3l10h1.jpeg, https://i.redd.it/zoymyxddp7zg1.jpeg, https://i.redd.it/llgq21jhb6zg1.jpeg, https://i.redd.it/ogdo5xqtvzzg1.jpeg, https://i.redd.it/hgfm8xbs9vzg1.jpeg, https://i.redd.it/xdtgq6htgsyg1.jpeg
[INFO] Found 16 new usernames: Jazzlike_Article_266, m_nerd_af, Many_Audience7660, Frequent_Jello8791, Ill-Tax8069, xenafeo, Greedy-Inevitable137, Fadedtzap, ZincAddict, Mashed_potatoes124, no_filterlife, Non-Fungible-Talent, Automatic_Poem_6863, lightningthief873, Informal-Look-7156, NovelElevator5024
[INFO] Queued 25 new pages: https://www.reddit.com/i.redd.it/ztt4xn12uzzg1.jpeg/.json, https://www.reddit.com/i.redd.it/dc15jdgiuzzg1.jpeg/.json, https://www.reddit.com/i.redd.it/p169cv2ivzzg1.jpeg/.json, https://www.reddit.com/i.redd.it/h3zcfh4wl10h1.jpeg/.json, https://www.reddit.com/i.redd.it/hgfm8xbs9vzg1.jpeg/.json, https://www.reddit.com/i.redd.it/zoymyxddp7zg1.jpeg/.json, https://www.reddit.com/i.redd.it/ogdo5xqtvzzg1.jpeg/.json, https://www.reddit.com/r/matiks/comments/1t2jyoi/suspicious_matiks_spying_on_user_behaviour/.json, https://www.reddit.com/r/matiks/comments/1t82snl/anyone_completed_1_year_streak/.json, https://www.reddit.com/r/matiks/comments/1t75oe3/does_nobody_play_the_logic_mode/.json, https://www.reddit.com/i.redd.it/quc0w7l8n60h1.jpeg/.json, https://www.reddit.com/gallery/1t7uwnv/.json, https://www.reddit.com/i.redd.it/xka6dfl526zg1.jpeg/.json, https://www.reddit.com/r/matiks/comments/1t7v2uw/yay_50_days/.json, https://www.reddit.com/i.redd.it/uu9uoyzo4c0h1.jpeg/.json, https://www.reddit.com/r/matiks/comments/1t7gwyg/hey_guys_is_there_any_way_to_invite_mathiks_to/.json, https://www.reddit.com/i.redd.it/llgq21jhb6zg1.jpeg/.json, https://www.reddit.com/i.redd.it/z0cdz115cdzg1.jpeg/.json, https://www.reddit.com/i.redd.it/2v8au7i9ttyg1.jpeg/.json, https://www.reddit.com/i.redd.it/xdtgq6htgsyg1.jpeg/.json, https://www.reddit.com/i.redd.it/z6rstruttzzg1.jpeg/.json, https://www.reddit.com/i.redd.it/4ctj8pq3l10h1.jpeg/.json, https://www.reddit.com/r/Matematicas/comments/1t91ru3/me_podría_alguien_ayudar_por_favor/.json, https://www.reddit.com/r/matiks/comments/1t2q8lp/when_will_i_get_my_matiks_college_league_merch/.json, https://www.reddit.com/i.redd.it/krz0u56h6rzg1.jpeg/.json
[INFO] add cmd: [reddit_collect_pascage.LoadPageCmd@3c3357c7, url:https://www.reddit.com/i.redd.it/h3zcfh4wl10h1.jpeg/.json]
[INFO] add cmd: [reddit_collect_pascage.LoadPageCmd@506d7fed, url:https://www.reddit.com/r/matiks/comments/1t7gwyg/hey_guys_is_there_any_way_to_invite_mathiks_to/.json]
[INFO] add cmd: [reddit_collect_pascage.LoadPageCmd@1bdb6b36, url:https://www.reddit.com/i.redd.it/z6rstruttzzg1.jpeg/.json]
[INFO] add cmd: [reddit_collect_pascage.LoadPageCmd@381d7c4c, url:https://www.reddit.com/r/matiks/comments/1t2jyoi/suspicious_matiks_spying_on_user_behaviour/.json]
[INFO] add cmd: [reddit_collect_pascage.LoadPageCmd@1e3689e7, url:https://www.reddit.com/i.redd.it/ztt4xn12uzzg1.jpeg/.json]
[INFO] add cmd: [reddit_collect_pascage.LoadPageCmd@259f0fdb, url:https://www.reddit.com/i.redd.it/dc15jdgiuzzg1.jpeg/.json]
[INFO] add cmd: [reddit_collect_pascage.LoadPageCmd@655d5285, url:https://www.reddit.com/i.redd.it/quc0w7l8n60h1.jpeg/.json]
[INFO] add cmd: [reddit_collect_pascage.LoadPageCmd@36f1bd7e, url:https://www.reddit.com/r/matiks/comments/1t7v2uw/yay_50_days/.json]
[INFO] add cmd: [reddit_collect_pascage.LoadPageCmd@1c2273f6, url:https://www.reddit.com/i.redd.it/uu9uoyzo4c0h1.jpeg/.json]
[INFO] add cmd: [reddit_collect_pascage.LoadPageCmd@411e567e, url:https://www.reddit.com/i.redd.it/xka6dfl526zg1.jpeg/.json]
[INFO] add cmd: [reddit_collect_pascage.LoadPageCmd@4e58eda2, url:https://www.reddit.com/r/matiks/comments/1t2q8lp/when_will_i_get_my_matiks_college_league_merch/.json]
[INFO] add cmd: [reddit_collect_pascage.LoadPageCmd@75f9a35a, url:https://www.reddit.com/i.redd.it/p169cv2ivzzg1.jpeg/.json]
[INFO] add cmd: [reddit_collect_pascage.LoadPageCmd@7acbd3d0, url:https://www.reddit.com/r/Matematicas/comments/1t91ru3/me_podría_alguien_ayudar_por_favor/.json]
[INFO] add cmd: [reddit_collect_pascage.LoadPageCmd@49d5c751, url:https://www.reddit.com/r/matiks/comments/1t75oe3/does_nobody_play_the_logic_mode/.json]
[INFO] add cmd: [reddit_collect_pascage.LoadPageCmd@40e90634, url:https://www.reddit.com/i.redd.it/z0cdz115cdzg1.jpeg/.json]
[INFO] add cmd: [reddit_collect_pascage.LoadPageCmd@78b29e00, url:https://www.reddit.com/i.redd.it/krz0u56h6rzg1.jpeg/.json]
[INFO] add cmd: [reddit_collect_pascage.LoadPageCmd@5c438795, url:https://www.reddit.com/gallery/1t7uwnv/.json]
[INFO] add cmd: [reddit_collect_pascage.LoadPageCmd@3b4b2c03, url:https://www.reddit.com/i.redd.it/2v8au7i9ttyg1.jpeg/.json]
[INFO] add cmd: [reddit_collect_pascage.LoadPageCmd@339b45f8, url:https://www.reddit.com/r/matiks/comments/1t82snl/anyone_completed_1_year_streak/.json]
[INFO] add cmd: [reddit_collect_pascage.LoadPageCmd@5fb58f15, url:https://www.reddit.com/i.redd.it/4ctj8pq3l10h1.jpeg/.json]
[INFO] add cmd: [reddit_collect_pascage.LoadPageCmd@1f8ac459, url:https://www.reddit.com/i.redd.it/zoymyxddp7zg1.jpeg/.json]
[INFO] add cmd: [reddit_collect_pascage.LoadPageCmd@7d43c89f, url:https://www.reddit.com/i.redd.it/llgq21jhb6zg1.jpeg/.json]
[INFO] add cmd: [reddit_collect_pascage.LoadPageCmd@149ef64a, url:https://www.reddit.com/i.redd.it/ogdo5xqtvzzg1.jpeg/.json]
[INFO] add cmd: [reddit_collect_pascage.LoadPageCmd@67201eeb, url:https://www.reddit.com/i.redd.it/hgfm8xbs9vzg1.jpeg/.json]
[INFO] add cmd: [reddit_collect_pascage.LoadPageCmd@2e41b65a, url:https://www.reddit.com/i.redd.it/xdtgq6htgsyg1.jpeg/.json]
[INFO] add cmd: [reddit_collect_pascage.LoadPageCmd@4d25943d, url:https://www.reddit.com/user/Jazzlike_Article_266/.json]
[INFO] add cmd: [reddit_collect_pascage.LoadPageCmd@2eea0775, url:https://www.reddit.com/user/Jazzlike_Article_266/submitted/.json]
[INFO] add cmd: [reddit_collect_pascage.LoadPageCmd@495a9305, url:https://www.reddit.com/user/Jazzlike_Article_266/comments/.json]
[INFO] add cmd: [reddit_collect_pascage.LoadPageCmd@6a0a0f12, url:https://www.reddit.com/user/m_nerd_af/.json]
[INFO] add cmd: [reddit_collect_pascage.LoadPageCmd@b6fea12, url:https://www.reddit.com/user/m_nerd_af/submitted/.json]
[INFO] add cmd: [reddit_collect_pascage.LoadPageCmd@75c095a5, url:https://www.reddit.com/user/m_nerd_af/comments/.json]
[INFO] add cmd: [reddit_collect_pascage.LoadPageCmd@689fe2a3, url:https://www.reddit.com/user/Many_Audience7660/.json]
[INFO] add cmd: [reddit_collect_pascage.LoadPageCmd@5257123d, url:https://www.reddit.com/user/Many_Audience7660/submitted/.json]
[INFO] add cmd: [reddit_collect_pascage.LoadPageCmd@261c5d1f, url:https://www.reddit.com/user/Many_Audience7660/comments/.json]
[INFO] add cmd: [reddit_collect_pascage.LoadPageCmd@570089c4, url:https://www.reddit.com/user/Frequent_Jello8791/.json]
[INFO] add cmd: [reddit_collect_pascage.LoadPageCmd@409df37d, url:https://www.reddit.com/user/Frequent_Jello8791/submitted/.json]
[INFO] add cmd: [reddit_collect_pascage.LoadPageCmd@2ab1c7a9, url:https://www.reddit.com/user/Frequent_Jello8791/comments/.json]
[INFO] add cmd: [reddit_collect_pascage.LoadPageCmd@6e818345, url:https://www.reddit.com/user/Ill-Tax8069/.json]
[INFO] add cmd: [reddit_collect_pascage.LoadPageCmd@3d9c69f8, url:https://www.reddit.com/user/Ill-Tax8069/submitted/.json]
[INFO] add cmd: [reddit_collect_pascage.LoadPageCmd@1235732d, url:https://www.reddit.com/user/Ill-Tax8069/comments/.json]
[INFO] add cmd: [reddit_collect_pascage.LoadPageCmd@369d624d, url:https://www.reddit.com/user/xenafeo/.json]
[INFO] add cmd: [reddit_collect_pascage.LoadPageCmd@54644470, url:https://www.reddit.com/user/xenafeo/submitted/.json]
[INFO] add cmd: [reddit_collect_pascage.LoadPageCmd@a6924ad, url:https://www.reddit.com/user/xenafeo/comments/.json]
[INFO] add cmd: [reddit_collect_pascage.LoadPageCmd@33fc92d6, url:https://www.reddit.com/user/Greedy-Inevitable137/.json]
[INFO] add cmd: [reddit_collect_pascage.LoadPageCmd@6e2e11ee, url:https://www.reddit.com/user/Greedy-Inevitable137/submitted/.json]
[INFO] add cmd: [reddit_collect_pascage.LoadPageCmd@189f9f9f, url:https://www.reddit.com/user/Greedy-Inevitable137/comments/.json]
[INFO] add cmd: [reddit_collect_pascage.LoadPageCmd@5b908c6d, url:https://www.reddit.com/user/Fadedtzap/.json]
[INFO] add cmd: [reddit_collect_pascage.LoadPageCmd@c2ddfeb, url:https://www.reddit.com/user/Fadedtzap/submitted/.json]
[INFO] add cmd: [reddit_collect_pascage.LoadPageCmd@12921ee1, url:https://www.reddit.com/user/Fadedtzap/comments/.json]
[INFO] add cmd: [reddit_collect_pascage.LoadPageCmd@7695184b, url:https://www.reddit.com/user/ZincAddict/.json]
[INFO] add cmd: [reddit_collect_pascage.LoadPageCmd@29390110, url:https://www.reddit.com/user/ZincAddict/submitted/.json]
[INFO] add cmd: [reddit_collect_pascage.LoadPageCmd@4b89515b, url:https://www.reddit.com/user/ZincAddict/comments/.json]
[INFO] add cmd: [reddit_collect_pascage.LoadPageCmd@496e2bdd, url:https://www.reddit.com/user/Mashed_potatoes124/.json]
[INFO] add cmd: [reddit_collect_pascage.LoadPageCmd@17e725fb, url:https://www.reddit.com/user/Mashed_potatoes124/submitted/.json]
[INFO] add cmd: [reddit_collect_pascage.LoadPageCmd@76379796, url:https://www.reddit.com/user/Mashed_potatoes124/comments/.json]
[INFO] add cmd: [reddit_collect_pascage.LoadPageCmd@77350382, url:https://www.reddit.com/user/no_filterlife/.json]
[INFO] add cmd: [reddit_collect_pascage.LoadPageCmd@4fbdee7a, url:https://www.reddit.com/user/no_filterlife/submitted/.json]
[INFO] add cmd: [reddit_collect_pascage.LoadPageCmd@615bd28b, url:https://www.reddit.com/user/no_filterlife/comments/.json]
[INFO] add cmd: [reddit_collect_pascage.LoadPageCmd@2b9a7211, url:https://www.reddit.com/user/Non-Fungible-Talent/.json]
[INFO] add cmd: [reddit_collect_pascage.LoadPageCmd@74ec4df3, url:https://www.reddit.com/user/Non-Fungible-Talent/submitted/.json]
[INFO] add cmd: [reddit_collect_pascage.LoadPageCmd@5482b32a, url:https://www.reddit.com/user/Non-Fungible-Talent/comments/.json]
[INFO] add cmd: [reddit_collect_pascage.LoadPageCmd@6bf2ecbb, url:https://www.reddit.com/user/Automatic_Poem_6863/.json]
[INFO] add cmd: [reddit_collect_pascage.LoadPageCmd@1300112e, url:https://www.reddit.com/user/Automatic_Poem_6863/submitted/.json]
[INFO] add cmd: [reddit_collect_pascage.LoadPageCmd@5955568, url:https://www.reddit.com/user/Automatic_Poem_6863/comments/.json]
[INFO] add cmd: [reddit_collect_pascage.LoadPageCmd@444fbd13, url:https://www.reddit.com/user/lightningthief873/.json]
[INFO] add cmd: [reddit_collect_pascage.LoadPageCmd@38241615, url:https://www.reddit.com/user/lightningthief873/submitted/.json]
[INFO] add cmd: [reddit_collect_pascage.LoadPageCmd@2b3ee95e, url:https://www.reddit.com/user/lightningthief873/comments/.json]
[INFO] add cmd: [reddit_collect_pascage.LoadPageCmd@42fc744, url:https://www.reddit.com/user/Informal-Look-7156/.json]
[INFO] add cmd: [reddit_collect_pascage.LoadPageCmd@3db145f7, url:https://www.reddit.com/user/Informal-Look-7156/submitted/.json]
[INFO] add cmd: [reddit_collect_pascage.LoadPageCmd@25bd68ea, url:https://www.reddit.com/user/Informal-Look-7156/comments/.json]
[INFO] add cmd: [reddit_collect_pascage.LoadPageCmd@7915111a, url:https://www.reddit.com/user/NovelElevator5024/.json]
[INFO] add cmd: [reddit_collect_pascage.LoadPageCmd@37aec9b, url:https://www.reddit.com/user/NovelElevator5024/submitted/.json]
[INFO] add cmd: [reddit_collect_pascage.LoadPageCmd@34538ffe, url:https://www.reddit.com/user/NovelElevator5024/comments/.json]
[INFO] add cmd: [reddit_collect_pascage.LoadPageCmd@7ae75ba6, url:https://www.reddit.com/r/matiks/.json]
[INFO] remove cmd: [reddit_collect_pascage.LoadPageCmd@2569afda, url:https://www.reddit.com/r/matiks/.json]
[INFO] get cmd: [reddit_collect_pascage.LoadPageCmd@28dd8786, url:https://www.reddit.com/r/unexpectedfactorial/.json]
[INFO] run cmd: [reddit_collect_pascage.LoadPageCmd@28dd8786, url:https://www.reddit.com/r/unexpectedfactorial/.json]
[INFO] LoadPageCmd.run on https://www.reddit.com/r/unexpectedfactorial/.json
[INFO] LoadPageCmd.run succesfull loaded (200) https://www.reddit.com/r/unexpectedfactorial/.json
[INFO] Found 25 new Reddit URLs: https://i.redd.it/av304u4q960h1.png, https://i.redd.it/wwwszzem680h1.jpeg, https://i.redd.it/8a416av15b0h1.jpeg, https://i.redd.it/n3d2yorfb70h1.png, https://i.redd.it/jxsrwklol50h1.png, https://i.redd.it/9ohw8svdqb0h1.jpeg, https://i.redd.it/ztee1s5ys50h1.jpeg, https://i.redd.it/593qmq39fc0h1.png, https://www.reddit.com/r/unexpectedfactorial/comments/au2l9u/list_of_common_reposts_will_be_removed_at/, https://i.redd.it/4tmxdj7gu40h1.jpeg, https://i.redd.it/ms5c42ips20h1.jpeg, https://i.redd.it/8m8tppkxdc0h1.jpeg, https://i.redd.it/0ndyuv66gb0h1.jpeg, https://i.redd.it/jlk2il5zc30h1.png, https://i.redd.it/b4f3iupenb0h1.png, https://i.redd.it/lc9kwizvr60h1.png, https://i.redd.it/vptwv0pyac0h1.png, https://i.redd.it/zn3e0pox640h1.jpeg, https://i.redd.it/h3bnkp6uya0h1.jpeg, https://i.redd.it/9y7wc6kydc0h1.jpeg, https://i.redd.it/7bfdzu7rm80h1.jpeg, https://i.redd.it/clbwr9mzh80h1.png, https://www.reddit.com/gallery/1t81pin, https://i.redd.it/xcpvzkm1w60h1.jpeg, https://i.redd.it/ywau69euja0h1.jpeg
[INFO] Found 20 new usernames: GuavaFragrant3453, JoseGama69420, 69DangerousArt69, Herlyg, FunnyLizardExplorer, Anthony408ishere, Key_Painter_4072, ReverseCold, SosisochkaBelarus, Certain-Top7545, Martitoad, CoolCameGoodGames, Then-Abrocoma3211, JonasLP8389, Familiar_Ad_1469, BRUSDHDFhd, Medium_Wind_553, Conscious_Radish_737, resettlementos, Grand_North_6058
[INFO] Queued 25 new pages: https://www.reddit.com/i.redd.it/wwwszzem680h1.jpeg/.json, https://www.reddit.com/i.redd.it/ms5c42ips20h1.jpeg/.json, https://www.reddit.com/i.redd.it/n3d2yorfb70h1.png/.json, https://www.reddit.com/i.redd.it/zn3e0pox640h1.jpeg/.json, https://www.reddit.com/i.redd.it/jxsrwklol50h1.png/.json, https://www.reddit.com/gallery/1t81pin/.json, https://www.reddit.com/i.redd.it/ztee1s5ys50h1.jpeg/.json, https://www.reddit.com/i.redd.it/7bfdzu7rm80h1.jpeg/.json, https://www.reddit.com/i.redd.it/jlk2il5zc30h1.png/.json, https://www.reddit.com/i.redd.it/4tmxdj7gu40h1.jpeg/.json, https://www.reddit.com/i.redd.it/xcpvzkm1w60h1.jpeg/.json, https://www.reddit.com/i.redd.it/593qmq39fc0h1.png/.json, https://www.reddit.com/r/unexpectedfactorial/comments/au2l9u/list_of_common_reposts_will_be_removed_at/.json, https://www.reddit.com/i.redd.it/h3bnkp6uya0h1.jpeg/.json, https://www.reddit.com/i.redd.it/0ndyuv66gb0h1.jpeg/.json, https://www.reddit.com/i.redd.it/8a416av15b0h1.jpeg/.json, https://www.reddit.com/i.redd.it/lc9kwizvr60h1.png/.json, https://www.reddit.com/i.redd.it/vptwv0pyac0h1.png/.json, https://www.reddit.com/i.redd.it/9ohw8svdqb0h1.jpeg/.json, https://www.reddit.com/i.redd.it/av304u4q960h1.png/.json, https://www.reddit.com/i.redd.it/clbwr9mzh80h1.png/.json, https://www.reddit.com/i.redd.it/8m8tppkxdc0h1.jpeg/.json, https://www.reddit.com/i.redd.it/b4f3iupenb0h1.png/.json, https://www.reddit.com/i.redd.it/ywau69euja0h1.jpeg/.json, https://www.reddit.com/i.redd.it/9y7wc6kydc0h1.jpeg/.json
[INFO] add cmd: [reddit_collect_pascage.LoadPageCmd@60f6d689, url:https://www.reddit.com/i.redd.it/av304u4q960h1.png/.json]
[INFO] add cmd: [reddit_collect_pascage.LoadPageCmd@6a90b5e8, url:https://www.reddit.com/i.redd.it/wwwszzem680h1.jpeg/.json]
[INFO] add cmd: [reddit_collect_pascage.LoadPageCmd@1ff65426, url:https://www.reddit.com/i.redd.it/8a416av15b0h1.jpeg/.json]
[INFO] add cmd: [reddit_collect_pascage.LoadPageCmd@3bdf6d63, url:https://www.reddit.com/i.redd.it/n3d2yorfb70h1.png/.json]
[INFO] add cmd: [reddit_collect_pascage.LoadPageCmd@6d4bb60f, url:https://www.reddit.com/i.redd.it/jxsrwklol50h1.png/.json]
[INFO] add cmd: [reddit_collect_pascage.LoadPageCmd@29b61bb, url:https://www.reddit.com/i.redd.it/9ohw8svdqb0h1.jpeg/.json]
[INFO] add cmd: [reddit_collect_pascage.LoadPageCmd@2fe152aa, url:https://www.reddit.com/i.redd.it/ztee1s5ys50h1.jpeg/.json]
[INFO] add cmd: [reddit_collect_pascage.LoadPageCmd@6f959640, url:https://www.reddit.com/i.redd.it/593qmq39fc0h1.png/.json]
[INFO] add cmd: [reddit_collect_pascage.LoadPageCmd@5fdebe73, url:https://www.reddit.com/r/unexpectedfactorial/comments/au2l9u/list_of_common_reposts_will_be_removed_at/.json]
[INFO] add cmd: [reddit_collect_pascage.LoadPageCmd@6919a8a, url:https://www.reddit.com/i.redd.it/4tmxdj7gu40h1.jpeg/.json]
[INFO] add cmd: [reddit_collect_pascage.LoadPageCmd@23c0fcf0, url:https://www.reddit.com/i.redd.it/ms5c42ips20h1.jpeg/.json]
[INFO] add cmd: [reddit_collect_pascage.LoadPageCmd@60a4595e, url:https://www.reddit.com/i.redd.it/8m8tppkxdc0h1.jpeg/.json]
[INFO] add cmd: [reddit_collect_pascage.LoadPageCmd@4a234e1f, url:https://www.reddit.com/i.redd.it/0ndyuv66gb0h1.jpeg/.json]
[INFO] add cmd: [reddit_collect_pascage.LoadPageCmd@406cc81b, url:https://www.reddit.com/i.redd.it/jlk2il5zc30h1.png/.json]
[INFO] add cmd: [reddit_collect_pascage.LoadPageCmd@64ef9b9a, url:https://www.reddit.com/i.redd.it/b4f3iupenb0h1.png/.json]
[INFO] add cmd: [reddit_collect_pascage.LoadPageCmd@264340f0, url:https://www.reddit.com/i.redd.it/lc9kwizvr60h1.png/.json]
[INFO] add cmd: [reddit_collect_pascage.LoadPageCmd@7640a191, url:https://www.reddit.com/i.redd.it/vptwv0pyac0h1.png/.json]
[INFO] add cmd: [reddit_collect_pascage.LoadPageCmd@504a9352, url:https://www.reddit.com/i.redd.it/zn3e0pox640h1.jpeg/.json]
[INFO] add cmd: [reddit_collect_pascage.LoadPageCmd@48e1e18a, url:https://www.reddit.com/i.redd.it/h3bnkp6uya0h1.jpeg/.json]
[INFO] add cmd: [reddit_collect_pascage.LoadPageCmd@74997ca6, url:https://www.reddit.com/i.redd.it/9y7wc6kydc0h1.jpeg/.json]
[INFO] add cmd: [reddit_collect_pascage.LoadPageCmd@7a6078d, url:https://www.reddit.com/i.redd.it/7bfdzu7rm80h1.jpeg/.json]
[INFO] add cmd: [reddit_collect_pascage.LoadPageCmd@372c428, url:https://www.reddit.com/i.redd.it/clbwr9mzh80h1.png/.json]
[INFO] add cmd: [reddit_collect_pascage.LoadPageCmd@4458887d, url:https://www.reddit.com/gallery/1t81pin/.json]
[INFO] add cmd: [reddit_collect_pascage.LoadPageCmd@7b1bb01c, url:https://www.reddit.com/i.redd.it/xcpvzkm1w60h1.jpeg/.json]
[INFO] add cmd: [reddit_collect_pascage.LoadPageCmd@4c364a9d, url:https://www.reddit.com/i.redd.it/ywau69euja0h1.jpeg/.json]
[INFO] add cmd: [reddit_collect_pascage.LoadPageCmd@597084b7, url:https://www.reddit.com/user/GuavaFragrant3453/.json]
[INFO] add cmd: [reddit_collect_pascage.LoadPageCmd@59ebe484, url:https://www.reddit.com/user/GuavaFragrant3453/submitted/.json]
[INFO] add cmd: [reddit_collect_pascage.LoadPageCmd@7fd624f5, url:https://www.reddit.com/user/GuavaFragrant3453/comments/.json]
[INFO] add cmd: [reddit_collect_pascage.LoadPageCmd@1cafb30, url:https://www.reddit.com/user/JoseGama69420/.json]
[INFO] add cmd: [reddit_collect_pascage.LoadPageCmd@5cc28282, url:https://www.reddit.com/user/JoseGama69420/submitted/.json]
[INFO] add cmd: [reddit_collect_pascage.LoadPageCmd@5a0b925a, url:https://www.reddit.com/user/JoseGama69420/comments/.json]
[INFO] add cmd: [reddit_collect_pascage.LoadPageCmd@14b4f462, url:https://www.reddit.com/user/69DangerousArt69/.json]
[INFO] add cmd: [reddit_collect_pascage.LoadPageCmd@42718ebf, url:https://www.reddit.com/user/69DangerousArt69/submitted/.json]
[INFO] add cmd: [reddit_collect_pascage.LoadPageCmd@a6fc2e1, url:https://www.reddit.com/user/69DangerousArt69/comments/.json]
[INFO] add cmd: [reddit_collect_pascage.LoadPageCmd@c7008b4, url:https://www.reddit.com/user/Herlyg/.json]
[INFO] add cmd: [reddit_collect_pascage.LoadPageCmd@3f54fabc, url:https://www.reddit.com/user/Herlyg/submitted/.json]
[INFO] add cmd: [reddit_collect_pascage.LoadPageCmd@719e8f9f, url:https://www.reddit.com/user/Herlyg/comments/.json]
[INFO] add cmd: [reddit_collect_pascage.LoadPageCmd@5122387, url:https://www.reddit.com/user/FunnyLizardExplorer/.json]
[INFO] add cmd: [reddit_collect_pascage.LoadPageCmd@9abbe39, url:https://www.reddit.com/user/FunnyLizardExplorer/submitted/.json]
[INFO] add cmd: [reddit_collect_pascage.LoadPageCmd@11b234aa, url:https://www.reddit.com/user/FunnyLizardExplorer/comments/.json]
[INFO] add cmd: [reddit_collect_pascage.LoadPageCmd@1455a374, url:https://www.reddit.com/user/Anthony408ishere/.json]
[INFO] add cmd: [reddit_collect_pascage.LoadPageCmd@cfb462, url:https://www.reddit.com/user/Anthony408ishere/submitted/.json]
[INFO] add cmd: [reddit_collect_pascage.LoadPageCmd@54418834, url:https://www.reddit.com/user/Anthony408ishere/comments/.json]
[INFO] add cmd: [reddit_collect_pascage.LoadPageCmd@54d6f172, url:https://www.reddit.com/user/Key_Painter_4072/.json]
[INFO] add cmd: [reddit_collect_pascage.LoadPageCmd@6d21a69f, url:https://www.reddit.com/user/Key_Painter_4072/submitted/.json]
[INFO] add cmd: [reddit_collect_pascage.LoadPageCmd@10b063fd, url:https://www.reddit.com/user/Key_Painter_4072/comments/.json]
[INFO] add cmd: [reddit_collect_pascage.LoadPageCmd@48e859f7, url:https://www.reddit.com/user/ReverseCold/.json]
[INFO] add cmd: [reddit_collect_pascage.LoadPageCmd@2bd67cf9, url:https://www.reddit.com/user/ReverseCold/submitted/.json]
[INFO] add cmd: [reddit_collect_pascage.LoadPageCmd@4ba32242, url:https://www.reddit.com/user/ReverseCold/comments/.json]
[INFO] add cmd: [reddit_collect_pascage.LoadPageCmd@581f1f40, url:https://www.reddit.com/user/SosisochkaBelarus/.json]
[INFO] add cmd: [reddit_collect_pascage.LoadPageCmd@52b2c255, url:https://www.reddit.com/user/SosisochkaBelarus/submitted/.json]
[INFO] add cmd: [reddit_collect_pascage.LoadPageCmd@4a9b4d4e, url:https://www.reddit.com/user/SosisochkaBelarus/comments/.json]
[INFO] add cmd: [reddit_collect_pascage.LoadPageCmd@18f8c76d, url:https://www.reddit.com/user/Certain-Top7545/.json]
[INFO] add cmd: [reddit_collect_pascage.LoadPageCmd@383d2e2d, url:https://www.reddit.com/user/Certain-Top7545/submitted/.json]
[INFO] add cmd: [reddit_collect_pascage.LoadPageCmd@7c59f315, url:https://www.reddit.com/user/Certain-Top7545/comments/.json]
[INFO] add cmd: [reddit_collect_pascage.LoadPageCmd@6c3830ed, url:https://www.reddit.com/user/Martitoad/.json]
[INFO] add cmd: [reddit_collect_pascage.LoadPageCmd@32a541a8, url:https://www.reddit.com/user/Martitoad/submitted/.json]
[INFO] add cmd: [reddit_collect_pascage.LoadPageCmd@63b85d97, url:https://www.reddit.com/user/Martitoad/comments/.json]
[INFO] add cmd: [reddit_collect_pascage.LoadPageCmd@50cadbae, url:https://www.reddit.com/user/CoolCameGoodGames/.json]
[INFO] add cmd: [reddit_collect_pascage.LoadPageCmd@7d583602, url:https://www.reddit.com/user/CoolCameGoodGames/submitted/.json]
[INFO] add cmd: [reddit_collect_pascage.LoadPageCmd@65689000, url:https://www.reddit.com/user/CoolCameGoodGames/comments/.json]
[INFO] add cmd: [reddit_collect_pascage.LoadPageCmd@441d3ddf, url:https://www.reddit.com/user/Then-Abrocoma3211/.json]
[INFO] add cmd: [reddit_collect_pascage.LoadPageCmd@420c9959, url:https://www.reddit.com/user/Then-Abrocoma3211/submitted/.json]
[INFO] add cmd: [reddit_collect_pascage.LoadPageCmd@7e584f3c, url:https://www.reddit.com/user/Then-Abrocoma3211/comments/.json]
[INFO] add cmd: [reddit_collect_pascage.LoadPageCmd@5f113867, url:https://www.reddit.com/user/JonasLP8389/.json]
[INFO] add cmd: [reddit_collect_pascage.LoadPageCmd@72cf159f, url:https://www.reddit.com/user/JonasLP8389/submitted/.json]
[INFO] add cmd: [reddit_collect_pascage.LoadPageCmd@54af9cce, url:https://www.reddit.com/user/JonasLP8389/comments/.json]
[INFO] add cmd: [reddit_collect_pascage.LoadPageCmd@683218c8, url:https://www.reddit.com/user/Familiar_Ad_1469/.json]
[INFO] add cmd: [reddit_collect_pascage.LoadPageCmd@3eb6d7a9, url:https://www.reddit.com/user/Familiar_Ad_1469/submitted/.json]
[INFO] add cmd: [reddit_collect_pascage.LoadPageCmd@345f4e0d, url:https://www.reddit.com/user/Familiar_Ad_1469/comments/.json]
[INFO] add cmd: [reddit_collect_pascage.LoadPageCmd@1c3eeda4, url:https://www.reddit.com/user/BRUSDHDFhd/.json]
[INFO] add cmd: [reddit_collect_pascage.LoadPageCmd@64b242b3, url:https://www.reddit.com/user/BRUSDHDFhd/submitted/.json]
[INFO] add cmd: [reddit_collect_pascage.LoadPageCmd@6cb1da13, url:https://www.reddit.com/user/BRUSDHDFhd/comments/.json]
[INFO] add cmd: [reddit_collect_pascage.LoadPageCmd@2250deae, url:https://www.reddit.com/user/Medium_Wind_553/.json]
[INFO] add cmd: [reddit_collect_pascage.LoadPageCmd@49e8548d, url:https://www.reddit.com/user/Medium_Wind_553/submitted/.json]
[INFO] add cmd: [reddit_collect_pascage.LoadPageCmd@3fb920d9, url:https://www.reddit.com/user/Medium_Wind_553/comments/.json]
[INFO] add cmd: [reddit_collect_pascage.LoadPageCmd@5d3a147f, url:https://www.reddit.com/user/Conscious_Radish_737/.json]
[INFO] add cmd: [reddit_collect_pascage.LoadPageCmd@79bb14d8, url:https://www.reddit.com/user/Conscious_Radish_737/submitted/.json]
[INFO] add cmd: [reddit_collect_pascage.LoadPageCmd@72fc6b5e, url:https://www.reddit.com/user/Conscious_Radish_737/comments/.json]
[INFO] add cmd: [reddit_collect_pascage.LoadPageCmd@4353230, url:https://www.reddit.com/user/resettlementos/.json]
[INFO] add cmd: [reddit_collect_pascage.LoadPageCmd@9214725, url:https://www.reddit.com/user/resettlementos/submitted/.json]
[INFO] add cmd: [reddit_collect_pascage.LoadPageCmd@289d9f0d, url:https://www.reddit.com/user/resettlementos/comments/.json]
[INFO] add cmd: [reddit_collect_pascage.LoadPageCmd@39aaa7db, url:https://www.reddit.com/user/Grand_North_6058/.json]
[INFO] add cmd: [reddit_collect_pascage.LoadPageCmd@14a3a66c, url:https://www.reddit.com/user/Grand_North_6058/submitted/.json]
[INFO] add cmd: [reddit_collect_pascage.LoadPageCmd@1738d3b2, url:https://www.reddit.com/user/Grand_North_6058/comments/.json]
[INFO] add cmd: [reddit_collect_pascage.LoadPageCmd@539953af, url:https://www.reddit.com/r/unexpectedfactorial/.json]
[INFO] remove cmd: [reddit_collect_pascage.LoadPageCmd@28dd8786, url:https://www.reddit.com/r/unexpectedfactorial/.json]
[INFO] get cmd: [reddit_collect_pascage.LoadPageCmd@4ef28dc4, url:https://www.reddit.com/user/Rude_Anywhere_/submitted/.json]
[INFO] run cmd: [reddit_collect_pascage.LoadPageCmd@4ef28dc4, url:https://www.reddit.com/user/Rude_Anywhere_/submitted/.json]
[INFO] LoadPageCmd.run on https://www.reddit.com/user/Rude_Anywhere_/submitted/.json
[INFO] LoadPageCmd.run succesfull loaded (200) https://www.reddit.com/user/Rude_Anywhere_/submitted/.json
[INFO] remove cmd: [reddit_collect_pascage.LoadPageCmd@4ef28dc4, url:https://www.reddit.com/user/Rude_Anywhere_/submitted/.json]
[INFO] Collector loop finished. Iterations: 10
