[INFO] Collector initialized
[INFO] random seed: 249
[INFO] add cmd: [reddit_collect_pascage.LoadPageCmd@69a76b74, url:https://www.reddit.com/r/mathmemes/comments/1sgzvxx/the_1phone/.json]
[INFO] get cmd: [reddit_collect_pascage.LoadPageCmd@69a76b74, url:https://www.reddit.com/r/mathmemes/comments/1sgzvxx/the_1phone/.json]
[INFO] run cmd: [reddit_collect_pascage.LoadPageCmd@69a76b74, url:https://www.reddit.com/r/mathmemes/comments/1sgzvxx/the_1phone/.json]
[INFO] LoadPageCmd.run on https://www.reddit.com/r/mathmemes/comments/1sgzvxx/the_1phone/.json
[INFO] LoadPageCmd.run succesfull loaded (200) https://www.reddit.com/r/mathmemes/comments/1sgzvxx/the_1phone/.json
[INFO] Found 44 new Reddit URLs: /r/mathmemes/comments/1sgzvxx/the_1phone/of8zjz7/, /r/mathmemes/comments/1sgzvxx/the_1phone/of957oj/, /r/mathmemes/comments/1sgzvxx/the_1phone/of92yrj/, /r/mathmemes/comments/1sgzvxx/the_1phone/of9mu9c/, /r/mathmemes/comments/1sgzvxx/the_1phone/of97tw7/, /r/mathmemes/comments/1sgzvxx/the_1phone/of9ci6s/, /r/mathmemes/comments/1sgzvxx/the_1phone/of8zcum/, /r/mathmemes/comments/1sgzvxx/the_1phone/of9wxbl/, /r/mathmemes/comments/1sgzvxx/the_1phone/of8y43z/, /r/mathmemes/comments/1sgzvxx/the_1phone/ofbs9jf/, /r/mathmemes/comments/1sgzvxx/the_1phone/of9k1bm/, /r/mathmemes/comments/1sgzvxx/the_1phone/ofa0rm4/, /r/mathmemes/comments/1sgzvxx/the_1phone/ofz0z35/, /r/mathmemes/comments/1sgzvxx/the_1phone/of8zh2l/, /r/mathmemes/comments/1sgzvxx/the_1phone/of8zv0b/, /r/mathmemes/comments/1sgzvxx/the_1phone/of92e0y/, /r/mathmemes/comments/1sgzvxx/the_1phone/ofa0htx/, /r/mathmemes/comments/1sgzvxx/the_1phone/ofn3ocv/, /r/mathmemes/comments/1sgzvxx/the_1phone/of91w5f/, /r/mathmemes/comments/1sgzvxx/the_1phone/offotb4/, /r/mathmemes/comments/1sgzvxx/the_1phone/of91nzy/, /r/mathmemes/comments/1sgzvxx/the_1phone/of92iz0/, /r/mathmemes/comments/1sgzvxx/the_1phone/offoz6c/, /r/mathmemes/comments/1sgzvxx/the_1phone/of93wu1/, /r/mathmemes/comments/1sgzvxx/the_1phone/ofzoglc/, /r/mathmemes/comments/1sgzvxx/the_1phone/offp110/, /r/mathmemes/comments/1sgzvxx/the_1phone/ofa0g7l/, /r/mathmemes/comments/1sgzvxx/the_1phone/of9wysu/, /r/mathmemes/comments/1sgzvxx/the_1phone/ofb0xdk/, /r/mathmemes/comments/1sgzvxx/the_1phone/ofa7ep8/, /r/mathmemes/comments/1sgzvxx/the_1phone/og3rs9a/, /r/mathmemes/comments/1sgzvxx/the_1phone/ofa5zod/, /r/mathmemes/comments/1sgzvxx/the_1phone/ofbus8d/, https://www.reddit.com/gallery/1sgzvxx, /r/mathmemes/comments/1sgzvxx/the_1phone/of8yre0/, /r/mathmemes/comments/1sgzvxx/the_1phone/of97qyw/, /r/mathmemes/comments/1sgzvxx/the_1phone/ofb7470/, /r/mathmemes/comments/1sgzvxx/the_1phone/of9h13c/, /r/mathmemes/comments/1sgzvxx/the_1phone/ofh3fxq/, /r/mathmemes/comments/1sgzvxx/the_1phone/ofb2bw1/, /r/mathmemes/comments/1sgzvxx/the_1phone/of9bpif/, /r/mathmemes/comments/1sgzvxx/the_1phone/ofa0be3/, /r/mathmemes/comments/1sgzvxx/the_1phone/of97od6/, /r/mathmemes/comments/1sgzvxx/the_1phone/ofa5wal/
[INFO] Found 24 new usernames: KreeptonChronicler, Aton_Otsos, QaSpel, jacob643, cod3builder, Suspicious-Cut-3998, M10doreddit, thvirtuo, AbdullahMRiad, Frostbyte_13, guest111i, [deleted], Royal_Lustir, NefariousnessFar7826, rorodar, Frannnnnnnnn, Rude_Anywhere_, the3gs, AutoModerator, juanohulomo1234, martyboulders, johnporksigma, drLoveF, Zziggith
[INFO] Found 1 new subreddits: mathmemes
[INFO] Queued 44 new pages: https://www.reddit.com/r/mathmemes/comments/1sgzvxx/the_1phone/offoz6c/.json, https://www.reddit.com/r/mathmemes/comments/1sgzvxx/the_1phone/ofzoglc/.json, https://www.reddit.com/r/mathmemes/comments/1sgzvxx/the_1phone/ofbus8d/.json, https://www.reddit.com/r/mathmemes/comments/1sgzvxx/the_1phone/of93wu1/.json, https://www.reddit.com/r/mathmemes/comments/1sgzvxx/the_1phone/of97tw7/.json, https://www.reddit.com/r/mathmemes/comments/1sgzvxx/the_1phone/of92iz0/.json, https://www.reddit.com/r/mathmemes/comments/1sgzvxx/the_1phone/of9bpif/.json, https://www.reddit.com/r/mathmemes/comments/1sgzvxx/the_1phone/ofa0be3/.json, https://www.reddit.com/r/mathmemes/comments/1sgzvxx/the_1phone/ofb7470/.json, https://www.reddit.com/r/mathmemes/comments/1sgzvxx/the_1phone/of91nzy/.json, https://www.reddit.com/r/mathmemes/comments/1sgzvxx/the_1phone/of9ci6s/.json, https://www.reddit.com/r/mathmemes/comments/1sgzvxx/the_1phone/of9wxbl/.json, https://www.reddit.com/r/mathmemes/comments/1sgzvxx/the_1phone/of9k1bm/.json, https://www.reddit.com/r/mathmemes/comments/1sgzvxx/the_1phone/of8zcum/.json, https://www.reddit.com/r/mathmemes/comments/1sgzvxx/the_1phone/ofa0g7l/.json, https://www.reddit.com/r/mathmemes/comments/1sgzvxx/the_1phone/ofa5zod/.json, https://www.reddit.com/r/mathmemes/comments/1sgzvxx/the_1phone/offp110/.json, https://www.reddit.com/r/mathmemes/comments/1sgzvxx/the_1phone/of8zjz7/.json, https://www.reddit.com/r/mathmemes/comments/1sgzvxx/the_1phone/of92yrj/.json, https://www.reddit.com/r/mathmemes/comments/1sgzvxx/the_1phone/of8y43z/.json, https://www.reddit.com/r/mathmemes/comments/1sgzvxx/the_1phone/of9mu9c/.json, https://www.reddit.com/r/mathmemes/comments/1sgzvxx/the_1phone/ofz0z35/.json, https://www.reddit.com/r/mathmemes/comments/1sgzvxx/the_1phone/og3rs9a/.json, https://www.reddit.com/r/mathmemes/comments/1sgzvxx/the_1phone/of8zv0b/.json, https://www.reddit.com/r/mathmemes/comments/1sgzvxx/the_1phone/ofh3fxq/.json, https://www.reddit.com/r/mathmemes/comments/1sgzvxx/the_1phone/of91w5f/.json, https://www.reddit.com/r/mathmemes/comments/1sgzvxx/the_1phone/ofa0rm4/.json, https://www.reddit.com/r/mathmemes/comments/1sgzvxx/the_1phone/of8yre0/.json, https://www.reddit.com/r/mathmemes/comments/1sgzvxx/the_1phone/of9h13c/.json, https://www.reddit.com/r/mathmemes/comments/1sgzvxx/the_1phone/of8zh2l/.json, https://www.reddit.com/gallery/1sgzvxx/.json, https://www.reddit.com/r/mathmemes/comments/1sgzvxx/the_1phone/ofa0htx/.json, https://www.reddit.com/r/mathmemes/comments/1sgzvxx/the_1phone/offotb4/.json, https://www.reddit.com/r/mathmemes/comments/1sgzvxx/the_1phone/of97qyw/.json, https://www.reddit.com/r/mathmemes/comments/1sgzvxx/the_1phone/ofa5wal/.json, https://www.reddit.com/r/mathmemes/comments/1sgzvxx/the_1phone/ofb0xdk/.json, https://www.reddit.com/r/mathmemes/comments/1sgzvxx/the_1phone/ofb2bw1/.json, https://www.reddit.com/r/mathmemes/comments/1sgzvxx/the_1phone/of957oj/.json, https://www.reddit.com/r/mathmemes/comments/1sgzvxx/the_1phone/of97od6/.json, https://www.reddit.com/r/mathmemes/comments/1sgzvxx/the_1phone/ofbs9jf/.json, https://www.reddit.com/r/mathmemes/comments/1sgzvxx/the_1phone/of92e0y/.json, https://www.reddit.com/r/mathmemes/comments/1sgzvxx/the_1phone/ofn3ocv/.json, https://www.reddit.com/r/mathmemes/comments/1sgzvxx/the_1phone/ofa7ep8/.json, https://www.reddit.com/r/mathmemes/comments/1sgzvxx/the_1phone/of9wysu/.json
[INFO] add cmd: [reddit_collect_pascage.LoadPageCmd@35d3202b, url:https://www.reddit.com/r/mathmemes/comments/1sgzvxx/the_1phone/of8zjz7/.json]
[INFO] add cmd: [reddit_collect_pascage.LoadPageCmd@2dfd157b, url:https://www.reddit.com/r/mathmemes/comments/1sgzvxx/the_1phone/of957oj/.json]
[INFO] add cmd: [reddit_collect_pascage.LoadPageCmd@64381526, url:https://www.reddit.com/r/mathmemes/comments/1sgzvxx/the_1phone/of92yrj/.json]
[INFO] add cmd: [reddit_collect_pascage.LoadPageCmd@46290193, url:https://www.reddit.com/r/mathmemes/comments/1sgzvxx/the_1phone/of9mu9c/.json]
[INFO] add cmd: [reddit_collect_pascage.LoadPageCmd@6ad7a305, url:https://www.reddit.com/r/mathmemes/comments/1sgzvxx/the_1phone/of97tw7/.json]
[INFO] add cmd: [reddit_collect_pascage.LoadPageCmd@2fc435e9, url:https://www.reddit.com/r/mathmemes/comments/1sgzvxx/the_1phone/of9ci6s/.json]
[INFO] add cmd: [reddit_collect_pascage.LoadPageCmd@bf18412, url:https://www.reddit.com/r/mathmemes/comments/1sgzvxx/the_1phone/of8zcum/.json]
[INFO] add cmd: [reddit_collect_pascage.LoadPageCmd@5da2966, url:https://www.reddit.com/r/mathmemes/comments/1sgzvxx/the_1phone/of9wxbl/.json]
[INFO] add cmd: [reddit_collect_pascage.LoadPageCmd@52c27d53, url:https://www.reddit.com/r/mathmemes/comments/1sgzvxx/the_1phone/of8y43z/.json]
[INFO] add cmd: [reddit_collect_pascage.LoadPageCmd@5ca7619f, url:https://www.reddit.com/r/mathmemes/comments/1sgzvxx/the_1phone/ofbs9jf/.json]
[INFO] add cmd: [reddit_collect_pascage.LoadPageCmd@5b71af0d, url:https://www.reddit.com/r/mathmemes/comments/1sgzvxx/the_1phone/of9k1bm/.json]
[INFO] add cmd: [reddit_collect_pascage.LoadPageCmd@fb42c1c, url:https://www.reddit.com/r/mathmemes/comments/1sgzvxx/the_1phone/ofa0rm4/.json]
[INFO] add cmd: [reddit_collect_pascage.LoadPageCmd@4edde05c, url:https://www.reddit.com/r/mathmemes/comments/1sgzvxx/the_1phone/ofz0z35/.json]
[INFO] add cmd: [reddit_collect_pascage.LoadPageCmd@2911db81, url:https://www.reddit.com/r/mathmemes/comments/1sgzvxx/the_1phone/of8zh2l/.json]
[INFO] add cmd: [reddit_collect_pascage.LoadPageCmd@7fce1069, url:https://www.reddit.com/r/mathmemes/comments/1sgzvxx/the_1phone/of8zv0b/.json]
[INFO] add cmd: [reddit_collect_pascage.LoadPageCmd@51b41740, url:https://www.reddit.com/r/mathmemes/comments/1sgzvxx/the_1phone/of92e0y/.json]
[INFO] add cmd: [reddit_collect_pascage.LoadPageCmd@70cac22a, url:https://www.reddit.com/r/mathmemes/comments/1sgzvxx/the_1phone/ofa0htx/.json]
[INFO] add cmd: [reddit_collect_pascage.LoadPageCmd@57a0c261, url:https://www.reddit.com/r/mathmemes/comments/1sgzvxx/the_1phone/ofn3ocv/.json]
[INFO] add cmd: [reddit_collect_pascage.LoadPageCmd@5862dda4, url:https://www.reddit.com/r/mathmemes/comments/1sgzvxx/the_1phone/of91w5f/.json]
[INFO] add cmd: [reddit_collect_pascage.LoadPageCmd@299ddfff, url:https://www.reddit.com/r/mathmemes/comments/1sgzvxx/the_1phone/offotb4/.json]
[INFO] add cmd: [reddit_collect_pascage.LoadPageCmd@fe09374, url:https://www.reddit.com/r/mathmemes/comments/1sgzvxx/the_1phone/of91nzy/.json]
[INFO] add cmd: [reddit_collect_pascage.LoadPageCmd@5e02fb23, url:https://www.reddit.com/r/mathmemes/comments/1sgzvxx/the_1phone/of92iz0/.json]
[INFO] add cmd: [reddit_collect_pascage.LoadPageCmd@104392ba, url:https://www.reddit.com/r/mathmemes/comments/1sgzvxx/the_1phone/offoz6c/.json]
[INFO] add cmd: [reddit_collect_pascage.LoadPageCmd@57e6d56a, url:https://www.reddit.com/r/mathmemes/comments/1sgzvxx/the_1phone/of93wu1/.json]
[INFO] add cmd: [reddit_collect_pascage.LoadPageCmd@5c1687d1, url:https://www.reddit.com/r/mathmemes/comments/1sgzvxx/the_1phone/ofzoglc/.json]
[INFO] add cmd: [reddit_collect_pascage.LoadPageCmd@1504b493, url:https://www.reddit.com/r/mathmemes/comments/1sgzvxx/the_1phone/offp110/.json]
[INFO] add cmd: [reddit_collect_pascage.LoadPageCmd@19de32cb, url:https://www.reddit.com/r/mathmemes/comments/1sgzvxx/the_1phone/ofa0g7l/.json]
[INFO] add cmd: [reddit_collect_pascage.LoadPageCmd@7872e91f, url:https://www.reddit.com/r/mathmemes/comments/1sgzvxx/the_1phone/of9wysu/.json]
[INFO] add cmd: [reddit_collect_pascage.LoadPageCmd@10b2c1cf, url:https://www.reddit.com/r/mathmemes/comments/1sgzvxx/the_1phone/ofb0xdk/.json]
[INFO] add cmd: [reddit_collect_pascage.LoadPageCmd@20a25f66, url:https://www.reddit.com/r/mathmemes/comments/1sgzvxx/the_1phone/ofa7ep8/.json]
[INFO] add cmd: [reddit_collect_pascage.LoadPageCmd@488279d3, url:https://www.reddit.com/r/mathmemes/comments/1sgzvxx/the_1phone/og3rs9a/.json]
[INFO] add cmd: [reddit_collect_pascage.LoadPageCmd@27575bcd, url:https://www.reddit.com/r/mathmemes/comments/1sgzvxx/the_1phone/ofa5zod/.json]
[INFO] add cmd: [reddit_collect_pascage.LoadPageCmd@21ed4a51, url:https://www.reddit.com/r/mathmemes/comments/1sgzvxx/the_1phone/ofbus8d/.json]
[INFO] add cmd: [reddit_collect_pascage.LoadPageCmd@13866865, url:https://www.reddit.com/gallery/1sgzvxx/.json]
[INFO] add cmd: [reddit_collect_pascage.LoadPageCmd@4891d727, url:https://www.reddit.com/r/mathmemes/comments/1sgzvxx/the_1phone/of8yre0/.json]
[INFO] add cmd: [reddit_collect_pascage.LoadPageCmd@550574cb, url:https://www.reddit.com/r/mathmemes/comments/1sgzvxx/the_1phone/of97qyw/.json]
[INFO] add cmd: [reddit_collect_pascage.LoadPageCmd@1e7113f8, url:https://www.reddit.com/r/mathmemes/comments/1sgzvxx/the_1phone/ofb7470/.json]
[INFO] add cmd: [reddit_collect_pascage.LoadPageCmd@3e149513, url:https://www.reddit.com/r/mathmemes/comments/1sgzvxx/the_1phone/of9h13c/.json]
[INFO] add cmd: [reddit_collect_pascage.LoadPageCmd@787a4519, url:https://www.reddit.com/r/mathmemes/comments/1sgzvxx/the_1phone/ofh3fxq/.json]
[INFO] add cmd: [reddit_collect_pascage.LoadPageCmd@627d5f1, url:https://www.reddit.com/r/mathmemes/comments/1sgzvxx/the_1phone/ofb2bw1/.json]
[INFO] add cmd: [reddit_collect_pascage.LoadPageCmd@105fe81e, url:https://www.reddit.com/r/mathmemes/comments/1sgzvxx/the_1phone/of9bpif/.json]
[INFO] add cmd: [reddit_collect_pascage.LoadPageCmd@af94b0b, url:https://www.reddit.com/r/mathmemes/comments/1sgzvxx/the_1phone/ofa0be3/.json]
[INFO] add cmd: [reddit_collect_pascage.LoadPageCmd@208185c0, url:https://www.reddit.com/r/mathmemes/comments/1sgzvxx/the_1phone/of97od6/.json]
[INFO] add cmd: [reddit_collect_pascage.LoadPageCmd@1831447c, url:https://www.reddit.com/r/mathmemes/comments/1sgzvxx/the_1phone/ofa5wal/.json]
[INFO] add cmd: [reddit_collect_pascage.LoadPageCmd@1ba3c03d, url:https://www.reddit.com/user/KreeptonChronicler/.json]
[INFO] add cmd: [reddit_collect_pascage.LoadPageCmd@9a37591, url:https://www.reddit.com/user/KreeptonChronicler/submitted/.json]
[INFO] add cmd: [reddit_collect_pascage.LoadPageCmd@749c0669, url:https://www.reddit.com/user/KreeptonChronicler/comments/.json]
[INFO] add cmd: [reddit_collect_pascage.LoadPageCmd@4468c0ea, url:https://www.reddit.com/user/Aton_Otsos/.json]
[INFO] add cmd: [reddit_collect_pascage.LoadPageCmd@41cf4272, url:https://www.reddit.com/user/Aton_Otsos/submitted/.json]
[INFO] add cmd: [reddit_collect_pascage.LoadPageCmd@53d2b827, url:https://www.reddit.com/user/Aton_Otsos/comments/.json]
[INFO] add cmd: [reddit_collect_pascage.LoadPageCmd@4769537a, url:https://www.reddit.com/user/QaSpel/.json]
[INFO] add cmd: [reddit_collect_pascage.LoadPageCmd@4504a4ed, url:https://www.reddit.com/user/QaSpel/submitted/.json]
[INFO] add cmd: [reddit_collect_pascage.LoadPageCmd@7ee3a2ed, url:https://www.reddit.com/user/QaSpel/comments/.json]
[INFO] add cmd: [reddit_collect_pascage.LoadPageCmd@38363e96, url:https://www.reddit.com/user/jacob643/.json]
[INFO] add cmd: [reddit_collect_pascage.LoadPageCmd@35c95869, url:https://www.reddit.com/user/jacob643/submitted/.json]
[INFO] add cmd: [reddit_collect_pascage.LoadPageCmd@558aa1f1, url:https://www.reddit.com/user/jacob643/comments/.json]
[INFO] add cmd: [reddit_collect_pascage.LoadPageCmd@361d8567, url:https://www.reddit.com/user/cod3builder/.json]
[INFO] add cmd: [reddit_collect_pascage.LoadPageCmd@3fd6dfbc, url:https://www.reddit.com/user/cod3builder/submitted/.json]
[INFO] add cmd: [reddit_collect_pascage.LoadPageCmd@4023d23f, url:https://www.reddit.com/user/cod3builder/comments/.json]
[INFO] add cmd: [reddit_collect_pascage.LoadPageCmd@402676e3, url:https://www.reddit.com/user/Suspicious-Cut-3998/.json]
[INFO] add cmd: [reddit_collect_pascage.LoadPageCmd@1a4ae53d, url:https://www.reddit.com/user/Suspicious-Cut-3998/submitted/.json]
[INFO] add cmd: [reddit_collect_pascage.LoadPageCmd@1368e2f7, url:https://www.reddit.com/user/Suspicious-Cut-3998/comments/.json]
[INFO] add cmd: [reddit_collect_pascage.LoadPageCmd@4d84688f, url:https://www.reddit.com/user/M10doreddit/.json]
[INFO] add cmd: [reddit_collect_pascage.LoadPageCmd@3ee68eb2, url:https://www.reddit.com/user/M10doreddit/submitted/.json]
[INFO] add cmd: [reddit_collect_pascage.LoadPageCmd@7348e75e, url:https://www.reddit.com/user/M10doreddit/comments/.json]
[INFO] add cmd: [reddit_collect_pascage.LoadPageCmd@27e3dc9a, url:https://www.reddit.com/user/thvirtuo/.json]
[INFO] add cmd: [reddit_collect_pascage.LoadPageCmd@49cd08f9, url:https://www.reddit.com/user/thvirtuo/submitted/.json]
[INFO] add cmd: [reddit_collect_pascage.LoadPageCmd@43549c6c, url:https://www.reddit.com/user/thvirtuo/comments/.json]
[INFO] add cmd: [reddit_collect_pascage.LoadPageCmd@7792e14f, url:https://www.reddit.com/user/AbdullahMRiad/.json]
[INFO] add cmd: [reddit_collect_pascage.LoadPageCmd@4eace42b, url:https://www.reddit.com/user/AbdullahMRiad/submitted/.json]
[INFO] add cmd: [reddit_collect_pascage.LoadPageCmd@6f87a7c7, url:https://www.reddit.com/user/AbdullahMRiad/comments/.json]
[INFO] add cmd: [reddit_collect_pascage.LoadPageCmd@857f1a7, url:https://www.reddit.com/user/Frostbyte_13/.json]
[INFO] add cmd: [reddit_collect_pascage.LoadPageCmd@682fe17b, url:https://www.reddit.com/user/Frostbyte_13/submitted/.json]
[INFO] add cmd: [reddit_collect_pascage.LoadPageCmd@418bdde9, url:https://www.reddit.com/user/Frostbyte_13/comments/.json]
[INFO] add cmd: [reddit_collect_pascage.LoadPageCmd@13e0f380, url:https://www.reddit.com/user/guest111i/.json]
[INFO] add cmd: [reddit_collect_pascage.LoadPageCmd@240df292, url:https://www.reddit.com/user/guest111i/submitted/.json]
[INFO] add cmd: [reddit_collect_pascage.LoadPageCmd@333efb51, url:https://www.reddit.com/user/guest111i/comments/.json]
[INFO] add cmd: [reddit_collect_pascage.LoadPageCmd@2c451c4a, url:https://www.reddit.com/user/[deleted]/.json]
[INFO] add cmd: [reddit_collect_pascage.LoadPageCmd@38ad86b1, url:https://www.reddit.com/user/[deleted]/submitted/.json]
[INFO] add cmd: [reddit_collect_pascage.LoadPageCmd@73ff7a54, url:https://www.reddit.com/user/[deleted]/comments/.json]
[INFO] add cmd: [reddit_collect_pascage.LoadPageCmd@375ff309, url:https://www.reddit.com/user/Royal_Lustir/.json]
[INFO] add cmd: [reddit_collect_pascage.LoadPageCmd@337c0ee4, url:https://www.reddit.com/user/Royal_Lustir/submitted/.json]
[INFO] add cmd: [reddit_collect_pascage.LoadPageCmd@67b09e34, url:https://www.reddit.com/user/Royal_Lustir/comments/.json]
[INFO] add cmd: [reddit_collect_pascage.LoadPageCmd@6f95654c, url:https://www.reddit.com/user/NefariousnessFar7826/.json]
[INFO] add cmd: [reddit_collect_pascage.LoadPageCmd@271a140c, url:https://www.reddit.com/user/NefariousnessFar7826/submitted/.json]
[INFO] add cmd: [reddit_collect_pascage.LoadPageCmd@74c23525, url:https://www.reddit.com/user/NefariousnessFar7826/comments/.json]
[INFO] add cmd: [reddit_collect_pascage.LoadPageCmd@176054b7, url:https://www.reddit.com/user/rorodar/.json]
[INFO] add cmd: [reddit_collect_pascage.LoadPageCmd@531bec12, url:https://www.reddit.com/user/rorodar/submitted/.json]
[INFO] add cmd: [reddit_collect_pascage.LoadPageCmd@24563809, url:https://www.reddit.com/user/rorodar/comments/.json]
[INFO] add cmd: [reddit_collect_pascage.LoadPageCmd@41d84abb, url:https://www.reddit.com/user/Frannnnnnnnn/.json]
[INFO] add cmd: [reddit_collect_pascage.LoadPageCmd@54087bdb, url:https://www.reddit.com/user/Frannnnnnnnn/submitted/.json]
[INFO] add cmd: [reddit_collect_pascage.LoadPageCmd@587f6634, url:https://www.reddit.com/user/Frannnnnnnnn/comments/.json]
[INFO] add cmd: [reddit_collect_pascage.LoadPageCmd@4d7c9b42, url:https://www.reddit.com/user/Rude_Anywhere_/.json]
[INFO] add cmd: [reddit_collect_pascage.LoadPageCmd@4ef28dc4, url:https://www.reddit.com/user/Rude_Anywhere_/submitted/.json]
[INFO] add cmd: [reddit_collect_pascage.LoadPageCmd@59b3f162, url:https://www.reddit.com/user/Rude_Anywhere_/comments/.json]
[INFO] add cmd: [reddit_collect_pascage.LoadPageCmd@7ade62a6, url:https://www.reddit.com/user/the3gs/.json]
[INFO] add cmd: [reddit_collect_pascage.LoadPageCmd@53d15034, url:https://www.reddit.com/user/the3gs/submitted/.json]
[INFO] add cmd: [reddit_collect_pascage.LoadPageCmd@9976b27, url:https://www.reddit.com/user/the3gs/comments/.json]
[INFO] add cmd: [reddit_collect_pascage.LoadPageCmd@4fe9a396, url:https://www.reddit.com/user/AutoModerator/.json]
[INFO] add cmd: [reddit_collect_pascage.LoadPageCmd@462b239f, url:https://www.reddit.com/user/AutoModerator/submitted/.json]
[INFO] add cmd: [reddit_collect_pascage.LoadPageCmd@1fa29b9e, url:https://www.reddit.com/user/AutoModerator/comments/.json]
[INFO] add cmd: [reddit_collect_pascage.LoadPageCmd@2d5e051e, url:https://www.reddit.com/user/juanohulomo1234/.json]
[INFO] add cmd: [reddit_collect_pascage.LoadPageCmd@2f29e630, url:https://www.reddit.com/user/juanohulomo1234/submitted/.json]
[INFO] add cmd: [reddit_collect_pascage.LoadPageCmd@30811f91, url:https://www.reddit.com/user/juanohulomo1234/comments/.json]
[INFO] add cmd: [reddit_collect_pascage.LoadPageCmd@3bf40c74, url:https://www.reddit.com/user/martyboulders/.json]
[INFO] add cmd: [reddit_collect_pascage.LoadPageCmd@665f88e1, url:https://www.reddit.com/user/martyboulders/submitted/.json]
[INFO] add cmd: [reddit_collect_pascage.LoadPageCmd@6a7ea7c, url:https://www.reddit.com/user/martyboulders/comments/.json]
[INFO] add cmd: [reddit_collect_pascage.LoadPageCmd@3ee200ae, url:https://www.reddit.com/user/johnporksigma/.json]
[INFO] add cmd: [reddit_collect_pascage.LoadPageCmd@25ee3caa, url:https://www.reddit.com/user/johnporksigma/submitted/.json]
[INFO] add cmd: [reddit_collect_pascage.LoadPageCmd@3fecb076, url:https://www.reddit.com/user/johnporksigma/comments/.json]
[INFO] add cmd: [reddit_collect_pascage.LoadPageCmd@62159fd, url:https://www.reddit.com/user/drLoveF/.json]
[INFO] add cmd: [reddit_collect_pascage.LoadPageCmd@28e8dee7, url:https://www.reddit.com/user/drLoveF/submitted/.json]
[INFO] add cmd: [reddit_collect_pascage.LoadPageCmd@7c37ac3c, url:https://www.reddit.com/user/drLoveF/comments/.json]
[INFO] add cmd: [reddit_collect_pascage.LoadPageCmd@2682cccc, url:https://www.reddit.com/user/Zziggith/.json]
[INFO] add cmd: [reddit_collect_pascage.LoadPageCmd@2ae08750, url:https://www.reddit.com/user/Zziggith/submitted/.json]
[INFO] add cmd: [reddit_collect_pascage.LoadPageCmd@44117b0d, url:https://www.reddit.com/user/Zziggith/comments/.json]
[INFO] add cmd: [reddit_collect_pascage.LoadPageCmd@35d2312f, url:https://www.reddit.com/r/mathmemes/.json]
[INFO] remove cmd: [reddit_collect_pascage.LoadPageCmd@69a76b74, url:https://www.reddit.com/r/mathmemes/comments/1sgzvxx/the_1phone/.json]
[INFO] get cmd: [reddit_collect_pascage.LoadPageCmd@67b09e34, url:https://www.reddit.com/user/Royal_Lustir/comments/.json]
[INFO] run cmd: [reddit_collect_pascage.LoadPageCmd@67b09e34, url:https://www.reddit.com/user/Royal_Lustir/comments/.json]
[INFO] LoadPageCmd.run on https://www.reddit.com/user/Royal_Lustir/comments/.json
[INFO] LoadPageCmd.run succesfull loaded (200) https://www.reddit.com/user/Royal_Lustir/comments/.json
[INFO] Found 25 new Reddit URLs: /r/AllAboutBodybuilding/comments/1t5c3l3/22_6ft_95kg_88kg_35_months_difference/okepqxz/, /r/MathJokes/comments/1t87eky/the_people_have_spoken_your_inverse_factorial/okukoaf/, /r/funComunitty/comments/1t8690u/v5_day_5_adding_thr_top_comment_to_this_image/oku2asx/, /r/matiks/comments/1t7nmo6/the_onion_graph_follow_yx_and_hop_on_matiks_to/oku2kwg/, /r/stupidAI/comments/1t6sodq/ai_cant_spell/oku2wiv/, /r/u_MTF-Site19/comments/1t6azqc/hi/oku5ad6/, /r/scoopwhoop/comments/1t3e3iv/would_u_dare_to_eat/okuimpf/, /r/MathJokes/comments/1t87eky/the_people_have_spoken_your_inverse_factorial/oku40qo/, /r/TeenagersButGoodMods/comments/1t80yc9/ask_anything/oku3dqr/, /r/unexpectedfactorial/comments/1t73gme/im_not_so_sure_about_that/okpkqm7/, /r/teenagers/comments/1t7eh28/which_is_the_correct_way_to_measure_a_branch/okpll76/, /r/unexpectedfactorial/comments/1t6l9p6/got_a_lot/oktz0oq/, /r/RocketLeague/comments/1t830yg/any_way_to_see_the_car_hitbox_without_bakkes/okulmr2/, /r/teenagers/comments/1t7eh28/which_is_the_correct_way_to_measure_a_branch/okpl99h/, /r/unexpectedfactorial/comments/1t5v545/factorialception/okeqc57/, /r/MathJokes/comments/1t87eky/the_people_have_spoken_your_inverse_factorial/oku5ht8/, /r/MathJokes/comments/1t87eky/the_people_have_spoken_your_inverse_factorial/oku4wem/, /r/scoopwhoop/comments/1t3e3iv/would_u_dare_to_eat/okuj7jq/, /r/u_MTF-Site19/comments/1t6azqc/hi/okuk4z7/, /r/u_MTF-Site19/comments/1t6azqc/hi/oku229m/, /r/addressme/comments/1t7j18t/do_you_guys_think_i_would_get_sick_from_taking_2/oktzrsf/, /r/matiks/comments/1t7nhq9/pringles_isnt_the_same_as_before/okui6hs/, /r/technicallythetruth/comments/1t63ou0/her_last_name_is_really_best/okep0sj/, /r/youll_be_banned/comments/1t8dxwo/what_song_is_this_for_you/okvgf58/, /r/teenagers/comments/1t66iwr/the_number_of_times_this_guy_had_to_edit_it/okfa9yf/
[INFO] Found 14 new subreddits: u_MTF-Site19, stupidAI, technicallythetruth, RocketLeague, addressme, teenagers, youll_be_banned, MathJokes, AllAboutBodybuilding, scoopwhoop, TeenagersButGoodMods, matiks, unexpectedfactorial, funComunitty
[INFO] Queued 25 new pages: https://www.reddit.com/r/unexpectedfactorial/comments/1t6l9p6/got_a_lot/oktz0oq/.json, https://www.reddit.com/r/MathJokes/comments/1t87eky/the_people_have_spoken_your_inverse_factorial/oku4wem/.json, https://www.reddit.com/r/teenagers/comments/1t66iwr/the_number_of_times_this_guy_had_to_edit_it/okfa9yf/.json, https://www.reddit.com/r/stupidAI/comments/1t6sodq/ai_cant_spell/oku2wiv/.json, https://www.reddit.com/r/unexpectedfactorial/comments/1t5v545/factorialception/okeqc57/.json, https://www.reddit.com/r/RocketLeague/comments/1t830yg/any_way_to_see_the_car_hitbox_without_bakkes/okulmr2/.json, https://www.reddit.com/r/technicallythetruth/comments/1t63ou0/her_last_name_is_really_best/okep0sj/.json, https://www.reddit.com/r/MathJokes/comments/1t87eky/the_people_have_spoken_your_inverse_factorial/oku40qo/.json, https://www.reddit.com/r/u_MTF-Site19/comments/1t6azqc/hi/oku5ad6/.json, https://www.reddit.com/r/u_MTF-Site19/comments/1t6azqc/hi/okuk4z7/.json, https://www.reddit.com/r/AllAboutBodybuilding/comments/1t5c3l3/22_6ft_95kg_88kg_35_months_difference/okepqxz/.json, https://www.reddit.com/r/funComunitty/comments/1t8690u/v5_day_5_adding_thr_top_comment_to_this_image/oku2asx/.json, https://www.reddit.com/r/matiks/comments/1t7nmo6/the_onion_graph_follow_yx_and_hop_on_matiks_to/oku2kwg/.json, https://www.reddit.com/r/youll_be_banned/comments/1t8dxwo/what_song_is_this_for_you/okvgf58/.json, https://www.reddit.com/r/matiks/comments/1t7nhq9/pringles_isnt_the_same_as_before/okui6hs/.json, https://www.reddit.com/r/MathJokes/comments/1t87eky/the_people_have_spoken_your_inverse_factorial/oku5ht8/.json, https://www.reddit.com/r/teenagers/comments/1t7eh28/which_is_the_correct_way_to_measure_a_branch/okpl99h/.json, https://www.reddit.com/r/TeenagersButGoodMods/comments/1t80yc9/ask_anything/oku3dqr/.json, https://www.reddit.com/r/addressme/comments/1t7j18t/do_you_guys_think_i_would_get_sick_from_taking_2/oktzrsf/.json, https://www.reddit.com/r/scoopwhoop/comments/1t3e3iv/would_u_dare_to_eat/okuj7jq/.json, https://www.reddit.com/r/u_MTF-Site19/comments/1t6azqc/hi/oku229m/.json, https://www.reddit.com/r/teenagers/comments/1t7eh28/which_is_the_correct_way_to_measure_a_branch/okpll76/.json, https://www.reddit.com/r/MathJokes/comments/1t87eky/the_people_have_spoken_your_inverse_factorial/okukoaf/.json, https://www.reddit.com/r/scoopwhoop/comments/1t3e3iv/would_u_dare_to_eat/okuimpf/.json, https://www.reddit.com/r/unexpectedfactorial/comments/1t73gme/im_not_so_sure_about_that/okpkqm7/.json
[INFO] add cmd: [reddit_collect_pascage.LoadPageCmd@7e7987b8, url:https://www.reddit.com/r/AllAboutBodybuilding/comments/1t5c3l3/22_6ft_95kg_88kg_35_months_difference/okepqxz/.json]
[INFO] add cmd: [reddit_collect_pascage.LoadPageCmd@6bcfb561, url:https://www.reddit.com/r/MathJokes/comments/1t87eky/the_people_have_spoken_your_inverse_factorial/okukoaf/.json]
[INFO] add cmd: [reddit_collect_pascage.LoadPageCmd@7254a68a, url:https://www.reddit.com/r/funComunitty/comments/1t8690u/v5_day_5_adding_thr_top_comment_to_this_image/oku2asx/.json]
[INFO] add cmd: [reddit_collect_pascage.LoadPageCmd@49f9758, url:https://www.reddit.com/r/matiks/comments/1t7nmo6/the_onion_graph_follow_yx_and_hop_on_matiks_to/oku2kwg/.json]
[INFO] add cmd: [reddit_collect_pascage.LoadPageCmd@36e98434, url:https://www.reddit.com/r/stupidAI/comments/1t6sodq/ai_cant_spell/oku2wiv/.json]
[INFO] add cmd: [reddit_collect_pascage.LoadPageCmd@209b4b35, url:https://www.reddit.com/r/u_MTF-Site19/comments/1t6azqc/hi/oku5ad6/.json]
[INFO] add cmd: [reddit_collect_pascage.LoadPageCmd@77acc95a, url:https://www.reddit.com/r/scoopwhoop/comments/1t3e3iv/would_u_dare_to_eat/okuimpf/.json]
[INFO] add cmd: [reddit_collect_pascage.LoadPageCmd@ff1a5a0, url:https://www.reddit.com/r/MathJokes/comments/1t87eky/the_people_have_spoken_your_inverse_factorial/oku40qo/.json]
[INFO] add cmd: [reddit_collect_pascage.LoadPageCmd@75c3584e, url:https://www.reddit.com/r/TeenagersButGoodMods/comments/1t80yc9/ask_anything/oku3dqr/.json]
[INFO] add cmd: [reddit_collect_pascage.LoadPageCmd@f7b7720, url:https://www.reddit.com/r/unexpectedfactorial/comments/1t73gme/im_not_so_sure_about_that/okpkqm7/.json]
[INFO] add cmd: [reddit_collect_pascage.LoadPageCmd@1e0c898c, url:https://www.reddit.com/r/teenagers/comments/1t7eh28/which_is_the_correct_way_to_measure_a_branch/okpll76/.json]
[INFO] add cmd: [reddit_collect_pascage.LoadPageCmd@1cd2e348, url:https://www.reddit.com/r/unexpectedfactorial/comments/1t6l9p6/got_a_lot/oktz0oq/.json]
[INFO] add cmd: [reddit_collect_pascage.LoadPageCmd@73bcd9b4, url:https://www.reddit.com/r/RocketLeague/comments/1t830yg/any_way_to_see_the_car_hitbox_without_bakkes/okulmr2/.json]
[INFO] add cmd: [reddit_collect_pascage.LoadPageCmd@27aa7294, url:https://www.reddit.com/r/teenagers/comments/1t7eh28/which_is_the_correct_way_to_measure_a_branch/okpl99h/.json]
[INFO] add cmd: [reddit_collect_pascage.LoadPageCmd@5d10df04, url:https://www.reddit.com/r/unexpectedfactorial/comments/1t5v545/factorialception/okeqc57/.json]
[INFO] add cmd: [reddit_collect_pascage.LoadPageCmd@56d3af4d, url:https://www.reddit.com/r/MathJokes/comments/1t87eky/the_people_have_spoken_your_inverse_factorial/oku5ht8/.json]
[INFO] add cmd: [reddit_collect_pascage.LoadPageCmd@43b7bd5a, url:https://www.reddit.com/r/MathJokes/comments/1t87eky/the_people_have_spoken_your_inverse_factorial/oku4wem/.json]
[INFO] add cmd: [reddit_collect_pascage.LoadPageCmd@37fd496a, url:https://www.reddit.com/r/scoopwhoop/comments/1t3e3iv/would_u_dare_to_eat/okuj7jq/.json]
[INFO] add cmd: [reddit_collect_pascage.LoadPageCmd@6c4e486e, url:https://www.reddit.com/r/u_MTF-Site19/comments/1t6azqc/hi/okuk4z7/.json]
[INFO] add cmd: [reddit_collect_pascage.LoadPageCmd@27ac3b6d, url:https://www.reddit.com/r/u_MTF-Site19/comments/1t6azqc/hi/oku229m/.json]
[INFO] add cmd: [reddit_collect_pascage.LoadPageCmd@598f1faf, url:https://www.reddit.com/r/addressme/comments/1t7j18t/do_you_guys_think_i_would_get_sick_from_taking_2/oktzrsf/.json]
[INFO] add cmd: [reddit_collect_pascage.LoadPageCmd@464abed, url:https://www.reddit.com/r/matiks/comments/1t7nhq9/pringles_isnt_the_same_as_before/okui6hs/.json]
[INFO] add cmd: [reddit_collect_pascage.LoadPageCmd@1af78e37, url:https://www.reddit.com/r/technicallythetruth/comments/1t63ou0/her_last_name_is_really_best/okep0sj/.json]
[INFO] add cmd: [reddit_collect_pascage.LoadPageCmd@5c46a957, url:https://www.reddit.com/r/youll_be_banned/comments/1t8dxwo/what_song_is_this_for_you/okvgf58/.json]
[INFO] add cmd: [reddit_collect_pascage.LoadPageCmd@7d95a717, url:https://www.reddit.com/r/teenagers/comments/1t66iwr/the_number_of_times_this_guy_had_to_edit_it/okfa9yf/.json]
[INFO] add cmd: [reddit_collect_pascage.LoadPageCmd@5c0f508b, url:https://www.reddit.com/user/Royal_Lustir/.json]
[INFO] add cmd: [reddit_collect_pascage.LoadPageCmd@7a2ffb0b, url:https://www.reddit.com/user/Royal_Lustir/submitted/.json]
[INFO] add cmd: [reddit_collect_pascage.LoadPageCmd@13cae908, url:https://www.reddit.com/user/Royal_Lustir/comments/.json]
[INFO] add cmd: [reddit_collect_pascage.LoadPageCmd@43b74979, url:https://www.reddit.com/r/u_MTF-Site19/.json]
[INFO] add cmd: [reddit_collect_pascage.LoadPageCmd@659ac28c, url:https://www.reddit.com/r/stupidAI/.json]
[INFO] add cmd: [reddit_collect_pascage.LoadPageCmd@60688a97, url:https://www.reddit.com/r/technicallythetruth/.json]
[INFO] add cmd: [reddit_collect_pascage.LoadPageCmd@242ebd3b, url:https://www.reddit.com/r/RocketLeague/.json]
[INFO] add cmd: [reddit_collect_pascage.LoadPageCmd@5d2bc446, url:https://www.reddit.com/r/addressme/.json]
[INFO] add cmd: [reddit_collect_pascage.LoadPageCmd@6e96f3cd, url:https://www.reddit.com/r/teenagers/.json]
[INFO] add cmd: [reddit_collect_pascage.LoadPageCmd@4a0ee0ba, url:https://www.reddit.com/r/youll_be_banned/.json]
[INFO] add cmd: [reddit_collect_pascage.LoadPageCmd@1b984ba5, url:https://www.reddit.com/r/MathJokes/.json]
[INFO] add cmd: [reddit_collect_pascage.LoadPageCmd@1812b564, url:https://www.reddit.com/r/AllAboutBodybuilding/.json]
[INFO] add cmd: [reddit_collect_pascage.LoadPageCmd@41433530, url:https://www.reddit.com/r/scoopwhoop/.json]
[INFO] add cmd: [reddit_collect_pascage.LoadPageCmd@7c751692, url:https://www.reddit.com/r/TeenagersButGoodMods/.json]
[INFO] add cmd: [reddit_collect_pascage.LoadPageCmd@2569afda, url:https://www.reddit.com/r/matiks/.json]
[INFO] add cmd: [reddit_collect_pascage.LoadPageCmd@28dd8786, url:https://www.reddit.com/r/unexpectedfactorial/.json]
[INFO] add cmd: [reddit_collect_pascage.LoadPageCmd@70efdd18, url:https://www.reddit.com/r/funComunitty/.json]
[INFO] remove cmd: [reddit_collect_pascage.LoadPageCmd@67b09e34, url:https://www.reddit.com/user/Royal_Lustir/comments/.json]
[INFO] get cmd: [reddit_collect_pascage.LoadPageCmd@38ad86b1, url:https://www.reddit.com/user/[deleted]/submitted/.json]
[INFO] run cmd: [reddit_collect_pascage.LoadPageCmd@38ad86b1, url:https://www.reddit.com/user/[deleted]/submitted/.json]
[INFO] LoadPageCmd.run on https://www.reddit.com/user/[deleted]/submitted/.json
[ERR] Runtime error on https://www.reddit.com/user/[deleted]/submitted/.json: Illegal character in path at index 28: https://www.reddit.com/user/[deleted]/submitted/.json
trace
[Ljava.lang.StackTraceElement;@6a9ac8b
[INFO] remove cmd: [reddit_collect_pascage.LoadPageCmd@38ad86b1, url:https://www.reddit.com/user/[deleted]/submitted/.json]
