[INFO] Collector initialized
[INFO] add cmd: [LoadPageCmd, url:https://www.reddit.com/r/mathmemes/comments/1sgzvxx/the_1phone/.json]
[INFO] get cmd: [LoadPageCmd, url:https://www.reddit.com/r/mathmemes/comments/1sgzvxx/the_1phone/.json]
[INFO] run cmd: [LoadPageCmd, url:https://www.reddit.com/r/mathmemes/comments/1sgzvxx/the_1phone/.json]
[INFO] LoadPageCmd.run on https://www.reddit.com/r/mathmemes/comments/1sgzvxx/the_1phone/.json
[INFO] LoadPageCmd.run succesfull loaded (200) https://www.reddit.com/r/mathmemes/comments/1sgzvxx/the_1phone/.json
[INFO] Found 44 new Reddit URLs: /r/mathmemes/comments/1sgzvxx/the_1phone/of8zjz7/, /r/mathmemes/comments/1sgzvxx/the_1phone/of957oj/, /r/mathmemes/comments/1sgzvxx/the_1phone/of92yrj/, /r/mathmemes/comments/1sgzvxx/the_1phone/of9mu9c/, /r/mathmemes/comments/1sgzvxx/the_1phone/of97tw7/, /r/mathmemes/comments/1sgzvxx/the_1phone/of9ci6s/, /r/mathmemes/comments/1sgzvxx/the_1phone/of8zcum/, /r/mathmemes/comments/1sgzvxx/the_1phone/of9wxbl/, /r/mathmemes/comments/1sgzvxx/the_1phone/of8y43z/, /r/mathmemes/comments/1sgzvxx/the_1phone/ofbs9jf/, /r/mathmemes/comments/1sgzvxx/the_1phone/of9k1bm/, /r/mathmemes/comments/1sgzvxx/the_1phone/ofa0rm4/, /r/mathmemes/comments/1sgzvxx/the_1phone/ofz0z35/, /r/mathmemes/comments/1sgzvxx/the_1phone/of8zh2l/, /r/mathmemes/comments/1sgzvxx/the_1phone/of8zv0b/, /r/mathmemes/comments/1sgzvxx/the_1phone/of92e0y/, /r/mathmemes/comments/1sgzvxx/the_1phone/ofa0htx/, /r/mathmemes/comments/1sgzvxx/the_1phone/ofn3ocv/, /r/mathmemes/comments/1sgzvxx/the_1phone/of91w5f/, /r/mathmemes/comments/1sgzvxx/the_1phone/offotb4/, /r/mathmemes/comments/1sgzvxx/the_1phone/of91nzy/, /r/mathmemes/comments/1sgzvxx/the_1phone/of92iz0/, /r/mathmemes/comments/1sgzvxx/the_1phone/offoz6c/, /r/mathmemes/comments/1sgzvxx/the_1phone/of93wu1/, /r/mathmemes/comments/1sgzvxx/the_1phone/ofzoglc/, /r/mathmemes/comments/1sgzvxx/the_1phone/offp110/, /r/mathmemes/comments/1sgzvxx/the_1phone/ofa0g7l/, /r/mathmemes/comments/1sgzvxx/the_1phone/of9wysu/, /r/mathmemes/comments/1sgzvxx/the_1phone/ofb0xdk/, /r/mathmemes/comments/1sgzvxx/the_1phone/ofa7ep8/, /r/mathmemes/comments/1sgzvxx/the_1phone/og3rs9a/, /r/mathmemes/comments/1sgzvxx/the_1phone/ofa5zod/, /r/mathmemes/comments/1sgzvxx/the_1phone/ofbus8d/, https://www.reddit.com/gallery/1sgzvxx, /r/mathmemes/comments/1sgzvxx/the_1phone/of8yre0/, /r/mathmemes/comments/1sgzvxx/the_1phone/of97qyw/, /r/mathmemes/comments/1sgzvxx/the_1phone/ofb7470/, /r/mathmemes/comments/1sgzvxx/the_1phone/of9h13c/, /r/mathmemes/comments/1sgzvxx/the_1phone/ofh3fxq/, /r/mathmemes/comments/1sgzvxx/the_1phone/ofb2bw1/, /r/mathmemes/comments/1sgzvxx/the_1phone/of9bpif/, /r/mathmemes/comments/1sgzvxx/the_1phone/ofa0be3/, /r/mathmemes/comments/1sgzvxx/the_1phone/of97od6/, /r/mathmemes/comments/1sgzvxx/the_1phone/ofa5wal/
[INFO] Found 24 new usernames: KreeptonChronicler, Aton_Otsos, QaSpel, jacob643, cod3builder, Suspicious-Cut-3998, M10doreddit, thvirtuo, AbdullahMRiad, Frostbyte_13, guest111i, [deleted], Royal_Lustir, NefariousnessFar7826, rorodar, Frannnnnnnnn, Rude_Anywhere_, the3gs, AutoModerator, juanohulomo1234, martyboulders, johnporksigma, drLoveF, Zziggith
[INFO] Found 1 new subreddits: mathmemes
[INFO] Queued 44 new pages: https://www.reddit.com/r/mathmemes/comments/1sgzvxx/the_1phone/offoz6c/.json, https://www.reddit.com/r/mathmemes/comments/1sgzvxx/the_1phone/ofzoglc/.json, https://www.reddit.com/r/mathmemes/comments/1sgzvxx/the_1phone/ofbus8d/.json, https://www.reddit.com/r/mathmemes/comments/1sgzvxx/the_1phone/of93wu1/.json, https://www.reddit.com/r/mathmemes/comments/1sgzvxx/the_1phone/of97tw7/.json, https://www.reddit.com/r/mathmemes/comments/1sgzvxx/the_1phone/of92iz0/.json, https://www.reddit.com/r/mathmemes/comments/1sgzvxx/the_1phone/of9bpif/.json, https://www.reddit.com/r/mathmemes/comments/1sgzvxx/the_1phone/ofa0be3/.json, https://www.reddit.com/r/mathmemes/comments/1sgzvxx/the_1phone/ofb7470/.json, https://www.reddit.com/r/mathmemes/comments/1sgzvxx/the_1phone/of91nzy/.json, https://www.reddit.com/r/mathmemes/comments/1sgzvxx/the_1phone/of9ci6s/.json, https://www.reddit.com/r/mathmemes/comments/1sgzvxx/the_1phone/of9wxbl/.json, https://www.reddit.com/r/mathmemes/comments/1sgzvxx/the_1phone/of9k1bm/.json, https://www.reddit.com/r/mathmemes/comments/1sgzvxx/the_1phone/of8zcum/.json, https://www.reddit.com/r/mathmemes/comments/1sgzvxx/the_1phone/ofa0g7l/.json, https://www.reddit.com/r/mathmemes/comments/1sgzvxx/the_1phone/ofa5zod/.json, https://www.reddit.com/r/mathmemes/comments/1sgzvxx/the_1phone/offp110/.json, https://www.reddit.com/r/mathmemes/comments/1sgzvxx/the_1phone/of8zjz7/.json, https://www.reddit.com/r/mathmemes/comments/1sgzvxx/the_1phone/of92yrj/.json, https://www.reddit.com/r/mathmemes/comments/1sgzvxx/the_1phone/of8y43z/.json, https://www.reddit.com/r/mathmemes/comments/1sgzvxx/the_1phone/of9mu9c/.json, https://www.reddit.com/r/mathmemes/comments/1sgzvxx/the_1phone/ofz0z35/.json, https://www.reddit.com/r/mathmemes/comments/1sgzvxx/the_1phone/og3rs9a/.json, https://www.reddit.com/r/mathmemes/comments/1sgzvxx/the_1phone/of8zv0b/.json, https://www.reddit.com/r/mathmemes/comments/1sgzvxx/the_1phone/ofh3fxq/.json, https://www.reddit.com/r/mathmemes/comments/1sgzvxx/the_1phone/of91w5f/.json, https://www.reddit.com/r/mathmemes/comments/1sgzvxx/the_1phone/ofa0rm4/.json, https://www.reddit.com/r/mathmemes/comments/1sgzvxx/the_1phone/of8yre0/.json, https://www.reddit.com/r/mathmemes/comments/1sgzvxx/the_1phone/of9h13c/.json, https://www.reddit.com/r/mathmemes/comments/1sgzvxx/the_1phone/of8zh2l/.json, https://www.reddit.com/gallery/1sgzvxx/.json, https://www.reddit.com/r/mathmemes/comments/1sgzvxx/the_1phone/ofa0htx/.json, https://www.reddit.com/r/mathmemes/comments/1sgzvxx/the_1phone/offotb4/.json, https://www.reddit.com/r/mathmemes/comments/1sgzvxx/the_1phone/of97qyw/.json, https://www.reddit.com/r/mathmemes/comments/1sgzvxx/the_1phone/ofa5wal/.json, https://www.reddit.com/r/mathmemes/comments/1sgzvxx/the_1phone/ofb0xdk/.json, https://www.reddit.com/r/mathmemes/comments/1sgzvxx/the_1phone/ofb2bw1/.json, https://www.reddit.com/r/mathmemes/comments/1sgzvxx/the_1phone/of957oj/.json, https://www.reddit.com/r/mathmemes/comments/1sgzvxx/the_1phone/of97od6/.json, https://www.reddit.com/r/mathmemes/comments/1sgzvxx/the_1phone/ofbs9jf/.json, https://www.reddit.com/r/mathmemes/comments/1sgzvxx/the_1phone/of92e0y/.json, https://www.reddit.com/r/mathmemes/comments/1sgzvxx/the_1phone/ofn3ocv/.json, https://www.reddit.com/r/mathmemes/comments/1sgzvxx/the_1phone/ofa7ep8/.json, https://www.reddit.com/r/mathmemes/comments/1sgzvxx/the_1phone/of9wysu/.json
[INFO] add cmd: [LoadPageCmd, url:https://www.reddit.com/r/mathmemes/comments/1sgzvxx/the_1phone/of8zjz7/.json]
[INFO] add cmd: [LoadPageCmd, url:https://www.reddit.com/r/mathmemes/comments/1sgzvxx/the_1phone/of957oj/.json]
[INFO] add cmd: [LoadPageCmd, url:https://www.reddit.com/r/mathmemes/comments/1sgzvxx/the_1phone/of92yrj/.json]
[INFO] add cmd: [LoadPageCmd, url:https://www.reddit.com/r/mathmemes/comments/1sgzvxx/the_1phone/of9mu9c/.json]
[INFO] add cmd: [LoadPageCmd, url:https://www.reddit.com/r/mathmemes/comments/1sgzvxx/the_1phone/of97tw7/.json]
[INFO] add cmd: [LoadPageCmd, url:https://www.reddit.com/r/mathmemes/comments/1sgzvxx/the_1phone/of9ci6s/.json]
[INFO] add cmd: [LoadPageCmd, url:https://www.reddit.com/r/mathmemes/comments/1sgzvxx/the_1phone/of8zcum/.json]
[INFO] add cmd: [LoadPageCmd, url:https://www.reddit.com/r/mathmemes/comments/1sgzvxx/the_1phone/of9wxbl/.json]
[INFO] add cmd: [LoadPageCmd, url:https://www.reddit.com/r/mathmemes/comments/1sgzvxx/the_1phone/of8y43z/.json]
[INFO] add cmd: [LoadPageCmd, url:https://www.reddit.com/r/mathmemes/comments/1sgzvxx/the_1phone/ofbs9jf/.json]
[INFO] add cmd: [LoadPageCmd, url:https://www.reddit.com/r/mathmemes/comments/1sgzvxx/the_1phone/of9k1bm/.json]
[INFO] add cmd: [LoadPageCmd, url:https://www.reddit.com/r/mathmemes/comments/1sgzvxx/the_1phone/ofa0rm4/.json]
[INFO] add cmd: [LoadPageCmd, url:https://www.reddit.com/r/mathmemes/comments/1sgzvxx/the_1phone/ofz0z35/.json]
[INFO] add cmd: [LoadPageCmd, url:https://www.reddit.com/r/mathmemes/comments/1sgzvxx/the_1phone/of8zh2l/.json]
[INFO] add cmd: [LoadPageCmd, url:https://www.reddit.com/r/mathmemes/comments/1sgzvxx/the_1phone/of8zv0b/.json]
[INFO] add cmd: [LoadPageCmd, url:https://www.reddit.com/r/mathmemes/comments/1sgzvxx/the_1phone/of92e0y/.json]
[INFO] add cmd: [LoadPageCmd, url:https://www.reddit.com/r/mathmemes/comments/1sgzvxx/the_1phone/ofa0htx/.json]
[INFO] add cmd: [LoadPageCmd, url:https://www.reddit.com/r/mathmemes/comments/1sgzvxx/the_1phone/ofn3ocv/.json]
[INFO] add cmd: [LoadPageCmd, url:https://www.reddit.com/r/mathmemes/comments/1sgzvxx/the_1phone/of91w5f/.json]
[INFO] add cmd: [LoadPageCmd, url:https://www.reddit.com/r/mathmemes/comments/1sgzvxx/the_1phone/offotb4/.json]
[INFO] add cmd: [LoadPageCmd, url:https://www.reddit.com/r/mathmemes/comments/1sgzvxx/the_1phone/of91nzy/.json]
[INFO] add cmd: [LoadPageCmd, url:https://www.reddit.com/r/mathmemes/comments/1sgzvxx/the_1phone/of92iz0/.json]
[INFO] add cmd: [LoadPageCmd, url:https://www.reddit.com/r/mathmemes/comments/1sgzvxx/the_1phone/offoz6c/.json]
[INFO] add cmd: [LoadPageCmd, url:https://www.reddit.com/r/mathmemes/comments/1sgzvxx/the_1phone/of93wu1/.json]
[INFO] add cmd: [LoadPageCmd, url:https://www.reddit.com/r/mathmemes/comments/1sgzvxx/the_1phone/ofzoglc/.json]
[INFO] add cmd: [LoadPageCmd, url:https://www.reddit.com/r/mathmemes/comments/1sgzvxx/the_1phone/offp110/.json]
[INFO] add cmd: [LoadPageCmd, url:https://www.reddit.com/r/mathmemes/comments/1sgzvxx/the_1phone/ofa0g7l/.json]
[INFO] add cmd: [LoadPageCmd, url:https://www.reddit.com/r/mathmemes/comments/1sgzvxx/the_1phone/of9wysu/.json]
[INFO] add cmd: [LoadPageCmd, url:https://www.reddit.com/r/mathmemes/comments/1sgzvxx/the_1phone/ofb0xdk/.json]
[INFO] add cmd: [LoadPageCmd, url:https://www.reddit.com/r/mathmemes/comments/1sgzvxx/the_1phone/ofa7ep8/.json]
[INFO] add cmd: [LoadPageCmd, url:https://www.reddit.com/r/mathmemes/comments/1sgzvxx/the_1phone/og3rs9a/.json]
[INFO] add cmd: [LoadPageCmd, url:https://www.reddit.com/r/mathmemes/comments/1sgzvxx/the_1phone/ofa5zod/.json]
[INFO] add cmd: [LoadPageCmd, url:https://www.reddit.com/r/mathmemes/comments/1sgzvxx/the_1phone/ofbus8d/.json]
[INFO] add cmd: [LoadPageCmd, url:https://www.reddit.com/gallery/1sgzvxx/.json]
[INFO] add cmd: [LoadPageCmd, url:https://www.reddit.com/r/mathmemes/comments/1sgzvxx/the_1phone/of8yre0/.json]
[INFO] add cmd: [LoadPageCmd, url:https://www.reddit.com/r/mathmemes/comments/1sgzvxx/the_1phone/of97qyw/.json]
[INFO] add cmd: [LoadPageCmd, url:https://www.reddit.com/r/mathmemes/comments/1sgzvxx/the_1phone/ofb7470/.json]
[INFO] add cmd: [LoadPageCmd, url:https://www.reddit.com/r/mathmemes/comments/1sgzvxx/the_1phone/of9h13c/.json]
[INFO] add cmd: [LoadPageCmd, url:https://www.reddit.com/r/mathmemes/comments/1sgzvxx/the_1phone/ofh3fxq/.json]
[INFO] add cmd: [LoadPageCmd, url:https://www.reddit.com/r/mathmemes/comments/1sgzvxx/the_1phone/ofb2bw1/.json]
[INFO] add cmd: [LoadPageCmd, url:https://www.reddit.com/r/mathmemes/comments/1sgzvxx/the_1phone/of9bpif/.json]
[INFO] add cmd: [LoadPageCmd, url:https://www.reddit.com/r/mathmemes/comments/1sgzvxx/the_1phone/ofa0be3/.json]
[INFO] add cmd: [LoadPageCmd, url:https://www.reddit.com/r/mathmemes/comments/1sgzvxx/the_1phone/of97od6/.json]
[INFO] add cmd: [LoadPageCmd, url:https://www.reddit.com/r/mathmemes/comments/1sgzvxx/the_1phone/ofa5wal/.json]
[INFO] add cmd: [LoadPageCmd, url:https://www.reddit.com/user/KreeptonChronicler/.json]
[INFO] add cmd: [LoadPageCmd, url:https://www.reddit.com/user/KreeptonChronicler/submitted/.json]
[INFO] add cmd: [LoadPageCmd, url:https://www.reddit.com/user/KreeptonChronicler/comments/.json]
[INFO] add cmd: [LoadPageCmd, url:https://www.reddit.com/user/Aton_Otsos/.json]
[INFO] add cmd: [LoadPageCmd, url:https://www.reddit.com/user/Aton_Otsos/submitted/.json]
[INFO] add cmd: [LoadPageCmd, url:https://www.reddit.com/user/Aton_Otsos/comments/.json]
[INFO] add cmd: [LoadPageCmd, url:https://www.reddit.com/user/QaSpel/.json]
[INFO] add cmd: [LoadPageCmd, url:https://www.reddit.com/user/QaSpel/submitted/.json]
[INFO] add cmd: [LoadPageCmd, url:https://www.reddit.com/user/QaSpel/comments/.json]
[INFO] add cmd: [LoadPageCmd, url:https://www.reddit.com/user/jacob643/.json]
[INFO] add cmd: [LoadPageCmd, url:https://www.reddit.com/user/jacob643/submitted/.json]
[INFO] add cmd: [LoadPageCmd, url:https://www.reddit.com/user/jacob643/comments/.json]
[INFO] add cmd: [LoadPageCmd, url:https://www.reddit.com/user/cod3builder/.json]
[INFO] add cmd: [LoadPageCmd, url:https://www.reddit.com/user/cod3builder/submitted/.json]
[INFO] add cmd: [LoadPageCmd, url:https://www.reddit.com/user/cod3builder/comments/.json]
[INFO] add cmd: [LoadPageCmd, url:https://www.reddit.com/user/Suspicious-Cut-3998/.json]
[INFO] add cmd: [LoadPageCmd, url:https://www.reddit.com/user/Suspicious-Cut-3998/submitted/.json]
[INFO] add cmd: [LoadPageCmd, url:https://www.reddit.com/user/Suspicious-Cut-3998/comments/.json]
[INFO] add cmd: [LoadPageCmd, url:https://www.reddit.com/user/M10doreddit/.json]
[INFO] add cmd: [LoadPageCmd, url:https://www.reddit.com/user/M10doreddit/submitted/.json]
[INFO] add cmd: [LoadPageCmd, url:https://www.reddit.com/user/M10doreddit/comments/.json]
[INFO] add cmd: [LoadPageCmd, url:https://www.reddit.com/user/thvirtuo/.json]
[INFO] add cmd: [LoadPageCmd, url:https://www.reddit.com/user/thvirtuo/submitted/.json]
[INFO] add cmd: [LoadPageCmd, url:https://www.reddit.com/user/thvirtuo/comments/.json]
[INFO] add cmd: [LoadPageCmd, url:https://www.reddit.com/user/AbdullahMRiad/.json]
[INFO] add cmd: [LoadPageCmd, url:https://www.reddit.com/user/AbdullahMRiad/submitted/.json]
[INFO] add cmd: [LoadPageCmd, url:https://www.reddit.com/user/AbdullahMRiad/comments/.json]
[INFO] add cmd: [LoadPageCmd, url:https://www.reddit.com/user/Frostbyte_13/.json]
[INFO] add cmd: [LoadPageCmd, url:https://www.reddit.com/user/Frostbyte_13/submitted/.json]
[INFO] add cmd: [LoadPageCmd, url:https://www.reddit.com/user/Frostbyte_13/comments/.json]
[INFO] add cmd: [LoadPageCmd, url:https://www.reddit.com/user/guest111i/.json]
[INFO] add cmd: [LoadPageCmd, url:https://www.reddit.com/user/guest111i/submitted/.json]
[INFO] add cmd: [LoadPageCmd, url:https://www.reddit.com/user/guest111i/comments/.json]
[INFO] add cmd: [LoadPageCmd, url:https://www.reddit.com/user/[deleted]/.json]
[INFO] add cmd: [LoadPageCmd, url:https://www.reddit.com/user/[deleted]/submitted/.json]
[INFO] add cmd: [LoadPageCmd, url:https://www.reddit.com/user/[deleted]/comments/.json]
[INFO] add cmd: [LoadPageCmd, url:https://www.reddit.com/user/Royal_Lustir/.json]
[INFO] add cmd: [LoadPageCmd, url:https://www.reddit.com/user/Royal_Lustir/submitted/.json]
[INFO] add cmd: [LoadPageCmd, url:https://www.reddit.com/user/Royal_Lustir/comments/.json]
[INFO] add cmd: [LoadPageCmd, url:https://www.reddit.com/user/NefariousnessFar7826/.json]
[INFO] add cmd: [LoadPageCmd, url:https://www.reddit.com/user/NefariousnessFar7826/submitted/.json]
[INFO] add cmd: [LoadPageCmd, url:https://www.reddit.com/user/NefariousnessFar7826/comments/.json]
[INFO] add cmd: [LoadPageCmd, url:https://www.reddit.com/user/rorodar/.json]
[INFO] add cmd: [LoadPageCmd, url:https://www.reddit.com/user/rorodar/submitted/.json]
[INFO] add cmd: [LoadPageCmd, url:https://www.reddit.com/user/rorodar/comments/.json]
[INFO] add cmd: [LoadPageCmd, url:https://www.reddit.com/user/Frannnnnnnnn/.json]
[INFO] add cmd: [LoadPageCmd, url:https://www.reddit.com/user/Frannnnnnnnn/submitted/.json]
[INFO] add cmd: [LoadPageCmd, url:https://www.reddit.com/user/Frannnnnnnnn/comments/.json]
[INFO] add cmd: [LoadPageCmd, url:https://www.reddit.com/user/Rude_Anywhere_/.json]
[INFO] add cmd: [LoadPageCmd, url:https://www.reddit.com/user/Rude_Anywhere_/submitted/.json]
[INFO] add cmd: [LoadPageCmd, url:https://www.reddit.com/user/Rude_Anywhere_/comments/.json]
[INFO] add cmd: [LoadPageCmd, url:https://www.reddit.com/user/the3gs/.json]
[INFO] add cmd: [LoadPageCmd, url:https://www.reddit.com/user/the3gs/submitted/.json]
[INFO] add cmd: [LoadPageCmd, url:https://www.reddit.com/user/the3gs/comments/.json]
[INFO] add cmd: [LoadPageCmd, url:https://www.reddit.com/user/AutoModerator/.json]
[INFO] add cmd: [LoadPageCmd, url:https://www.reddit.com/user/AutoModerator/submitted/.json]
[INFO] add cmd: [LoadPageCmd, url:https://www.reddit.com/user/AutoModerator/comments/.json]
[INFO] add cmd: [LoadPageCmd, url:https://www.reddit.com/user/juanohulomo1234/.json]
[INFO] add cmd: [LoadPageCmd, url:https://www.reddit.com/user/juanohulomo1234/submitted/.json]
[INFO] add cmd: [LoadPageCmd, url:https://www.reddit.com/user/juanohulomo1234/comments/.json]
[INFO] add cmd: [LoadPageCmd, url:https://www.reddit.com/user/martyboulders/.json]
[INFO] add cmd: [LoadPageCmd, url:https://www.reddit.com/user/martyboulders/submitted/.json]
[INFO] add cmd: [LoadPageCmd, url:https://www.reddit.com/user/martyboulders/comments/.json]
[INFO] add cmd: [LoadPageCmd, url:https://www.reddit.com/user/johnporksigma/.json]
[INFO] add cmd: [LoadPageCmd, url:https://www.reddit.com/user/johnporksigma/submitted/.json]
[INFO] add cmd: [LoadPageCmd, url:https://www.reddit.com/user/johnporksigma/comments/.json]
[INFO] add cmd: [LoadPageCmd, url:https://www.reddit.com/user/drLoveF/.json]
[INFO] add cmd: [LoadPageCmd, url:https://www.reddit.com/user/drLoveF/submitted/.json]
[INFO] add cmd: [LoadPageCmd, url:https://www.reddit.com/user/drLoveF/comments/.json]
[INFO] add cmd: [LoadPageCmd, url:https://www.reddit.com/user/Zziggith/.json]
[INFO] add cmd: [LoadPageCmd, url:https://www.reddit.com/user/Zziggith/submitted/.json]
[INFO] add cmd: [LoadPageCmd, url:https://www.reddit.com/user/Zziggith/comments/.json]
[INFO] add cmd: [LoadPageCmd, url:https://www.reddit.com/r/mathmemes/.json]
[INFO] remove cmd: [LoadPageCmd, url:https://www.reddit.com/r/mathmemes/comments/1sgzvxx/the_1phone/.json]
[INFO] get cmd: [LoadPageCmd, url:https://www.reddit.com/user/Rude_Anywhere_/submitted/.json]
[INFO] run cmd: [LoadPageCmd, url:https://www.reddit.com/user/Rude_Anywhere_/submitted/.json]
[INFO] LoadPageCmd.run on https://www.reddit.com/user/Rude_Anywhere_/submitted/.json
[INFO] LoadPageCmd.run succesfull loaded (200) https://www.reddit.com/user/Rude_Anywhere_/submitted/.json
[INFO] remove cmd: [LoadPageCmd, url:https://www.reddit.com/user/Rude_Anywhere_/submitted/.json]
[INFO] get cmd: [LoadPageCmd, url:https://www.reddit.com/user/KreeptonChronicler/submitted/.json]
[INFO] run cmd: [LoadPageCmd, url:https://www.reddit.com/user/KreeptonChronicler/submitted/.json]
[INFO] LoadPageCmd.run on https://www.reddit.com/user/KreeptonChronicler/submitted/.json
[INFO] LoadPageCmd.run succesfull loaded (200) https://www.reddit.com/user/KreeptonChronicler/submitted/.json
[INFO] Found 6 new Reddit URLs: https://i.redd.it/l749l6k3fckf1.png, https://www.reddit.com/r/AskLGBT/comments/1sgqzqr/my_mom_said_i_cant_be_a_lesbian_because_im_not/, https://i.redd.it/2yt61a5f9r0e1.png, https://i.redd.it/g1c7r9fk9r0e1.jpeg, https://i.redd.it/rt16f7c86ogf1.png, https://i.redd.it/mybe90avgckf1.png
[INFO] Found 3 new subreddits: egg_irl, namesoundalikes, AskLGBT
[INFO] Queued 6 new pages: https://www.reddit.com/i.redd.it/l749l6k3fckf1.png/.json, https://www.reddit.com/i.redd.it/2yt61a5f9r0e1.png/.json, https://www.reddit.com/i.redd.it/rt16f7c86ogf1.png/.json, https://www.reddit.com/i.redd.it/g1c7r9fk9r0e1.jpeg/.json, https://www.reddit.com/i.redd.it/mybe90avgckf1.png/.json, https://www.reddit.com/r/AskLGBT/comments/1sgqzqr/my_mom_said_i_cant_be_a_lesbian_because_im_not/.json
[INFO] add cmd: [LoadPageCmd, url:https://www.reddit.com/i.redd.it/l749l6k3fckf1.png/.json]
[INFO] add cmd: [LoadPageCmd, url:https://www.reddit.com/r/AskLGBT/comments/1sgqzqr/my_mom_said_i_cant_be_a_lesbian_because_im_not/.json]
[INFO] add cmd: [LoadPageCmd, url:https://www.reddit.com/i.redd.it/2yt61a5f9r0e1.png/.json]
[INFO] add cmd: [LoadPageCmd, url:https://www.reddit.com/i.redd.it/g1c7r9fk9r0e1.jpeg/.json]
[INFO] add cmd: [LoadPageCmd, url:https://www.reddit.com/i.redd.it/rt16f7c86ogf1.png/.json]
[INFO] add cmd: [LoadPageCmd, url:https://www.reddit.com/i.redd.it/mybe90avgckf1.png/.json]
[INFO] add cmd: [LoadPageCmd, url:https://www.reddit.com/user/KreeptonChronicler/.json]
[INFO] add cmd: [LoadPageCmd, url:https://www.reddit.com/user/KreeptonChronicler/submitted/.json]
[INFO] add cmd: [LoadPageCmd, url:https://www.reddit.com/user/KreeptonChronicler/comments/.json]
[INFO] add cmd: [LoadPageCmd, url:https://www.reddit.com/r/egg_irl/.json]
[INFO] add cmd: [LoadPageCmd, url:https://www.reddit.com/r/namesoundalikes/.json]
[INFO] add cmd: [LoadPageCmd, url:https://www.reddit.com/r/AskLGBT/.json]
[INFO] remove cmd: [LoadPageCmd, url:https://www.reddit.com/user/KreeptonChronicler/submitted/.json]
[INFO] get cmd: [LoadPageCmd, url:https://www.reddit.com/user/NefariousnessFar7826/.json]
[INFO] run cmd: [LoadPageCmd, url:https://www.reddit.com/user/NefariousnessFar7826/.json]
[INFO] LoadPageCmd.run on https://www.reddit.com/user/NefariousnessFar7826/.json
[INFO] LoadPageCmd.run succesfull loaded (200) https://www.reddit.com/user/NefariousnessFar7826/.json
[INFO] Found 25 new Reddit URLs: /r/Caldruki/comments/1t2mz7q/adrian_explain_the_rejection/ojq2xr0/, /r/Caldruki/comments/1t2mz7q/adrian_explain_the_rejection/ojosool/, /r/GlitchProductions/comments/1t13zjy/i_cant_believe_it/ojeatq4/, /r/Gameoverse/comments/1t0wwrt/what_date_do_you_think_the_pilot_is_releaseing_on/oje9k8d/, /r/Caldruki/comments/1t2n7p1/enriqueeee_adrian/ojwfclf/, /r/Caldruki/comments/1t2n7p1/enriqueeee_adrian/ojq6ufm/, /r/Gameoverse/comments/1t3qs2r/why_is_the_kit_roblox_pack_so_hot/ojx1cy3/, /r/Caldruki/comments/1t2n7p1/enriqueeee_adrian/ojqu1q6/, /r/GenAlpha/comments/1t2buaq/stat_your_favorite_song_in_the_comments_and_see/ojrcc91/, /r/Gameoverse/comments/1t1lp4w/how_long_is_the_pilot_going_to_be/ojns7v3/, /r/GlitchProductions/comments/1t13zjy/i_cant_believe_it/ojeaqhs/, /r/Caldruki/comments/1t2n7p1/enriqueeee_adrian/ojqugha/, /r/Gameoverse/comments/1t1lp4w/how_long_is_the_pilot_going_to_be/ojnsyrf/, /r/Caldruki/comments/1t2n7p1/enriqueeee_adrian/ojq2osn/, /r/Gameoverse/comments/1t2i8m7/when_the_pilot_release_will_it_blow_up_and_get/ojnzmwo/, https://i.redd.it/pz4ovb2dnxyg1.jpeg, /r/Caldruki/comments/1t2mz7q/adrian_explain_the_rejection/ojprpj7/, /r/TheDigitalCircus/comments/1t2hy0w/no_words_just_thiss/ojo18g3/, /r/GlitchProductions/comments/1t23201/glitchs_dream_of_being_the_most_subbed_australian/ojnsrnv/, /r/TheDigitalCircus/comments/1t2qvqi/just_a_reminder_we_are_fd/ojvt3ub/, /r/Caldruki/comments/1t2r6m9/best_memory_of_my_school_life/ojq6h5r/, /r/Caldruki/comments/1t2n7p1/enriqueeee_adrian/ojqu65l/, https://i.redd.it/qyvm7hg0pxyg1.jpeg, /r/Caldruki/comments/1t2n7p1/enriqueeee_adrian/ojwfiil/, /r/Caldruki/comments/1t2n7p1/enriqueeee_adrian/ojq0woq/
[INFO] Found 5 new subreddits: GlitchProductions, Gameoverse, TheDigitalCircus, Caldruki, GenAlpha
[INFO] Queued 25 new pages: https://www.reddit.com/r/TheDigitalCircus/comments/1t2qvqi/just_a_reminder_we_are_fd/ojvt3ub/.json, https://www.reddit.com/i.redd.it/pz4ovb2dnxyg1.jpeg/.json, https://www.reddit.com/r/Caldruki/comments/1t2r6m9/best_memory_of_my_school_life/ojq6h5r/.json, https://www.reddit.com/r/Gameoverse/comments/1t0wwrt/what_date_do_you_think_the_pilot_is_releaseing_on/oje9k8d/.json, https://www.reddit.com/r/Caldruki/comments/1t2n7p1/enriqueeee_adrian/ojq0woq/.json, https://www.reddit.com/r/Caldruki/comments/1t2n7p1/enriqueeee_adrian/ojwfiil/.json, https://www.reddit.com/r/GenAlpha/comments/1t2buaq/stat_your_favorite_song_in_the_comments_and_see/ojrcc91/.json, https://www.reddit.com/r/Gameoverse/comments/1t1lp4w/how_long_is_the_pilot_going_to_be/ojns7v3/.json, https://www.reddit.com/r/Caldruki/comments/1t2n7p1/enriqueeee_adrian/ojq6ufm/.json, https://www.reddit.com/r/Caldruki/comments/1t2n7p1/enriqueeee_adrian/ojwfclf/.json, https://www.reddit.com/r/GlitchProductions/comments/1t13zjy/i_cant_believe_it/ojeatq4/.json, https://www.reddit.com/r/Gameoverse/comments/1t3qs2r/why_is_the_kit_roblox_pack_so_hot/ojx1cy3/.json, https://www.reddit.com/r/Gameoverse/comments/1t1lp4w/how_long_is_the_pilot_going_to_be/ojnsyrf/.json, https://www.reddit.com/i.redd.it/qyvm7hg0pxyg1.jpeg/.json, https://www.reddit.com/r/Caldruki/comments/1t2mz7q/adrian_explain_the_rejection/ojprpj7/.json, https://www.reddit.com/r/Caldruki/comments/1t2mz7q/adrian_explain_the_rejection/ojq2xr0/.json, https://www.reddit.com/r/Caldruki/comments/1t2n7p1/enriqueeee_adrian/ojqu1q6/.json, https://www.reddit.com/r/GlitchProductions/comments/1t13zjy/i_cant_believe_it/ojeaqhs/.json, https://www.reddit.com/r/Caldruki/comments/1t2mz7q/adrian_explain_the_rejection/ojosool/.json, https://www.reddit.com/r/Caldruki/comments/1t2n7p1/enriqueeee_adrian/ojqugha/.json, https://www.reddit.com/r/TheDigitalCircus/comments/1t2hy0w/no_words_just_thiss/ojo18g3/.json, https://www.reddit.com/r/Caldruki/comments/1t2n7p1/enriqueeee_adrian/ojq2osn/.json, https://www.reddit.com/r/GlitchProductions/comments/1t23201/glitchs_dream_of_being_the_most_subbed_australian/ojnsrnv/.json, https://www.reddit.com/r/Caldruki/comments/1t2n7p1/enriqueeee_adrian/ojqu65l/.json, https://www.reddit.com/r/Gameoverse/comments/1t2i8m7/when_the_pilot_release_will_it_blow_up_and_get/ojnzmwo/.json
[INFO] add cmd: [LoadPageCmd, url:https://www.reddit.com/r/Caldruki/comments/1t2mz7q/adrian_explain_the_rejection/ojq2xr0/.json]
[INFO] add cmd: [LoadPageCmd, url:https://www.reddit.com/r/Caldruki/comments/1t2mz7q/adrian_explain_the_rejection/ojosool/.json]
[INFO] add cmd: [LoadPageCmd, url:https://www.reddit.com/r/GlitchProductions/comments/1t13zjy/i_cant_believe_it/ojeatq4/.json]
[INFO] add cmd: [LoadPageCmd, url:https://www.reddit.com/r/Gameoverse/comments/1t0wwrt/what_date_do_you_think_the_pilot_is_releaseing_on/oje9k8d/.json]
[INFO] add cmd: [LoadPageCmd, url:https://www.reddit.com/r/Caldruki/comments/1t2n7p1/enriqueeee_adrian/ojwfclf/.json]
[INFO] add cmd: [LoadPageCmd, url:https://www.reddit.com/r/Caldruki/comments/1t2n7p1/enriqueeee_adrian/ojq6ufm/.json]
[INFO] add cmd: [LoadPageCmd, url:https://www.reddit.com/r/Gameoverse/comments/1t3qs2r/why_is_the_kit_roblox_pack_so_hot/ojx1cy3/.json]
[INFO] add cmd: [LoadPageCmd, url:https://www.reddit.com/r/Caldruki/comments/1t2n7p1/enriqueeee_adrian/ojqu1q6/.json]
[INFO] add cmd: [LoadPageCmd, url:https://www.reddit.com/r/GenAlpha/comments/1t2buaq/stat_your_favorite_song_in_the_comments_and_see/ojrcc91/.json]
[INFO] add cmd: [LoadPageCmd, url:https://www.reddit.com/r/Gameoverse/comments/1t1lp4w/how_long_is_the_pilot_going_to_be/ojns7v3/.json]
[INFO] add cmd: [LoadPageCmd, url:https://www.reddit.com/r/GlitchProductions/comments/1t13zjy/i_cant_believe_it/ojeaqhs/.json]
[INFO] add cmd: [LoadPageCmd, url:https://www.reddit.com/r/Caldruki/comments/1t2n7p1/enriqueeee_adrian/ojqugha/.json]
[INFO] add cmd: [LoadPageCmd, url:https://www.reddit.com/r/Gameoverse/comments/1t1lp4w/how_long_is_the_pilot_going_to_be/ojnsyrf/.json]
[INFO] add cmd: [LoadPageCmd, url:https://www.reddit.com/r/Caldruki/comments/1t2n7p1/enriqueeee_adrian/ojq2osn/.json]
[INFO] add cmd: [LoadPageCmd, url:https://www.reddit.com/r/Gameoverse/comments/1t2i8m7/when_the_pilot_release_will_it_blow_up_and_get/ojnzmwo/.json]
[INFO] add cmd: [LoadPageCmd, url:https://www.reddit.com/i.redd.it/pz4ovb2dnxyg1.jpeg/.json]
[INFO] add cmd: [LoadPageCmd, url:https://www.reddit.com/r/Caldruki/comments/1t2mz7q/adrian_explain_the_rejection/ojprpj7/.json]
[INFO] add cmd: [LoadPageCmd, url:https://www.reddit.com/r/TheDigitalCircus/comments/1t2hy0w/no_words_just_thiss/ojo18g3/.json]
[INFO] add cmd: [LoadPageCmd, url:https://www.reddit.com/r/GlitchProductions/comments/1t23201/glitchs_dream_of_being_the_most_subbed_australian/ojnsrnv/.json]
[INFO] add cmd: [LoadPageCmd, url:https://www.reddit.com/r/TheDigitalCircus/comments/1t2qvqi/just_a_reminder_we_are_fd/ojvt3ub/.json]
[INFO] add cmd: [LoadPageCmd, url:https://www.reddit.com/r/Caldruki/comments/1t2r6m9/best_memory_of_my_school_life/ojq6h5r/.json]
[INFO] add cmd: [LoadPageCmd, url:https://www.reddit.com/r/Caldruki/comments/1t2n7p1/enriqueeee_adrian/ojqu65l/.json]
[INFO] add cmd: [LoadPageCmd, url:https://www.reddit.com/i.redd.it/qyvm7hg0pxyg1.jpeg/.json]
[INFO] add cmd: [LoadPageCmd, url:https://www.reddit.com/r/Caldruki/comments/1t2n7p1/enriqueeee_adrian/ojwfiil/.json]
[INFO] add cmd: [LoadPageCmd, url:https://www.reddit.com/r/Caldruki/comments/1t2n7p1/enriqueeee_adrian/ojq0woq/.json]
[INFO] add cmd: [LoadPageCmd, url:https://www.reddit.com/user/NefariousnessFar7826/.json]
[INFO] add cmd: [LoadPageCmd, url:https://www.reddit.com/user/NefariousnessFar7826/submitted/.json]
[INFO] add cmd: [LoadPageCmd, url:https://www.reddit.com/user/NefariousnessFar7826/comments/.json]
[INFO] add cmd: [LoadPageCmd, url:https://www.reddit.com/r/GlitchProductions/.json]
[INFO] add cmd: [LoadPageCmd, url:https://www.reddit.com/r/Gameoverse/.json]
[INFO] add cmd: [LoadPageCmd, url:https://www.reddit.com/r/TheDigitalCircus/.json]
[INFO] add cmd: [LoadPageCmd, url:https://www.reddit.com/r/Caldruki/.json]
[INFO] add cmd: [LoadPageCmd, url:https://www.reddit.com/r/GenAlpha/.json]
[INFO] remove cmd: [LoadPageCmd, url:https://www.reddit.com/user/NefariousnessFar7826/.json]
[INFO] get cmd: [LoadPageCmd, url:https://www.reddit.com/user/the3gs/submitted/.json]
[INFO] run cmd: [LoadPageCmd, url:https://www.reddit.com/user/the3gs/submitted/.json]
[INFO] LoadPageCmd.run on https://www.reddit.com/user/the3gs/submitted/.json
[INFO] LoadPageCmd.run succesfull loaded (200) https://www.reddit.com/user/the3gs/submitted/.json
[INFO] Found 12 new Reddit URLs: http://i.imgur.com/d7BCUHj.png, https://www.reddit.com/r/math/comments/1phlc14/metaballs_with_fixed_values/, https://www.reddit.com/r/learnpython/comments/4y1laa/put_item_into_list_sort_list_and_get_items_new/, https://www.reddit.com/r/redstone/comments/2iywtr/disabling_crafting/, https://www.reddit.com/r/feedthebeast/comments/2lw8rj/what_modpack_is_the_best/, https://v.redd.it/y38u513cyp251, http://imgur.com/a/0GC68, https://www.reddit.com/r/godot/comments/5ojhio/menu_like_angry_birds/, https://www.reddit.com/r/feedthebeast/comments/2tfonu/light_weight_modpack/, https://www.reddit.com/r/Minecraft/comments/2izk5k/ideas_for_an_apocoliptic_survival_map/, http://imgur.com/I4Zh0bq, https://www.reddit.com/r/learnpython/comments/2o6mmw/gui_help/
[INFO] Found 6 new subreddits: learnpython, feedthebeast, math, Minecraft, redstone, godot
[INFO] Queued 12 new pages: https://www.reddit.com/r/learnpython/comments/2o6mmw/gui_help/.json, https://www.reddit.com/r/redstone/comments/2iywtr/disabling_crafting/.json, https://www.reddit.com/v.redd.it/y38u513cyp251/.json, https://www.reddit.com/i.imgur.com/d7BCUHj.png/.json, https://www.reddit.com/r/Minecraft/comments/2izk5k/ideas_for_an_apocoliptic_survival_map/.json, https://www.reddit.com/imgur.com/I4Zh0bq/.json, https://www.reddit.com/r/learnpython/comments/4y1laa/put_item_into_list_sort_list_and_get_items_new/.json, https://www.reddit.com/r/math/comments/1phlc14/metaballs_with_fixed_values/.json, https://www.reddit.com/imgur.com/a/0GC68/.json, https://www.reddit.com/r/godot/comments/5ojhio/menu_like_angry_birds/.json, https://www.reddit.com/r/feedthebeast/comments/2lw8rj/what_modpack_is_the_best/.json, https://www.reddit.com/r/feedthebeast/comments/2tfonu/light_weight_modpack/.json
[INFO] add cmd: [LoadPageCmd, url:https://www.reddit.com/i.imgur.com/d7BCUHj.png/.json]
[INFO] add cmd: [LoadPageCmd, url:https://www.reddit.com/r/math/comments/1phlc14/metaballs_with_fixed_values/.json]
[INFO] add cmd: [LoadPageCmd, url:https://www.reddit.com/r/learnpython/comments/4y1laa/put_item_into_list_sort_list_and_get_items_new/.json]
[INFO] add cmd: [LoadPageCmd, url:https://www.reddit.com/r/redstone/comments/2iywtr/disabling_crafting/.json]
[INFO] add cmd: [LoadPageCmd, url:https://www.reddit.com/r/feedthebeast/comments/2lw8rj/what_modpack_is_the_best/.json]
[INFO] add cmd: [LoadPageCmd, url:https://www.reddit.com/v.redd.it/y38u513cyp251/.json]
[INFO] add cmd: [LoadPageCmd, url:https://www.reddit.com/imgur.com/a/0GC68/.json]
[INFO] add cmd: [LoadPageCmd, url:https://www.reddit.com/r/godot/comments/5ojhio/menu_like_angry_birds/.json]
[INFO] add cmd: [LoadPageCmd, url:https://www.reddit.com/r/feedthebeast/comments/2tfonu/light_weight_modpack/.json]
[INFO] add cmd: [LoadPageCmd, url:https://www.reddit.com/r/Minecraft/comments/2izk5k/ideas_for_an_apocoliptic_survival_map/.json]
[INFO] add cmd: [LoadPageCmd, url:https://www.reddit.com/imgur.com/I4Zh0bq/.json]
[INFO] add cmd: [LoadPageCmd, url:https://www.reddit.com/r/learnpython/comments/2o6mmw/gui_help/.json]
[INFO] add cmd: [LoadPageCmd, url:https://www.reddit.com/user/the3gs/.json]
[INFO] add cmd: [LoadPageCmd, url:https://www.reddit.com/user/the3gs/submitted/.json]
[INFO] add cmd: [LoadPageCmd, url:https://www.reddit.com/user/the3gs/comments/.json]
[INFO] add cmd: [LoadPageCmd, url:https://www.reddit.com/r/learnpython/.json]
[INFO] add cmd: [LoadPageCmd, url:https://www.reddit.com/r/feedthebeast/.json]
[INFO] add cmd: [LoadPageCmd, url:https://www.reddit.com/r/math/.json]
[INFO] add cmd: [LoadPageCmd, url:https://www.reddit.com/r/Minecraft/.json]
[INFO] add cmd: [LoadPageCmd, url:https://www.reddit.com/r/redstone/.json]
[INFO] add cmd: [LoadPageCmd, url:https://www.reddit.com/r/godot/.json]
[INFO] remove cmd: [LoadPageCmd, url:https://www.reddit.com/user/the3gs/submitted/.json]
[INFO] get cmd: [LoadPageCmd, url:https://www.reddit.com/r/Caldruki/comments/1t2mz7q/adrian_explain_the_rejection/ojq2xr0/.json]
[INFO] run cmd: [LoadPageCmd, url:https://www.reddit.com/r/Caldruki/comments/1t2mz7q/adrian_explain_the_rejection/ojq2xr0/.json]
[INFO] LoadPageCmd.run on https://www.reddit.com/r/Caldruki/comments/1t2mz7q/adrian_explain_the_rejection/ojq2xr0/.json
[INFO] LoadPageCmd.run succesfull loaded (200) https://www.reddit.com/r/Caldruki/comments/1t2mz7q/adrian_explain_the_rejection/ojq2xr0/.json
[INFO] Found 2 new Reddit URLs: /r/Caldruki/comments/1t2mz7q/adrian_explain_the_rejection/ojr2e1x/, /r/Caldruki/comments/1t2mz7q/adrian_explain_the_rejection/ojqjdz6/
[INFO] Found 2 new usernames: Global_Interview6311, nas_ki
[INFO] Queued 2 new pages: https://www.reddit.com/r/Caldruki/comments/1t2mz7q/adrian_explain_the_rejection/ojqjdz6/.json, https://www.reddit.com/r/Caldruki/comments/1t2mz7q/adrian_explain_the_rejection/ojr2e1x/.json
[INFO] add cmd: [LoadPageCmd, url:https://www.reddit.com/i.redd.it/pz4ovb2dnxyg1.jpeg/.json]
[INFO] add cmd: [LoadPageCmd, url:https://www.reddit.com/r/Caldruki/comments/1t2mz7q/adrian_explain_the_rejection/ojr2e1x/.json]
[INFO] add cmd: [LoadPageCmd, url:https://www.reddit.com/r/Caldruki/comments/1t2mz7q/adrian_explain_the_rejection/ojqjdz6/.json]
[INFO] add cmd: [LoadPageCmd, url:https://www.reddit.com/user/NefariousnessFar7826/.json]
[INFO] add cmd: [LoadPageCmd, url:https://www.reddit.com/user/NefariousnessFar7826/submitted/.json]
[INFO] add cmd: [LoadPageCmd, url:https://www.reddit.com/user/NefariousnessFar7826/comments/.json]
[INFO] add cmd: [LoadPageCmd, url:https://www.reddit.com/user/Global_Interview6311/.json]
[INFO] add cmd: [LoadPageCmd, url:https://www.reddit.com/user/Global_Interview6311/submitted/.json]
[INFO] add cmd: [LoadPageCmd, url:https://www.reddit.com/user/Global_Interview6311/comments/.json]
[INFO] add cmd: [LoadPageCmd, url:https://www.reddit.com/user/nas_ki/.json]
[INFO] add cmd: [LoadPageCmd, url:https://www.reddit.com/user/nas_ki/submitted/.json]
[INFO] add cmd: [LoadPageCmd, url:https://www.reddit.com/user/nas_ki/comments/.json]
[INFO] add cmd: [LoadPageCmd, url:https://www.reddit.com/r/Caldruki/.json]
[INFO] remove cmd: [LoadPageCmd, url:https://www.reddit.com/r/Caldruki/comments/1t2mz7q/adrian_explain_the_rejection/ojq2xr0/.json]
[INFO] get cmd: [LoadPageCmd, url:https://www.reddit.com/r/mathmemes/comments/1sgzvxx/the_1phone/ofa0g7l/.json]
[INFO] run cmd: [LoadPageCmd, url:https://www.reddit.com/r/mathmemes/comments/1sgzvxx/the_1phone/ofa0g7l/.json]
[INFO] LoadPageCmd.run on https://www.reddit.com/r/mathmemes/comments/1sgzvxx/the_1phone/ofa0g7l/.json
[INFO] LoadPageCmd.run succesfull loaded (200) https://www.reddit.com/r/mathmemes/comments/1sgzvxx/the_1phone/ofa0g7l/.json
[INFO] add cmd: [LoadPageCmd, url:https://www.reddit.com/gallery/1sgzvxx/.json]
[INFO] add cmd: [LoadPageCmd, url:https://www.reddit.com/user/NefariousnessFar7826/.json]
[INFO] add cmd: [LoadPageCmd, url:https://www.reddit.com/user/NefariousnessFar7826/submitted/.json]
[INFO] add cmd: [LoadPageCmd, url:https://www.reddit.com/user/NefariousnessFar7826/comments/.json]
[INFO] add cmd: [LoadPageCmd, url:https://www.reddit.com/r/mathmemes/.json]
[INFO] remove cmd: [LoadPageCmd, url:https://www.reddit.com/r/mathmemes/comments/1sgzvxx/the_1phone/ofa0g7l/.json]
[INFO] get cmd: [LoadPageCmd, url:https://www.reddit.com/user/Frostbyte_13/comments/.json]
[INFO] run cmd: [LoadPageCmd, url:https://www.reddit.com/user/Frostbyte_13/comments/.json]
[INFO] LoadPageCmd.run on https://www.reddit.com/user/Frostbyte_13/comments/.json
[INFO] LoadPageCmd.run succesfull loaded (200) https://www.reddit.com/user/Frostbyte_13/comments/.json
[INFO] Found 25 new Reddit URLs: /r/PeterExplainsTheJoke/comments/1t353wm/pethaaaaaaaaaaaaa/ojszygb/, /r/PeterExplainsTheJoke/comments/1t353wm/pethaaaaaaaaaaaaa/ojv4dgr/, /r/fivenightsatfreddys/comments/1t2d2kt/hmmmm/ojmyvbl/, /r/DailyGuess/comments/1t3xzyb/can_you_guess_this_5letter_word_puzzle_by_uyoshnis/ojyqp9w/, /r/PeterExplainsTheJoke/comments/1t20ebh/petah_help/ojkb77b/, /r/PeterExplainsTheJoke/comments/1t1ymp6/purrsonalized_color_profiles/ojk8ph1/, /r/conlangs/comments/1t265hv/i_made_a_language_named_damserlandic/ojlis39/, /r/addressme/comments/1t33quq/i_would_like_to_try_it_too/ojsontu/, /r/PeterExplainsTheJoke/comments/1t2pnsm/petah_i_dont_speak_spanish/ojs2muu/, /r/PeterExplainsTheJoke/comments/1t353wm/pethaaaaaaaaaaaaa/ojszk8n/, /r/addressme/comments/1t2tsvi/barber_got_zombies_hairline_right/ojqkfkj/, /r/LearnJapaneseNovice/comments/1t43t8n/one_1_image_of_silly_randomness_for_your_katakana/ok09h1a/, /r/DailyGuess/comments/1t3y0kh/can_you_guess_this_5letter_word_puzzle_by/ojyq5d8/, /r/DailyGuess/comments/1t251ud/can_you_guess_this_5letter_word_puzzle_by_umiddle/ojlg7ji/, /r/LearnJapaneseNovice/comments/1t43t8n/one_1_image_of_silly_randomness_for_your_katakana/ok03d9j/, /r/addressme/comments/1t416z7/is_anata_mean/ojzz8t0/, /r/DailyGuess/comments/1t32lh7/can_you_guess_this_7letter_word_puzzle_by_uwarm/ojs6zbe/, /r/addressme/comments/1t37v5d/why_so_many_2s/ojxwt5f/, /r/DailyGuess/comments/1t20b65/can_you_guess_this_5letter_word_puzzle_by_uequal/ojkaw8c/, /r/conlangs/comments/1t265hv/i_made_a_language_named_damserlandic/ojljkjw/, /r/LearnJapaneseNovice/comments/1t233fr/learning_kanji_like_in_japanese_elementary_school/ojlerv4/, /r/teenagers/comments/1t291fw/nazi_germany_just_attacked_poland/ojmnq4v/, /r/mapporncirclejerk/comments/1t1xcge/ouch_everyone_is_gonna_be_offended/ojk2m1v/, /r/DailyGuess/comments/1t35wy1/can_you_guess_this_4letter_word_puzzle_by_ufront/ojsuvzh/, /r/addressme/comments/1t3018b/canada_should_get_better_at_naming_territories/ojrp3gc/
[INFO] Found 8 new subreddits: PeterExplainsTheJoke, DailyGuess, fivenightsatfreddys, mapporncirclejerk, addressme, teenagers, LearnJapaneseNovice, conlangs
[INFO] Queued 25 new pages: https://www.reddit.com/r/addressme/comments/1t37v5d/why_so_many_2s/ojxwt5f/.json, https://www.reddit.com/r/DailyGuess/comments/1t32lh7/can_you_guess_this_7letter_word_puzzle_by_uwarm/ojs6zbe/.json, https://www.reddit.com/r/addressme/comments/1t33quq/i_would_like_to_try_it_too/ojsontu/.json, https://www.reddit.com/r/LearnJapaneseNovice/comments/1t233fr/learning_kanji_like_in_japanese_elementary_school/ojlerv4/.json, https://www.reddit.com/r/mapporncirclejerk/comments/1t1xcge/ouch_everyone_is_gonna_be_offended/ojk2m1v/.json, https://www.reddit.com/r/addressme/comments/1t2tsvi/barber_got_zombies_hairline_right/ojqkfkj/.json, https://www.reddit.com/r/LearnJapaneseNovice/comments/1t43t8n/one_1_image_of_silly_randomness_for_your_katakana/ok09h1a/.json, https://www.reddit.com/r/conlangs/comments/1t265hv/i_made_a_language_named_damserlandic/ojlis39/.json, https://www.reddit.com/r/PeterExplainsTheJoke/comments/1t20ebh/petah_help/ojkb77b/.json, https://www.reddit.com/r/PeterExplainsTheJoke/comments/1t1ymp6/purrsonalized_color_profiles/ojk8ph1/.json, https://www.reddit.com/r/PeterExplainsTheJoke/comments/1t2pnsm/petah_i_dont_speak_spanish/ojs2muu/.json, https://www.reddit.com/r/PeterExplainsTheJoke/comments/1t353wm/pethaaaaaaaaaaaaa/ojszk8n/.json, https://www.reddit.com/r/DailyGuess/comments/1t251ud/can_you_guess_this_5letter_word_puzzle_by_umiddle/ojlg7ji/.json, https://www.reddit.com/r/PeterExplainsTheJoke/comments/1t353wm/pethaaaaaaaaaaaaa/ojszygb/.json, https://www.reddit.com/r/DailyGuess/comments/1t3y0kh/can_you_guess_this_5letter_word_puzzle_by/ojyq5d8/.json, https://www.reddit.com/r/conlangs/comments/1t265hv/i_made_a_language_named_damserlandic/ojljkjw/.json, https://www.reddit.com/r/PeterExplainsTheJoke/comments/1t353wm/pethaaaaaaaaaaaaa/ojv4dgr/.json, https://www.reddit.com/r/teenagers/comments/1t291fw/nazi_germany_just_attacked_poland/ojmnq4v/.json, https://www.reddit.com/r/addressme/comments/1t3018b/canada_should_get_better_at_naming_territories/ojrp3gc/.json, https://www.reddit.com/r/DailyGuess/comments/1t3xzyb/can_you_guess_this_5letter_word_puzzle_by_uyoshnis/ojyqp9w/.json, https://www.reddit.com/r/DailyGuess/comments/1t20b65/can_you_guess_this_5letter_word_puzzle_by_uequal/ojkaw8c/.json, https://www.reddit.com/r/DailyGuess/comments/1t35wy1/can_you_guess_this_4letter_word_puzzle_by_ufront/ojsuvzh/.json, https://www.reddit.com/r/addressme/comments/1t416z7/is_anata_mean/ojzz8t0/.json, https://www.reddit.com/r/fivenightsatfreddys/comments/1t2d2kt/hmmmm/ojmyvbl/.json, https://www.reddit.com/r/LearnJapaneseNovice/comments/1t43t8n/one_1_image_of_silly_randomness_for_your_katakana/ok03d9j/.json
[INFO] add cmd: [LoadPageCmd, url:https://www.reddit.com/r/PeterExplainsTheJoke/comments/1t353wm/pethaaaaaaaaaaaaa/ojszygb/.json]
[INFO] add cmd: [LoadPageCmd, url:https://www.reddit.com/r/PeterExplainsTheJoke/comments/1t353wm/pethaaaaaaaaaaaaa/ojv4dgr/.json]
[INFO] add cmd: [LoadPageCmd, url:https://www.reddit.com/r/fivenightsatfreddys/comments/1t2d2kt/hmmmm/ojmyvbl/.json]
[INFO] add cmd: [LoadPageCmd, url:https://www.reddit.com/r/DailyGuess/comments/1t3xzyb/can_you_guess_this_5letter_word_puzzle_by_uyoshnis/ojyqp9w/.json]
[INFO] add cmd: [LoadPageCmd, url:https://www.reddit.com/r/PeterExplainsTheJoke/comments/1t20ebh/petah_help/ojkb77b/.json]
[INFO] add cmd: [LoadPageCmd, url:https://www.reddit.com/r/PeterExplainsTheJoke/comments/1t1ymp6/purrsonalized_color_profiles/ojk8ph1/.json]
[INFO] add cmd: [LoadPageCmd, url:https://www.reddit.com/r/conlangs/comments/1t265hv/i_made_a_language_named_damserlandic/ojlis39/.json]
[INFO] add cmd: [LoadPageCmd, url:https://www.reddit.com/r/addressme/comments/1t33quq/i_would_like_to_try_it_too/ojsontu/.json]
[INFO] add cmd: [LoadPageCmd, url:https://www.reddit.com/r/PeterExplainsTheJoke/comments/1t2pnsm/petah_i_dont_speak_spanish/ojs2muu/.json]
[INFO] add cmd: [LoadPageCmd, url:https://www.reddit.com/r/PeterExplainsTheJoke/comments/1t353wm/pethaaaaaaaaaaaaa/ojszk8n/.json]
[INFO] add cmd: [LoadPageCmd, url:https://www.reddit.com/r/addressme/comments/1t2tsvi/barber_got_zombies_hairline_right/ojqkfkj/.json]
[INFO] add cmd: [LoadPageCmd, url:https://www.reddit.com/r/LearnJapaneseNovice/comments/1t43t8n/one_1_image_of_silly_randomness_for_your_katakana/ok09h1a/.json]
[INFO] add cmd: [LoadPageCmd, url:https://www.reddit.com/r/DailyGuess/comments/1t3y0kh/can_you_guess_this_5letter_word_puzzle_by/ojyq5d8/.json]
[INFO] add cmd: [LoadPageCmd, url:https://www.reddit.com/r/DailyGuess/comments/1t251ud/can_you_guess_this_5letter_word_puzzle_by_umiddle/ojlg7ji/.json]
[INFO] add cmd: [LoadPageCmd, url:https://www.reddit.com/r/LearnJapaneseNovice/comments/1t43t8n/one_1_image_of_silly_randomness_for_your_katakana/ok03d9j/.json]
[INFO] add cmd: [LoadPageCmd, url:https://www.reddit.com/r/addressme/comments/1t416z7/is_anata_mean/ojzz8t0/.json]
[INFO] add cmd: [LoadPageCmd, url:https://www.reddit.com/r/DailyGuess/comments/1t32lh7/can_you_guess_this_7letter_word_puzzle_by_uwarm/ojs6zbe/.json]
[INFO] add cmd: [LoadPageCmd, url:https://www.reddit.com/r/addressme/comments/1t37v5d/why_so_many_2s/ojxwt5f/.json]
[INFO] add cmd: [LoadPageCmd, url:https://www.reddit.com/r/DailyGuess/comments/1t20b65/can_you_guess_this_5letter_word_puzzle_by_uequal/ojkaw8c/.json]
[INFO] add cmd: [LoadPageCmd, url:https://www.reddit.com/r/conlangs/comments/1t265hv/i_made_a_language_named_damserlandic/ojljkjw/.json]
[INFO] add cmd: [LoadPageCmd, url:https://www.reddit.com/r/LearnJapaneseNovice/comments/1t233fr/learning_kanji_like_in_japanese_elementary_school/ojlerv4/.json]
[INFO] add cmd: [LoadPageCmd, url:https://www.reddit.com/r/teenagers/comments/1t291fw/nazi_germany_just_attacked_poland/ojmnq4v/.json]
[INFO] add cmd: [LoadPageCmd, url:https://www.reddit.com/r/mapporncirclejerk/comments/1t1xcge/ouch_everyone_is_gonna_be_offended/ojk2m1v/.json]
[INFO] add cmd: [LoadPageCmd, url:https://www.reddit.com/r/DailyGuess/comments/1t35wy1/can_you_guess_this_4letter_word_puzzle_by_ufront/ojsuvzh/.json]
[INFO] add cmd: [LoadPageCmd, url:https://www.reddit.com/r/addressme/comments/1t3018b/canada_should_get_better_at_naming_territories/ojrp3gc/.json]
[INFO] add cmd: [LoadPageCmd, url:https://www.reddit.com/user/Frostbyte_13/.json]
[INFO] add cmd: [LoadPageCmd, url:https://www.reddit.com/user/Frostbyte_13/submitted/.json]
[INFO] add cmd: [LoadPageCmd, url:https://www.reddit.com/user/Frostbyte_13/comments/.json]
[INFO] add cmd: [LoadPageCmd, url:https://www.reddit.com/r/PeterExplainsTheJoke/.json]
[INFO] add cmd: [LoadPageCmd, url:https://www.reddit.com/r/DailyGuess/.json]
[INFO] add cmd: [LoadPageCmd, url:https://www.reddit.com/r/fivenightsatfreddys/.json]
[INFO] add cmd: [LoadPageCmd, url:https://www.reddit.com/r/mapporncirclejerk/.json]
[INFO] add cmd: [LoadPageCmd, url:https://www.reddit.com/r/addressme/.json]
[INFO] add cmd: [LoadPageCmd, url:https://www.reddit.com/r/teenagers/.json]
[INFO] add cmd: [LoadPageCmd, url:https://www.reddit.com/r/LearnJapaneseNovice/.json]
[INFO] add cmd: [LoadPageCmd, url:https://www.reddit.com/r/conlangs/.json]
[INFO] remove cmd: [LoadPageCmd, url:https://www.reddit.com/user/Frostbyte_13/comments/.json]
[INFO] get cmd: [LoadPageCmd, url:https://www.reddit.com/r/mathmemes/comments/1sgzvxx/the_1phone/of8zv0b/.json]
[INFO] run cmd: [LoadPageCmd, url:https://www.reddit.com/r/mathmemes/comments/1sgzvxx/the_1phone/of8zv0b/.json]
[INFO] LoadPageCmd.run on https://www.reddit.com/r/mathmemes/comments/1sgzvxx/the_1phone/of8zv0b/.json
[INFO] LoadPageCmd.run succesfull loaded (200) https://www.reddit.com/r/mathmemes/comments/1sgzvxx/the_1phone/of8zv0b/.json
[INFO] add cmd: [LoadPageCmd, url:https://www.reddit.com/r/mathmemes/comments/1sgzvxx/the_1phone/of91w5f/.json]
[INFO] add cmd: [LoadPageCmd, url:https://www.reddit.com/r/mathmemes/comments/1sgzvxx/the_1phone/of91nzy/.json]
[INFO] add cmd: [LoadPageCmd, url:https://www.reddit.com/r/mathmemes/comments/1sgzvxx/the_1phone/of92iz0/.json]
[INFO] add cmd: [LoadPageCmd, url:https://www.reddit.com/gallery/1sgzvxx/.json]
[INFO] add cmd: [LoadPageCmd, url:https://www.reddit.com/r/mathmemes/comments/1sgzvxx/the_1phone/of93wu1/.json]
[INFO] add cmd: [LoadPageCmd, url:https://www.reddit.com/r/mathmemes/comments/1sgzvxx/the_1phone/of957oj/.json]
[INFO] add cmd: [LoadPageCmd, url:https://www.reddit.com/r/mathmemes/comments/1sgzvxx/the_1phone/of92yrj/.json]
[INFO] add cmd: [LoadPageCmd, url:https://www.reddit.com/r/mathmemes/comments/1sgzvxx/the_1phone/ofb0xdk/.json]
[INFO] add cmd: [LoadPageCmd, url:https://www.reddit.com/r/mathmemes/comments/1sgzvxx/the_1phone/of92e0y/.json]
[INFO] add cmd: [LoadPageCmd, url:https://www.reddit.com/user/Royal_Lustir/.json]
[INFO] add cmd: [LoadPageCmd, url:https://www.reddit.com/user/Royal_Lustir/submitted/.json]
[INFO] add cmd: [LoadPageCmd, url:https://www.reddit.com/user/Royal_Lustir/comments/.json]
[INFO] add cmd: [LoadPageCmd, url:https://www.reddit.com/user/NefariousnessFar7826/.json]
[INFO] add cmd: [LoadPageCmd, url:https://www.reddit.com/user/NefariousnessFar7826/submitted/.json]
[INFO] add cmd: [LoadPageCmd, url:https://www.reddit.com/user/NefariousnessFar7826/comments/.json]
[INFO] add cmd: [LoadPageCmd, url:https://www.reddit.com/user/Rude_Anywhere_/.json]
[INFO] add cmd: [LoadPageCmd, url:https://www.reddit.com/user/Rude_Anywhere_/submitted/.json]
[INFO] add cmd: [LoadPageCmd, url:https://www.reddit.com/user/Rude_Anywhere_/comments/.json]
[INFO] add cmd: [LoadPageCmd, url:https://www.reddit.com/r/mathmemes/.json]
[INFO] remove cmd: [LoadPageCmd, url:https://www.reddit.com/r/mathmemes/comments/1sgzvxx/the_1phone/of8zv0b/.json]
[INFO] get cmd: [LoadPageCmd, url:https://www.reddit.com/i.imgur.com/d7BCUHj.png/.json]
[INFO] run cmd: [LoadPageCmd, url:https://www.reddit.com/i.imgur.com/d7BCUHj.png/.json]
[INFO] LoadPageCmd.run on https://www.reddit.com/i.imgur.com/d7BCUHj.png/.json
[WARN] LoadPageCmd.run redirect status 302
[WARN] LoadPageCmd.run redirected on https://www.reddit.com/submit/.json
[INFO] add cmd: [LoadPageCmd, url:https://www.reddit.com/submit/.json]
[INFO] remove cmd: [LoadPageCmd, url:https://www.reddit.com/i.imgur.com/d7BCUHj.png/.json]
[INFO] Collector loop finished. Iterations: 10
