[INFO] Collector initialized
[INFO] random seed: 553
[INFO] add cmd: [com.stepankosvin.reddit_collect_pascage.LoadPageCmd@eec5c5b, url:https://www.reddit.com/r/mathmemes/comments/1sgzvxx/the_1phone/.json]
[INFO] get cmd: [com.stepankosvin.reddit_collect_pascage.LoadPageCmd@eec5c5b, url:https://www.reddit.com/r/mathmemes/comments/1sgzvxx/the_1phone/.json]
[INFO] run cmd: [com.stepankosvin.reddit_collect_pascage.LoadPageCmd@eec5c5b, url:https://www.reddit.com/r/mathmemes/comments/1sgzvxx/the_1phone/.json]
[INFO] LoadPageCmd.run on https://www.reddit.com/r/mathmemes/comments/1sgzvxx/the_1phone/.json
[INFO] LoadPageCmd.run succesfull loaded (200) https://www.reddit.com/r/mathmemes/comments/1sgzvxx/the_1phone/.json
[INFO] Found 44 new Reddit URLs: /r/mathmemes/comments/1sgzvxx/the_1phone/of8zjz7/, /r/mathmemes/comments/1sgzvxx/the_1phone/of957oj/, /r/mathmemes/comments/1sgzvxx/the_1phone/of92yrj/, /r/mathmemes/comments/1sgzvxx/the_1phone/of9mu9c/, /r/mathmemes/comments/1sgzvxx/the_1phone/of97tw7/, /r/mathmemes/comments/1sgzvxx/the_1phone/of9ci6s/, /r/mathmemes/comments/1sgzvxx/the_1phone/of8zcum/, /r/mathmemes/comments/1sgzvxx/the_1phone/of9wxbl/, /r/mathmemes/comments/1sgzvxx/the_1phone/of8y43z/, /r/mathmemes/comments/1sgzvxx/the_1phone/ofbs9jf/, /r/mathmemes/comments/1sgzvxx/the_1phone/of9k1bm/, /r/mathmemes/comments/1sgzvxx/the_1phone/ofa0rm4/, /r/mathmemes/comments/1sgzvxx/the_1phone/ofz0z35/, /r/mathmemes/comments/1sgzvxx/the_1phone/of8zh2l/, /r/mathmemes/comments/1sgzvxx/the_1phone/of8zv0b/, /r/mathmemes/comments/1sgzvxx/the_1phone/of92e0y/, /r/mathmemes/comments/1sgzvxx/the_1phone/ofa0htx/, /r/mathmemes/comments/1sgzvxx/the_1phone/ofn3ocv/, /r/mathmemes/comments/1sgzvxx/the_1phone/of91w5f/, /r/mathmemes/comments/1sgzvxx/the_1phone/offotb4/, /r/mathmemes/comments/1sgzvxx/the_1phone/of91nzy/, /r/mathmemes/comments/1sgzvxx/the_1phone/of92iz0/, /r/mathmemes/comments/1sgzvxx/the_1phone/offoz6c/, /r/mathmemes/comments/1sgzvxx/the_1phone/of93wu1/, /r/mathmemes/comments/1sgzvxx/the_1phone/ofzoglc/, /r/mathmemes/comments/1sgzvxx/the_1phone/offp110/, /r/mathmemes/comments/1sgzvxx/the_1phone/ofa0g7l/, /r/mathmemes/comments/1sgzvxx/the_1phone/of9wysu/, /r/mathmemes/comments/1sgzvxx/the_1phone/ofb0xdk/, /r/mathmemes/comments/1sgzvxx/the_1phone/ofa7ep8/, /r/mathmemes/comments/1sgzvxx/the_1phone/og3rs9a/, /r/mathmemes/comments/1sgzvxx/the_1phone/ofa5zod/, /r/mathmemes/comments/1sgzvxx/the_1phone/ofbus8d/, https://www.reddit.com/gallery/1sgzvxx, /r/mathmemes/comments/1sgzvxx/the_1phone/of8yre0/, /r/mathmemes/comments/1sgzvxx/the_1phone/of97qyw/, /r/mathmemes/comments/1sgzvxx/the_1phone/ofb7470/, /r/mathmemes/comments/1sgzvxx/the_1phone/of9h13c/, /r/mathmemes/comments/1sgzvxx/the_1phone/ofh3fxq/, /r/mathmemes/comments/1sgzvxx/the_1phone/ofb2bw1/, /r/mathmemes/comments/1sgzvxx/the_1phone/of9bpif/, /r/mathmemes/comments/1sgzvxx/the_1phone/ofa0be3/, /r/mathmemes/comments/1sgzvxx/the_1phone/of97od6/, /r/mathmemes/comments/1sgzvxx/the_1phone/ofa5wal/
[INFO] Found 24 new usernames: KreeptonChronicler, Aton_Otsos, QaSpel, jacob643, cod3builder, Suspicious-Cut-3998, M10doreddit, thvirtuo, AbdullahMRiad, Frostbyte_13, guest111i, [deleted], Royal_Lustir, NefariousnessFar7826, rorodar, Frannnnnnnnn, Rude_Anywhere_, the3gs, AutoModerator, juanohulomo1234, martyboulders, johnporksigma, drLoveF, Zziggith
[INFO] Found 1 new subreddits: mathmemes
[INFO] Queued 44 new pages: https://www.reddit.com/r/mathmemes/comments/1sgzvxx/the_1phone/offoz6c/.json, https://www.reddit.com/r/mathmemes/comments/1sgzvxx/the_1phone/ofzoglc/.json, https://www.reddit.com/r/mathmemes/comments/1sgzvxx/the_1phone/ofbus8d/.json, https://www.reddit.com/r/mathmemes/comments/1sgzvxx/the_1phone/of93wu1/.json, https://www.reddit.com/r/mathmemes/comments/1sgzvxx/the_1phone/of97tw7/.json, https://www.reddit.com/r/mathmemes/comments/1sgzvxx/the_1phone/of92iz0/.json, https://www.reddit.com/r/mathmemes/comments/1sgzvxx/the_1phone/of9bpif/.json, https://www.reddit.com/r/mathmemes/comments/1sgzvxx/the_1phone/ofa0be3/.json, https://www.reddit.com/r/mathmemes/comments/1sgzvxx/the_1phone/ofb7470/.json, https://www.reddit.com/r/mathmemes/comments/1sgzvxx/the_1phone/of91nzy/.json, https://www.reddit.com/r/mathmemes/comments/1sgzvxx/the_1phone/of9ci6s/.json, https://www.reddit.com/r/mathmemes/comments/1sgzvxx/the_1phone/of9wxbl/.json, https://www.reddit.com/r/mathmemes/comments/1sgzvxx/the_1phone/of9k1bm/.json, https://www.reddit.com/r/mathmemes/comments/1sgzvxx/the_1phone/of8zcum/.json, https://www.reddit.com/r/mathmemes/comments/1sgzvxx/the_1phone/ofa0g7l/.json, https://www.reddit.com/r/mathmemes/comments/1sgzvxx/the_1phone/ofa5zod/.json, https://www.reddit.com/r/mathmemes/comments/1sgzvxx/the_1phone/offp110/.json, https://www.reddit.com/r/mathmemes/comments/1sgzvxx/the_1phone/of8zjz7/.json, https://www.reddit.com/r/mathmemes/comments/1sgzvxx/the_1phone/of92yrj/.json, https://www.reddit.com/r/mathmemes/comments/1sgzvxx/the_1phone/of8y43z/.json, https://www.reddit.com/r/mathmemes/comments/1sgzvxx/the_1phone/of9mu9c/.json, https://www.reddit.com/r/mathmemes/comments/1sgzvxx/the_1phone/ofz0z35/.json, https://www.reddit.com/r/mathmemes/comments/1sgzvxx/the_1phone/og3rs9a/.json, https://www.reddit.com/r/mathmemes/comments/1sgzvxx/the_1phone/of8zv0b/.json, https://www.reddit.com/r/mathmemes/comments/1sgzvxx/the_1phone/ofh3fxq/.json, https://www.reddit.com/r/mathmemes/comments/1sgzvxx/the_1phone/of91w5f/.json, https://www.reddit.com/r/mathmemes/comments/1sgzvxx/the_1phone/ofa0rm4/.json, https://www.reddit.com/r/mathmemes/comments/1sgzvxx/the_1phone/of8yre0/.json, https://www.reddit.com/r/mathmemes/comments/1sgzvxx/the_1phone/of9h13c/.json, https://www.reddit.com/r/mathmemes/comments/1sgzvxx/the_1phone/of8zh2l/.json, https://www.reddit.com/gallery/1sgzvxx/.json, https://www.reddit.com/r/mathmemes/comments/1sgzvxx/the_1phone/ofa0htx/.json, https://www.reddit.com/r/mathmemes/comments/1sgzvxx/the_1phone/offotb4/.json, https://www.reddit.com/r/mathmemes/comments/1sgzvxx/the_1phone/of97qyw/.json, https://www.reddit.com/r/mathmemes/comments/1sgzvxx/the_1phone/ofa5wal/.json, https://www.reddit.com/r/mathmemes/comments/1sgzvxx/the_1phone/ofb0xdk/.json, https://www.reddit.com/r/mathmemes/comments/1sgzvxx/the_1phone/ofb2bw1/.json, https://www.reddit.com/r/mathmemes/comments/1sgzvxx/the_1phone/of957oj/.json, https://www.reddit.com/r/mathmemes/comments/1sgzvxx/the_1phone/of97od6/.json, https://www.reddit.com/r/mathmemes/comments/1sgzvxx/the_1phone/ofbs9jf/.json, https://www.reddit.com/r/mathmemes/comments/1sgzvxx/the_1phone/of92e0y/.json, https://www.reddit.com/r/mathmemes/comments/1sgzvxx/the_1phone/ofn3ocv/.json, https://www.reddit.com/r/mathmemes/comments/1sgzvxx/the_1phone/ofa7ep8/.json, https://www.reddit.com/r/mathmemes/comments/1sgzvxx/the_1phone/of9wysu/.json
[INFO] add cmd: [com.stepankosvin.reddit_collect_pascage.LoadPageCmd@6dc95fcd, url:https://www.reddit.com/r/mathmemes/comments/1sgzvxx/the_1phone/of8zjz7/.json]
[INFO] add cmd: [com.stepankosvin.reddit_collect_pascage.LoadPageCmd@2056f210, url:https://www.reddit.com/r/mathmemes/comments/1sgzvxx/the_1phone/of957oj/.json]
[INFO] add cmd: [com.stepankosvin.reddit_collect_pascage.LoadPageCmd@3106035c, url:https://www.reddit.com/r/mathmemes/comments/1sgzvxx/the_1phone/of92yrj/.json]
[INFO] add cmd: [com.stepankosvin.reddit_collect_pascage.LoadPageCmd@1fff3be7, url:https://www.reddit.com/r/mathmemes/comments/1sgzvxx/the_1phone/of9mu9c/.json]
[INFO] add cmd: [com.stepankosvin.reddit_collect_pascage.LoadPageCmd@38ef38e2, url:https://www.reddit.com/r/mathmemes/comments/1sgzvxx/the_1phone/of97tw7/.json]
[INFO] add cmd: [com.stepankosvin.reddit_collect_pascage.LoadPageCmd@2fbe8b9d, url:https://www.reddit.com/r/mathmemes/comments/1sgzvxx/the_1phone/of9ci6s/.json]
[INFO] add cmd: [com.stepankosvin.reddit_collect_pascage.LoadPageCmd@2e2361d5, url:https://www.reddit.com/r/mathmemes/comments/1sgzvxx/the_1phone/of8zcum/.json]
[INFO] add cmd: [com.stepankosvin.reddit_collect_pascage.LoadPageCmd@48e547f5, url:https://www.reddit.com/r/mathmemes/comments/1sgzvxx/the_1phone/of9wxbl/.json]
[INFO] add cmd: [com.stepankosvin.reddit_collect_pascage.LoadPageCmd@98c5e23, url:https://www.reddit.com/r/mathmemes/comments/1sgzvxx/the_1phone/of8y43z/.json]
[INFO] add cmd: [com.stepankosvin.reddit_collect_pascage.LoadPageCmd@5235ceec, url:https://www.reddit.com/r/mathmemes/comments/1sgzvxx/the_1phone/ofbs9jf/.json]
[INFO] add cmd: [com.stepankosvin.reddit_collect_pascage.LoadPageCmd@672d30b6, url:https://www.reddit.com/r/mathmemes/comments/1sgzvxx/the_1phone/of9k1bm/.json]
[INFO] add cmd: [com.stepankosvin.reddit_collect_pascage.LoadPageCmd@5151949, url:https://www.reddit.com/r/mathmemes/comments/1sgzvxx/the_1phone/ofa0rm4/.json]
[INFO] add cmd: [com.stepankosvin.reddit_collect_pascage.LoadPageCmd@6e83228e, url:https://www.reddit.com/r/mathmemes/comments/1sgzvxx/the_1phone/ofz0z35/.json]
[INFO] add cmd: [com.stepankosvin.reddit_collect_pascage.LoadPageCmd@12bdd31c, url:https://www.reddit.com/r/mathmemes/comments/1sgzvxx/the_1phone/of8zh2l/.json]
[INFO] add cmd: [com.stepankosvin.reddit_collect_pascage.LoadPageCmd@1c9be97d, url:https://www.reddit.com/r/mathmemes/comments/1sgzvxx/the_1phone/of8zv0b/.json]
[INFO] add cmd: [com.stepankosvin.reddit_collect_pascage.LoadPageCmd@31e964f6, url:https://www.reddit.com/r/mathmemes/comments/1sgzvxx/the_1phone/of92e0y/.json]
[INFO] add cmd: [com.stepankosvin.reddit_collect_pascage.LoadPageCmd@4689b717, url:https://www.reddit.com/r/mathmemes/comments/1sgzvxx/the_1phone/ofa0htx/.json]
[INFO] add cmd: [com.stepankosvin.reddit_collect_pascage.LoadPageCmd@3ad0a9e9, url:https://www.reddit.com/r/mathmemes/comments/1sgzvxx/the_1phone/ofn3ocv/.json]
[INFO] add cmd: [com.stepankosvin.reddit_collect_pascage.LoadPageCmd@79c37fcf, url:https://www.reddit.com/r/mathmemes/comments/1sgzvxx/the_1phone/of91w5f/.json]
[INFO] add cmd: [com.stepankosvin.reddit_collect_pascage.LoadPageCmd@3f77ad5, url:https://www.reddit.com/r/mathmemes/comments/1sgzvxx/the_1phone/offotb4/.json]
[INFO] add cmd: [com.stepankosvin.reddit_collect_pascage.LoadPageCmd@8cd44b3, url:https://www.reddit.com/r/mathmemes/comments/1sgzvxx/the_1phone/of91nzy/.json]
[INFO] add cmd: [com.stepankosvin.reddit_collect_pascage.LoadPageCmd@37ed3ba2, url:https://www.reddit.com/r/mathmemes/comments/1sgzvxx/the_1phone/of92iz0/.json]
[INFO] add cmd: [com.stepankosvin.reddit_collect_pascage.LoadPageCmd@55321797, url:https://www.reddit.com/r/mathmemes/comments/1sgzvxx/the_1phone/offoz6c/.json]
[INFO] add cmd: [com.stepankosvin.reddit_collect_pascage.LoadPageCmd@6dabee36, url:https://www.reddit.com/r/mathmemes/comments/1sgzvxx/the_1phone/of93wu1/.json]
[INFO] add cmd: [com.stepankosvin.reddit_collect_pascage.LoadPageCmd@f21c7ec, url:https://www.reddit.com/r/mathmemes/comments/1sgzvxx/the_1phone/ofzoglc/.json]
[INFO] add cmd: [com.stepankosvin.reddit_collect_pascage.LoadPageCmd@51cfcd81, url:https://www.reddit.com/r/mathmemes/comments/1sgzvxx/the_1phone/offp110/.json]
[INFO] add cmd: [com.stepankosvin.reddit_collect_pascage.LoadPageCmd@1484e680, url:https://www.reddit.com/r/mathmemes/comments/1sgzvxx/the_1phone/ofa0g7l/.json]
[INFO] add cmd: [com.stepankosvin.reddit_collect_pascage.LoadPageCmd@26ec7078, url:https://www.reddit.com/r/mathmemes/comments/1sgzvxx/the_1phone/of9wysu/.json]
[INFO] add cmd: [com.stepankosvin.reddit_collect_pascage.LoadPageCmd@2773cdee, url:https://www.reddit.com/r/mathmemes/comments/1sgzvxx/the_1phone/ofb0xdk/.json]
[INFO] add cmd: [com.stepankosvin.reddit_collect_pascage.LoadPageCmd@8ffbf44, url:https://www.reddit.com/r/mathmemes/comments/1sgzvxx/the_1phone/ofa7ep8/.json]
[INFO] add cmd: [com.stepankosvin.reddit_collect_pascage.LoadPageCmd@3bfcf83d, url:https://www.reddit.com/r/mathmemes/comments/1sgzvxx/the_1phone/og3rs9a/.json]
[INFO] add cmd: [com.stepankosvin.reddit_collect_pascage.LoadPageCmd@7ed6208a, url:https://www.reddit.com/r/mathmemes/comments/1sgzvxx/the_1phone/ofa5zod/.json]
[INFO] add cmd: [com.stepankosvin.reddit_collect_pascage.LoadPageCmd@47f38e03, url:https://www.reddit.com/r/mathmemes/comments/1sgzvxx/the_1phone/ofbus8d/.json]
[INFO] add cmd: [com.stepankosvin.reddit_collect_pascage.LoadPageCmd@32831c26, url:https://www.reddit.com/gallery/1sgzvxx/.json]
[INFO] add cmd: [com.stepankosvin.reddit_collect_pascage.LoadPageCmd@6e62375b, url:https://www.reddit.com/r/mathmemes/comments/1sgzvxx/the_1phone/of8yre0/.json]
[INFO] add cmd: [com.stepankosvin.reddit_collect_pascage.LoadPageCmd@217f886d, url:https://www.reddit.com/r/mathmemes/comments/1sgzvxx/the_1phone/of97qyw/.json]
[INFO] add cmd: [com.stepankosvin.reddit_collect_pascage.LoadPageCmd@7a2799d7, url:https://www.reddit.com/r/mathmemes/comments/1sgzvxx/the_1phone/ofb7470/.json]
[INFO] add cmd: [com.stepankosvin.reddit_collect_pascage.LoadPageCmd@506fc899, url:https://www.reddit.com/r/mathmemes/comments/1sgzvxx/the_1phone/of9h13c/.json]
[INFO] add cmd: [com.stepankosvin.reddit_collect_pascage.LoadPageCmd@2f48e520, url:https://www.reddit.com/r/mathmemes/comments/1sgzvxx/the_1phone/ofh3fxq/.json]
[INFO] add cmd: [com.stepankosvin.reddit_collect_pascage.LoadPageCmd@72a93c44, url:https://www.reddit.com/r/mathmemes/comments/1sgzvxx/the_1phone/ofb2bw1/.json]
[INFO] add cmd: [com.stepankosvin.reddit_collect_pascage.LoadPageCmd@3486eae7, url:https://www.reddit.com/r/mathmemes/comments/1sgzvxx/the_1phone/of9bpif/.json]
[INFO] add cmd: [com.stepankosvin.reddit_collect_pascage.LoadPageCmd@1a03c7ee, url:https://www.reddit.com/r/mathmemes/comments/1sgzvxx/the_1phone/ofa0be3/.json]
[INFO] add cmd: [com.stepankosvin.reddit_collect_pascage.LoadPageCmd@720a506b, url:https://www.reddit.com/r/mathmemes/comments/1sgzvxx/the_1phone/of97od6/.json]
[INFO] add cmd: [com.stepankosvin.reddit_collect_pascage.LoadPageCmd@49fa1972, url:https://www.reddit.com/r/mathmemes/comments/1sgzvxx/the_1phone/ofa5wal/.json]
[INFO] add cmd: [com.stepankosvin.reddit_collect_pascage.LoadPageCmd@6eb909d5, url:https://www.reddit.com/user/KreeptonChronicler/.json]
[INFO] add cmd: [com.stepankosvin.reddit_collect_pascage.LoadPageCmd@7711bcf9, url:https://www.reddit.com/user/KreeptonChronicler/submitted/.json]
[INFO] add cmd: [com.stepankosvin.reddit_collect_pascage.LoadPageCmd@7da8c2b0, url:https://www.reddit.com/user/KreeptonChronicler/comments/.json]
[INFO] add cmd: [com.stepankosvin.reddit_collect_pascage.LoadPageCmd@37f977d0, url:https://www.reddit.com/user/Aton_Otsos/.json]
[INFO] add cmd: [com.stepankosvin.reddit_collect_pascage.LoadPageCmd@11a8375b, url:https://www.reddit.com/user/Aton_Otsos/submitted/.json]
[INFO] add cmd: [com.stepankosvin.reddit_collect_pascage.LoadPageCmd@6b24b7e3, url:https://www.reddit.com/user/Aton_Otsos/comments/.json]
[INFO] add cmd: [com.stepankosvin.reddit_collect_pascage.LoadPageCmd@50224575, url:https://www.reddit.com/user/QaSpel/.json]
[INFO] add cmd: [com.stepankosvin.reddit_collect_pascage.LoadPageCmd@2c19ef56, url:https://www.reddit.com/user/QaSpel/submitted/.json]
[INFO] add cmd: [com.stepankosvin.reddit_collect_pascage.LoadPageCmd@7c5b0761, url:https://www.reddit.com/user/QaSpel/comments/.json]
[INFO] add cmd: [com.stepankosvin.reddit_collect_pascage.LoadPageCmd@328e2ca6, url:https://www.reddit.com/user/jacob643/.json]
[INFO] add cmd: [com.stepankosvin.reddit_collect_pascage.LoadPageCmd@7045de6f, url:https://www.reddit.com/user/jacob643/submitted/.json]
[INFO] add cmd: [com.stepankosvin.reddit_collect_pascage.LoadPageCmd@1345ec6e, url:https://www.reddit.com/user/jacob643/comments/.json]
[INFO] add cmd: [com.stepankosvin.reddit_collect_pascage.LoadPageCmd@37018168, url:https://www.reddit.com/user/cod3builder/.json]
[INFO] add cmd: [com.stepankosvin.reddit_collect_pascage.LoadPageCmd@74297032, url:https://www.reddit.com/user/cod3builder/submitted/.json]
[INFO] add cmd: [com.stepankosvin.reddit_collect_pascage.LoadPageCmd@2ac17e7e, url:https://www.reddit.com/user/cod3builder/comments/.json]
[INFO] add cmd: [com.stepankosvin.reddit_collect_pascage.LoadPageCmd@16dbd1d4, url:https://www.reddit.com/user/Suspicious-Cut-3998/.json]
[INFO] add cmd: [com.stepankosvin.reddit_collect_pascage.LoadPageCmd@2dea08a6, url:https://www.reddit.com/user/Suspicious-Cut-3998/submitted/.json]
[INFO] add cmd: [com.stepankosvin.reddit_collect_pascage.LoadPageCmd@12fd55c9, url:https://www.reddit.com/user/Suspicious-Cut-3998/comments/.json]
[INFO] add cmd: [com.stepankosvin.reddit_collect_pascage.LoadPageCmd@336eeb66, url:https://www.reddit.com/user/M10doreddit/.json]
[INFO] add cmd: [com.stepankosvin.reddit_collect_pascage.LoadPageCmd@7b73d9ae, url:https://www.reddit.com/user/M10doreddit/submitted/.json]
[INFO] add cmd: [com.stepankosvin.reddit_collect_pascage.LoadPageCmd@621515e, url:https://www.reddit.com/user/M10doreddit/comments/.json]
[INFO] add cmd: [com.stepankosvin.reddit_collect_pascage.LoadPageCmd@7e8a1f4e, url:https://www.reddit.com/user/thvirtuo/.json]
[INFO] add cmd: [com.stepankosvin.reddit_collect_pascage.LoadPageCmd@3a7bee22, url:https://www.reddit.com/user/thvirtuo/submitted/.json]
[INFO] add cmd: [com.stepankosvin.reddit_collect_pascage.LoadPageCmd@5fa0fe6a, url:https://www.reddit.com/user/thvirtuo/comments/.json]
[INFO] add cmd: [com.stepankosvin.reddit_collect_pascage.LoadPageCmd@5307ff61, url:https://www.reddit.com/user/AbdullahMRiad/.json]
[INFO] add cmd: [com.stepankosvin.reddit_collect_pascage.LoadPageCmd@7dd9ea20, url:https://www.reddit.com/user/AbdullahMRiad/submitted/.json]
[INFO] add cmd: [com.stepankosvin.reddit_collect_pascage.LoadPageCmd@18360147, url:https://www.reddit.com/user/AbdullahMRiad/comments/.json]
[INFO] add cmd: [com.stepankosvin.reddit_collect_pascage.LoadPageCmd@403dff85, url:https://www.reddit.com/user/Frostbyte_13/.json]
[INFO] add cmd: [com.stepankosvin.reddit_collect_pascage.LoadPageCmd@2cadfc14, url:https://www.reddit.com/user/Frostbyte_13/submitted/.json]
[INFO] add cmd: [com.stepankosvin.reddit_collect_pascage.LoadPageCmd@1e179b4b, url:https://www.reddit.com/user/Frostbyte_13/comments/.json]
[INFO] add cmd: [com.stepankosvin.reddit_collect_pascage.LoadPageCmd@36839df7, url:https://www.reddit.com/user/guest111i/.json]
[INFO] add cmd: [com.stepankosvin.reddit_collect_pascage.LoadPageCmd@19ed9d75, url:https://www.reddit.com/user/guest111i/submitted/.json]
[INFO] add cmd: [com.stepankosvin.reddit_collect_pascage.LoadPageCmd@5ae38f00, url:https://www.reddit.com/user/guest111i/comments/.json]
[INFO] add cmd: [com.stepankosvin.reddit_collect_pascage.LoadPageCmd@788c8ad4, url:https://www.reddit.com/user/[deleted]/.json]
[INFO] add cmd: [com.stepankosvin.reddit_collect_pascage.LoadPageCmd@524adc17, url:https://www.reddit.com/user/[deleted]/submitted/.json]
[INFO] add cmd: [com.stepankosvin.reddit_collect_pascage.LoadPageCmd@2739e51e, url:https://www.reddit.com/user/[deleted]/comments/.json]
[INFO] add cmd: [com.stepankosvin.reddit_collect_pascage.LoadPageCmd@61e4f576, url:https://www.reddit.com/user/Royal_Lustir/.json]
[INFO] add cmd: [com.stepankosvin.reddit_collect_pascage.LoadPageCmd@7da209b4, url:https://www.reddit.com/user/Royal_Lustir/submitted/.json]
[INFO] add cmd: [com.stepankosvin.reddit_collect_pascage.LoadPageCmd@790cd873, url:https://www.reddit.com/user/Royal_Lustir/comments/.json]
[INFO] add cmd: [com.stepankosvin.reddit_collect_pascage.LoadPageCmd@11f5c359, url:https://www.reddit.com/user/NefariousnessFar7826/.json]
[INFO] add cmd: [com.stepankosvin.reddit_collect_pascage.LoadPageCmd@57fccb54, url:https://www.reddit.com/user/NefariousnessFar7826/submitted/.json]
[INFO] add cmd: [com.stepankosvin.reddit_collect_pascage.LoadPageCmd@3afe87b6, url:https://www.reddit.com/user/NefariousnessFar7826/comments/.json]
[INFO] add cmd: [com.stepankosvin.reddit_collect_pascage.LoadPageCmd@25ae1fda, url:https://www.reddit.com/user/rorodar/.json]
[INFO] add cmd: [com.stepankosvin.reddit_collect_pascage.LoadPageCmd@1afeff3d, url:https://www.reddit.com/user/rorodar/submitted/.json]
[INFO] add cmd: [com.stepankosvin.reddit_collect_pascage.LoadPageCmd@2be9215d, url:https://www.reddit.com/user/rorodar/comments/.json]
[INFO] add cmd: [com.stepankosvin.reddit_collect_pascage.LoadPageCmd@6564d0a1, url:https://www.reddit.com/user/Frannnnnnnnn/.json]
[INFO] add cmd: [com.stepankosvin.reddit_collect_pascage.LoadPageCmd@30614318, url:https://www.reddit.com/user/Frannnnnnnnn/submitted/.json]
[INFO] add cmd: [com.stepankosvin.reddit_collect_pascage.LoadPageCmd@5d0b553e, url:https://www.reddit.com/user/Frannnnnnnnn/comments/.json]
[INFO] add cmd: [com.stepankosvin.reddit_collect_pascage.LoadPageCmd@3f8a740b, url:https://www.reddit.com/user/Rude_Anywhere_/.json]
[INFO] add cmd: [com.stepankosvin.reddit_collect_pascage.LoadPageCmd@7c284a83, url:https://www.reddit.com/user/Rude_Anywhere_/submitted/.json]
[INFO] add cmd: [com.stepankosvin.reddit_collect_pascage.LoadPageCmd@466bbf9d, url:https://www.reddit.com/user/Rude_Anywhere_/comments/.json]
[INFO] add cmd: [com.stepankosvin.reddit_collect_pascage.LoadPageCmd@41ceb0cb, url:https://www.reddit.com/user/the3gs/.json]
[INFO] add cmd: [com.stepankosvin.reddit_collect_pascage.LoadPageCmd@2d88bed5, url:https://www.reddit.com/user/the3gs/submitted/.json]
[INFO] add cmd: [com.stepankosvin.reddit_collect_pascage.LoadPageCmd@13ca95b5, url:https://www.reddit.com/user/the3gs/comments/.json]
[INFO] add cmd: [com.stepankosvin.reddit_collect_pascage.LoadPageCmd@8465706, url:https://www.reddit.com/user/AutoModerator/.json]
[INFO] add cmd: [com.stepankosvin.reddit_collect_pascage.LoadPageCmd@3c3af62d, url:https://www.reddit.com/user/AutoModerator/submitted/.json]
[INFO] add cmd: [com.stepankosvin.reddit_collect_pascage.LoadPageCmd@542c9969, url:https://www.reddit.com/user/AutoModerator/comments/.json]
[INFO] add cmd: [com.stepankosvin.reddit_collect_pascage.LoadPageCmd@130cc964, url:https://www.reddit.com/user/juanohulomo1234/.json]
[INFO] add cmd: [com.stepankosvin.reddit_collect_pascage.LoadPageCmd@29c85264, url:https://www.reddit.com/user/juanohulomo1234/submitted/.json]
[INFO] add cmd: [com.stepankosvin.reddit_collect_pascage.LoadPageCmd@42a842ee, url:https://www.reddit.com/user/juanohulomo1234/comments/.json]
[INFO] add cmd: [com.stepankosvin.reddit_collect_pascage.LoadPageCmd@727f6c03, url:https://www.reddit.com/user/martyboulders/.json]
[INFO] add cmd: [com.stepankosvin.reddit_collect_pascage.LoadPageCmd@74ddcc1, url:https://www.reddit.com/user/martyboulders/submitted/.json]
[INFO] add cmd: [com.stepankosvin.reddit_collect_pascage.LoadPageCmd@6c7de53e, url:https://www.reddit.com/user/martyboulders/comments/.json]
[INFO] add cmd: [com.stepankosvin.reddit_collect_pascage.LoadPageCmd@6c42756d, url:https://www.reddit.com/user/johnporksigma/.json]
[INFO] add cmd: [com.stepankosvin.reddit_collect_pascage.LoadPageCmd@65541392, url:https://www.reddit.com/user/johnporksigma/submitted/.json]
[INFO] add cmd: [com.stepankosvin.reddit_collect_pascage.LoadPageCmd@c16602d, url:https://www.reddit.com/user/johnporksigma/comments/.json]
[INFO] add cmd: [com.stepankosvin.reddit_collect_pascage.LoadPageCmd@f413084, url:https://www.reddit.com/user/drLoveF/.json]
[INFO] add cmd: [com.stepankosvin.reddit_collect_pascage.LoadPageCmd@70d7d51c, url:https://www.reddit.com/user/drLoveF/submitted/.json]
[INFO] add cmd: [com.stepankosvin.reddit_collect_pascage.LoadPageCmd@35da8017, url:https://www.reddit.com/user/drLoveF/comments/.json]
[INFO] add cmd: [com.stepankosvin.reddit_collect_pascage.LoadPageCmd@af29989, url:https://www.reddit.com/user/Zziggith/.json]
[INFO] add cmd: [com.stepankosvin.reddit_collect_pascage.LoadPageCmd@cb14d43, url:https://www.reddit.com/user/Zziggith/submitted/.json]
[INFO] add cmd: [com.stepankosvin.reddit_collect_pascage.LoadPageCmd@428016fc, url:https://www.reddit.com/user/Zziggith/comments/.json]
[INFO] add cmd: [com.stepankosvin.reddit_collect_pascage.LoadPageCmd@3d1b07ac, url:https://www.reddit.com/r/mathmemes/.json]
[INFO] remove cmd: [com.stepankosvin.reddit_collect_pascage.LoadPageCmd@eec5c5b, url:https://www.reddit.com/r/mathmemes/comments/1sgzvxx/the_1phone/.json]
[INFO] Collector loop finished. Iterations: 1
[INFO] Collector stopped manually
