[INFO] Collector initialized
[INFO] random seed: 249
[INFO] add cmd: [LoadPageCmd@73846619, url:https://www.reddit.com/r/mathmemes/comments/1sgzvxx/the_1phone/.json]
[INFO] get cmd: [LoadPageCmd@73846619, url:https://www.reddit.com/r/mathmemes/comments/1sgzvxx/the_1phone/.json]
[INFO] run cmd: [LoadPageCmd@73846619, url:https://www.reddit.com/r/mathmemes/comments/1sgzvxx/the_1phone/.json]
[INFO] LoadPageCmd.run on https://www.reddit.com/r/mathmemes/comments/1sgzvxx/the_1phone/.json
[INFO] LoadPageCmd.run succesfull loaded (200) https://www.reddit.com/r/mathmemes/comments/1sgzvxx/the_1phone/.json
[INFO] Found 44 new Reddit URLs: /r/mathmemes/comments/1sgzvxx/the_1phone/of8zjz7/, /r/mathmemes/comments/1sgzvxx/the_1phone/of957oj/, /r/mathmemes/comments/1sgzvxx/the_1phone/of92yrj/, /r/mathmemes/comments/1sgzvxx/the_1phone/of9mu9c/, /r/mathmemes/comments/1sgzvxx/the_1phone/of97tw7/, /r/mathmemes/comments/1sgzvxx/the_1phone/of9ci6s/, /r/mathmemes/comments/1sgzvxx/the_1phone/of8zcum/, /r/mathmemes/comments/1sgzvxx/the_1phone/of9wxbl/, /r/mathmemes/comments/1sgzvxx/the_1phone/of8y43z/, /r/mathmemes/comments/1sgzvxx/the_1phone/ofbs9jf/, /r/mathmemes/comments/1sgzvxx/the_1phone/of9k1bm/, /r/mathmemes/comments/1sgzvxx/the_1phone/ofa0rm4/, /r/mathmemes/comments/1sgzvxx/the_1phone/ofz0z35/, /r/mathmemes/comments/1sgzvxx/the_1phone/of8zh2l/, /r/mathmemes/comments/1sgzvxx/the_1phone/of8zv0b/, /r/mathmemes/comments/1sgzvxx/the_1phone/of92e0y/, /r/mathmemes/comments/1sgzvxx/the_1phone/ofa0htx/, /r/mathmemes/comments/1sgzvxx/the_1phone/ofn3ocv/, /r/mathmemes/comments/1sgzvxx/the_1phone/of91w5f/, /r/mathmemes/comments/1sgzvxx/the_1phone/offotb4/, /r/mathmemes/comments/1sgzvxx/the_1phone/of91nzy/, /r/mathmemes/comments/1sgzvxx/the_1phone/of92iz0/, /r/mathmemes/comments/1sgzvxx/the_1phone/offoz6c/, /r/mathmemes/comments/1sgzvxx/the_1phone/of93wu1/, /r/mathmemes/comments/1sgzvxx/the_1phone/ofzoglc/, /r/mathmemes/comments/1sgzvxx/the_1phone/offp110/, /r/mathmemes/comments/1sgzvxx/the_1phone/ofa0g7l/, /r/mathmemes/comments/1sgzvxx/the_1phone/of9wysu/, /r/mathmemes/comments/1sgzvxx/the_1phone/ofb0xdk/, /r/mathmemes/comments/1sgzvxx/the_1phone/ofa7ep8/, /r/mathmemes/comments/1sgzvxx/the_1phone/og3rs9a/, /r/mathmemes/comments/1sgzvxx/the_1phone/ofa5zod/, /r/mathmemes/comments/1sgzvxx/the_1phone/ofbus8d/, https://www.reddit.com/gallery/1sgzvxx, /r/mathmemes/comments/1sgzvxx/the_1phone/of8yre0/, /r/mathmemes/comments/1sgzvxx/the_1phone/of97qyw/, /r/mathmemes/comments/1sgzvxx/the_1phone/ofb7470/, /r/mathmemes/comments/1sgzvxx/the_1phone/of9h13c/, /r/mathmemes/comments/1sgzvxx/the_1phone/ofh3fxq/, /r/mathmemes/comments/1sgzvxx/the_1phone/ofb2bw1/, /r/mathmemes/comments/1sgzvxx/the_1phone/of9bpif/, /r/mathmemes/comments/1sgzvxx/the_1phone/ofa0be3/, /r/mathmemes/comments/1sgzvxx/the_1phone/of97od6/, /r/mathmemes/comments/1sgzvxx/the_1phone/ofa5wal/
[INFO] Found 24 new usernames: KreeptonChronicler, Aton_Otsos, QaSpel, jacob643, cod3builder, Suspicious-Cut-3998, M10doreddit, thvirtuo, AbdullahMRiad, Frostbyte_13, guest111i, [deleted], Royal_Lustir, NefariousnessFar7826, rorodar, Frannnnnnnnn, Rude_Anywhere_, the3gs, AutoModerator, juanohulomo1234, martyboulders, johnporksigma, drLoveF, Zziggith
[INFO] Found 1 new subreddits: mathmemes
[INFO] Queued 44 new pages: https://www.reddit.com/r/mathmemes/comments/1sgzvxx/the_1phone/offoz6c/.json, https://www.reddit.com/r/mathmemes/comments/1sgzvxx/the_1phone/ofzoglc/.json, https://www.reddit.com/r/mathmemes/comments/1sgzvxx/the_1phone/ofbus8d/.json, https://www.reddit.com/r/mathmemes/comments/1sgzvxx/the_1phone/of93wu1/.json, https://www.reddit.com/r/mathmemes/comments/1sgzvxx/the_1phone/of97tw7/.json, https://www.reddit.com/r/mathmemes/comments/1sgzvxx/the_1phone/of92iz0/.json, https://www.reddit.com/r/mathmemes/comments/1sgzvxx/the_1phone/of9bpif/.json, https://www.reddit.com/r/mathmemes/comments/1sgzvxx/the_1phone/ofa0be3/.json, https://www.reddit.com/r/mathmemes/comments/1sgzvxx/the_1phone/ofb7470/.json, https://www.reddit.com/r/mathmemes/comments/1sgzvxx/the_1phone/of91nzy/.json, https://www.reddit.com/r/mathmemes/comments/1sgzvxx/the_1phone/of9ci6s/.json, https://www.reddit.com/r/mathmemes/comments/1sgzvxx/the_1phone/of9wxbl/.json, https://www.reddit.com/r/mathmemes/comments/1sgzvxx/the_1phone/of9k1bm/.json, https://www.reddit.com/r/mathmemes/comments/1sgzvxx/the_1phone/of8zcum/.json, https://www.reddit.com/r/mathmemes/comments/1sgzvxx/the_1phone/ofa0g7l/.json, https://www.reddit.com/r/mathmemes/comments/1sgzvxx/the_1phone/ofa5zod/.json, https://www.reddit.com/r/mathmemes/comments/1sgzvxx/the_1phone/offp110/.json, https://www.reddit.com/r/mathmemes/comments/1sgzvxx/the_1phone/of8zjz7/.json, https://www.reddit.com/r/mathmemes/comments/1sgzvxx/the_1phone/of92yrj/.json, https://www.reddit.com/r/mathmemes/comments/1sgzvxx/the_1phone/of8y43z/.json, https://www.reddit.com/r/mathmemes/comments/1sgzvxx/the_1phone/of9mu9c/.json, https://www.reddit.com/r/mathmemes/comments/1sgzvxx/the_1phone/ofz0z35/.json, https://www.reddit.com/r/mathmemes/comments/1sgzvxx/the_1phone/og3rs9a/.json, https://www.reddit.com/r/mathmemes/comments/1sgzvxx/the_1phone/of8zv0b/.json, https://www.reddit.com/r/mathmemes/comments/1sgzvxx/the_1phone/ofh3fxq/.json, https://www.reddit.com/r/mathmemes/comments/1sgzvxx/the_1phone/of91w5f/.json, https://www.reddit.com/r/mathmemes/comments/1sgzvxx/the_1phone/ofa0rm4/.json, https://www.reddit.com/r/mathmemes/comments/1sgzvxx/the_1phone/of8yre0/.json, https://www.reddit.com/r/mathmemes/comments/1sgzvxx/the_1phone/of9h13c/.json, https://www.reddit.com/r/mathmemes/comments/1sgzvxx/the_1phone/of8zh2l/.json, https://www.reddit.com/gallery/1sgzvxx/.json, https://www.reddit.com/r/mathmemes/comments/1sgzvxx/the_1phone/ofa0htx/.json, https://www.reddit.com/r/mathmemes/comments/1sgzvxx/the_1phone/offotb4/.json, https://www.reddit.com/r/mathmemes/comments/1sgzvxx/the_1phone/of97qyw/.json, https://www.reddit.com/r/mathmemes/comments/1sgzvxx/the_1phone/ofa5wal/.json, https://www.reddit.com/r/mathmemes/comments/1sgzvxx/the_1phone/ofb0xdk/.json, https://www.reddit.com/r/mathmemes/comments/1sgzvxx/the_1phone/ofb2bw1/.json, https://www.reddit.com/r/mathmemes/comments/1sgzvxx/the_1phone/of957oj/.json, https://www.reddit.com/r/mathmemes/comments/1sgzvxx/the_1phone/of97od6/.json, https://www.reddit.com/r/mathmemes/comments/1sgzvxx/the_1phone/ofbs9jf/.json, https://www.reddit.com/r/mathmemes/comments/1sgzvxx/the_1phone/of92e0y/.json, https://www.reddit.com/r/mathmemes/comments/1sgzvxx/the_1phone/ofn3ocv/.json, https://www.reddit.com/r/mathmemes/comments/1sgzvxx/the_1phone/ofa7ep8/.json, https://www.reddit.com/r/mathmemes/comments/1sgzvxx/the_1phone/of9wysu/.json
[INFO] add cmd: [LoadPageCmd@5b12b668, url:https://www.reddit.com/r/mathmemes/comments/1sgzvxx/the_1phone/of8zjz7/.json]
[INFO] add cmd: [LoadPageCmd@1165b38, url:https://www.reddit.com/r/mathmemes/comments/1sgzvxx/the_1phone/of957oj/.json]
[INFO] add cmd: [LoadPageCmd@4c12331b, url:https://www.reddit.com/r/mathmemes/comments/1sgzvxx/the_1phone/of92yrj/.json]
[INFO] add cmd: [LoadPageCmd@7586beff, url:https://www.reddit.com/r/mathmemes/comments/1sgzvxx/the_1phone/of9mu9c/.json]
[INFO] add cmd: [LoadPageCmd@3b69e7d1, url:https://www.reddit.com/r/mathmemes/comments/1sgzvxx/the_1phone/of97tw7/.json]
[INFO] add cmd: [LoadPageCmd@815b41f, url:https://www.reddit.com/r/mathmemes/comments/1sgzvxx/the_1phone/of9ci6s/.json]
[INFO] add cmd: [LoadPageCmd@5542c4ed, url:https://www.reddit.com/r/mathmemes/comments/1sgzvxx/the_1phone/of8zcum/.json]
[INFO] add cmd: [LoadPageCmd@1573f9fc, url:https://www.reddit.com/r/mathmemes/comments/1sgzvxx/the_1phone/of9wxbl/.json]
[INFO] add cmd: [LoadPageCmd@6150c3ec, url:https://www.reddit.com/r/mathmemes/comments/1sgzvxx/the_1phone/of8y43z/.json]
[INFO] add cmd: [LoadPageCmd@44c03695, url:https://www.reddit.com/r/mathmemes/comments/1sgzvxx/the_1phone/ofbs9jf/.json]
[INFO] add cmd: [LoadPageCmd@7e6f74c, url:https://www.reddit.com/r/mathmemes/comments/1sgzvxx/the_1phone/of9k1bm/.json]
[INFO] add cmd: [LoadPageCmd@dd05255, url:https://www.reddit.com/r/mathmemes/comments/1sgzvxx/the_1phone/ofa0rm4/.json]
[INFO] add cmd: [LoadPageCmd@6a78afa0, url:https://www.reddit.com/r/mathmemes/comments/1sgzvxx/the_1phone/ofz0z35/.json]
[INFO] add cmd: [LoadPageCmd@2f4948e4, url:https://www.reddit.com/r/mathmemes/comments/1sgzvxx/the_1phone/of8zh2l/.json]
[INFO] add cmd: [LoadPageCmd@1f2586d6, url:https://www.reddit.com/r/mathmemes/comments/1sgzvxx/the_1phone/of8zv0b/.json]
[INFO] add cmd: [LoadPageCmd@10683d9d, url:https://www.reddit.com/r/mathmemes/comments/1sgzvxx/the_1phone/of92e0y/.json]
[INFO] add cmd: [LoadPageCmd@3fc2959f, url:https://www.reddit.com/r/mathmemes/comments/1sgzvxx/the_1phone/ofa0htx/.json]
[INFO] add cmd: [LoadPageCmd@5aa9e4eb, url:https://www.reddit.com/r/mathmemes/comments/1sgzvxx/the_1phone/ofn3ocv/.json]
[INFO] add cmd: [LoadPageCmd@6989da5e, url:https://www.reddit.com/r/mathmemes/comments/1sgzvxx/the_1phone/of91w5f/.json]
[INFO] add cmd: [LoadPageCmd@385c9627, url:https://www.reddit.com/r/mathmemes/comments/1sgzvxx/the_1phone/offotb4/.json]
[INFO] add cmd: [LoadPageCmd@139982de, url:https://www.reddit.com/r/mathmemes/comments/1sgzvxx/the_1phone/of91nzy/.json]
[INFO] add cmd: [LoadPageCmd@682b2fa, url:https://www.reddit.com/r/mathmemes/comments/1sgzvxx/the_1phone/of92iz0/.json]
[INFO] add cmd: [LoadPageCmd@217ed35e, url:https://www.reddit.com/r/mathmemes/comments/1sgzvxx/the_1phone/offoz6c/.json]
[INFO] add cmd: [LoadPageCmd@7dcf94f8, url:https://www.reddit.com/r/mathmemes/comments/1sgzvxx/the_1phone/of93wu1/.json]
[INFO] add cmd: [LoadPageCmd@229f66ed, url:https://www.reddit.com/r/mathmemes/comments/1sgzvxx/the_1phone/ofzoglc/.json]
[INFO] add cmd: [LoadPageCmd@31190526, url:https://www.reddit.com/r/mathmemes/comments/1sgzvxx/the_1phone/offp110/.json]
[INFO] add cmd: [LoadPageCmd@662ac478, url:https://www.reddit.com/r/mathmemes/comments/1sgzvxx/the_1phone/ofa0g7l/.json]
[INFO] add cmd: [LoadPageCmd@6743e411, url:https://www.reddit.com/r/mathmemes/comments/1sgzvxx/the_1phone/of9wysu/.json]
[INFO] add cmd: [LoadPageCmd@3eb25e1a, url:https://www.reddit.com/r/mathmemes/comments/1sgzvxx/the_1phone/ofb0xdk/.json]
[INFO] add cmd: [LoadPageCmd@477b4cdf, url:https://www.reddit.com/r/mathmemes/comments/1sgzvxx/the_1phone/ofa7ep8/.json]
[INFO] add cmd: [LoadPageCmd@77c2494c, url:https://www.reddit.com/r/mathmemes/comments/1sgzvxx/the_1phone/og3rs9a/.json]
[INFO] add cmd: [LoadPageCmd@f5958c9, url:https://www.reddit.com/r/mathmemes/comments/1sgzvxx/the_1phone/ofa5zod/.json]
[INFO] add cmd: [LoadPageCmd@233795b6, url:https://www.reddit.com/r/mathmemes/comments/1sgzvxx/the_1phone/ofbus8d/.json]
[INFO] add cmd: [LoadPageCmd@3eb738bb, url:https://www.reddit.com/gallery/1sgzvxx/.json]
[INFO] add cmd: [LoadPageCmd@5bda8e08, url:https://www.reddit.com/r/mathmemes/comments/1sgzvxx/the_1phone/of8yre0/.json]
[INFO] add cmd: [LoadPageCmd@1e800aaa, url:https://www.reddit.com/r/mathmemes/comments/1sgzvxx/the_1phone/of97qyw/.json]
[INFO] add cmd: [LoadPageCmd@185a6e9, url:https://www.reddit.com/r/mathmemes/comments/1sgzvxx/the_1phone/ofb7470/.json]
[INFO] add cmd: [LoadPageCmd@6f03482, url:https://www.reddit.com/r/mathmemes/comments/1sgzvxx/the_1phone/of9h13c/.json]
[INFO] add cmd: [LoadPageCmd@9d5509a, url:https://www.reddit.com/r/mathmemes/comments/1sgzvxx/the_1phone/ofh3fxq/.json]
[INFO] add cmd: [LoadPageCmd@179ece50, url:https://www.reddit.com/r/mathmemes/comments/1sgzvxx/the_1phone/ofb2bw1/.json]
[INFO] add cmd: [LoadPageCmd@3b0090a4, url:https://www.reddit.com/r/mathmemes/comments/1sgzvxx/the_1phone/of9bpif/.json]
[INFO] add cmd: [LoadPageCmd@3cd3e762, url:https://www.reddit.com/r/mathmemes/comments/1sgzvxx/the_1phone/ofa0be3/.json]
[INFO] add cmd: [LoadPageCmd@1fa121e2, url:https://www.reddit.com/r/mathmemes/comments/1sgzvxx/the_1phone/of97od6/.json]
[INFO] add cmd: [LoadPageCmd@7eac9008, url:https://www.reddit.com/r/mathmemes/comments/1sgzvxx/the_1phone/ofa5wal/.json]
[INFO] add cmd: [LoadPageCmd@74e52ef6, url:https://www.reddit.com/user/KreeptonChronicler/.json]
[INFO] add cmd: [LoadPageCmd@6ed3ccb2, url:https://www.reddit.com/user/KreeptonChronicler/submitted/.json]
[INFO] add cmd: [LoadPageCmd@1a677343, url:https://www.reddit.com/user/KreeptonChronicler/comments/.json]
[INFO] add cmd: [LoadPageCmd@15de0b3c, url:https://www.reddit.com/user/Aton_Otsos/.json]
[INFO] add cmd: [LoadPageCmd@489115ef, url:https://www.reddit.com/user/Aton_Otsos/submitted/.json]
[INFO] add cmd: [LoadPageCmd@3857f613, url:https://www.reddit.com/user/Aton_Otsos/comments/.json]
[INFO] add cmd: [LoadPageCmd@198b6731, url:https://www.reddit.com/user/QaSpel/.json]
[INFO] add cmd: [LoadPageCmd@7c6908d7, url:https://www.reddit.com/user/QaSpel/submitted/.json]
[INFO] add cmd: [LoadPageCmd@3c9754d8, url:https://www.reddit.com/user/QaSpel/comments/.json]
[INFO] add cmd: [LoadPageCmd@3bf7ca37, url:https://www.reddit.com/user/jacob643/.json]
[INFO] add cmd: [LoadPageCmd@79079097, url:https://www.reddit.com/user/jacob643/submitted/.json]
[INFO] add cmd: [LoadPageCmd@4d1c00d0, url:https://www.reddit.com/user/jacob643/comments/.json]
[INFO] add cmd: [LoadPageCmd@4b2bac3f, url:https://www.reddit.com/user/cod3builder/.json]
[INFO] add cmd: [LoadPageCmd@4e08711f, url:https://www.reddit.com/user/cod3builder/submitted/.json]
[INFO] add cmd: [LoadPageCmd@bcec361, url:https://www.reddit.com/user/cod3builder/comments/.json]
[INFO] add cmd: [LoadPageCmd@26794848, url:https://www.reddit.com/user/Suspicious-Cut-3998/.json]
[INFO] add cmd: [LoadPageCmd@302552ec, url:https://www.reddit.com/user/Suspicious-Cut-3998/submitted/.json]
[INFO] add cmd: [LoadPageCmd@3d285d7e, url:https://www.reddit.com/user/Suspicious-Cut-3998/comments/.json]
[INFO] add cmd: [LoadPageCmd@40005471, url:https://www.reddit.com/user/M10doreddit/.json]
[INFO] add cmd: [LoadPageCmd@2cd76f31, url:https://www.reddit.com/user/M10doreddit/submitted/.json]
[INFO] add cmd: [LoadPageCmd@367ffa75, url:https://www.reddit.com/user/M10doreddit/comments/.json]
[INFO] add cmd: [LoadPageCmd@49438269, url:https://www.reddit.com/user/thvirtuo/.json]
[INFO] add cmd: [LoadPageCmd@ba2f4ec, url:https://www.reddit.com/user/thvirtuo/submitted/.json]
[INFO] add cmd: [LoadPageCmd@1c1bbc4e, url:https://www.reddit.com/user/thvirtuo/comments/.json]
[INFO] add cmd: [LoadPageCmd@55fe41ea, url:https://www.reddit.com/user/AbdullahMRiad/.json]
[INFO] add cmd: [LoadPageCmd@fbd1f6, url:https://www.reddit.com/user/AbdullahMRiad/submitted/.json]
[INFO] add cmd: [LoadPageCmd@1ce24091, url:https://www.reddit.com/user/AbdullahMRiad/comments/.json]
[INFO] add cmd: [LoadPageCmd@5dda768f, url:https://www.reddit.com/user/Frostbyte_13/.json]
[INFO] add cmd: [LoadPageCmd@7a8c8dcf, url:https://www.reddit.com/user/Frostbyte_13/submitted/.json]
[INFO] add cmd: [LoadPageCmd@24269709, url:https://www.reddit.com/user/Frostbyte_13/comments/.json]
[INFO] add cmd: [LoadPageCmd@2aceadd4, url:https://www.reddit.com/user/guest111i/.json]
[INFO] add cmd: [LoadPageCmd@24aed80c, url:https://www.reddit.com/user/guest111i/submitted/.json]
[INFO] add cmd: [LoadPageCmd@3a52dba3, url:https://www.reddit.com/user/guest111i/comments/.json]
[INFO] add cmd: [LoadPageCmd@2a5c8d3f, url:https://www.reddit.com/user/[deleted]/.json]
[INFO] add cmd: [LoadPageCmd@752325ad, url:https://www.reddit.com/user/[deleted]/submitted/.json]
[INFO] add cmd: [LoadPageCmd@279fedbd, url:https://www.reddit.com/user/[deleted]/comments/.json]
[INFO] add cmd: [LoadPageCmd@b3ca52e, url:https://www.reddit.com/user/Royal_Lustir/.json]
[INFO] add cmd: [LoadPageCmd@45c7e403, url:https://www.reddit.com/user/Royal_Lustir/submitted/.json]
[INFO] add cmd: [LoadPageCmd@2925bf5b, url:https://www.reddit.com/user/Royal_Lustir/comments/.json]
[INFO] add cmd: [LoadPageCmd@710f4dc7, url:https://www.reddit.com/user/NefariousnessFar7826/.json]
[INFO] add cmd: [LoadPageCmd@1ff4931d, url:https://www.reddit.com/user/NefariousnessFar7826/submitted/.json]
[INFO] add cmd: [LoadPageCmd@65e98b1c, url:https://www.reddit.com/user/NefariousnessFar7826/comments/.json]
[INFO] add cmd: [LoadPageCmd@61322f9d, url:https://www.reddit.com/user/rorodar/.json]
[INFO] add cmd: [LoadPageCmd@6ad82709, url:https://www.reddit.com/user/rorodar/submitted/.json]
[INFO] add cmd: [LoadPageCmd@510f3d34, url:https://www.reddit.com/user/rorodar/comments/.json]
[INFO] add cmd: [LoadPageCmd@7817fd62, url:https://www.reddit.com/user/Frannnnnnnnn/.json]
[INFO] add cmd: [LoadPageCmd@8297b3a, url:https://www.reddit.com/user/Frannnnnnnnn/submitted/.json]
[INFO] add cmd: [LoadPageCmd@2362f559, url:https://www.reddit.com/user/Frannnnnnnnn/comments/.json]
[INFO] add cmd: [LoadPageCmd@b2c9a9c, url:https://www.reddit.com/user/Rude_Anywhere_/.json]
[INFO] add cmd: [LoadPageCmd@4c178a76, url:https://www.reddit.com/user/Rude_Anywhere_/submitted/.json]
[INFO] add cmd: [LoadPageCmd@fa4c865, url:https://www.reddit.com/user/Rude_Anywhere_/comments/.json]
[INFO] add cmd: [LoadPageCmd@3bd82cf5, url:https://www.reddit.com/user/the3gs/.json]
[INFO] add cmd: [LoadPageCmd@544fa968, url:https://www.reddit.com/user/the3gs/submitted/.json]
[INFO] add cmd: [LoadPageCmd@247bddad, url:https://www.reddit.com/user/the3gs/comments/.json]
[INFO] add cmd: [LoadPageCmd@d35dea7, url:https://www.reddit.com/user/AutoModerator/.json]
[INFO] add cmd: [LoadPageCmd@7770f470, url:https://www.reddit.com/user/AutoModerator/submitted/.json]
[INFO] add cmd: [LoadPageCmd@5e5d171f, url:https://www.reddit.com/user/AutoModerator/comments/.json]
[INFO] add cmd: [LoadPageCmd@24313fcc, url:https://www.reddit.com/user/juanohulomo1234/.json]
[INFO] add cmd: [LoadPageCmd@7d20d0b, url:https://www.reddit.com/user/juanohulomo1234/submitted/.json]
[INFO] add cmd: [LoadPageCmd@77f1baf5, url:https://www.reddit.com/user/juanohulomo1234/comments/.json]
[INFO] add cmd: [LoadPageCmd@41a2befb, url:https://www.reddit.com/user/martyboulders/.json]
[INFO] add cmd: [LoadPageCmd@6c40365c, url:https://www.reddit.com/user/martyboulders/submitted/.json]
[INFO] add cmd: [LoadPageCmd@7bedc48a, url:https://www.reddit.com/user/martyboulders/comments/.json]
[INFO] add cmd: [LoadPageCmd@131ef10, url:https://www.reddit.com/user/johnporksigma/.json]
[INFO] add cmd: [LoadPageCmd@55b0dcab, url:https://www.reddit.com/user/johnporksigma/submitted/.json]
[INFO] add cmd: [LoadPageCmd@38afe297, url:https://www.reddit.com/user/johnporksigma/comments/.json]
[INFO] add cmd: [LoadPageCmd@2df3b89c, url:https://www.reddit.com/user/drLoveF/.json]
[INFO] add cmd: [LoadPageCmd@23348b5d, url:https://www.reddit.com/user/drLoveF/submitted/.json]
[INFO] add cmd: [LoadPageCmd@70325e14, url:https://www.reddit.com/user/drLoveF/comments/.json]
[INFO] add cmd: [LoadPageCmd@37ceb1df, url:https://www.reddit.com/user/Zziggith/.json]
[INFO] add cmd: [LoadPageCmd@7c9d8e2, url:https://www.reddit.com/user/Zziggith/submitted/.json]
[INFO] add cmd: [LoadPageCmd@20d525, url:https://www.reddit.com/user/Zziggith/comments/.json]
[INFO] add cmd: [LoadPageCmd@2002fc1d, url:https://www.reddit.com/r/mathmemes/.json]
[INFO] remove cmd: [LoadPageCmd@73846619, url:https://www.reddit.com/r/mathmemes/comments/1sgzvxx/the_1phone/.json]
[INFO] get cmd: [LoadPageCmd@2925bf5b, url:https://www.reddit.com/user/Royal_Lustir/comments/.json]
[INFO] run cmd: [LoadPageCmd@2925bf5b, url:https://www.reddit.com/user/Royal_Lustir/comments/.json]
[INFO] LoadPageCmd.run on https://www.reddit.com/user/Royal_Lustir/comments/.json
[INFO] LoadPageCmd.run succesfull loaded (200) https://www.reddit.com/user/Royal_Lustir/comments/.json
[INFO] Found 25 new Reddit URLs: /r/AllAboutBodybuilding/comments/1t5c3l3/22_6ft_95kg_88kg_35_months_difference/okepqxz/, /r/TheTeenagerPeople/comments/1t5hud1/in_maths_youre_my_what/okeotne/, /r/RocketLeague/comments/1t2ranq/his_mom_likes_my_kickoffs/ok7bsg6/, /r/MathJokes/comments/1t53fpr/9/ok76gbb/, /r/scoopwhoop/comments/1t58et1/three_words_zero_regrets_what_would_you_say/ok8utog/, /r/AllAboutBodybuilding/comments/1t5c3l3/22_6ft_95kg_88kg_35_months_difference/ok8u7u0/, /r/RocketLeague/comments/1t2ranq/his_mom_likes_my_kickoffs/ok8ru0a/, /r/mathmemes/comments/1t5bz8t/i_dont_think_most_of_these_are_iphones_anymore/ok9cqoy/, /r/memeexchangecommunism/comments/1t4yjux/give_me_your_memes_and_ill_rate_them_from_good_to/ok8xxe2/, /r/matiks/comments/1t3s9rn/_/ok77k2o/, /r/unexpectedfactorial/comments/1t5v545/factorialception/okeqc57/, /r/MathJokes/comments/1t4trso/_/ok9f43u/, /r/RocketLeague/comments/1t4ug0g/washed_unc_peaks_on_toxic_kid_and_causes_rage_quit/ok78gl9/, /r/AtlasEarthOfficial/comments/1t2lqm2/havent_opened_this_app_in_probably_2_years/ok2eqnw/, /r/RocketLeagueFriends/comments/1t3xmzy/na_west_looking_for_duo/ok8qz4g/, /r/RocketLeague/comments/1t2ranq/his_mom_likes_my_kickoffs/ok7bd8u/, /r/mathmemes/comments/1t5bz8t/i_dont_think_most_of_these_are_iphones_anymore/ok8vihq/, /r/memeexchangecommunism/comments/1t4yjux/give_me_your_memes_and_ill_rate_them_from_good_to/ok8wrpt/, /r/RocketLeagueFriends/comments/1t4yrhk/na_lf_1_tm8_for_2s_p2d1/ok8pzva/, /r/RocketLeagueFriends/comments/1t4wbbh/na_hey_everyone/ok8q516/, /r/mathmemes/comments/1t4v6qs/what_should_i_conclude_from_this_test/ok76mkf/, /r/technicallythetruth/comments/1t63ou0/her_last_name_is_really_best/okep0sj/, /r/teenagers/comments/1t4qvmo/give_me_the_most_controversial_take_you_have/ok76xd9/, /r/teenagers/comments/1t66iwr/the_number_of_times_this_guy_had_to_edit_it/okfa9yf/, /r/RocketLeagueSchool/comments/1t5492n/im_offering_free_coaching_exssl_player/ok7c5sq/
[INFO] Found 13 new subreddits: memeexchangecommunism, technicallythetruth, RocketLeague, teenagers, TheTeenagerPeople, RocketLeagueSchool, AtlasEarthOfficial, MathJokes, AllAboutBodybuilding, scoopwhoop, RocketLeagueFriends, matiks, unexpectedfactorial
[INFO] Queued 25 new pages: https://www.reddit.com/r/RocketLeague/comments/1t2ranq/his_mom_likes_my_kickoffs/ok7bsg6/.json, https://www.reddit.com/r/RocketLeagueSchool/comments/1t5492n/im_offering_free_coaching_exssl_player/ok7c5sq/.json, https://www.reddit.com/r/mathmemes/comments/1t5bz8t/i_dont_think_most_of_these_are_iphones_anymore/ok8vihq/.json, https://www.reddit.com/r/teenagers/comments/1t66iwr/the_number_of_times_this_guy_had_to_edit_it/okfa9yf/.json, https://www.reddit.com/r/unexpectedfactorial/comments/1t5v545/factorialception/okeqc57/.json, https://www.reddit.com/r/memeexchangecommunism/comments/1t4yjux/give_me_your_memes_and_ill_rate_them_from_good_to/ok8wrpt/.json, https://www.reddit.com/r/technicallythetruth/comments/1t63ou0/her_last_name_is_really_best/okep0sj/.json, https://www.reddit.com/r/matiks/comments/1t3s9rn/_/ok77k2o/.json, https://www.reddit.com/r/mathmemes/comments/1t5bz8t/i_dont_think_most_of_these_are_iphones_anymore/ok9cqoy/.json, https://www.reddit.com/r/RocketLeagueFriends/comments/1t4wbbh/na_hey_everyone/ok8q516/.json, https://www.reddit.com/r/AtlasEarthOfficial/comments/1t2lqm2/havent_opened_this_app_in_probably_2_years/ok2eqnw/.json, https://www.reddit.com/r/AllAboutBodybuilding/comments/1t5c3l3/22_6ft_95kg_88kg_35_months_difference/okepqxz/.json, https://www.reddit.com/r/RocketLeague/comments/1t4ug0g/washed_unc_peaks_on_toxic_kid_and_causes_rage_quit/ok78gl9/.json, https://www.reddit.com/r/MathJokes/comments/1t4trso/_/ok9f43u/.json, https://www.reddit.com/r/RocketLeague/comments/1t2ranq/his_mom_likes_my_kickoffs/ok8ru0a/.json, https://www.reddit.com/r/TheTeenagerPeople/comments/1t5hud1/in_maths_youre_my_what/okeotne/.json, https://www.reddit.com/r/RocketLeagueFriends/comments/1t3xmzy/na_west_looking_for_duo/ok8qz4g/.json, https://www.reddit.com/r/AllAboutBodybuilding/comments/1t5c3l3/22_6ft_95kg_88kg_35_months_difference/ok8u7u0/.json, https://www.reddit.com/r/scoopwhoop/comments/1t58et1/three_words_zero_regrets_what_would_you_say/ok8utog/.json, https://www.reddit.com/r/teenagers/comments/1t4qvmo/give_me_the_most_controversial_take_you_have/ok76xd9/.json, https://www.reddit.com/r/RocketLeague/comments/1t2ranq/his_mom_likes_my_kickoffs/ok7bd8u/.json, https://www.reddit.com/r/RocketLeagueFriends/comments/1t4yrhk/na_lf_1_tm8_for_2s_p2d1/ok8pzva/.json, https://www.reddit.com/r/mathmemes/comments/1t4v6qs/what_should_i_conclude_from_this_test/ok76mkf/.json, https://www.reddit.com/r/MathJokes/comments/1t53fpr/9/ok76gbb/.json, https://www.reddit.com/r/memeexchangecommunism/comments/1t4yjux/give_me_your_memes_and_ill_rate_them_from_good_to/ok8xxe2/.json
[INFO] add cmd: [LoadPageCmd@43c1b556, url:https://www.reddit.com/r/AllAboutBodybuilding/comments/1t5c3l3/22_6ft_95kg_88kg_35_months_difference/okepqxz/.json]
[INFO] add cmd: [LoadPageCmd@587e5365, url:https://www.reddit.com/r/TheTeenagerPeople/comments/1t5hud1/in_maths_youre_my_what/okeotne/.json]
[INFO] add cmd: [LoadPageCmd@22fcf7ab, url:https://www.reddit.com/r/RocketLeague/comments/1t2ranq/his_mom_likes_my_kickoffs/ok7bsg6/.json]
[INFO] add cmd: [LoadPageCmd@2de23121, url:https://www.reddit.com/r/MathJokes/comments/1t53fpr/9/ok76gbb/.json]
[INFO] add cmd: [LoadPageCmd@63475ace, url:https://www.reddit.com/r/scoopwhoop/comments/1t58et1/three_words_zero_regrets_what_would_you_say/ok8utog/.json]
[INFO] add cmd: [LoadPageCmd@4988d8b8, url:https://www.reddit.com/r/AllAboutBodybuilding/comments/1t5c3l3/22_6ft_95kg_88kg_35_months_difference/ok8u7u0/.json]
[INFO] add cmd: [LoadPageCmd@c0c2f8d, url:https://www.reddit.com/r/RocketLeague/comments/1t2ranq/his_mom_likes_my_kickoffs/ok8ru0a/.json]
[INFO] add cmd: [LoadPageCmd@305b7c14, url:https://www.reddit.com/r/mathmemes/comments/1t5bz8t/i_dont_think_most_of_these_are_iphones_anymore/ok9cqoy/.json]
[INFO] add cmd: [LoadPageCmd@6913c1fb, url:https://www.reddit.com/r/memeexchangecommunism/comments/1t4yjux/give_me_your_memes_and_ill_rate_them_from_good_to/ok8xxe2/.json]
[INFO] add cmd: [LoadPageCmd@66d18979, url:https://www.reddit.com/r/matiks/comments/1t3s9rn/_/ok77k2o/.json]
[INFO] add cmd: [LoadPageCmd@bccb269, url:https://www.reddit.com/r/unexpectedfactorial/comments/1t5v545/factorialception/okeqc57/.json]
[INFO] add cmd: [LoadPageCmd@609cd4d8, url:https://www.reddit.com/r/MathJokes/comments/1t4trso/_/ok9f43u/.json]
[INFO] add cmd: [LoadPageCmd@17f7cd29, url:https://www.reddit.com/r/RocketLeague/comments/1t4ug0g/washed_unc_peaks_on_toxic_kid_and_causes_rage_quit/ok78gl9/.json]
[INFO] add cmd: [LoadPageCmd@7d8704ef, url:https://www.reddit.com/r/AtlasEarthOfficial/comments/1t2lqm2/havent_opened_this_app_in_probably_2_years/ok2eqnw/.json]
[INFO] add cmd: [LoadPageCmd@13b6aecc, url:https://www.reddit.com/r/RocketLeagueFriends/comments/1t3xmzy/na_west_looking_for_duo/ok8qz4g/.json]
[INFO] add cmd: [LoadPageCmd@158a8276, url:https://www.reddit.com/r/RocketLeague/comments/1t2ranq/his_mom_likes_my_kickoffs/ok7bd8u/.json]
[INFO] add cmd: [LoadPageCmd@3c3d9b6b, url:https://www.reddit.com/r/mathmemes/comments/1t5bz8t/i_dont_think_most_of_these_are_iphones_anymore/ok8vihq/.json]
[INFO] add cmd: [LoadPageCmd@79d8407f, url:https://www.reddit.com/r/memeexchangecommunism/comments/1t4yjux/give_me_your_memes_and_ill_rate_them_from_good_to/ok8wrpt/.json]
[INFO] add cmd: [LoadPageCmd@5fbe4146, url:https://www.reddit.com/r/RocketLeagueFriends/comments/1t4yrhk/na_lf_1_tm8_for_2s_p2d1/ok8pzva/.json]
[INFO] add cmd: [LoadPageCmd@1e66f1f5, url:https://www.reddit.com/r/RocketLeagueFriends/comments/1t4wbbh/na_hey_everyone/ok8q516/.json]
[INFO] add cmd: [LoadPageCmd@4e50c791, url:https://www.reddit.com/r/mathmemes/comments/1t4v6qs/what_should_i_conclude_from_this_test/ok76mkf/.json]
[INFO] add cmd: [LoadPageCmd@7530ad9c, url:https://www.reddit.com/r/technicallythetruth/comments/1t63ou0/her_last_name_is_really_best/okep0sj/.json]
[INFO] add cmd: [LoadPageCmd@58a9760d, url:https://www.reddit.com/r/teenagers/comments/1t4qvmo/give_me_the_most_controversial_take_you_have/ok76xd9/.json]
[INFO] add cmd: [LoadPageCmd@71e9ddb4, url:https://www.reddit.com/r/teenagers/comments/1t66iwr/the_number_of_times_this_guy_had_to_edit_it/okfa9yf/.json]
[INFO] add cmd: [LoadPageCmd@394df057, url:https://www.reddit.com/r/RocketLeagueSchool/comments/1t5492n/im_offering_free_coaching_exssl_player/ok7c5sq/.json]
[INFO] add cmd: [LoadPageCmd@4961f6af, url:https://www.reddit.com/user/Royal_Lustir/.json]
[INFO] add cmd: [LoadPageCmd@5aebe890, url:https://www.reddit.com/user/Royal_Lustir/submitted/.json]
[INFO] add cmd: [LoadPageCmd@65d09a04, url:https://www.reddit.com/user/Royal_Lustir/comments/.json]
[INFO] add cmd: [LoadPageCmd@33c911a1, url:https://www.reddit.com/r/memeexchangecommunism/.json]
[INFO] add cmd: [LoadPageCmd@75db5df9, url:https://www.reddit.com/r/technicallythetruth/.json]
[INFO] add cmd: [LoadPageCmd@707194ba, url:https://www.reddit.com/r/RocketLeague/.json]
[INFO] add cmd: [LoadPageCmd@1190200a, url:https://www.reddit.com/r/teenagers/.json]
[INFO] add cmd: [LoadPageCmd@6a2f6f80, url:https://www.reddit.com/r/TheTeenagerPeople/.json]
[INFO] add cmd: [LoadPageCmd@45b4c3a9, url:https://www.reddit.com/r/RocketLeagueSchool/.json]
[INFO] add cmd: [LoadPageCmd@399c4be1, url:https://www.reddit.com/r/AtlasEarthOfficial/.json]
[INFO] add cmd: [LoadPageCmd@291caca8, url:https://www.reddit.com/r/mathmemes/.json]
[INFO] add cmd: [LoadPageCmd@385e9564, url:https://www.reddit.com/r/MathJokes/.json]
[INFO] add cmd: [LoadPageCmd@5b94b04d, url:https://www.reddit.com/r/AllAboutBodybuilding/.json]
[INFO] add cmd: [LoadPageCmd@8c3b9d, url:https://www.reddit.com/r/scoopwhoop/.json]
[INFO] add cmd: [LoadPageCmd@4c39bec8, url:https://www.reddit.com/r/RocketLeagueFriends/.json]
[INFO] add cmd: [LoadPageCmd@f79e, url:https://www.reddit.com/r/matiks/.json]
[INFO] add cmd: [LoadPageCmd@7ee8290b, url:https://www.reddit.com/r/unexpectedfactorial/.json]
[INFO] remove cmd: [LoadPageCmd@2925bf5b, url:https://www.reddit.com/user/Royal_Lustir/comments/.json]
[INFO] get cmd: [LoadPageCmd@752325ad, url:https://www.reddit.com/user/[deleted]/submitted/.json]
[INFO] run cmd: [LoadPageCmd@752325ad, url:https://www.reddit.com/user/[deleted]/submitted/.json]
[INFO] LoadPageCmd.run on https://www.reddit.com/user/[deleted]/submitted/.json
[ERR] Runtime error on https://www.reddit.com/user/[deleted]/submitted/.json: Illegal character in path at index 28: https://www.reddit.com/user/[deleted]/submitted/.json
[INFO] remove cmd: [LoadPageCmd@752325ad, url:https://www.reddit.com/user/[deleted]/submitted/.json]
